  C    kerngamma    percentile  embs              n_fold    kerncoef0    cweights    e_context  clf    kerntype      kerndegree  feats
---  -----------  ------------  --------------  --------  -----------  ----------  -----------  -----  ----------  ------------  -------
  1            1            20  ['s50', 'g50']         5            1           1            0  svm    lin                    1
9.53674316406e-07	0.287681082595	0.0482884553873
1.90734863281e-06	0.28766455238	0.048307273526
3.81469726562e-06	0.298639842113	0.055292746573
7.62939453125e-06	0.308448350747	0.0606820527142
1.52587890625e-05	0.33604284449	0.0625512597121
3.0517578125e-05	0.378304251603	0.0626329173233
6.103515625e-05	0.43272624759	0.0705932220799
0.0001220703125	0.50546323245	0.0788957354165
0.000244140625	0.545835567217	0.0769476061645
0.00048828125	0.570141647111	0.0712064375425
0.0009765625	0.601930546157	0.0632558466443
0.001953125	0.617599027576	0.0619635477029
0.00390625	0.623021552911	0.0581961983593
0.0078125	0.63186062639	0.0628403056544
0.015625	0.63299443453	0.0621831078518
0.03125	0.641787571754	0.0564944980192
0.0625	0.645368492317	0.0516952432389
0.125	0.645625977507	0.0548500161544
0.25	0.64213258304	0.0622376599493
0.5	0.647672006643	0.0667235533119
1.0	0.642585839658	0.0666646064667
2.0	0.64539697754	0.0674314048845
4.0	0.640615609782	0.0657024315856
8.0	0.637045719252	0.0545963134194
16.0	0.606937620024	0.0509327593545
32.0	0.520748483547	0.0895883932174
64.0	0.557731655871	0.0357962927477
128.0	0.48650177368	0.103248040739


  ads    ftst    C        f1      f1std
-----  ------  ---  --------  ---------
    0  0.7448  0.5  0.647672  0.0667236
  C    kerngamma    percentile  embs              n_fold    kerncoef0    cweights    e_context  clf    kerntype      kerndegree  feats
---  -----------  ------------  --------------  --------  -----------  ----------  -----------  -----  ----------  ------------  -------
0.5            1            20  ['s50', 'g50']         5            1           1            0  svm    lin                    1
9.53674316406e-07	0.359037334759	0.0965501521539
1.90734863281e-06	0.367307526473	0.101055325167
3.81469726562e-06	0.371957216381	0.0972998744004
7.62939453125e-06	0.395494474419	0.0909250602042
1.52587890625e-05	0.430574184354	0.0799013374795
3.0517578125e-05	0.493492342036	0.0908286997426
6.103515625e-05	0.542634191405	0.0753915344048
0.0001220703125	0.572981411508	0.0702158774527
0.000244140625	0.58552485987	0.058693927604
0.00048828125	0.612512324462	0.0596781500096
0.0009765625	0.617999635283	0.0509568199265
0.001953125	0.621390959379	0.0452264983873
0.00390625	0.630571684846	0.0529040381497
0.0078125	0.637708683585	0.0499664726169
0.015625	0.639772765651	0.0517350778838
0.03125	0.639624296484	0.0462187199354
0.0625	0.643050953998	0.0496270861243
0.125	0.642403150001	0.052935301341
0.25	0.638846977371	0.0518323749978
0.5	0.636605128662	0.0442198634732
1.0	0.635351726867	0.0447452402736
2.0	0.637996149251	0.0488398043066
4.0	0.615375570958	0.0459774767523
8.0	0.589462965723	0.0637651590842
16.0	0.467267230103	0.111178520138
32.0	0.442553389696	0.117604424962
64.0	0.438849277026	0.0989251929526
128.0	0.355011216673	0.114440703596


  ads      ftst       C        f1      f1std
-----  --------  ------  --------  ---------
    0  0.7448    0.5     0.647672  0.0667236
  200  0.771581  0.0625  0.643051  0.0496271
     C    kerngamma    percentile  embs              n_fold    kerncoef0    cweights    e_context  clf    kerntype      kerndegree  feats
------  -----------  ------------  --------------  --------  -----------  ----------  -----------  -----  ----------  ------------  -------
0.0625            1            20  ['s50', 'g50']         5            1           1            0  svm    lin                    1
9.53674316406e-07	0.45132201778	0.150168529772
1.90734863281e-06	0.45802875122	0.150586051481
3.81469726562e-06	0.472113963416	0.145143543101
7.62939453125e-06	0.502140767836	0.141480616192
1.52587890625e-05	0.549608156012	0.153440888989
3.0517578125e-05	0.5902379774	0.135227900667
6.103515625e-05	0.621288887959	0.128327154392
0.0001220703125	0.641694120793	0.117052048592
0.000244140625	0.659892945349	0.113165239474
0.00048828125	0.657726211053	0.106781786784
0.0009765625	0.653926635671	0.0933464133013
0.001953125	0.663235192074	0.0956248108673
0.00390625	0.665768421817	0.0894254577082
0.0078125	0.666058210542	0.0861952012431
0.015625	0.666938759661	0.0859967577565
0.03125	0.664957645559	0.0880455719907
0.0625	0.664807828858	0.0886579683099
0.125	0.668930222291	0.0877619929642
0.25	0.667536235296	0.087519674796
0.5	0.663145326788	0.0874863368589
1.0	0.662216403035	0.0895173427718
2.0	0.656590847127	0.0931169229611
4.0	0.65013807323	0.112339398968
8.0	0.608987981702	0.134873683827
16.0	0.54516744565	0.148223616514
32.0	0.504719675496	0.185161680363
64.0	0.451052562636	0.143776148928
128.0	0.425083508735	0.146326791156


  ads      ftst       C        f1      f1std
-----  --------  ------  --------  ---------
    0  0.7448    0.5     0.647672  0.0667236
  200  0.771581  0.0625  0.643051  0.0496271
  400  0.779562  0.125   0.66893   0.087762
    C    kerngamma    percentile  embs              n_fold    kerncoef0    cweights    e_context  clf    kerntype      kerndegree  feats
-----  -----------  ------------  --------------  --------  -----------  ----------  -----------  -----  ----------  ------------  -------
0.125            1            20  ['s50', 'g50']         5            1           1            0  svm    lin                    1
9.53674316406e-07	0.52067207641	0.129340398999
1.90734863281e-06	0.530019526025	0.129322921922
3.81469726562e-06	0.542744434258	0.121575426399
7.62939453125e-06	0.57770920419	0.123166561092
1.52587890625e-05	0.616262924706	0.127740512784
3.0517578125e-05	0.637921121701	0.106987318592
6.103515625e-05	0.666851828201	0.105500242193
0.0001220703125	0.677897556376	0.0898205754734
0.000244140625	0.686020798434	0.0864314003872
0.00048828125	0.689784682584	0.0824614642856
0.0009765625	0.688565566317	0.0819482649111
0.001953125	0.690582941475	0.0784219500936
0.00390625	0.691318140792	0.0784421901572
0.0078125	0.69132241975	0.0764316447629
0.015625	0.692110100052	0.0762414642854
0.03125	0.691613597684	0.0753759944414
0.0625	0.693132503965	0.0755888712071
0.125	0.689219570991	0.0764568458141
0.25	0.686883174196	0.0780194911801
0.5	0.688566147326	0.0804902888738
1.0	0.68691326561	0.0848615567083
2.0	0.676616090804	0.096528189952
4.0	0.662275492993	0.119060213391
8.0	0.616325701027	0.142246015152
16.0	0.543926987228	0.144536049368
32.0	0.486894399758	0.152216489996
64.0	0.547743903553	0.126600228694
128.0	0.389400846791	0.185778601679


  ads      ftst       C        f1      f1std
-----  --------  ------  --------  ---------
    0  0.7448    0.5     0.647672  0.0667236
  200  0.771581  0.0625  0.643051  0.0496271
  400  0.779562  0.125   0.66893   0.087762
  800  0.786817  0.0625  0.693133  0.0755889
     C    kerngamma    percentile  embs              n_fold    kerncoef0    cweights    e_context  clf    kerntype      kerndegree  feats
------  -----------  ------------  --------------  --------  -----------  ----------  -----------  -----  ----------  ------------  -------
0.0625            1            20  ['s50', 'g50']         5            1           1            0  svm    lin                    1
9.53674316406e-07	0.547966595222	0.113202234623
1.90734863281e-06	0.562064399611	0.108407820433
3.81469726562e-06	0.584048779128	0.109762655052
7.62939453125e-06	0.629738312075	0.113108260424
1.52587890625e-05	0.659943121498	0.105815687528
3.0517578125e-05	0.690470883624	0.0998191604578
6.103515625e-05	0.715623775115	0.0911648005641
0.0001220703125	0.726254582965	0.0865467629649
0.000244140625	0.729530997533	0.0844106517381
0.00048828125	0.731572936654	0.0800358468916
0.0009765625	0.730721135767	0.0783712273314
0.001953125	0.731876648495	0.075524923674
0.00390625	0.730647472082	0.0752280840024
0.0078125	0.731908705583	0.0740447707532
0.015625	0.732114642019	0.0743203263336
0.03125	0.729910630537	0.0745245861281
0.0625	0.727219049516	0.0762712726097
0.125	0.728555553004	0.0798390404945
0.25	0.731412175253	0.0825496881176
0.5	0.729396653618	0.0819914562422
1.0	0.728348506924	0.0868289109023
2.0	0.713836610157	0.107753009868
4.0	0.704139453903	0.127937058473
8.0	0.630691757437	0.144238451405
16.0	0.562792524337	0.106562324441
32.0	0.506706901095	0.166703600546
64.0	0.41759113899	0.118002491869
128.0	0.368911439424	0.144081724793


  ads      ftst         C        f1      f1std
-----  --------  --------  --------  ---------
    0  0.7448    0.5       0.647672  0.0667236
  200  0.771581  0.0625    0.643051  0.0496271
  400  0.779562  0.125     0.66893   0.087762
  800  0.786817  0.0625    0.693133  0.0755889
 1600  0.798698  0.015625  0.732115  0.0743203
       C    kerngamma    percentile  embs              n_fold    kerncoef0    cweights    e_context  clf    kerntype      kerndegree  feats
--------  -----------  ------------  --------------  --------  -----------  ----------  -----------  -----  ----------  ------------  -------
0.015625            1            20  ['s50', 'g50']         5            1           1            0  svm    lin                    1
9.53674316406e-07	0.545973945	0.0817779376686
1.90734863281e-06	0.566122765983	0.0783419357601
3.81469726562e-06	0.600993535894	0.0731997932425
7.62939453125e-06	0.640674202519	0.0715462743422
1.52587890625e-05	0.674518866907	0.0685586781711
3.0517578125e-05	0.701640001656	0.0603104197334
6.103515625e-05	0.71347366888	0.0568317769105
0.0001220703125	0.719642903507	0.0547530282132
0.000244140625	0.725290281845	0.054032900894
0.00048828125	0.726975224962	0.0510854976715
0.0009765625	0.729171282127	0.0508717806433
0.001953125	0.7319717252	0.0501915094231
0.00390625	0.733621673967	0.048835235488
0.0078125	0.733113891788	0.0499032514497
0.015625	0.733814047878	0.0500546592671
0.03125	0.7338457914	0.0501572136934
0.0625	0.73262075751	0.0505261122217
0.125	0.732947123568	0.0517729202332
0.25	0.732648193986	0.052905485791
0.5	0.730570512296	0.053059779979
1.0	0.725410843629	0.0594088947576
2.0	0.714049528838	0.0677747481831
4.0	0.677286639269	0.0839600385106
8.0	0.595521641531	0.0918269853875
16.0	0.494158278034	0.072355600098
32.0	0.451663217825	0.10937579984
64.0	0.372385996176	0.139685946121
128.0	0.346013687582	0.121581361908


  ads      ftst         C        f1      f1std
-----  --------  --------  --------  ---------
    0  0.7448    0.5       0.647672  0.0667236
  200  0.771581  0.0625    0.643051  0.0496271
  400  0.779562  0.125     0.66893   0.087762
  800  0.786817  0.0625    0.693133  0.0755889
 1600  0.798698  0.015625  0.732115  0.0743203
 3200  0.795659  0.03125   0.733846  0.0501572
      C    kerngamma    percentile  embs              n_fold    kerncoef0    cweights    e_context  clf    kerntype      kerndegree  feats
-------  -----------  ------------  --------------  --------  -----------  ----------  -----------  -----  ----------  ------------  -------
0.03125            1            20  ['s50', 'g50']         5            1           1            0  svm    lin                    1
9.53674316406e-07	0.584281207133	0.0591133940307
1.90734863281e-06	0.616994170986	0.0566340476689
3.81469726562e-06	0.655610585536	0.0522639436177
7.62939453125e-06	0.687631225944	0.0483416182513
1.52587890625e-05	0.714801714131	0.0411109216364
3.0517578125e-05	0.72976690776	0.0427816523869
6.103515625e-05	0.736184814804	0.0441000801691
0.0001220703125	0.737637998767	0.0417727249013
0.000244140625	0.742252677344	0.0433007779647
0.00048828125	0.746553079882	0.0432383554586
0.0009765625	0.749285600625	0.0429303757015
0.001953125	0.749440759109	0.0422891993712
0.00390625	0.749922945545	0.0416849445634
0.0078125	0.750595416995	0.0408784644383
0.015625	0.750734528346	0.0402590959156
0.03125	0.750365477948	0.0392112974843
0.0625	0.749537546946	0.0379790556807
0.125	0.749093964893	0.0393970459195
0.25	0.748849158728	0.0392952368164
0.5	0.746627504573	0.0404803295818
1.0	0.745148970564	0.041151791279
2.0	0.733131583763	0.0520662526464
4.0	0.694842063839	0.0721442940933
8.0	0.654656176912	0.0340068201044
16.0	0.543963714354	0.0641362230587
32.0	0.466007794088	0.0520716761159
64.0	0.35743741129	0.048783512817
128.0	0.439529253296	0.0954030206866


  ads      ftst         C        f1      f1std
-----  --------  --------  --------  ---------
    0  0.7448    0.5       0.647672  0.0667236
  200  0.771581  0.0625    0.643051  0.0496271
  400  0.779562  0.125     0.66893   0.087762
  800  0.786817  0.0625    0.693133  0.0755889
 1600  0.798698  0.015625  0.732115  0.0743203
 3200  0.795659  0.03125   0.733846  0.0501572
 6400  0.806487  0.015625  0.750735  0.0402591
