add_data_sizes: [0, 200, 400, 800, 1600, 3200, 6400]
seeds: [7, 5, 9, 11, 13]
C_values : [  9.53674316e-07   1.90734863e-06   3.81469727e-06   7.62939453e-06
   1.52587891e-05   3.05175781e-05   6.10351562e-05   1.22070312e-04
   2.44140625e-04   4.88281250e-04   9.76562500e-04   1.95312500e-03
   3.90625000e-03   7.81250000e-03   1.56250000e-02   3.12500000e-02
   6.25000000e-02   1.25000000e-01   2.50000000e-01   5.00000000e-01
   1.00000000e+00   2.00000000e+00   4.00000000e+00   8.00000000e+00
   1.60000000e+01   3.20000000e+01   6.40000000e+01   1.28000000e+02]
  C    kerngamma    percentile  embs              n_fold    kerncoef0    cweights    e_context  clf    kerntype      kerndegree  feats
---  -----------  ------------  --------------  --------  -----------  ----------  -----------  -----  ----------  ------------  -------
  1            1            20  ['s50', 'g50']         5            1           1            0  svm    lin                    1  psn
9.53674316406e-07	0.287681082595	0.0482884553873
1.90734863281e-06	0.28766455238	0.048307273526
3.81469726562e-06	0.298639842113	0.055292746573
7.62939453125e-06	0.308448350747	0.0606820527142
1.52587890625e-05	0.33604284449	0.0625512597121
3.0517578125e-05	0.381289978449	0.0659540861066
6.103515625e-05	0.432554823236	0.0741411039832
0.0001220703125	0.505094800197	0.0773767461063
0.000244140625	0.544544302658	0.0761207211113
0.00048828125	0.570936173465	0.0714952149725
0.0009765625	0.592206056289	0.0689393859351
0.001953125	0.611063479966	0.0677384940345
0.00390625	0.61369891795	0.0659136495531
0.0078125	0.614145142653	0.0705525409284
0.015625	0.613096929653	0.0616325177201
0.03125	0.593144034921	0.0594753295199
0.0625	0.568437390187	0.0675056105465
0.125	0.523459982216	0.0694262843513
0.25	0.463988626997	0.0428858041965
0.5	0.408331713254	0.0358251908379
1.0	0.372118567948	0.0339178587337
2.0	0.337703604051	0.0328841276544
4.0	0.323987409578	0.0404757141666
8.0	0.308384816126	0.0535597198977
16.0	0.310270506546	0.0733359128715
32.0	0.285760614489	0.0518624814482
64.0	0.269529041619	0.0724775455029
128.0	0.26567135197	0.109837303708


  ads      ftst          C        f1      f1std
-----  --------  ---------  --------  ---------
    0  0.766563  0.0078125  0.614145  0.0705525
        C    kerngamma    percentile  embs              n_fold    kerncoef0    cweights    e_context  clf    kerntype      kerndegree  feats
---------  -----------  ------------  --------------  --------  -----------  ----------  -----------  -----  ----------  ------------  -------
0.0078125            1            20  ['s50', 'g50']         5            1           1            0  svm    lin                    1  psn
9.53674316406e-07	0.359867004054	0.0958959988339
1.90734863281e-06	0.367307526473	0.101055325167
3.81469726562e-06	0.371957216381	0.0972998744004
7.62939453125e-06	0.396244984444	0.0903512577796
1.52587890625e-05	0.430473132779	0.0799326343343
3.0517578125e-05	0.494917185823	0.0893236187349
6.103515625e-05	0.541391504864	0.0769997455683
0.0001220703125	0.570966847616	0.0716952504553
0.000244140625	0.588079845407	0.0619916274109
0.00048828125	0.610240185264	0.0570859266693
0.0009765625	0.616572597768	0.0533917145658
0.001953125	0.617615590163	0.050552650997
0.00390625	0.620994968966	0.0621214656068
0.0078125	0.612672428313	0.0709077694337
0.015625	0.585906975966	0.0745195758614
0.03125	0.531625245259	0.0876257727949
0.0625	0.465865280701	0.102061283562
0.125	0.387336425749	0.100114509172
0.25	0.29431998661	0.0718303028588
0.5	0.247769244933	0.0769514345153
1.0	0.246385476304	0.0759299102788
2.0	0.236051303505	0.0769818423452
4.0	0.230681877542	0.0672352159935
8.0	0.228306439369	0.0936927855279
16.0	0.188355059783	0.067946955401
32.0	0.179642039096	0.0452143775856
64.0	0.169134423423	0.0513747731219
128.0	0.237048311273	0.114048628081


  ads      ftst           C        f1      f1std
-----  --------  ----------  --------  ---------
    0  0.766563  0.0078125   0.614145  0.0705525
  200  0.780563  0.00390625  0.620995  0.0621215
         C    kerngamma    percentile  embs              n_fold    kerncoef0    cweights    e_context  clf    kerntype      kerndegree  feats
----------  -----------  ------------  --------------  --------  -----------  ----------  -----------  -----  ----------  ------------  -------
0.00390625            1            20  ['s50', 'g50']         5            1           1            0  svm    lin                    1  psn
9.53674316406e-07	0.451300328944	0.150166869252
1.90734863281e-06	0.45802875122	0.150586051481
3.81469726562e-06	0.472113963416	0.145143543101
7.62939453125e-06	0.502140767836	0.141480616192
1.52587890625e-05	0.556261339156	0.159634719065
3.0517578125e-05	0.589841705874	0.135971455165
6.103515625e-05	0.62326658034	0.131922337203
0.0001220703125	0.640909325958	0.118537212886
0.000244140625	0.658196768839	0.115381263706
0.00048828125	0.654753002092	0.101256717207
0.0009765625	0.659567090074	0.104773499623
0.001953125	0.656506493364	0.103317635265
0.00390625	0.646902382286	0.108739538585
0.0078125	0.642148460506	0.11622291777
0.015625	0.621488581325	0.142936749628
0.03125	0.553580649091	0.162963383343
0.0625	0.47195543044	0.170005550601
0.125	0.367864961289	0.15855332603
0.25	0.266961794337	0.103250362271
0.5	0.211138450041	0.0808860665758
1.0	0.182757506371	0.083582219891
2.0	0.16057097087	0.0731684115554
4.0	0.151097112521	0.0627308359567
8.0	0.138697413039	0.0535079202408
16.0	0.155907971979	0.0583238698753
32.0	0.136493637757	0.0622549059407
64.0	0.155237496891	0.103182981484
128.0	0.139196037862	0.0606509518629


  ads      ftst            C        f1      f1std
-----  --------  -----------  --------  ---------
    0  0.766563  0.0078125    0.614145  0.0705525
  200  0.780563  0.00390625   0.620995  0.0621215
  400  0.777197  0.000976562  0.659567  0.104773
          C    kerngamma    percentile  embs              n_fold    kerncoef0    cweights    e_context  clf    kerntype      kerndegree  feats
-----------  -----------  ------------  --------------  --------  -----------  ----------  -----------  -----  ----------  ------------  -------
0.000976562            1            20  ['s50', 'g50']         5            1           1            0  svm    lin                    1  psn
9.53674316406e-07	0.521404110557	0.128030130854
1.90734863281e-06	0.530381198027	0.128674298686
3.81469726562e-06	0.542840246658	0.121710102135
7.62939453125e-06	0.578405342103	0.121968303356
1.52587890625e-05	0.616721493816	0.127287352928
3.0517578125e-05	0.637245572707	0.107937566944
6.103515625e-05	0.665114900973	0.105098170925
0.0001220703125	0.67721038518	0.0923125469974
0.000244140625	0.684070095779	0.0875576882686
0.00048828125	0.690118923756	0.0882309483603
0.0009765625	0.687495842096	0.0905717918738
0.001953125	0.685477825488	0.0978466654367
0.00390625	0.681292779308	0.108736997979
0.0078125	0.66316272321	0.127767018929
0.015625	0.63693218791	0.147097805338
0.03125	0.59004168343	0.162111039335
0.0625	0.500534628572	0.159308114269
0.125	0.371440342686	0.118754062033
0.25	0.266698338362	0.0826910104095
0.5	0.254876530316	0.0737422405815
1.0	0.238898481676	0.072135801314
2.0	0.227293937073	0.0640854608505
4.0	0.208280153153	0.0753935082921
8.0	0.213131972612	0.0808413452141
16.0	0.19514235695	0.0791922873586
32.0	0.182208778935	0.0680021964407
64.0	0.189448147489	0.0780825172487
128.0	0.181574251393	0.0797193571556


  ads      ftst            C        f1      f1std
-----  --------  -----------  --------  ---------
    0  0.766563  0.0078125    0.614145  0.0705525
  200  0.780563  0.00390625   0.620995  0.0621215
  400  0.777197  0.000976562  0.659567  0.104773
  800  0.77872   0.000488281  0.690119  0.0882309
          C    kerngamma    percentile  embs              n_fold    kerncoef0    cweights    e_context  clf    kerntype      kerndegree  feats
-----------  -----------  ------------  --------------  --------  -----------  ----------  -----------  -----  ----------  ------------  -------
0.000488281            1            20  ['s50', 'g50']         5            1           1            0  svm    lin                    1  psn
9.53674316406e-07	0.547953741007	0.113195709722
1.90734863281e-06	0.562022851998	0.108382514894
3.81469726562e-06	0.584048779128	0.109762655052
7.62939453125e-06	0.633253280905	0.115470396329
1.52587890625e-05	0.659971361058	0.105806979275
3.0517578125e-05	0.692021715912	0.0996821265452
6.103515625e-05	0.71423544536	0.092655039589
0.0001220703125	0.726927800419	0.0879521712757
0.000244140625	0.729671288425	0.085080115455
0.00048828125	0.73165767123	0.0831515378085
0.0009765625	0.728803932755	0.0844484506476
0.001953125	0.728204560331	0.0870396985501
0.00390625	0.720376196441	0.100945503874
0.0078125	0.711749863615	0.108554567435
0.015625	0.684279407154	0.13381299082
0.03125	0.643680533168	0.146632897169
0.0625	0.57093125364	0.144689902207
0.125	0.457175977188	0.121451130953
0.25	0.366994769889	0.10225284443
0.5	0.33101457182	0.0855491003962
1.0	0.311589487102	0.0732203061371
2.0	0.281746404336	0.0540118770537
4.0	0.269179065082	0.0595834271713
8.0	0.264869943642	0.0703942489057
16.0	0.218050097328	0.060307453086
32.0	0.213036807679	0.0504578764308
64.0	0.210432102162	0.0651496574765
128.0	0.196872777405	0.0308542071749


  ads      ftst            C        f1      f1std
-----  --------  -----------  --------  ---------
    0  0.766563  0.0078125    0.614145  0.0705525
  200  0.780563  0.00390625   0.620995  0.0621215
  400  0.777197  0.000976562  0.659567  0.104773
  800  0.77872   0.000488281  0.690119  0.0882309
 1600  0.781181  0.000488281  0.731658  0.0831515
          C    kerngamma    percentile  embs              n_fold    kerncoef0    cweights    e_context  clf    kerntype      kerndegree  feats
-----------  -----------  ------------  --------------  --------  -----------  ----------  -----------  -----  ----------  ------------  -------
0.000488281            1            20  ['s50', 'g50']         5            1           1            0  svm    lin                    1  psn
9.53674316406e-07	0.545967180911	0.0817730668956
1.90734863281e-06	0.566122821211	0.0783422343778
3.81469726562e-06	0.602193577859	0.0719665456063
7.62939453125e-06	0.640466063788	0.0719739228183
1.52587890625e-05	0.674895243014	0.0687486532162
3.0517578125e-05	0.701618120726	0.0596575585016
6.103515625e-05	0.712478485772	0.0575620683521
0.0001220703125	0.719990765061	0.0547349299459
0.000244140625	0.724718871382	0.0542140141353
0.00048828125	0.72766017322	0.0526026671958
0.0009765625	0.729232327349	0.0527081694229
0.001953125	0.729089874371	0.055661770525
0.00390625	0.724613974097	0.0591769166876
0.0078125	0.712512086097	0.0660931902915
0.015625	0.692798207093	0.0771880405531
0.03125	0.649669593447	0.08600968884
0.0625	0.579794972608	0.108098681084
0.125	0.475496403267	0.101076596448
0.25	0.389241664316	0.0729798421403
0.5	0.342669013945	0.0662418795031
1.0	0.327257227688	0.0589537441387
2.0	0.31252617649	0.0629888054967
4.0	0.279003124212	0.0566250606359
8.0	0.257261028285	0.0502038926905
16.0	0.243197204316	0.0581492605942
32.0	0.240421469984	0.0349899469474
64.0	0.199437313611	0.0584738896357
128.0	0.178208064494	0.0434763376461


  ads      ftst            C        f1      f1std
-----  --------  -----------  --------  ---------
    0  0.766563  0.0078125    0.614145  0.0705525
  200  0.780563  0.00390625   0.620995  0.0621215
  400  0.777197  0.000976562  0.659567  0.104773
  800  0.77872   0.000488281  0.690119  0.0882309
 1600  0.781181  0.000488281  0.731658  0.0831515
 3200  0.793016  0.000976562  0.729232  0.0527082
          C    kerngamma    percentile  embs              n_fold    kerncoef0    cweights    e_context  clf    kerntype      kerndegree  feats
-----------  -----------  ------------  --------------  --------  -----------  ----------  -----------  -----  ----------  ------------  -------
0.000976562            1            20  ['s50', 'g50']         5            1           1            0  svm    lin                    1  psn
9.53674316406e-07	0.584501907404	0.0593379006754
1.90734863281e-06	0.616723305821	0.0564998737869
3.81469726562e-06	0.656084685103	0.0523574491289
7.62939453125e-06	0.687819899265	0.0492962073853
1.52587890625e-05	0.715558864316	0.0416619260721
3.0517578125e-05	0.730815952218	0.0435025959461
6.103515625e-05	0.736176161322	0.04415722479
0.0001220703125	0.738005642455	0.0431935352778
0.000244140625	0.742699337785	0.0443145210759
0.00048828125	0.745238230797	0.0443924592935
0.0009765625	0.747144042411	0.044109307876
0.001953125	0.747607764313	0.0453395089629
0.00390625	0.745704827975	0.0464260622517
0.0078125	0.737150977916	0.0520368180764
0.015625	0.722661914105	0.0525189057597
0.03125	0.698279378682	0.0573190851382
0.0625	0.646303734135	0.0668104313905
0.125	0.592842503074	0.0736709182154
0.25	0.534663704666	0.0682343778611
0.5	0.500212930586	0.0635557003264
1.0	0.467953896444	0.0582079775105
2.0	0.411657920983	0.0612506474757
4.0	0.374427076409	0.0669270610015
8.0	0.36085268561	0.0646111953079
16.0	0.300625582201	0.0567254016658
32.0	0.273596623064	0.0543381106577
64.0	0.250085592107	0.0582827735478
128.0	0.261200773	0.0862940517611


  ads      ftst            C        f1      f1std
-----  --------  -----------  --------  ---------
    0  0.766563  0.0078125    0.614145  0.0705525
  200  0.780563  0.00390625   0.620995  0.0621215
  400  0.777197  0.000976562  0.659567  0.104773
  800  0.77872   0.000488281  0.690119  0.0882309
 1600  0.781181  0.000488281  0.731658  0.0831515
 3200  0.793016  0.000976562  0.729232  0.0527082
 6400  0.805269  0.00195312   0.747608  0.0453395
         C    kerngamma    percentile  embs              n_fold    kerncoef0    cweights    e_context  clf    kerntype      kerndegree  feats
----------  -----------  ------------  --------------  --------  -----------  ----------  -----------  -----  ----------  ------------  -------
0.00195312            1            20  ['s50', 'g50']         5            1           1            0  svm    lin                    1  psn
9.53674316406e-07	0.287681082595	0.0482884553873
1.90734863281e-06	0.28766455238	0.048307273526
3.81469726562e-06	0.298639842113	0.055292746573
7.62939453125e-06	0.308448350747	0.0606820527142
1.52587890625e-05	0.33604284449	0.0625512597121
3.0517578125e-05	0.381289978449	0.0659540861066
6.103515625e-05	0.432554823236	0.0741411039832
0.0001220703125	0.505094800197	0.0773767461063
0.000244140625	0.544544302658	0.0761207211113
0.00048828125	0.570936173465	0.0714952149725
0.0009765625	0.592206056289	0.0689393859351
0.001953125	0.611063479966	0.0677384940345
0.00390625	0.61369891795	0.0659136495531
0.0078125	0.614145142653	0.0705525409284
0.015625	0.613096929653	0.0616325177201
0.03125	0.593144034921	0.0594753295199
0.0625	0.568437390187	0.0675056105465
0.125	0.523459982216	0.0694262843513
0.25	0.463988626997	0.0428858041965
0.5	0.408331713254	0.0358251908379
1.0	0.372118567948	0.0339178587337
2.0	0.337703604051	0.0328841276544
4.0	0.323987409578	0.0404757141666
8.0	0.308384816126	0.0535597198977
16.0	0.310270506546	0.0733359128715
32.0	0.285760614489	0.0518624814482
64.0	0.269529041619	0.0724775455029
128.0	0.26567135197	0.109837303708


  ads      ftst            C        f1      f1std
-----  --------  -----------  --------  ---------
    0  0.766563  0.0078125    0.614145  0.0705525
  200  0.780563  0.00390625   0.620995  0.0621215
  400  0.777197  0.000976562  0.659567  0.104773
  800  0.77872   0.000488281  0.690119  0.0882309
 1600  0.781181  0.000488281  0.731658  0.0831515
 3200  0.793016  0.000976562  0.729232  0.0527082
 6400  0.805269  0.00195312   0.747608  0.0453395
    0  0.74733   0.0078125    0.614145  0.0705525
        C    kerngamma    percentile  embs              n_fold    kerncoef0    cweights    e_context  clf    kerntype      kerndegree  feats
---------  -----------  ------------  --------------  --------  -----------  ----------  -----------  -----  ----------  ------------  -------
0.0078125            1            20  ['s50', 'g50']         5            1           1            0  svm    lin                    1  psn
9.53674316406e-07	0.430366810324	0.159454711422
1.90734863281e-06	0.43947023713	0.16275776347
3.81469726562e-06	0.451699503753	0.152357485981
7.62939453125e-06	0.479864934398	0.172277760562
1.52587890625e-05	0.496898718188	0.156664349887
3.0517578125e-05	0.554766630248	0.132900779566
6.103515625e-05	0.582883930706	0.107411285636
0.0001220703125	0.609849808489	0.0978913417327
0.000244140625	0.629476234554	0.094771525029
0.00048828125	0.641892543057	0.082816060737
0.0009765625	0.646974260781	0.0784423669542
0.001953125	0.65893579041	0.0895915399407
0.00390625	0.655913042536	0.0912854669031
0.0078125	0.638045211717	0.0883195444078
0.015625	0.621851025138	0.0881879031688
0.03125	0.585693792209	0.111138209585
0.0625	0.524476298278	0.13921511771
0.125	0.468127354259	0.152771149845
0.25	0.370762488023	0.130007964282
0.5	0.317290438047	0.106272431779
1.0	0.292599166767	0.0928103373511
2.0	0.284558524555	0.112347751387
4.0	0.280905474943	0.110974727384
8.0	0.225768509982	0.0630578747967
16.0	0.251510856006	0.124858132596
32.0	0.273813451558	0.105210346615
64.0	0.212259552435	0.079042160656
128.0	0.16877758946	0.0582138532333


  ads      ftst            C        f1      f1std
-----  --------  -----------  --------  ---------
    0  0.766563  0.0078125    0.614145  0.0705525
  200  0.780563  0.00390625   0.620995  0.0621215
  400  0.777197  0.000976562  0.659567  0.104773
  800  0.77872   0.000488281  0.690119  0.0882309
 1600  0.781181  0.000488281  0.731658  0.0831515
 3200  0.793016  0.000976562  0.729232  0.0527082
 6400  0.805269  0.00195312   0.747608  0.0453395
    0  0.74733   0.0078125    0.614145  0.0705525
  200  0.755695  0.00195312   0.658936  0.0895915
         C    kerngamma    percentile  embs              n_fold    kerncoef0    cweights    e_context  clf    kerntype      kerndegree  feats
----------  -----------  ------------  --------------  --------  -----------  ----------  -----------  -----  ----------  ------------  -------
0.00195312            1            20  ['s50', 'g50']         5            1           1            0  svm    lin                    1  psn
9.53674316406e-07	0.48758214787	0.162534946873
1.90734863281e-06	0.497655207615	0.161661019452
3.81469726562e-06	0.503950131706	0.152953526689
7.62939453125e-06	0.533879470203	0.151946974796
1.52587890625e-05	0.574078243698	0.148228155116
3.0517578125e-05	0.618703128895	0.144867001078
6.103515625e-05	0.641897974944	0.129032319623
0.0001220703125	0.66370322647	0.11851695004
0.000244140625	0.669270822798	0.107109046501
0.00048828125	0.671745094207	0.0993830109152
0.0009765625	0.672796626576	0.0971753245734
0.001953125	0.676106655503	0.0971276557982
0.00390625	0.670016446614	0.102367327255
0.0078125	0.666384143538	0.106325665713
0.015625	0.644706000178	0.12340958223
0.03125	0.610837141089	0.150220791567
0.0625	0.553122114305	0.186449905078
0.125	0.478016596495	0.178559652266
0.25	0.337431552982	0.126455747931
0.5	0.283650298364	0.107632003014
1.0	0.250329522422	0.0858296362266
2.0	0.235321451921	0.0721805455981
4.0	0.223486539915	0.0610604853072
8.0	0.22170760636	0.063099971432
16.0	0.232058628302	0.0762134179909
32.0	0.225066973804	0.126939915109
64.0	0.187628989551	0.101032530414
128.0	0.192856599883	0.123440540562


  ads      ftst            C        f1      f1std
-----  --------  -----------  --------  ---------
    0  0.766563  0.0078125    0.614145  0.0705525
  200  0.780563  0.00390625   0.620995  0.0621215
  400  0.777197  0.000976562  0.659567  0.104773
  800  0.77872   0.000488281  0.690119  0.0882309
 1600  0.781181  0.000488281  0.731658  0.0831515
 3200  0.793016  0.000976562  0.729232  0.0527082
 6400  0.805269  0.00195312   0.747608  0.0453395
    0  0.74733   0.0078125    0.614145  0.0705525
  200  0.755695  0.00195312   0.658936  0.0895915
  400  0.762016  0.00195312   0.676107  0.0971277
         C    kerngamma    percentile  embs              n_fold    kerncoef0    cweights    e_context  clf    kerntype      kerndegree  feats
----------  -----------  ------------  --------------  --------  -----------  ----------  -----------  -----  ----------  ------------  -------
0.00195312            1            20  ['s50', 'g50']         5            1           1            0  svm    lin                    1  psn
9.53674316406e-07	0.532822279568	0.123490309457
1.90734863281e-06	0.543142810348	0.125547610362
3.81469726562e-06	0.54872189636	0.117668632116
7.62939453125e-06	0.588518778122	0.119583148782
1.52587890625e-05	0.630201775901	0.124222024314
3.0517578125e-05	0.663675135862	0.115973649854
6.103515625e-05	0.688484038536	0.106769217927
0.0001220703125	0.698847128967	0.0988001068993
0.000244140625	0.708335833685	0.0947301391756
0.00048828125	0.711746237349	0.094336737267
0.0009765625	0.705139426111	0.0953301567182
0.001953125	0.700881887349	0.0953719178096
0.00390625	0.6931483212	0.100762647598
0.0078125	0.684596166746	0.119353040133
0.015625	0.667701267784	0.137503112824
0.03125	0.624888978411	0.165664855132
0.0625	0.551071268634	0.172029049316
0.125	0.433765946381	0.144644484783
0.25	0.3284721611	0.1147011512
0.5	0.290453057443	0.100401277251
1.0	0.273296127441	0.083190992479
2.0	0.261373846064	0.080373148584
4.0	0.237196916796	0.075822710181
8.0	0.230099469638	0.0765451942088
16.0	0.180653271248	0.0683891363614
32.0	0.170774128159	0.0743809521206
64.0	0.146978649824	0.0634512334876
128.0	0.152036133414	0.0639923015191


  ads      ftst            C        f1      f1std
-----  --------  -----------  --------  ---------
    0  0.766563  0.0078125    0.614145  0.0705525
  200  0.780563  0.00390625   0.620995  0.0621215
  400  0.777197  0.000976562  0.659567  0.104773
  800  0.77872   0.000488281  0.690119  0.0882309
 1600  0.781181  0.000488281  0.731658  0.0831515
 3200  0.793016  0.000976562  0.729232  0.0527082
 6400  0.805269  0.00195312   0.747608  0.0453395
    0  0.74733   0.0078125    0.614145  0.0705525
  200  0.755695  0.00195312   0.658936  0.0895915
  400  0.762016  0.00195312   0.676107  0.0971277
  800  0.766699  0.000488281  0.711746  0.0943367
          C    kerngamma    percentile  embs              n_fold    kerncoef0    cweights    e_context  clf    kerntype      kerndegree  feats
-----------  -----------  ------------  --------------  --------  -----------  ----------  -----------  -----  ----------  ------------  -------
0.000488281            1            20  ['s50', 'g50']         5            1           1            0  svm    lin                    1  psn
9.53674316406e-07	0.547928595096	0.121830572232
1.90734863281e-06	0.561026585505	0.12186602073
3.81469726562e-06	0.583058863755	0.12283372345
7.62939453125e-06	0.62855146769	0.125804582474
1.52587890625e-05	0.660989304903	0.116723832527
3.0517578125e-05	0.680329884982	0.107087642412
6.103515625e-05	0.703254897785	0.0925917927588
0.0001220703125	0.713895971411	0.0874656755531
0.000244140625	0.71893414565	0.0890199996367
0.00048828125	0.72062947998	0.0917356485198
0.0009765625	0.724605563605	0.0951551426159
0.001953125	0.723646737148	0.0972504219283
0.00390625	0.716908970982	0.105597919702
0.0078125	0.704425591325	0.113743571792
0.015625	0.677076920949	0.128322516051
0.03125	0.629091241987	0.137720827501
0.0625	0.53869505619	0.135098613851
0.125	0.426253866839	0.112950004679
0.25	0.330657468417	0.0977065478439
0.5	0.292236763059	0.0838523764515
1.0	0.271453736314	0.0836436947285
2.0	0.256148733828	0.0823267888789
4.0	0.233696497479	0.0698832341009
8.0	0.208837229067	0.0610189883888
16.0	0.191378153801	0.0605285659147
32.0	0.183008025664	0.0615069296391
64.0	0.15233708893	0.0542359447468
128.0	0.145740487674	0.0679648527725


  ads      ftst            C        f1      f1std
-----  --------  -----------  --------  ---------
    0  0.766563  0.0078125    0.614145  0.0705525
  200  0.780563  0.00390625   0.620995  0.0621215
  400  0.777197  0.000976562  0.659567  0.104773
  800  0.77872   0.000488281  0.690119  0.0882309
 1600  0.781181  0.000488281  0.731658  0.0831515
 3200  0.793016  0.000976562  0.729232  0.0527082
 6400  0.805269  0.00195312   0.747608  0.0453395
    0  0.74733   0.0078125    0.614145  0.0705525
  200  0.755695  0.00195312   0.658936  0.0895915
  400  0.762016  0.00195312   0.676107  0.0971277
  800  0.766699  0.000488281  0.711746  0.0943367
 1600  0.775346  0.000976562  0.724606  0.0951551
          C    kerngamma    percentile  embs              n_fold    kerncoef0    cweights    e_context  clf    kerntype      kerndegree  feats
-----------  -----------  ------------  --------------  --------  -----------  ----------  -----------  -----  ----------  ------------  -------
0.000976562            1            20  ['s50', 'g50']         5            1           1            0  svm    lin                    1  psn
9.53674316406e-07	0.556085255592	0.0926991409636
1.90734863281e-06	0.576752215	0.0935345886248
3.81469726562e-06	0.611837406296	0.0903017083865
7.62939453125e-06	0.650059505621	0.0787769985419
1.52587890625e-05	0.677081107872	0.0685025161767
3.0517578125e-05	0.701895479326	0.0636988738453
6.103515625e-05	0.71394869075	0.0599516292383
0.0001220703125	0.722796558837	0.0597056637735
0.000244140625	0.729660840778	0.0618167338386
0.00048828125	0.733797421791	0.0593566753517
0.0009765625	0.735370142528	0.0610338439971
0.001953125	0.73579999193	0.0638784835588
0.00390625	0.731109545242	0.0678487366547
0.0078125	0.728011076833	0.0723766032241
0.015625	0.705559501234	0.0805764175913
0.03125	0.669727542506	0.0949688391102
0.0625	0.600976833611	0.101013588785
0.125	0.513454867967	0.0990220926759
0.25	0.438642220771	0.0959561955376
0.5	0.386587054881	0.0782930210792
1.0	0.368701957608	0.0716692602101
2.0	0.339803859827	0.0670313197985
4.0	0.322845011154	0.0631700505786
8.0	0.306264782435	0.0804887630511
16.0	0.260423727954	0.0639460435968
32.0	0.243171485893	0.0799781471235
64.0	0.210706584527	0.0589358619089
128.0	0.22308122608	0.0738594608831


  ads      ftst            C        f1      f1std
-----  --------  -----------  --------  ---------
    0  0.766563  0.0078125    0.614145  0.0705525
  200  0.780563  0.00390625   0.620995  0.0621215
  400  0.777197  0.000976562  0.659567  0.104773
  800  0.77872   0.000488281  0.690119  0.0882309
 1600  0.781181  0.000488281  0.731658  0.0831515
 3200  0.793016  0.000976562  0.729232  0.0527082
 6400  0.805269  0.00195312   0.747608  0.0453395
    0  0.74733   0.0078125    0.614145  0.0705525
  200  0.755695  0.00195312   0.658936  0.0895915
  400  0.762016  0.00195312   0.676107  0.0971277
  800  0.766699  0.000488281  0.711746  0.0943367
 1600  0.775346  0.000976562  0.724606  0.0951551
 3200  0.77631   0.00195312   0.7358    0.0638785
         C    kerngamma    percentile  embs              n_fold    kerncoef0    cweights    e_context  clf    kerntype      kerndegree  feats
----------  -----------  ------------  --------------  --------  -----------  ----------  -----------  -----  ----------  ------------  -------
0.00195312            1            20  ['s50', 'g50']         5            1           1            0  svm    lin                    1  psn
9.53674316406e-07	0.590410164582	0.0589518069247
1.90734863281e-06	0.626075687475	0.0578717675843
3.81469726562e-06	0.663296954714	0.0509022952884
7.62939453125e-06	0.695601766464	0.0532029731324
1.52587890625e-05	0.719007177589	0.0494401374788
3.0517578125e-05	0.731572581535	0.0510981890808
6.103515625e-05	0.736964304524	0.0483555770106
0.0001220703125	0.739857405423	0.0460229110899
0.000244140625	0.74462699691	0.0440516405489
0.00048828125	0.746885827022	0.0443206404628
0.0009765625	0.751020153291	0.0447783024913
0.001953125	0.751861251739	0.0425147940709
0.00390625	0.750471562631	0.0453923667785
0.0078125	0.744061763642	0.051415509543
0.015625	0.731802273176	0.0587273682646
0.03125	0.706576762968	0.0628604521629
0.0625	0.662700495775	0.0656865654933
0.125	0.602879581228	0.064479103804
0.25	0.543823404563	0.0632783790533
0.5	0.494243743648	0.0673778892877
1.0	0.458618944997	0.0556707901878
2.0	0.425715513544	0.0541189916594
4.0	0.373226871147	0.0491163591061
8.0	0.36215302936	0.0653245989298
16.0	0.293074417486	0.0383696113476
32.0	0.256373522241	0.0401286943918
64.0	0.263152066988	0.0426672164945
128.0	0.244232656974	0.0498140427034


  ads      ftst            C        f1      f1std
-----  --------  -----------  --------  ---------
    0  0.766563  0.0078125    0.614145  0.0705525
  200  0.780563  0.00390625   0.620995  0.0621215
  400  0.777197  0.000976562  0.659567  0.104773
  800  0.77872   0.000488281  0.690119  0.0882309
 1600  0.781181  0.000488281  0.731658  0.0831515
 3200  0.793016  0.000976562  0.729232  0.0527082
 6400  0.805269  0.00195312   0.747608  0.0453395
    0  0.74733   0.0078125    0.614145  0.0705525
  200  0.755695  0.00195312   0.658936  0.0895915
  400  0.762016  0.00195312   0.676107  0.0971277
  800  0.766699  0.000488281  0.711746  0.0943367
 1600  0.775346  0.000976562  0.724606  0.0951551
 3200  0.77631   0.00195312   0.7358    0.0638785
 6400  0.780964  0.00195312   0.751861  0.0425148
         C    kerngamma    percentile  embs              n_fold    kerncoef0    cweights    e_context  clf    kerntype      kerndegree  feats
----------  -----------  ------------  --------------  --------  -----------  ----------  -----------  -----  ----------  ------------  -------
0.00195312            1            20  ['s50', 'g50']         5            1           1            0  svm    lin                    1  psn
9.53674316406e-07	0.287681082595	0.0482884553873
1.90734863281e-06	0.28766455238	0.048307273526
3.81469726562e-06	0.298639842113	0.055292746573
7.62939453125e-06	0.308448350747	0.0606820527142
1.52587890625e-05	0.33604284449	0.0625512597121
3.0517578125e-05	0.381289978449	0.0659540861066
6.103515625e-05	0.432554823236	0.0741411039832
0.0001220703125	0.505094800197	0.0773767461063
0.000244140625	0.544544302658	0.0761207211113
0.00048828125	0.570936173465	0.0714952149725
0.0009765625	0.592206056289	0.0689393859351
0.001953125	0.611063479966	0.0677384940345
0.00390625	0.61369891795	0.0659136495531
0.0078125	0.614145142653	0.0705525409284
0.015625	0.613096929653	0.0616325177201
0.03125	0.593144034921	0.0594753295199
0.0625	0.568437390187	0.0675056105465
0.125	0.523459982216	0.0694262843513
0.25	0.463988626997	0.0428858041965
0.5	0.408331713254	0.0358251908379
1.0	0.372118567948	0.0339178587337
2.0	0.337703604051	0.0328841276544
4.0	0.323987409578	0.0404757141666
8.0	0.308384816126	0.0535597198977
16.0	0.310270506546	0.0733359128715
32.0	0.285760614489	0.0518624814482
64.0	0.269529041619	0.0724775455029
128.0	0.26567135197	0.109837303708


  ads      ftst            C        f1      f1std
-----  --------  -----------  --------  ---------
    0  0.766563  0.0078125    0.614145  0.0705525
  200  0.780563  0.00390625   0.620995  0.0621215
  400  0.777197  0.000976562  0.659567  0.104773
  800  0.77872   0.000488281  0.690119  0.0882309
 1600  0.781181  0.000488281  0.731658  0.0831515
 3200  0.793016  0.000976562  0.729232  0.0527082
 6400  0.805269  0.00195312   0.747608  0.0453395
    0  0.74733   0.0078125    0.614145  0.0705525
  200  0.755695  0.00195312   0.658936  0.0895915
  400  0.762016  0.00195312   0.676107  0.0971277
  800  0.766699  0.000488281  0.711746  0.0943367
 1600  0.775346  0.000976562  0.724606  0.0951551
 3200  0.77631   0.00195312   0.7358    0.0638785
 6400  0.780964  0.00195312   0.751861  0.0425148
    0  0.722582  0.0078125    0.614145  0.0705525
        C    kerngamma    percentile  embs              n_fold    kerncoef0    cweights    e_context  clf    kerntype      kerndegree  feats
---------  -----------  ------------  --------------  --------  -----------  ----------  -----------  -----  ----------  ------------  -------
0.0078125            1            20  ['s50', 'g50']         5            1           1            0  svm    lin                    1  psn
9.53674316406e-07	0.429885613898	0.16282536716
1.90734863281e-06	0.436931076937	0.157256404401
3.81469726562e-06	0.448964700562	0.157376010787
7.62939453125e-06	0.462733437374	0.145146390184
1.52587890625e-05	0.501682142611	0.146183787923
3.0517578125e-05	0.541341842929	0.134239477755
6.103515625e-05	0.597419219726	0.137912295173
0.0001220703125	0.626733747874	0.124374172754
0.000244140625	0.641443695941	0.119828772128
0.00048828125	0.6634105671	0.112849658888
0.0009765625	0.677042118692	0.103397727458
0.001953125	0.677007953036	0.0999082045242
0.00390625	0.663409753991	0.0976168443727
0.0078125	0.652648340276	0.104845801511
0.015625	0.633275508541	0.108049038824
0.03125	0.608542675942	0.130521939976
0.0625	0.550091081066	0.147307188267
0.125	0.47108465365	0.153014669883
0.25	0.400836687969	0.134336066716
0.5	0.32202341359	0.119279787717
1.0	0.233167045762	0.0813473736727
2.0	0.222327330514	0.0756650905816
4.0	0.211173630298	0.0557026460836
8.0	0.230164035281	0.0905577876856
16.0	0.193223126924	0.0507724146703
32.0	0.158844252929	0.0635191203857
64.0	0.196431259569	0.0779179191713
128.0	0.221858152059	0.121193293502


  ads      ftst            C        f1      f1std
-----  --------  -----------  --------  ---------
    0  0.766563  0.0078125    0.614145  0.0705525
  200  0.780563  0.00390625   0.620995  0.0621215
  400  0.777197  0.000976562  0.659567  0.104773
  800  0.77872   0.000488281  0.690119  0.0882309
 1600  0.781181  0.000488281  0.731658  0.0831515
 3200  0.793016  0.000976562  0.729232  0.0527082
 6400  0.805269  0.00195312   0.747608  0.0453395
    0  0.74733   0.0078125    0.614145  0.0705525
  200  0.755695  0.00195312   0.658936  0.0895915
  400  0.762016  0.00195312   0.676107  0.0971277
  800  0.766699  0.000488281  0.711746  0.0943367
 1600  0.775346  0.000976562  0.724606  0.0951551
 3200  0.77631   0.00195312   0.7358    0.0638785
 6400  0.780964  0.00195312   0.751861  0.0425148
    0  0.722582  0.0078125    0.614145  0.0705525
  200  0.704766  0.000976562  0.677042  0.103398
          C    kerngamma    percentile  embs              n_fold    kerncoef0    cweights    e_context  clf    kerntype      kerndegree  feats
-----------  -----------  ------------  --------------  --------  -----------  ----------  -----------  -----  ----------  ------------  -------
0.000976562            1            20  ['s50', 'g50']         5            1           1            0  svm    lin                    1  psn
9.53674316406e-07	0.481154887498	0.163030177905
1.90734863281e-06	0.490025921488	0.158826006062
3.81469726562e-06	0.511200086785	0.164702860334
7.62939453125e-06	0.526418778115	0.150748539209
1.52587890625e-05	0.556257715749	0.154074173897
3.0517578125e-05	0.604842905456	0.148517776577
6.103515625e-05	0.657020429567	0.147810859827
0.0001220703125	0.675159702574	0.134663940431
0.000244140625	0.691983674648	0.120628066851
0.00048828125	0.701172075876	0.120645479333
0.0009765625	0.701216620003	0.113713385581
0.001953125	0.703901983478	0.111736184562
0.00390625	0.703577119479	0.115936853503
0.0078125	0.693029247015	0.125533604705
0.015625	0.672105520845	0.1399551717
0.03125	0.633711799185	0.168928791548
0.0625	0.562666026738	0.179915017668
0.125	0.4829763399	0.179559629082
0.25	0.384354618521	0.146962585457
0.5	0.324677404301	0.115117038344
1.0	0.267945716783	0.0849377360594
2.0	0.25843741434	0.0813582619668
4.0	0.251407895813	0.0767412720408
8.0	0.233805526736	0.0848643254897
16.0	0.187784588832	0.0586531552989
32.0	0.197489096849	0.0614241215493
64.0	0.189021878804	0.0730795228096
128.0	0.172211894035	0.0627418270632


  ads      ftst            C        f1      f1std
-----  --------  -----------  --------  ---------
    0  0.766563  0.0078125    0.614145  0.0705525
  200  0.780563  0.00390625   0.620995  0.0621215
  400  0.777197  0.000976562  0.659567  0.104773
  800  0.77872   0.000488281  0.690119  0.0882309
 1600  0.781181  0.000488281  0.731658  0.0831515
 3200  0.793016  0.000976562  0.729232  0.0527082
 6400  0.805269  0.00195312   0.747608  0.0453395
    0  0.74733   0.0078125    0.614145  0.0705525
  200  0.755695  0.00195312   0.658936  0.0895915
  400  0.762016  0.00195312   0.676107  0.0971277
  800  0.766699  0.000488281  0.711746  0.0943367
 1600  0.775346  0.000976562  0.724606  0.0951551
 3200  0.77631   0.00195312   0.7358    0.0638785
 6400  0.780964  0.00195312   0.751861  0.0425148
    0  0.722582  0.0078125    0.614145  0.0705525
  200  0.704766  0.000976562  0.677042  0.103398
  400  0.711395  0.00195312   0.703902  0.111736
         C    kerngamma    percentile  embs              n_fold    kerncoef0    cweights    e_context  clf    kerntype      kerndegree  feats
----------  -----------  ------------  --------------  --------  -----------  ----------  -----------  -----  ----------  ------------  -------
0.00195312            1            20  ['s50', 'g50']         5            1           1            0  svm    lin                    1  psn
9.53674316406e-07	0.542575605008	0.145988994946
1.90734863281e-06	0.545498118243	0.142708941106
3.81469726562e-06	0.563785653041	0.140299675555
7.62939453125e-06	0.584984555115	0.132075915548
1.52587890625e-05	0.629066169982	0.133781930377
3.0517578125e-05	0.664813124327	0.127131745641
6.103515625e-05	0.689242581061	0.118465777988
0.0001220703125	0.707622743864	0.112226738145
0.000244140625	0.713257008432	0.104618373976
0.00048828125	0.719344421965	0.103640280595
0.0009765625	0.720395734219	0.104699878781
0.001953125	0.718723356163	0.106296719118
0.00390625	0.708742981987	0.116129818298
0.0078125	0.697732524793	0.130986123424
0.015625	0.67184395789	0.152378019099
0.03125	0.633712763462	0.173189185446
0.0625	0.563595230473	0.175504960998
0.125	0.465269693855	0.149344828607
0.25	0.369709956527	0.118528009942
0.5	0.29368796306	0.0970811321368
1.0	0.275491214531	0.0850037862924
2.0	0.244935976836	0.0823024270603
4.0	0.233375034934	0.0721293827584
8.0	0.219588756923	0.0757729877444
16.0	0.219113486371	0.0899786912435
32.0	0.172138627362	0.0551381658875
64.0	0.172036808376	0.0686394781685
128.0	0.23446655329	0.0880363800305


  ads      ftst            C        f1      f1std
-----  --------  -----------  --------  ---------
    0  0.766563  0.0078125    0.614145  0.0705525
  200  0.780563  0.00390625   0.620995  0.0621215
  400  0.777197  0.000976562  0.659567  0.104773
  800  0.77872   0.000488281  0.690119  0.0882309
 1600  0.781181  0.000488281  0.731658  0.0831515
 3200  0.793016  0.000976562  0.729232  0.0527082
 6400  0.805269  0.00195312   0.747608  0.0453395
    0  0.74733   0.0078125    0.614145  0.0705525
  200  0.755695  0.00195312   0.658936  0.0895915
  400  0.762016  0.00195312   0.676107  0.0971277
  800  0.766699  0.000488281  0.711746  0.0943367
 1600  0.775346  0.000976562  0.724606  0.0951551
 3200  0.77631   0.00195312   0.7358    0.0638785
 6400  0.780964  0.00195312   0.751861  0.0425148
    0  0.722582  0.0078125    0.614145  0.0705525
  200  0.704766  0.000976562  0.677042  0.103398
  400  0.711395  0.00195312   0.703902  0.111736
  800  0.711174  0.000976562  0.720396  0.1047
          C    kerngamma    percentile  embs              n_fold    kerncoef0    cweights    e_context  clf    kerntype      kerndegree  feats
-----------  -----------  ------------  --------------  --------  -----------  ----------  -----------  -----  ----------  ------------  -------
0.000976562            1            20  ['s50', 'g50']         5            1           1            0  svm    lin                    1  psn
9.53674316406e-07	0.547472926327	0.103411293265
1.90734863281e-06	0.556767469577	0.097475270131
3.81469726562e-06	0.581782721364	0.0952286416486
7.62939453125e-06	0.617092075568	0.094468748957
1.52587890625e-05	0.656488874142	0.0888095149057
3.0517578125e-05	0.690480104901	0.084479411267
6.103515625e-05	0.70777701655	0.0783576831458
0.0001220703125	0.715702707026	0.0706558873424
0.000244140625	0.721534998127	0.0732368098299
0.00048828125	0.726115802554	0.0717079840443
0.0009765625	0.725192488849	0.0720737306271
0.001953125	0.724200196082	0.0756494528282
0.00390625	0.717995803563	0.0831178303316
0.0078125	0.709192526601	0.0963870114237
0.015625	0.683002580834	0.113113864394
0.03125	0.639124169046	0.128143377657
0.0625	0.582352156637	0.140367940385
0.125	0.477824731672	0.125059240962
0.25	0.402415641928	0.103873857413
0.5	0.350834876298	0.0848585190762
1.0	0.316097675612	0.0771174912768
2.0	0.293819989574	0.0760922843602
4.0	0.287324699268	0.0803452533419
8.0	0.264576500611	0.0682448890928
16.0	0.234103990526	0.0669331345742
32.0	0.225796781059	0.0587937367804
64.0	0.243076113658	0.103557641375
128.0	0.228197919851	0.0707684288485


  ads      ftst            C        f1      f1std
-----  --------  -----------  --------  ---------
    0  0.766563  0.0078125    0.614145  0.0705525
  200  0.780563  0.00390625   0.620995  0.0621215
  400  0.777197  0.000976562  0.659567  0.104773
  800  0.77872   0.000488281  0.690119  0.0882309
 1600  0.781181  0.000488281  0.731658  0.0831515
 3200  0.793016  0.000976562  0.729232  0.0527082
 6400  0.805269  0.00195312   0.747608  0.0453395
    0  0.74733   0.0078125    0.614145  0.0705525
  200  0.755695  0.00195312   0.658936  0.0895915
  400  0.762016  0.00195312   0.676107  0.0971277
  800  0.766699  0.000488281  0.711746  0.0943367
 1600  0.775346  0.000976562  0.724606  0.0951551
 3200  0.77631   0.00195312   0.7358    0.0638785
 6400  0.780964  0.00195312   0.751861  0.0425148
    0  0.722582  0.0078125    0.614145  0.0705525
  200  0.704766  0.000976562  0.677042  0.103398
  400  0.711395  0.00195312   0.703902  0.111736
  800  0.711174  0.000976562  0.720396  0.1047
 1600  0.711789  0.000488281  0.726116  0.071708
          C    kerngamma    percentile  embs              n_fold    kerncoef0    cweights    e_context  clf    kerntype      kerndegree  feats
-----------  -----------  ------------  --------------  --------  -----------  ----------  -----------  -----  ----------  ------------  -------
0.000488281            1            20  ['s50', 'g50']         5            1           1            0  svm    lin                    1  psn
9.53674316406e-07	0.555192543866	0.0753768723202
1.90734863281e-06	0.584814715498	0.0812440960824
3.81469726562e-06	0.62687270328	0.0817794226298
7.62939453125e-06	0.660902005989	0.0730094625895
1.52587890625e-05	0.691965640351	0.0602763207958
3.0517578125e-05	0.708570638688	0.0537956250633
6.103515625e-05	0.717427469307	0.0530009567813
0.0001220703125	0.725856107827	0.0471964971824
0.000244140625	0.731054662136	0.046445753646
0.00048828125	0.731687023947	0.0466901325059
0.0009765625	0.733753050597	0.0489733577839
0.001953125	0.733365449412	0.050964882142
0.00390625	0.730743136576	0.0549301563021
0.0078125	0.718603151196	0.0637894029255
0.015625	0.702241935095	0.074584939585
0.03125	0.666609419296	0.093475846498
0.0625	0.599495319129	0.101945173644
0.125	0.510674359461	0.101669022598
0.25	0.41222886885	0.0880250805763
0.5	0.369109270123	0.0784624811329
1.0	0.337865936392	0.0651574895513
2.0	0.322898722988	0.0700987812198
4.0	0.296546147444	0.0668430353372
8.0	0.26029339659	0.0601099181848
16.0	0.234729290429	0.0585625898322
32.0	0.213443905694	0.0552659936803
64.0	0.195445402246	0.0372142300503
128.0	0.209480396614	0.0657984607725


  ads      ftst            C        f1      f1std
-----  --------  -----------  --------  ---------
    0  0.766563  0.0078125    0.614145  0.0705525
  200  0.780563  0.00390625   0.620995  0.0621215
  400  0.777197  0.000976562  0.659567  0.104773
  800  0.77872   0.000488281  0.690119  0.0882309
 1600  0.781181  0.000488281  0.731658  0.0831515
 3200  0.793016  0.000976562  0.729232  0.0527082
 6400  0.805269  0.00195312   0.747608  0.0453395
    0  0.74733   0.0078125    0.614145  0.0705525
  200  0.755695  0.00195312   0.658936  0.0895915
  400  0.762016  0.00195312   0.676107  0.0971277
  800  0.766699  0.000488281  0.711746  0.0943367
 1600  0.775346  0.000976562  0.724606  0.0951551
 3200  0.77631   0.00195312   0.7358    0.0638785
 6400  0.780964  0.00195312   0.751861  0.0425148
    0  0.722582  0.0078125    0.614145  0.0705525
  200  0.704766  0.000976562  0.677042  0.103398
  400  0.711395  0.00195312   0.703902  0.111736
  800  0.711174  0.000976562  0.720396  0.1047
 1600  0.711789  0.000488281  0.726116  0.071708
 3200  0.713136  0.000976562  0.733753  0.0489734
          C    kerngamma    percentile  embs              n_fold    kerncoef0    cweights    e_context  clf    kerntype      kerndegree  feats
-----------  -----------  ------------  --------------  --------  -----------  ----------  -----------  -----  ----------  ------------  -------
0.000976562            1            20  ['s50', 'g50']         5            1           1            0  svm    lin                    1  psn
9.53674316406e-07	0.59629277308	0.0598027419975
1.90734863281e-06	0.630228159932	0.0599353152246
3.81469726562e-06	0.672237142981	0.055446914074
7.62939453125e-06	0.700842358216	0.0531458268146
1.52587890625e-05	0.723960671677	0.0488821690056
3.0517578125e-05	0.735353040512	0.0452071422223
6.103515625e-05	0.743183380526	0.0448578038101
0.0001220703125	0.747317891978	0.0432709868966
0.000244140625	0.749221665158	0.0410840474409
0.00048828125	0.753607471722	0.0418007376257
0.0009765625	0.756173299621	0.042495771441
0.001953125	0.756225483232	0.0417550053466
0.00390625	0.755393470099	0.0447393172976
0.0078125	0.749369457203	0.0489740314472
0.015625	0.73469531939	0.0562748347021
0.03125	0.705375509776	0.0667524546789
0.0625	0.662247022538	0.0697788054174
0.125	0.614623679154	0.0748151529967
0.25	0.559602020998	0.0749161100772
0.5	0.519972472181	0.0704834154241
1.0	0.485465667621	0.0635580832177
2.0	0.446395938235	0.0557598719401
4.0	0.403887327375	0.0616801644314
8.0	0.346269791701	0.0368800242362
16.0	0.318798042622	0.0299825152393
32.0	0.300062567869	0.0649681186763
64.0	0.261523570757	0.0547063586367
128.0	0.25461438686	0.0492085436561


  ads      ftst            C        f1      f1std
-----  --------  -----------  --------  ---------
    0  0.766563  0.0078125    0.614145  0.0705525
  200  0.780563  0.00390625   0.620995  0.0621215
  400  0.777197  0.000976562  0.659567  0.104773
  800  0.77872   0.000488281  0.690119  0.0882309
 1600  0.781181  0.000488281  0.731658  0.0831515
 3200  0.793016  0.000976562  0.729232  0.0527082
 6400  0.805269  0.00195312   0.747608  0.0453395
    0  0.74733   0.0078125    0.614145  0.0705525
  200  0.755695  0.00195312   0.658936  0.0895915
  400  0.762016  0.00195312   0.676107  0.0971277
  800  0.766699  0.000488281  0.711746  0.0943367
 1600  0.775346  0.000976562  0.724606  0.0951551
 3200  0.77631   0.00195312   0.7358    0.0638785
 6400  0.780964  0.00195312   0.751861  0.0425148
    0  0.722582  0.0078125    0.614145  0.0705525
  200  0.704766  0.000976562  0.677042  0.103398
  400  0.711395  0.00195312   0.703902  0.111736
  800  0.711174  0.000976562  0.720396  0.1047
 1600  0.711789  0.000488281  0.726116  0.071708
 3200  0.713136  0.000976562  0.733753  0.0489734
 6400  0.716097  0.00195312   0.756225  0.041755
         C    kerngamma    percentile  embs              n_fold    kerncoef0    cweights    e_context  clf    kerntype      kerndegree  feats
----------  -----------  ------------  --------------  --------  -----------  ----------  -----------  -----  ----------  ------------  -------
0.00195312            1            20  ['s50', 'g50']         5            1           1            0  svm    lin                    1  psn
9.53674316406e-07	0.287681082595	0.0482884553873
1.90734863281e-06	0.28766455238	0.048307273526
3.81469726562e-06	0.298639842113	0.055292746573
7.62939453125e-06	0.308448350747	0.0606820527142
1.52587890625e-05	0.33604284449	0.0625512597121
3.0517578125e-05	0.381289978449	0.0659540861066
6.103515625e-05	0.432554823236	0.0741411039832
0.0001220703125	0.505094800197	0.0773767461063
0.000244140625	0.544544302658	0.0761207211113
0.00048828125	0.570936173465	0.0714952149725
0.0009765625	0.592206056289	0.0689393859351
0.001953125	0.611063479966	0.0677384940345
0.00390625	0.61369891795	0.0659136495531
0.0078125	0.614145142653	0.0705525409284
0.015625	0.613096929653	0.0616325177201
0.03125	0.593144034921	0.0594753295199
0.0625	0.568437390187	0.0675056105465
0.125	0.523459982216	0.0694262843513
0.25	0.463988626997	0.0428858041965
0.5	0.408331713254	0.0358251908379
1.0	0.372118567948	0.0339178587337
2.0	0.337703604051	0.0328841276544
4.0	0.323987409578	0.0404757141666
8.0	0.308384816126	0.0535597198977
16.0	0.310270506546	0.0733359128715
32.0	0.285760614489	0.0518624814482
64.0	0.269529041619	0.0724775455029
128.0	0.26567135197	0.109837303708


  ads      ftst            C        f1      f1std
-----  --------  -----------  --------  ---------
    0  0.766563  0.0078125    0.614145  0.0705525
  200  0.780563  0.00390625   0.620995  0.0621215
  400  0.777197  0.000976562  0.659567  0.104773
  800  0.77872   0.000488281  0.690119  0.0882309
 1600  0.781181  0.000488281  0.731658  0.0831515
 3200  0.793016  0.000976562  0.729232  0.0527082
 6400  0.805269  0.00195312   0.747608  0.0453395
    0  0.74733   0.0078125    0.614145  0.0705525
  200  0.755695  0.00195312   0.658936  0.0895915
  400  0.762016  0.00195312   0.676107  0.0971277
  800  0.766699  0.000488281  0.711746  0.0943367
 1600  0.775346  0.000976562  0.724606  0.0951551
 3200  0.77631   0.00195312   0.7358    0.0638785
 6400  0.780964  0.00195312   0.751861  0.0425148
    0  0.722582  0.0078125    0.614145  0.0705525
  200  0.704766  0.000976562  0.677042  0.103398
  400  0.711395  0.00195312   0.703902  0.111736
  800  0.711174  0.000976562  0.720396  0.1047
 1600  0.711789  0.000488281  0.726116  0.071708
 3200  0.713136  0.000976562  0.733753  0.0489734
 6400  0.716097  0.00195312   0.756225  0.041755
    0  0.745632  0.0078125    0.614145  0.0705525
        C    kerngamma    percentile  embs              n_fold    kerncoef0    cweights    e_context  clf    kerntype      kerndegree  feats
---------  -----------  ------------  --------------  --------  -----------  ----------  -----------  -----  ----------  ------------  -------
0.0078125            1            20  ['s50', 'g50']         5            1           1            0  svm    lin                    1  psn
9.53674316406e-07	0.476177916633	0.219657136009
1.90734863281e-06	0.481122338692	0.21554209853
3.81469726562e-06	0.495652885734	0.214182995988
7.62939453125e-06	0.515346281282	0.209021469163
1.52587890625e-05	0.533706197871	0.189575385921
3.0517578125e-05	0.580368295446	0.167622862858
6.103515625e-05	0.622807049312	0.156807473453
0.0001220703125	0.641927949451	0.13426474236
0.000244140625	0.651495813031	0.125719233192
0.00048828125	0.671071628967	0.115232602279
0.0009765625	0.677728618065	0.114512538609
0.001953125	0.680339811783	0.114823768088
0.00390625	0.677464981285	0.114738091386
0.0078125	0.668654455824	0.126810415634
0.015625	0.668374993482	0.141608874984
0.03125	0.633509461126	0.178599259017
0.0625	0.577654599932	0.203104302946
0.125	0.52000349577	0.236822629496
0.25	0.417215149272	0.190446385891
0.5	0.302859716696	0.112111718131
1.0	0.261051106999	0.0720029872923
2.0	0.248870375479	0.0745159477702
4.0	0.232162686997	0.0773737305876
8.0	0.220027764902	0.0851669351932
16.0	0.19548403632	0.0596718107355
32.0	0.23369544963	0.0968003174643
64.0	0.186206272514	0.0836909577087
128.0	0.166713229258	0.0392814770475


  ads      ftst            C        f1      f1std
-----  --------  -----------  --------  ---------
    0  0.766563  0.0078125    0.614145  0.0705525
  200  0.780563  0.00390625   0.620995  0.0621215
  400  0.777197  0.000976562  0.659567  0.104773
  800  0.77872   0.000488281  0.690119  0.0882309
 1600  0.781181  0.000488281  0.731658  0.0831515
 3200  0.793016  0.000976562  0.729232  0.0527082
 6400  0.805269  0.00195312   0.747608  0.0453395
    0  0.74733   0.0078125    0.614145  0.0705525
  200  0.755695  0.00195312   0.658936  0.0895915
  400  0.762016  0.00195312   0.676107  0.0971277
  800  0.766699  0.000488281  0.711746  0.0943367
 1600  0.775346  0.000976562  0.724606  0.0951551
 3200  0.77631   0.00195312   0.7358    0.0638785
 6400  0.780964  0.00195312   0.751861  0.0425148
    0  0.722582  0.0078125    0.614145  0.0705525
  200  0.704766  0.000976562  0.677042  0.103398
  400  0.711395  0.00195312   0.703902  0.111736
  800  0.711174  0.000976562  0.720396  0.1047
 1600  0.711789  0.000488281  0.726116  0.071708
 3200  0.713136  0.000976562  0.733753  0.0489734
 6400  0.716097  0.00195312   0.756225  0.041755
    0  0.745632  0.0078125    0.614145  0.0705525
  200  0.745993  0.00195312   0.68034   0.114824
         C    kerngamma    percentile  embs              n_fold    kerncoef0    cweights    e_context  clf    kerntype      kerndegree  feats
----------  -----------  ------------  --------------  --------  -----------  ----------  -----------  -----  ----------  ------------  -------
0.00195312            1            20  ['s50', 'g50']         5            1           1            0  svm    lin                    1  psn
9.53674316406e-07	0.506390230285	0.189179910256
1.90734863281e-06	0.508186905611	0.18670705747
3.81469726562e-06	0.521628516406	0.184719321193
7.62939453125e-06	0.542714139068	0.164769000908
1.52587890625e-05	0.569547095047	0.148837854575
3.0517578125e-05	0.609791800463	0.144799522802
6.103515625e-05	0.637953790187	0.130545649729
0.0001220703125	0.661771290889	0.123465949711
0.000244140625	0.674246226817	0.111316964109
0.00048828125	0.683260137771	0.105323681914
0.0009765625	0.686935905406	0.107052041528
0.001953125	0.691557658958	0.10600722014
0.00390625	0.683413244771	0.106496978512
0.0078125	0.680377452254	0.121263896564
0.015625	0.659193688747	0.151674866167
0.03125	0.619473256448	0.188638793756
0.0625	0.557779583046	0.201858628718
0.125	0.446673187986	0.164427759349
0.25	0.332296954252	0.125394468301
0.5	0.242446013677	0.0923910260435
1.0	0.223593587238	0.0818072282271
2.0	0.210812630537	0.0788252612098
4.0	0.179493918464	0.0800708208725
8.0	0.178165474432	0.0914306468677
16.0	0.170769425193	0.0693672337825
32.0	0.145125234909	0.0411830322294
64.0	0.148155131532	0.116812221347
128.0	0.164798364677	0.0386859544212


  ads      ftst            C        f1      f1std
-----  --------  -----------  --------  ---------
    0  0.766563  0.0078125    0.614145  0.0705525
  200  0.780563  0.00390625   0.620995  0.0621215
  400  0.777197  0.000976562  0.659567  0.104773
  800  0.77872   0.000488281  0.690119  0.0882309
 1600  0.781181  0.000488281  0.731658  0.0831515
 3200  0.793016  0.000976562  0.729232  0.0527082
 6400  0.805269  0.00195312   0.747608  0.0453395
    0  0.74733   0.0078125    0.614145  0.0705525
  200  0.755695  0.00195312   0.658936  0.0895915
  400  0.762016  0.00195312   0.676107  0.0971277
  800  0.766699  0.000488281  0.711746  0.0943367
 1600  0.775346  0.000976562  0.724606  0.0951551
 3200  0.77631   0.00195312   0.7358    0.0638785
 6400  0.780964  0.00195312   0.751861  0.0425148
    0  0.722582  0.0078125    0.614145  0.0705525
  200  0.704766  0.000976562  0.677042  0.103398
  400  0.711395  0.00195312   0.703902  0.111736
  800  0.711174  0.000976562  0.720396  0.1047
 1600  0.711789  0.000488281  0.726116  0.071708
 3200  0.713136  0.000976562  0.733753  0.0489734
 6400  0.716097  0.00195312   0.756225  0.041755
    0  0.745632  0.0078125    0.614145  0.0705525
  200  0.745993  0.00195312   0.68034   0.114824
  400  0.749525  0.00195312   0.691558  0.106007
         C    kerngamma    percentile  embs              n_fold    kerncoef0    cweights    e_context  clf    kerntype      kerndegree  feats
----------  -----------  ------------  --------------  --------  -----------  ----------  -----------  -----  ----------  ------------  -------
0.00195312            1            20  ['s50', 'g50']         5            1           1            0  svm    lin                    1  psn
9.53674316406e-07	0.539905263932	0.149033014242
1.90734863281e-06	0.550270632419	0.149067646802
3.81469726562e-06	0.558649845565	0.14567946582
7.62939453125e-06	0.585998081504	0.144907129373
1.52587890625e-05	0.621891793492	0.141239715279
3.0517578125e-05	0.653271817979	0.12278827279
6.103515625e-05	0.680713645746	0.113610144261
0.0001220703125	0.706203147574	0.120244299842
0.000244140625	0.714779577996	0.114254988747
0.00048828125	0.716020142442	0.111748257392
0.0009765625	0.715674940129	0.11334604876
0.001953125	0.712214883706	0.116708409824
0.00390625	0.712657065631	0.126722444257
0.0078125	0.704490115611	0.148507248913
0.015625	0.67699024696	0.174446111775
0.03125	0.628160125242	0.196777848832
0.0625	0.551377372863	0.196989109108
0.125	0.454232453646	0.170613075979
0.25	0.342511892659	0.122852101073
0.5	0.283899584979	0.103480054852
1.0	0.244639830844	0.0906311911264
2.0	0.221795780709	0.081289889826
4.0	0.205729520102	0.0740265462115
8.0	0.174522318635	0.0590872878825
16.0	0.177560375301	0.0715520713473
32.0	0.152878909839	0.0724694831553
64.0	0.128522226234	0.0424975617703
128.0	0.155438032259	0.0745976580471


  ads      ftst            C        f1      f1std
-----  --------  -----------  --------  ---------
    0  0.766563  0.0078125    0.614145  0.0705525
  200  0.780563  0.00390625   0.620995  0.0621215
  400  0.777197  0.000976562  0.659567  0.104773
  800  0.77872   0.000488281  0.690119  0.0882309
 1600  0.781181  0.000488281  0.731658  0.0831515
 3200  0.793016  0.000976562  0.729232  0.0527082
 6400  0.805269  0.00195312   0.747608  0.0453395
    0  0.74733   0.0078125    0.614145  0.0705525
  200  0.755695  0.00195312   0.658936  0.0895915
  400  0.762016  0.00195312   0.676107  0.0971277
  800  0.766699  0.000488281  0.711746  0.0943367
 1600  0.775346  0.000976562  0.724606  0.0951551
 3200  0.77631   0.00195312   0.7358    0.0638785
 6400  0.780964  0.00195312   0.751861  0.0425148
    0  0.722582  0.0078125    0.614145  0.0705525
  200  0.704766  0.000976562  0.677042  0.103398
  400  0.711395  0.00195312   0.703902  0.111736
  800  0.711174  0.000976562  0.720396  0.1047
 1600  0.711789  0.000488281  0.726116  0.071708
 3200  0.713136  0.000976562  0.733753  0.0489734
 6400  0.716097  0.00195312   0.756225  0.041755
    0  0.745632  0.0078125    0.614145  0.0705525
  200  0.745993  0.00195312   0.68034   0.114824
  400  0.749525  0.00195312   0.691558  0.106007
  800  0.759015  0.000488281  0.71602   0.111748
          C    kerngamma    percentile  embs              n_fold    kerncoef0    cweights    e_context  clf    kerntype      kerndegree  feats
-----------  -----------  ------------  --------------  --------  -----------  ----------  -----------  -----  ----------  ------------  -------
0.000488281            1            20  ['s50', 'g50']         5            1           1            0  svm    lin                    1  psn
9.53674316406e-07	0.539407988322	0.103939312127
1.90734863281e-06	0.554899556349	0.102385810636
3.81469726562e-06	0.575164472219	0.10327093702
7.62939453125e-06	0.609558287909	0.102473327542
1.52587890625e-05	0.645314534376	0.0934852354199
3.0517578125e-05	0.674342569769	0.0929831001808
6.103515625e-05	0.69371972504	0.0884284293784
0.0001220703125	0.699712980554	0.0858278281271
0.000244140625	0.710211903443	0.0847277676268
0.00048828125	0.714184439485	0.0768021635376
0.0009765625	0.715182001583	0.0769793763292
0.001953125	0.713804561889	0.0813590496179
0.00390625	0.710358707145	0.0829467877884
0.0078125	0.697511368853	0.102471757477
0.015625	0.67552467518	0.118395637758
0.03125	0.635177078536	0.126483931307
0.0625	0.56276118339	0.139292570724
0.125	0.457383799371	0.114990267666
0.25	0.365027266744	0.0947505343496
0.5	0.32152011644	0.0771493707223
1.0	0.29366877366	0.0730557009567
2.0	0.284045879101	0.0712115230928
4.0	0.268615241707	0.0761503656137
8.0	0.24586966188	0.0764482335147
16.0	0.215595687828	0.0764224697098
32.0	0.2102707851	0.0653294674037
64.0	0.184772577801	0.0719352232599
128.0	0.173724596004	0.0534960669615


  ads      ftst            C        f1      f1std
-----  --------  -----------  --------  ---------
    0  0.766563  0.0078125    0.614145  0.0705525
  200  0.780563  0.00390625   0.620995  0.0621215
  400  0.777197  0.000976562  0.659567  0.104773
  800  0.77872   0.000488281  0.690119  0.0882309
 1600  0.781181  0.000488281  0.731658  0.0831515
 3200  0.793016  0.000976562  0.729232  0.0527082
 6400  0.805269  0.00195312   0.747608  0.0453395
    0  0.74733   0.0078125    0.614145  0.0705525
  200  0.755695  0.00195312   0.658936  0.0895915
  400  0.762016  0.00195312   0.676107  0.0971277
  800  0.766699  0.000488281  0.711746  0.0943367
 1600  0.775346  0.000976562  0.724606  0.0951551
 3200  0.77631   0.00195312   0.7358    0.0638785
 6400  0.780964  0.00195312   0.751861  0.0425148
    0  0.722582  0.0078125    0.614145  0.0705525
  200  0.704766  0.000976562  0.677042  0.103398
  400  0.711395  0.00195312   0.703902  0.111736
  800  0.711174  0.000976562  0.720396  0.1047
 1600  0.711789  0.000488281  0.726116  0.071708
 3200  0.713136  0.000976562  0.733753  0.0489734
 6400  0.716097  0.00195312   0.756225  0.041755
    0  0.745632  0.0078125    0.614145  0.0705525
  200  0.745993  0.00195312   0.68034   0.114824
  400  0.749525  0.00195312   0.691558  0.106007
  800  0.759015  0.000488281  0.71602   0.111748
 1600  0.759202  0.000976562  0.715182  0.0769794
          C    kerngamma    percentile  embs              n_fold    kerncoef0    cweights    e_context  clf    kerntype      kerndegree  feats
-----------  -----------  ------------  --------------  --------  -----------  ----------  -----------  -----  ----------  ------------  -------
0.000976562            1            20  ['s50', 'g50']         5            1           1            0  svm    lin                    1  psn
9.53674316406e-07	0.56931447619	0.0907391914285
1.90734863281e-06	0.58394411808	0.0890541895255
3.81469726562e-06	0.612609941062	0.0876220051758
7.62939453125e-06	0.651634924264	0.0793445899101
1.52587890625e-05	0.688623210085	0.0830047117719
3.0517578125e-05	0.7152328714	0.0796279187873
6.103515625e-05	0.726357844323	0.0724529183805
0.0001220703125	0.731502012917	0.0703990165464
0.000244140625	0.736757198474	0.0699472118877
0.00048828125	0.740466025063	0.0692636513535
0.0009765625	0.743126604286	0.0680322120562
0.001953125	0.741893114291	0.0695153736177
0.00390625	0.738659553186	0.0764942557277
0.0078125	0.730336635386	0.0851282804703
0.015625	0.708114115663	0.0911909107067
0.03125	0.667901894806	0.104680083049
0.0625	0.602968153269	0.118082605686
0.125	0.52424271642	0.115313628715
0.25	0.45888921135	0.110776321626
0.5	0.40278754163	0.0976353129192
1.0	0.373171530896	0.0960914265813
2.0	0.352590237937	0.0997300493287
4.0	0.323340280793	0.0911414015495
8.0	0.295769647856	0.0956720629105
16.0	0.265054131884	0.0940973582145
32.0	0.241163132905	0.0663073879152
64.0	0.222783258453	0.0752280870678
128.0	0.199941609189	0.0629255290302


  ads      ftst            C        f1      f1std
-----  --------  -----------  --------  ---------
    0  0.766563  0.0078125    0.614145  0.0705525
  200  0.780563  0.00390625   0.620995  0.0621215
  400  0.777197  0.000976562  0.659567  0.104773
  800  0.77872   0.000488281  0.690119  0.0882309
 1600  0.781181  0.000488281  0.731658  0.0831515
 3200  0.793016  0.000976562  0.729232  0.0527082
 6400  0.805269  0.00195312   0.747608  0.0453395
    0  0.74733   0.0078125    0.614145  0.0705525
  200  0.755695  0.00195312   0.658936  0.0895915
  400  0.762016  0.00195312   0.676107  0.0971277
  800  0.766699  0.000488281  0.711746  0.0943367
 1600  0.775346  0.000976562  0.724606  0.0951551
 3200  0.77631   0.00195312   0.7358    0.0638785
 6400  0.780964  0.00195312   0.751861  0.0425148
    0  0.722582  0.0078125    0.614145  0.0705525
  200  0.704766  0.000976562  0.677042  0.103398
  400  0.711395  0.00195312   0.703902  0.111736
  800  0.711174  0.000976562  0.720396  0.1047
 1600  0.711789  0.000488281  0.726116  0.071708
 3200  0.713136  0.000976562  0.733753  0.0489734
 6400  0.716097  0.00195312   0.756225  0.041755
    0  0.745632  0.0078125    0.614145  0.0705525
  200  0.745993  0.00195312   0.68034   0.114824
  400  0.749525  0.00195312   0.691558  0.106007
  800  0.759015  0.000488281  0.71602   0.111748
 1600  0.759202  0.000976562  0.715182  0.0769794
 3200  0.764305  0.000976562  0.743127  0.0680322
          C    kerngamma    percentile  embs              n_fold    kerncoef0    cweights    e_context  clf    kerntype      kerndegree  feats
-----------  -----------  ------------  --------------  --------  -----------  ----------  -----------  -----  ----------  ------------  -------
0.000976562            1            20  ['s50', 'g50']         5            1           1            0  svm    lin                    1  psn
9.53674316406e-07	0.588618229093	0.0594805837819
1.90734863281e-06	0.62043161567	0.0618335000252
3.81469726562e-06	0.659765370031	0.0609148556785
7.62939453125e-06	0.692378285967	0.0580108382517
1.52587890625e-05	0.719341448196	0.0500602530942
3.0517578125e-05	0.731896659551	0.0473387665148
6.103515625e-05	0.739844969669	0.0435111810514
0.0001220703125	0.744097632127	0.0413001636997
0.000244140625	0.747592919538	0.0410514880198
0.00048828125	0.748714634265	0.041425620167
0.0009765625	0.750706012817	0.0410250344862
0.001953125	0.751144794234	0.0397049855286
0.00390625	0.75166783251	0.0434525210747
0.0078125	0.743602252824	0.0491953494633
0.015625	0.732212692202	0.0565401411372
0.03125	0.706003475747	0.0637800411906
0.0625	0.663016179942	0.0702766161078
0.125	0.61387153941	0.0724646958261
0.25	0.564370426799	0.0682206169383
0.5	0.523441998434	0.068246087665
1.0	0.495384020828	0.0668817944837
2.0	0.454198745655	0.0657324640858
4.0	0.405937159485	0.0664119438399
8.0	0.3675048938	0.0601897170144
16.0	0.338442254512	0.0374958194729
32.0	0.293765713573	0.0546059169536
64.0	0.262999518565	0.065348113356
128.0	0.245759742604	0.0345982864396


  ads      ftst            C        f1      f1std
-----  --------  -----------  --------  ---------
    0  0.766563  0.0078125    0.614145  0.0705525
  200  0.780563  0.00390625   0.620995  0.0621215
  400  0.777197  0.000976562  0.659567  0.104773
  800  0.77872   0.000488281  0.690119  0.0882309
 1600  0.781181  0.000488281  0.731658  0.0831515
 3200  0.793016  0.000976562  0.729232  0.0527082
 6400  0.805269  0.00195312   0.747608  0.0453395
    0  0.74733   0.0078125    0.614145  0.0705525
  200  0.755695  0.00195312   0.658936  0.0895915
  400  0.762016  0.00195312   0.676107  0.0971277
  800  0.766699  0.000488281  0.711746  0.0943367
 1600  0.775346  0.000976562  0.724606  0.0951551
 3200  0.77631   0.00195312   0.7358    0.0638785
 6400  0.780964  0.00195312   0.751861  0.0425148
    0  0.722582  0.0078125    0.614145  0.0705525
  200  0.704766  0.000976562  0.677042  0.103398
  400  0.711395  0.00195312   0.703902  0.111736
  800  0.711174  0.000976562  0.720396  0.1047
 1600  0.711789  0.000488281  0.726116  0.071708
 3200  0.713136  0.000976562  0.733753  0.0489734
 6400  0.716097  0.00195312   0.756225  0.041755
    0  0.745632  0.0078125    0.614145  0.0705525
  200  0.745993  0.00195312   0.68034   0.114824
  400  0.749525  0.00195312   0.691558  0.106007
  800  0.759015  0.000488281  0.71602   0.111748
 1600  0.759202  0.000976562  0.715182  0.0769794
 3200  0.764305  0.000976562  0.743127  0.0680322
 6400  0.75459   0.00390625   0.751668  0.0434525
         C    kerngamma    percentile  embs              n_fold    kerncoef0    cweights    e_context  clf    kerntype      kerndegree  feats
----------  -----------  ------------  --------------  --------  -----------  ----------  -----------  -----  ----------  ------------  -------
0.00390625            1            20  ['s50', 'g50']         5            1           1            0  svm    lin                    1  psn
9.53674316406e-07	0.287681082595	0.0482884553873
1.90734863281e-06	0.28766455238	0.048307273526
3.81469726562e-06	0.298639842113	0.055292746573
7.62939453125e-06	0.308448350747	0.0606820527142
1.52587890625e-05	0.33604284449	0.0625512597121
3.0517578125e-05	0.381289978449	0.0659540861066
6.103515625e-05	0.432554823236	0.0741411039832
0.0001220703125	0.505094800197	0.0773767461063
0.000244140625	0.544544302658	0.0761207211113
0.00048828125	0.570936173465	0.0714952149725
0.0009765625	0.592206056289	0.0689393859351
0.001953125	0.611063479966	0.0677384940345
0.00390625	0.61369891795	0.0659136495531
0.0078125	0.614145142653	0.0705525409284
0.015625	0.613096929653	0.0616325177201
0.03125	0.593144034921	0.0594753295199
0.0625	0.568437390187	0.0675056105465
0.125	0.523459982216	0.0694262843513
0.25	0.463988626997	0.0428858041965
0.5	0.408331713254	0.0358251908379
1.0	0.372118567948	0.0339178587337
2.0	0.337703604051	0.0328841276544
4.0	0.323987409578	0.0404757141666
8.0	0.308384816126	0.0535597198977
16.0	0.310270506546	0.0733359128715
32.0	0.285760614489	0.0518624814482
64.0	0.269529041619	0.0724775455029
128.0	0.26567135197	0.109837303708


  ads      ftst            C        f1      f1std
-----  --------  -----------  --------  ---------
    0  0.766563  0.0078125    0.614145  0.0705525
  200  0.780563  0.00390625   0.620995  0.0621215
  400  0.777197  0.000976562  0.659567  0.104773
  800  0.77872   0.000488281  0.690119  0.0882309
 1600  0.781181  0.000488281  0.731658  0.0831515
 3200  0.793016  0.000976562  0.729232  0.0527082
 6400  0.805269  0.00195312   0.747608  0.0453395
    0  0.74733   0.0078125    0.614145  0.0705525
  200  0.755695  0.00195312   0.658936  0.0895915
  400  0.762016  0.00195312   0.676107  0.0971277
  800  0.766699  0.000488281  0.711746  0.0943367
 1600  0.775346  0.000976562  0.724606  0.0951551
 3200  0.77631   0.00195312   0.7358    0.0638785
 6400  0.780964  0.00195312   0.751861  0.0425148
    0  0.722582  0.0078125    0.614145  0.0705525
  200  0.704766  0.000976562  0.677042  0.103398
  400  0.711395  0.00195312   0.703902  0.111736
  800  0.711174  0.000976562  0.720396  0.1047
 1600  0.711789  0.000488281  0.726116  0.071708
 3200  0.713136  0.000976562  0.733753  0.0489734
 6400  0.716097  0.00195312   0.756225  0.041755
    0  0.745632  0.0078125    0.614145  0.0705525
  200  0.745993  0.00195312   0.68034   0.114824
  400  0.749525  0.00195312   0.691558  0.106007
  800  0.759015  0.000488281  0.71602   0.111748
 1600  0.759202  0.000976562  0.715182  0.0769794
 3200  0.764305  0.000976562  0.743127  0.0680322
 6400  0.75459   0.00390625   0.751668  0.0434525
    0  0.743264  0.0078125    0.614145  0.0705525
        C    kerngamma    percentile  embs              n_fold    kerncoef0    cweights    e_context  clf    kerntype      kerndegree  feats
---------  -----------  ------------  --------------  --------  -----------  ----------  -----------  -----  ----------  ------------  -------
0.0078125            1            20  ['s50', 'g50']         5            1           1            0  svm    lin                    1  psn
9.53674316406e-07	0.358675259857	0.088073584689
1.90734863281e-06	0.361045501849	0.0868315101384
3.81469726562e-06	0.372791851324	0.076480280895
7.62939453125e-06	0.391283974196	0.0737369633078
1.52587890625e-05	0.42118708304	0.0755315783916
3.0517578125e-05	0.515386686305	0.0810105284836
6.103515625e-05	0.575843793431	0.0927916365471
0.0001220703125	0.6146677256	0.0950353055297
0.000244140625	0.628248067947	0.0843458405402
0.00048828125	0.642655231636	0.0849608128495
0.0009765625	0.646226009263	0.0785718727391
0.001953125	0.651179086543	0.0823899269519
0.00390625	0.640927355232	0.0693165531309
0.0078125	0.632825220488	0.073454333147
0.015625	0.609397086916	0.0783160333337
0.03125	0.581048119113	0.113450360191
0.0625	0.499625843168	0.122338747339
0.125	0.430687266315	0.118690158895
0.25	0.336033883619	0.100814325736
0.5	0.277535788563	0.0810234117907
1.0	0.247809154061	0.0760136057167
2.0	0.234518235311	0.0712645143509
4.0	0.206570992376	0.0776180192866
8.0	0.177167727384	0.0820011800397
16.0	0.193774011755	0.0793807099388
32.0	0.156200004779	0.046231319614
64.0	0.130463794914	0.0690851322222
128.0	0.194163084789	0.0770369157023


  ads      ftst            C        f1      f1std
-----  --------  -----------  --------  ---------
    0  0.766563  0.0078125    0.614145  0.0705525
  200  0.780563  0.00390625   0.620995  0.0621215
  400  0.777197  0.000976562  0.659567  0.104773
  800  0.77872   0.000488281  0.690119  0.0882309
 1600  0.781181  0.000488281  0.731658  0.0831515
 3200  0.793016  0.000976562  0.729232  0.0527082
 6400  0.805269  0.00195312   0.747608  0.0453395
    0  0.74733   0.0078125    0.614145  0.0705525
  200  0.755695  0.00195312   0.658936  0.0895915
  400  0.762016  0.00195312   0.676107  0.0971277
  800  0.766699  0.000488281  0.711746  0.0943367
 1600  0.775346  0.000976562  0.724606  0.0951551
 3200  0.77631   0.00195312   0.7358    0.0638785
 6400  0.780964  0.00195312   0.751861  0.0425148
    0  0.722582  0.0078125    0.614145  0.0705525
  200  0.704766  0.000976562  0.677042  0.103398
  400  0.711395  0.00195312   0.703902  0.111736
  800  0.711174  0.000976562  0.720396  0.1047
 1600  0.711789  0.000488281  0.726116  0.071708
 3200  0.713136  0.000976562  0.733753  0.0489734
 6400  0.716097  0.00195312   0.756225  0.041755
    0  0.745632  0.0078125    0.614145  0.0705525
  200  0.745993  0.00195312   0.68034   0.114824
  400  0.749525  0.00195312   0.691558  0.106007
  800  0.759015  0.000488281  0.71602   0.111748
 1600  0.759202  0.000976562  0.715182  0.0769794
 3200  0.764305  0.000976562  0.743127  0.0680322
 6400  0.75459   0.00390625   0.751668  0.0434525
    0  0.743264  0.0078125    0.614145  0.0705525
  200  0.750614  0.00195312   0.651179  0.0823899
         C    kerngamma    percentile  embs              n_fold    kerncoef0    cweights    e_context  clf    kerntype      kerndegree  feats
----------  -----------  ------------  --------------  --------  -----------  ----------  -----------  -----  ----------  ------------  -------
0.00195312            1            20  ['s50', 'g50']         5            1           1            0  svm    lin                    1  psn
9.53674316406e-07	0.440305658289	0.118997894012
1.90734863281e-06	0.445770966181	0.111822618228
3.81469726562e-06	0.479796974325	0.128741745159
7.62939453125e-06	0.507665155498	0.122729276099
1.52587890625e-05	0.537882390121	0.11534937256
3.0517578125e-05	0.6101836435	0.12757180374
6.103515625e-05	0.642699704605	0.123251432927
0.0001220703125	0.666764913929	0.110671647508
0.000244140625	0.675101046379	0.101595243857
0.00048828125	0.681506237869	0.0952111236828
0.0009765625	0.685418741843	0.0954828091169
0.001953125	0.683325447706	0.0945547934518
0.00390625	0.683465544235	0.098230531897
0.0078125	0.666028479463	0.108094317075
0.015625	0.642050044046	0.129833298513
0.03125	0.592497087807	0.141484578347
0.0625	0.480500240642	0.134352517334
0.125	0.416024267746	0.141190348725
0.25	0.320991570941	0.0981147207168
0.5	0.260575487256	0.071751742698
1.0	0.235160012878	0.0500858904917
2.0	0.209848069585	0.050028001756
4.0	0.205029765769	0.0421935633514
8.0	0.184564675724	0.0485442078362
16.0	0.163717953352	0.037871744595
32.0	0.157767183403	0.0466937914297
64.0	0.162394523985	0.0671471299977
128.0	0.146355786557	0.040827993219


  ads      ftst            C        f1      f1std
-----  --------  -----------  --------  ---------
    0  0.766563  0.0078125    0.614145  0.0705525
  200  0.780563  0.00390625   0.620995  0.0621215
  400  0.777197  0.000976562  0.659567  0.104773
  800  0.77872   0.000488281  0.690119  0.0882309
 1600  0.781181  0.000488281  0.731658  0.0831515
 3200  0.793016  0.000976562  0.729232  0.0527082
 6400  0.805269  0.00195312   0.747608  0.0453395
    0  0.74733   0.0078125    0.614145  0.0705525
  200  0.755695  0.00195312   0.658936  0.0895915
  400  0.762016  0.00195312   0.676107  0.0971277
  800  0.766699  0.000488281  0.711746  0.0943367
 1600  0.775346  0.000976562  0.724606  0.0951551
 3200  0.77631   0.00195312   0.7358    0.0638785
 6400  0.780964  0.00195312   0.751861  0.0425148
    0  0.722582  0.0078125    0.614145  0.0705525
  200  0.704766  0.000976562  0.677042  0.103398
  400  0.711395  0.00195312   0.703902  0.111736
  800  0.711174  0.000976562  0.720396  0.1047
 1600  0.711789  0.000488281  0.726116  0.071708
 3200  0.713136  0.000976562  0.733753  0.0489734
 6400  0.716097  0.00195312   0.756225  0.041755
    0  0.745632  0.0078125    0.614145  0.0705525
  200  0.745993  0.00195312   0.68034   0.114824
  400  0.749525  0.00195312   0.691558  0.106007
  800  0.759015  0.000488281  0.71602   0.111748
 1600  0.759202  0.000976562  0.715182  0.0769794
 3200  0.764305  0.000976562  0.743127  0.0680322
 6400  0.75459   0.00390625   0.751668  0.0434525
    0  0.743264  0.0078125    0.614145  0.0705525
  200  0.750614  0.00195312   0.651179  0.0823899
  400  0.756065  0.000976562  0.685419  0.0954828
          C    kerngamma    percentile  embs              n_fold    kerncoef0    cweights    e_context  clf    kerntype      kerndegree  feats
-----------  -----------  ------------  --------------  --------  -----------  ----------  -----------  -----  ----------  ------------  -------
0.000976562            1            20  ['s50', 'g50']         5            1           1            0  svm    lin                    1  psn
9.53674316406e-07	0.511138678912	0.122295221958
1.90734863281e-06	0.52836010227	0.121965883886
3.81469726562e-06	0.554345698087	0.125679744551
7.62939453125e-06	0.585363911632	0.12732410908
1.52587890625e-05	0.633645009695	0.128171731284
3.0517578125e-05	0.67356681934	0.12098973457
6.103515625e-05	0.700164801676	0.114333601021
0.0001220703125	0.706547956778	0.0992061330219
0.000244140625	0.721396426219	0.0956606313894
0.00048828125	0.718763254252	0.0893617306405
0.0009765625	0.71307070868	0.0862546946995
0.001953125	0.711176757046	0.0944085941803
0.00390625	0.707391398375	0.104636631534
0.0078125	0.695309218935	0.122485644425
0.015625	0.666293940945	0.143815701883
0.03125	0.633254369477	0.156926437314
0.0625	0.52406329328	0.144984382085
0.125	0.408024838238	0.130394971477
0.25	0.315333102722	0.0992512714863
0.5	0.271110616619	0.0801490186497
1.0	0.25072145656	0.0777190933939
2.0	0.257330415422	0.0837725854179
4.0	0.228679219132	0.0769096097619
8.0	0.215359774408	0.0663549439619
16.0	0.189505357784	0.0663058661024
32.0	0.17880801396	0.0716680887674
64.0	0.193332753831	0.0844009032243
128.0	0.202982533859	0.0835584758821


  ads      ftst            C        f1      f1std
-----  --------  -----------  --------  ---------
    0  0.766563  0.0078125    0.614145  0.0705525
  200  0.780563  0.00390625   0.620995  0.0621215
  400  0.777197  0.000976562  0.659567  0.104773
  800  0.77872   0.000488281  0.690119  0.0882309
 1600  0.781181  0.000488281  0.731658  0.0831515
 3200  0.793016  0.000976562  0.729232  0.0527082
 6400  0.805269  0.00195312   0.747608  0.0453395
    0  0.74733   0.0078125    0.614145  0.0705525
  200  0.755695  0.00195312   0.658936  0.0895915
  400  0.762016  0.00195312   0.676107  0.0971277
  800  0.766699  0.000488281  0.711746  0.0943367
 1600  0.775346  0.000976562  0.724606  0.0951551
 3200  0.77631   0.00195312   0.7358    0.0638785
 6400  0.780964  0.00195312   0.751861  0.0425148
    0  0.722582  0.0078125    0.614145  0.0705525
  200  0.704766  0.000976562  0.677042  0.103398
  400  0.711395  0.00195312   0.703902  0.111736
  800  0.711174  0.000976562  0.720396  0.1047
 1600  0.711789  0.000488281  0.726116  0.071708
 3200  0.713136  0.000976562  0.733753  0.0489734
 6400  0.716097  0.00195312   0.756225  0.041755
    0  0.745632  0.0078125    0.614145  0.0705525
  200  0.745993  0.00195312   0.68034   0.114824
  400  0.749525  0.00195312   0.691558  0.106007
  800  0.759015  0.000488281  0.71602   0.111748
 1600  0.759202  0.000976562  0.715182  0.0769794
 3200  0.764305  0.000976562  0.743127  0.0680322
 6400  0.75459   0.00390625   0.751668  0.0434525
    0  0.743264  0.0078125    0.614145  0.0705525
  200  0.750614  0.00195312   0.651179  0.0823899
  400  0.756065  0.000976562  0.685419  0.0954828
  800  0.762329  0.000244141  0.721396  0.0956606
          C    kerngamma    percentile  embs              n_fold    kerncoef0    cweights    e_context  clf    kerntype      kerndegree  feats
-----------  -----------  ------------  --------------  --------  -----------  ----------  -----------  -----  ----------  ------------  -------
0.000244141            1            20  ['s50', 'g50']         5            1           1            0  svm    lin                    1  psn
9.53674316406e-07	0.539234553343	0.111083021151
1.90734863281e-06	0.560179324648	0.114264622296
3.81469726562e-06	0.583370591472	0.117674403509
7.62939453125e-06	0.633354649944	0.113347569513
1.52587890625e-05	0.673401465934	0.11250734481
3.0517578125e-05	0.701787279586	0.103425505659
6.103515625e-05	0.722199826639	0.0980876196384
0.0001220703125	0.727345079569	0.0926297390251
0.000244140625	0.730414116095	0.0902223278427
0.00048828125	0.728139581397	0.0870340914321
0.0009765625	0.727123391831	0.0904684529528
0.001953125	0.727091270221	0.0955885676643
0.00390625	0.721246919529	0.0982248928923
0.0078125	0.711801603138	0.108889641407
0.015625	0.689020965219	0.125517784941
0.03125	0.643428226812	0.139508535533
0.0625	0.559202454561	0.135109212772
0.125	0.434721420885	0.103103079667
0.25	0.352420714059	0.0781164683383
0.5	0.312967638671	0.0785923735131
1.0	0.29728337336	0.0689017423395
2.0	0.272494360663	0.0705338646382
4.0	0.247387814997	0.0750207231364
8.0	0.21964429872	0.0657556872911
16.0	0.211492414294	0.0748906597157
32.0	0.153329283955	0.0650700171703
64.0	0.181944022827	0.0846105794492
128.0	0.119719119779	0.0343014136432


  ads      ftst            C        f1      f1std
-----  --------  -----------  --------  ---------
    0  0.766563  0.0078125    0.614145  0.0705525
  200  0.780563  0.00390625   0.620995  0.0621215
  400  0.777197  0.000976562  0.659567  0.104773
  800  0.77872   0.000488281  0.690119  0.0882309
 1600  0.781181  0.000488281  0.731658  0.0831515
 3200  0.793016  0.000976562  0.729232  0.0527082
 6400  0.805269  0.00195312   0.747608  0.0453395
    0  0.74733   0.0078125    0.614145  0.0705525
  200  0.755695  0.00195312   0.658936  0.0895915
  400  0.762016  0.00195312   0.676107  0.0971277
  800  0.766699  0.000488281  0.711746  0.0943367
 1600  0.775346  0.000976562  0.724606  0.0951551
 3200  0.77631   0.00195312   0.7358    0.0638785
 6400  0.780964  0.00195312   0.751861  0.0425148
    0  0.722582  0.0078125    0.614145  0.0705525
  200  0.704766  0.000976562  0.677042  0.103398
  400  0.711395  0.00195312   0.703902  0.111736
  800  0.711174  0.000976562  0.720396  0.1047
 1600  0.711789  0.000488281  0.726116  0.071708
 3200  0.713136  0.000976562  0.733753  0.0489734
 6400  0.716097  0.00195312   0.756225  0.041755
    0  0.745632  0.0078125    0.614145  0.0705525
  200  0.745993  0.00195312   0.68034   0.114824
  400  0.749525  0.00195312   0.691558  0.106007
  800  0.759015  0.000488281  0.71602   0.111748
 1600  0.759202  0.000976562  0.715182  0.0769794
 3200  0.764305  0.000976562  0.743127  0.0680322
 6400  0.75459   0.00390625   0.751668  0.0434525
    0  0.743264  0.0078125    0.614145  0.0705525
  200  0.750614  0.00195312   0.651179  0.0823899
  400  0.756065  0.000976562  0.685419  0.0954828
  800  0.762329  0.000244141  0.721396  0.0956606
 1600  0.766298  0.000244141  0.730414  0.0902223
          C    kerngamma    percentile  embs              n_fold    kerncoef0    cweights    e_context  clf    kerntype      kerndegree  feats
-----------  -----------  ------------  --------------  --------  -----------  ----------  -----------  -----  ----------  ------------  -------
0.000244141            1            20  ['s50', 'g50']         5            1           1            0  svm    lin                    1  psn
9.53674316406e-07	0.559608493683	0.0928054492823
1.90734863281e-06	0.580242837322	0.0921083343722
3.81469726562e-06	0.627441269913	0.0865579571578
7.62939453125e-06	0.663184406718	0.0840885835447
1.52587890625e-05	0.69418898775	0.0776332457315
3.0517578125e-05	0.714716340747	0.0693997034623
6.103515625e-05	0.726858047636	0.0664408921059
0.0001220703125	0.736148895416	0.0627866034004
0.000244140625	0.739013847256	0.0617401323646
0.00048828125	0.743907755095	0.0635413071271
0.0009765625	0.743372273171	0.0639491617672
0.001953125	0.742724267139	0.0637402309564
0.00390625	0.737871917062	0.0681008300872
0.0078125	0.728609391765	0.0739566703367
0.015625	0.711175017207	0.0899218423079
0.03125	0.666341965546	0.102088577327
0.0625	0.600115941706	0.108824326605
0.125	0.486211087353	0.0944143857861
0.25	0.417547553217	0.0823806139538
0.5	0.371691693694	0.0750257005883
1.0	0.349807492767	0.0716883095435
2.0	0.323286253341	0.0706696955544
4.0	0.29868607987	0.0651925799216
8.0	0.277707327145	0.0636202598777
16.0	0.232614992027	0.0492674380262
32.0	0.201149319924	0.0496574102496
64.0	0.19921152647	0.0455027586433
128.0	0.198244036795	0.0446327623556


  ads      ftst            C        f1      f1std
-----  --------  -----------  --------  ---------
    0  0.766563  0.0078125    0.614145  0.0705525
  200  0.780563  0.00390625   0.620995  0.0621215
  400  0.777197  0.000976562  0.659567  0.104773
  800  0.77872   0.000488281  0.690119  0.0882309
 1600  0.781181  0.000488281  0.731658  0.0831515
 3200  0.793016  0.000976562  0.729232  0.0527082
 6400  0.805269  0.00195312   0.747608  0.0453395
    0  0.74733   0.0078125    0.614145  0.0705525
  200  0.755695  0.00195312   0.658936  0.0895915
  400  0.762016  0.00195312   0.676107  0.0971277
  800  0.766699  0.000488281  0.711746  0.0943367
 1600  0.775346  0.000976562  0.724606  0.0951551
 3200  0.77631   0.00195312   0.7358    0.0638785
 6400  0.780964  0.00195312   0.751861  0.0425148
    0  0.722582  0.0078125    0.614145  0.0705525
  200  0.704766  0.000976562  0.677042  0.103398
  400  0.711395  0.00195312   0.703902  0.111736
  800  0.711174  0.000976562  0.720396  0.1047
 1600  0.711789  0.000488281  0.726116  0.071708
 3200  0.713136  0.000976562  0.733753  0.0489734
 6400  0.716097  0.00195312   0.756225  0.041755
    0  0.745632  0.0078125    0.614145  0.0705525
  200  0.745993  0.00195312   0.68034   0.114824
  400  0.749525  0.00195312   0.691558  0.106007
  800  0.759015  0.000488281  0.71602   0.111748
 1600  0.759202  0.000976562  0.715182  0.0769794
 3200  0.764305  0.000976562  0.743127  0.0680322
 6400  0.75459   0.00390625   0.751668  0.0434525
    0  0.743264  0.0078125    0.614145  0.0705525
  200  0.750614  0.00195312   0.651179  0.0823899
  400  0.756065  0.000976562  0.685419  0.0954828
  800  0.762329  0.000244141  0.721396  0.0956606
 1600  0.766298  0.000244141  0.730414  0.0902223
 3200  0.772361  0.000488281  0.743908  0.0635413
          C    kerngamma    percentile  embs              n_fold    kerncoef0    cweights    e_context  clf    kerntype      kerndegree  feats
-----------  -----------  ------------  --------------  --------  -----------  ----------  -----------  -----  ----------  ------------  -------
0.000488281            1            20  ['s50', 'g50']         5            1           1            0  svm    lin                    1  psn
9.53674316406e-07	0.593240305818	0.0662401749404
1.90734863281e-06	0.628298894639	0.0676257640806
3.81469726562e-06	0.668303014827	0.0592238171655
7.62939453125e-06	0.697428057868	0.0583720942258
1.52587890625e-05	0.721186937133	0.0523026499811
3.0517578125e-05	0.730828064253	0.0458534967629
6.103515625e-05	0.739518894612	0.0454275700442
0.0001220703125	0.744911485883	0.0450503138882
0.000244140625	0.749998130852	0.0456120627548
0.00048828125	0.75308675786	0.0472991446807
0.0009765625	0.753992571984	0.0467293316541
0.001953125	0.752637696642	0.0477653114904
0.00390625	0.750164614726	0.0497288509322
0.0078125	0.744211489893	0.057022903908
0.015625	0.729027244963	0.0647583546934
0.03125	0.704202951723	0.0710896156145
0.0625	0.657288503499	0.0816666621178
0.125	0.603406749262	0.0863366102121
0.25	0.54764894517	0.0828782087172
0.5	0.504915401974	0.07829120695
1.0	0.464753500764	0.0671372749437
2.0	0.434840999744	0.0605086090541
4.0	0.39302215489	0.0643595750025
8.0	0.363272053584	0.0525758013839
16.0	0.298590085603	0.047991675648
32.0	0.26948945617	0.0464371151647
64.0	0.260427011332	0.0338385307575
128.0	0.256428041139	0.0514129571522


  ads      ftst            C        f1      f1std
-----  --------  -----------  --------  ---------
    0  0.766563  0.0078125    0.614145  0.0705525
  200  0.780563  0.00390625   0.620995  0.0621215
  400  0.777197  0.000976562  0.659567  0.104773
  800  0.77872   0.000488281  0.690119  0.0882309
 1600  0.781181  0.000488281  0.731658  0.0831515
 3200  0.793016  0.000976562  0.729232  0.0527082
 6400  0.805269  0.00195312   0.747608  0.0453395
    0  0.74733   0.0078125    0.614145  0.0705525
  200  0.755695  0.00195312   0.658936  0.0895915
  400  0.762016  0.00195312   0.676107  0.0971277
  800  0.766699  0.000488281  0.711746  0.0943367
 1600  0.775346  0.000976562  0.724606  0.0951551
 3200  0.77631   0.00195312   0.7358    0.0638785
 6400  0.780964  0.00195312   0.751861  0.0425148
    0  0.722582  0.0078125    0.614145  0.0705525
  200  0.704766  0.000976562  0.677042  0.103398
  400  0.711395  0.00195312   0.703902  0.111736
  800  0.711174  0.000976562  0.720396  0.1047
 1600  0.711789  0.000488281  0.726116  0.071708
 3200  0.713136  0.000976562  0.733753  0.0489734
 6400  0.716097  0.00195312   0.756225  0.041755
    0  0.745632  0.0078125    0.614145  0.0705525
  200  0.745993  0.00195312   0.68034   0.114824
  400  0.749525  0.00195312   0.691558  0.106007
  800  0.759015  0.000488281  0.71602   0.111748
 1600  0.759202  0.000976562  0.715182  0.0769794
 3200  0.764305  0.000976562  0.743127  0.0680322
 6400  0.75459   0.00390625   0.751668  0.0434525
    0  0.743264  0.0078125    0.614145  0.0705525
  200  0.750614  0.00195312   0.651179  0.0823899
  400  0.756065  0.000976562  0.685419  0.0954828
  800  0.762329  0.000244141  0.721396  0.0956606
 1600  0.766298  0.000244141  0.730414  0.0902223
 3200  0.772361  0.000488281  0.743908  0.0635413
 6400  0.778322  0.000976562  0.753993  0.0467293
0	0.745074331445	0.0139739540528
200	0.747526236246	0.0244888894185
400	0.751239537989	0.0219259699526
800	0.75558747303	0.0231878591594
1600	0.758763248108	0.0246623310823
3200	0.763825537487	0.0270203901132
6400	0.767048595936	0.0301092414017
