  C    kerngamma    percentile  embs              n_fold    kerncoef0    cweights    e_context  clf    kerntype      kerndegree  feats
---  -----------  ------------  --------------  --------  -----------  ----------  -----------  -----  ----------  ------------  -------
  1            1            20  ['s50', 'g50']         5            1           1            0  svm    lin                    1  psn
9.53674316406e-07	0.287681082595	0.0482884553873
1.90734863281e-06	0.28766455238	0.048307273526
3.81469726562e-06	0.298639842113	0.055292746573
7.62939453125e-06	0.308448350747	0.0606820527142
1.52587890625e-05	0.33604284449	0.0625512597121
3.0517578125e-05	0.381289978449	0.0659540861066
6.103515625e-05	0.432554823236	0.0741411039832
0.0001220703125	0.505094800197	0.0773767461063
0.000244140625	0.544544302658	0.0761207211113
0.00048828125	0.570936173465	0.0714952149725
0.0009765625	0.592206056289	0.0689393859351
0.001953125	0.611063479966	0.0677384940345
0.00390625	0.61369891795	0.0659136495531
0.0078125	0.614145142653	0.0705525409284
0.015625	0.613096929653	0.0616325177201
0.03125	0.593144034921	0.0594753295199
0.0625	0.568437390187	0.0675056105465
0.125	0.523459982216	0.0694262843513
0.25	0.463988626997	0.0428858041965
0.5	0.408331713254	0.0358251908379
1.0	0.372118567948	0.0339178587337
2.0	0.337703604051	0.0328841276544
4.0	0.323987409578	0.0404757141666
8.0	0.308384816126	0.0535597198977
16.0	0.310270506546	0.0733359128715
32.0	0.285760614489	0.0518624814482
64.0	0.269529041619	0.0724775455029
128.0	0.26567135197	0.109837303708


  ads      ftst          C        f1      f1std
-----  --------  ---------  --------  ---------
    0  0.766563  0.0078125  0.614145  0.0705525
        C    kerngamma    percentile  embs              n_fold    kerncoef0    cweights    e_context  clf    kerntype      kerndegree  feats
---------  -----------  ------------  --------------  --------  -----------  ----------  -----------  -----  ----------  ------------  -------
0.0078125            1            20  ['s50', 'g50']         5            1           1            0  svm    lin                    1  psn
9.53674316406e-07	0.359867004054	0.0958959988339
1.90734863281e-06	0.367307526473	0.101055325167
3.81469726562e-06	0.371957216381	0.0972998744004
7.62939453125e-06	0.396244984444	0.0903512577796
1.52587890625e-05	0.430473132779	0.0799326343343
3.0517578125e-05	0.494917185823	0.0893236187349
6.103515625e-05	0.541391504864	0.0769997455683
0.0001220703125	0.570966847616	0.0716952504553
0.000244140625	0.588079845407	0.0619916274109
0.00048828125	0.610240185264	0.0570859266693
0.0009765625	0.616572597768	0.0533917145658
0.001953125	0.617615590163	0.050552650997
0.00390625	0.620994968966	0.0621214656068
0.0078125	0.612672428313	0.0709077694337
0.015625	0.585906975966	0.0745195758614
0.03125	0.531625245259	0.0876257727949
0.0625	0.465865280701	0.102061283562
0.125	0.387336425749	0.100114509172
0.25	0.29431998661	0.0718303028588
0.5	0.247769244933	0.0769514345153
1.0	0.246385476304	0.0759299102788
2.0	0.236051303505	0.0769818423452
4.0	0.230681877542	0.0672352159935
8.0	0.228306439369	0.0936927855279
16.0	0.188355059783	0.067946955401
32.0	0.179642039096	0.0452143775856
64.0	0.169134423423	0.0513747731219
128.0	0.237048311273	0.114048628081


  ads      ftst           C        f1      f1std
-----  --------  ----------  --------  ---------
    0  0.766563  0.0078125   0.614145  0.0705525
  200  0.780563  0.00390625  0.620995  0.0621215
         C    kerngamma    percentile  embs              n_fold    kerncoef0    cweights    e_context  clf    kerntype      kerndegree  feats
----------  -----------  ------------  --------------  --------  -----------  ----------  -----------  -----  ----------  ------------  -------
0.00390625            1            20  ['s50', 'g50']         5            1           1            0  svm    lin                    1  psn
9.53674316406e-07	0.451300328944	0.150166869252
1.90734863281e-06	0.45802875122	0.150586051481
3.81469726562e-06	0.472113963416	0.145143543101
7.62939453125e-06	0.502140767836	0.141480616192
1.52587890625e-05	0.556261339156	0.159634719065
3.0517578125e-05	0.589841705874	0.135971455165
6.103515625e-05	0.62326658034	0.131922337203
0.0001220703125	0.640909325958	0.118537212886
0.000244140625	0.658196768839	0.115381263706
0.00048828125	0.654753002092	0.101256717207
0.0009765625	0.659567090074	0.104773499623
0.001953125	0.656506493364	0.103317635265
0.00390625	0.646902382286	0.108739538585
0.0078125	0.642148460506	0.11622291777
0.015625	0.621488581325	0.142936749628
0.03125	0.553580649091	0.162963383343
0.0625	0.47195543044	0.170005550601
0.125	0.367864961289	0.15855332603
0.25	0.266961794337	0.103250362271
0.5	0.211138450041	0.0808860665758
1.0	0.182757506371	0.083582219891
2.0	0.16057097087	0.0731684115554
4.0	0.151097112521	0.0627308359567
8.0	0.138697413039	0.0535079202408
16.0	0.155907971979	0.0583238698753
32.0	0.136493637757	0.0622549059407
64.0	0.155237496891	0.103182981484
128.0	0.139196037862	0.0606509518629


  ads      ftst            C        f1      f1std
-----  --------  -----------  --------  ---------
    0  0.766563  0.0078125    0.614145  0.0705525
  200  0.780563  0.00390625   0.620995  0.0621215
  400  0.777197  0.000976562  0.659567  0.104773
          C    kerngamma    percentile  embs              n_fold    kerncoef0    cweights    e_context  clf    kerntype      kerndegree  feats
-----------  -----------  ------------  --------------  --------  -----------  ----------  -----------  -----  ----------  ------------  -------
0.000976562            1            20  ['s50', 'g50']         5            1           1            0  svm    lin                    1  psn
9.53674316406e-07	0.521404110557	0.128030130854
1.90734863281e-06	0.530381198027	0.128674298686
3.81469726562e-06	0.542840246658	0.121710102135
7.62939453125e-06	0.578405342103	0.121968303356
1.52587890625e-05	0.616721493816	0.127287352928
3.0517578125e-05	0.637245572707	0.107937566944
6.103515625e-05	0.665114900973	0.105098170925
0.0001220703125	0.67721038518	0.0923125469974
0.000244140625	0.684070095779	0.0875576882686
0.00048828125	0.690118923756	0.0882309483603
0.0009765625	0.687495842096	0.0905717918738
0.001953125	0.685477825488	0.0978466654367
0.00390625	0.681292779308	0.108736997979
0.0078125	0.66316272321	0.127767018929
0.015625	0.63693218791	0.147097805338
0.03125	0.59004168343	0.162111039335
0.0625	0.500534628572	0.159308114269
0.125	0.371440342686	0.118754062033
0.25	0.266698338362	0.0826910104095
0.5	0.254876530316	0.0737422405815
1.0	0.238898481676	0.072135801314
2.0	0.227293937073	0.0640854608505
4.0	0.208280153153	0.0753935082921
8.0	0.213131972612	0.0808413452141
16.0	0.19514235695	0.0791922873586
32.0	0.182208778935	0.0680021964407
64.0	0.189448147489	0.0780825172487
128.0	0.181574251393	0.0797193571556


  ads      ftst            C        f1      f1std
-----  --------  -----------  --------  ---------
    0  0.766563  0.0078125    0.614145  0.0705525
  200  0.780563  0.00390625   0.620995  0.0621215
  400  0.777197  0.000976562  0.659567  0.104773
  800  0.77872   0.000488281  0.690119  0.0882309
          C    kerngamma    percentile  embs              n_fold    kerncoef0    cweights    e_context  clf    kerntype      kerndegree  feats
-----------  -----------  ------------  --------------  --------  -----------  ----------  -----------  -----  ----------  ------------  -------
0.000488281            1            20  ['s50', 'g50']         5            1           1            0  svm    lin                    1  psn
9.53674316406e-07	0.547953741007	0.113195709722
1.90734863281e-06	0.562022851998	0.108382514894
3.81469726562e-06	0.584048779128	0.109762655052
7.62939453125e-06	0.633253280905	0.115470396329
1.52587890625e-05	0.659971361058	0.105806979275
3.0517578125e-05	0.692021715912	0.0996821265452
6.103515625e-05	0.71423544536	0.092655039589
0.0001220703125	0.726927800419	0.0879521712757
0.000244140625	0.729671288425	0.085080115455
0.00048828125	0.73165767123	0.0831515378085
0.0009765625	0.728803932755	0.0844484506476
0.001953125	0.728204560331	0.0870396985501
0.00390625	0.720376196441	0.100945503874
0.0078125	0.711749863615	0.108554567435
0.015625	0.684279407154	0.13381299082
0.03125	0.643680533168	0.146632897169
0.0625	0.57093125364	0.144689902207
0.125	0.457175977188	0.121451130953
0.25	0.366994769889	0.10225284443
0.5	0.33101457182	0.0855491003962
1.0	0.311589487102	0.0732203061371
2.0	0.281746404336	0.0540118770537
4.0	0.269179065082	0.0595834271713
8.0	0.264869943642	0.0703942489057
16.0	0.218050097328	0.060307453086
32.0	0.213036807679	0.0504578764308
64.0	0.210432102162	0.0651496574765
128.0	0.196872777405	0.0308542071749


  ads      ftst            C        f1      f1std
-----  --------  -----------  --------  ---------
    0  0.766563  0.0078125    0.614145  0.0705525
  200  0.780563  0.00390625   0.620995  0.0621215
  400  0.777197  0.000976562  0.659567  0.104773
  800  0.77872   0.000488281  0.690119  0.0882309
 1600  0.781181  0.000488281  0.731658  0.0831515
          C    kerngamma    percentile  embs              n_fold    kerncoef0    cweights    e_context  clf    kerntype      kerndegree  feats
-----------  -----------  ------------  --------------  --------  -----------  ----------  -----------  -----  ----------  ------------  -------
0.000488281            1            20  ['s50', 'g50']         5            1           1            0  svm    lin                    1  psn
9.53674316406e-07	0.545967180911	0.0817730668956
1.90734863281e-06	0.566122821211	0.0783422343778
3.81469726562e-06	0.602193577859	0.0719665456063
7.62939453125e-06	0.640466063788	0.0719739228183
1.52587890625e-05	0.674895243014	0.0687486532162
3.0517578125e-05	0.701618120726	0.0596575585016
6.103515625e-05	0.712478485772	0.0575620683521
0.0001220703125	0.719990765061	0.0547349299459
0.000244140625	0.724718871382	0.0542140141353
0.00048828125	0.72766017322	0.0526026671958
0.0009765625	0.729232327349	0.0527081694229
0.001953125	0.729089874371	0.055661770525
0.00390625	0.724613974097	0.0591769166876
0.0078125	0.712512086097	0.0660931902915
0.015625	0.692798207093	0.0771880405531
0.03125	0.649669593447	0.08600968884
0.0625	0.579794972608	0.108098681084
0.125	0.475496403267	0.101076596448
0.25	0.389241664316	0.0729798421403
0.5	0.342669013945	0.0662418795031
1.0	0.327257227688	0.0589537441387
2.0	0.31252617649	0.0629888054967
4.0	0.279003124212	0.0566250606359
8.0	0.257261028285	0.0502038926905
16.0	0.243197204316	0.0581492605942
32.0	0.240421469984	0.0349899469474
64.0	0.199437313611	0.0584738896357
128.0	0.178208064494	0.0434763376461


  ads      ftst            C        f1      f1std
-----  --------  -----------  --------  ---------
    0  0.766563  0.0078125    0.614145  0.0705525
  200  0.780563  0.00390625   0.620995  0.0621215
  400  0.777197  0.000976562  0.659567  0.104773
  800  0.77872   0.000488281  0.690119  0.0882309
 1600  0.781181  0.000488281  0.731658  0.0831515
 3200  0.793016  0.000976562  0.729232  0.0527082
          C    kerngamma    percentile  embs              n_fold    kerncoef0    cweights    e_context  clf    kerntype      kerndegree  feats
-----------  -----------  ------------  --------------  --------  -----------  ----------  -----------  -----  ----------  ------------  -------
0.000976562            1            20  ['s50', 'g50']         5            1           1            0  svm    lin                    1  psn
9.53674316406e-07	0.584501907404	0.0593379006754
1.90734863281e-06	0.616723305821	0.0564998737869
3.81469726562e-06	0.656084685103	0.0523574491289
7.62939453125e-06	0.687819899265	0.0492962073853
1.52587890625e-05	0.715558864316	0.0416619260721
3.0517578125e-05	0.730815952218	0.0435025959461
6.103515625e-05	0.736176161322	0.04415722479
0.0001220703125	0.738005642455	0.0431935352778
0.000244140625	0.742699337785	0.0443145210759
0.00048828125	0.745238230797	0.0443924592935
0.0009765625	0.747144042411	0.044109307876
0.001953125	0.747607764313	0.0453395089629
0.00390625	0.745704827975	0.0464260622517
0.0078125	0.737150977916	0.0520368180764
0.015625	0.722661914105	0.0525189057597
0.03125	0.698279378682	0.0573190851382
0.0625	0.646303734135	0.0668104313905
0.125	0.592842503074	0.0736709182154
0.25	0.534663704666	0.0682343778611
0.5	0.500212930586	0.0635557003264
1.0	0.467953896444	0.0582079775105
2.0	0.411657920983	0.0612506474757
4.0	0.374427076409	0.0669270610015
8.0	0.36085268561	0.0646111953079
16.0	0.300625582201	0.0567254016658
32.0	0.273596623064	0.0543381106577
64.0	0.250085592107	0.0582827735478
128.0	0.261200773	0.0862940517611


  ads      ftst            C        f1      f1std
-----  --------  -----------  --------  ---------
    0  0.766563  0.0078125    0.614145  0.0705525
  200  0.780563  0.00390625   0.620995  0.0621215
  400  0.777197  0.000976562  0.659567  0.104773
  800  0.77872   0.000488281  0.690119  0.0882309
 1600  0.781181  0.000488281  0.731658  0.0831515
 3200  0.793016  0.000976562  0.729232  0.0527082
 6400  0.805269  0.00195312   0.747608  0.0453395
