  C    kerngamma    percentile  embs              n_fold    kerncoef0    cweights    e_context  clf    kerntype      kerndegree  feats
---  -----------  ------------  --------------  --------  -----------  ----------  -----------  -----  ----------  ------------  -------
  1            1            20  ['s50', 'g50']         5            1           1            1  svm    lin                    1
9.53674316406e-07	0.385348720309	0.0642749835047
1.90734863281e-06	0.408347511689	0.0698586083189
3.81469726562e-06	0.44793123966	0.0770679264592
7.62939453125e-06	0.507913095528	0.0796848872052
1.52587890625e-05	0.562715350359	0.0651095480083
3.0517578125e-05	0.592113138229	0.0535801160416
6.103515625e-05	0.62165641244	0.0557939692452
0.0001220703125	0.627077536332	0.0526759634637
0.000244140625	0.625357677415	0.0529857391099
0.00048828125	0.631695461925	0.0521516105311
0.0009765625	0.618441265753	0.0503846332859
0.001953125	0.620984613056	0.0507019447965
0.00390625	0.612246483603	0.0618702267488
0.0078125	0.607040977035	0.0600586676711
0.015625	0.609977957785	0.0586685731041
0.03125	0.606791514346	0.0578467152294
0.0625	0.603469969484	0.0547838938565
0.125	0.595572118327	0.0509531809188
0.25	0.597692761551	0.0534122156767
0.5	0.599887251701	0.0411811237589
1.0	0.595131720082	0.0427636994872
2.0	0.594760951087	0.0584636762502
4.0	0.563055893242	0.0570238023741
8.0	0.583872937028	0.0564325703686
16.0	0.477989766761	0.0919107087063
32.0	0.493292189506	0.0982641938916
64.0	0.518042011923	0.0891779615717
128.0	0.433928750865	0.0531176962666


  ads      ftst            C        f1      f1std
-----  --------  -----------  --------  ---------
    0  0.766714  0.000488281  0.631695  0.0521516
          C    kerngamma    percentile  embs              n_fold    kerncoef0    cweights    e_context  clf    kerntype      kerndegree  feats
-----------  -----------  ------------  --------------  --------  -----------  ----------  -----------  -----  ----------  ------------  -------
0.000488281            1            20  ['s50', 'g50']         5            1           1            1  svm    lin                    1
9.53674316406e-07	0.516652490025	0.105952833179
1.90734863281e-06	0.543496279899	0.100844129085
3.81469726562e-06	0.585726841665	0.096164093856
7.62939453125e-06	0.612876110618	0.0750327601547
1.52587890625e-05	0.639093628364	0.0645757008857
3.0517578125e-05	0.641309132881	0.0550697544092
6.103515625e-05	0.647391982352	0.0558384881427
0.0001220703125	0.645452760871	0.0520105954906
0.000244140625	0.644221612877	0.0579652866144
0.00048828125	0.637177537885	0.0583006563922
0.0009765625	0.64024839195	0.0650256756471
0.001953125	0.624967129409	0.0667523759369
0.00390625	0.618684782681	0.0631959215799
0.0078125	0.615260592674	0.0640940844017
0.015625	0.611059252546	0.0630008669477
0.03125	0.609802104532	0.0596282603452
0.0625	0.614328255338	0.06131875111
0.125	0.608172429798	0.0583072432411
0.25	0.605452908676	0.0604117264655
0.5	0.603161862174	0.0604874526278
1.0	0.590010174464	0.0663309866985
2.0	0.576594006265	0.0809292522739
4.0	0.528181676945	0.0848445745284
8.0	0.442015040906	0.168097748116
16.0	0.480192685355	0.12927757375
32.0	0.441950869837	0.062856642952
64.0	0.426431423809	0.122136209979
128.0	0.369260012819	0.190139681814


  ads      ftst            C        f1      f1std
-----  --------  -----------  --------  ---------
    0  0.766714  0.000488281  0.631695  0.0521516
  200  0.774824  6.10352e-05  0.647392  0.0558385
          C    kerngamma    percentile  embs              n_fold    kerncoef0    cweights    e_context  clf    kerntype      kerndegree  feats
-----------  -----------  ------------  --------------  --------  -----------  ----------  -----------  -----  ----------  ------------  -------
6.10352e-05            1            20  ['s50', 'g50']         5            1           1            1  svm    lin                    1
9.53674316406e-07	0.577722795996	0.161480852816
1.90734863281e-06	0.607980768574	0.138928108724
3.81469726562e-06	0.636041649046	0.123890432229
7.62939453125e-06	0.665378397748	0.109217172555
1.52587890625e-05	0.676772917435	0.0983594922974
3.0517578125e-05	0.684465935732	0.0922411653348
6.103515625e-05	0.683955246935	0.0885595724469
0.0001220703125	0.679726904745	0.0846560929576
0.000244140625	0.672740281235	0.0823681176188
0.00048828125	0.667022842811	0.0855327886357
0.0009765625	0.663267090038	0.08567569406
0.001953125	0.653949922982	0.0900700212261
0.00390625	0.658399878837	0.0894932011182
0.0078125	0.659742957752	0.0929363698752
0.015625	0.657475012821	0.0904555674289
0.03125	0.653593936813	0.0937520156944
0.0625	0.648444941954	0.0857912832278
0.125	0.65015060479	0.0914144383169
0.25	0.648332075283	0.0896917620784
0.5	0.648032926224	0.0957655912361
1.0	0.63891503713	0.109360246359
2.0	0.612624866191	0.103576679096
4.0	0.573070274021	0.130795092556
8.0	0.469299817555	0.141322220863
16.0	0.445626624726	0.126774732935
32.0	0.417345837727	0.157614872274
64.0	0.347691465299	0.200536003553
128.0	0.259287666104	0.180720246359


  ads      ftst            C        f1      f1std
-----  --------  -----------  --------  ---------
    0  0.766714  0.000488281  0.631695  0.0521516
  200  0.774824  6.10352e-05  0.647392  0.0558385
  400  0.775364  3.05176e-05  0.684466  0.0922412
          C    kerngamma    percentile  embs              n_fold    kerncoef0    cweights    e_context  clf    kerntype      kerndegree  feats
-----------  -----------  ------------  --------------  --------  -----------  ----------  -----------  -----  ----------  ------------  -------
3.05176e-05            1            20  ['s50', 'g50']         5            1           1            1  svm    lin                    1
9.53674316406e-07	0.620592379647	0.124415238012
1.90734863281e-06	0.642439228999	0.117096319158
3.81469726562e-06	0.672151941477	0.103029550621
7.62939453125e-06	0.694534314054	0.0919076850891
1.52587890625e-05	0.705170824854	0.0841053857551
3.0517578125e-05	0.707980513048	0.0766863023888
6.103515625e-05	0.702133286256	0.0761414375165
0.0001220703125	0.701666857793	0.0810668865335
0.000244140625	0.695433893659	0.0753270562709
0.00048828125	0.692516171272	0.075872772471
0.0009765625	0.691212621387	0.0751976790102
0.001953125	0.686846349067	0.0697066662584
0.00390625	0.682496928676	0.0681220148911
0.0078125	0.682596246746	0.0686097341736
0.015625	0.678414235472	0.0733468911092
0.03125	0.682154276305	0.0766666489812
0.0625	0.680040638541	0.0748314826707
0.125	0.681411865156	0.0737162053363
0.25	0.678110264438	0.0764345832173
0.5	0.668302442171	0.0843893310399
1.0	0.652571262154	0.106007285734
2.0	0.616496263312	0.135555635684
4.0	0.584099579115	0.134151043627
8.0	0.445783001984	0.182835873825
16.0	0.366763718829	0.175753681982
32.0	0.372933652552	0.195689487453
64.0	0.307142399987	0.201781906181
128.0	0.264676631868	0.192770728782


  ads      ftst            C        f1      f1std
-----  --------  -----------  --------  ---------
    0  0.766714  0.000488281  0.631695  0.0521516
  200  0.774824  6.10352e-05  0.647392  0.0558385
  400  0.775364  3.05176e-05  0.684466  0.0922412
  800  0.775812  3.05176e-05  0.707981  0.0766863
          C    kerngamma    percentile  embs              n_fold    kerncoef0    cweights    e_context  clf    kerntype      kerndegree  feats
-----------  -----------  ------------  --------------  --------  -----------  ----------  -----------  -----  ----------  ------------  -------
3.05176e-05            1            20  ['s50', 'g50']         5            1           1            1  svm    lin                    1
9.53674316406e-07	0.644649367704	0.118682220176
1.90734863281e-06	0.671138940137	0.107327545907
3.81469726562e-06	0.701945124892	0.0968875124318
7.62939453125e-06	0.715904323416	0.0875148779898
1.52587890625e-05	0.721492863807	0.0827580959532
3.0517578125e-05	0.725007156301	0.0772162745953
6.103515625e-05	0.722944419932	0.0765184414687
0.0001220703125	0.720914765769	0.0814779855031
0.000244140625	0.718741552015	0.0798649687597
0.00048828125	0.715978070262	0.0742958044598
0.0009765625	0.715975824065	0.0735014795771
0.001953125	0.716483257979	0.0726892978421
0.00390625	0.713282434557	0.0705987913323
0.0078125	0.713821367043	0.0736297682447
0.015625	0.714903844949	0.0731809946178
0.03125	0.7099330371	0.0727574445734
0.0625	0.711145156523	0.0748224128966
0.125	0.709639553487	0.0746258571742
0.25	0.708754570449	0.0779496501591
0.5	0.706858473998	0.0834773323595
1.0	0.701092889044	0.10009235976
2.0	0.636666032449	0.118730942046
4.0	0.590059849716	0.129370194735
8.0	0.496814706225	0.176106187187
16.0	0.283104213507	0.109391169966
32.0	0.417302798709	0.195105414757
64.0	0.394916771087	0.214378738117
128.0	0.243564809173	0.18935313538


  ads      ftst            C        f1      f1std
-----  --------  -----------  --------  ---------
    0  0.766714  0.000488281  0.631695  0.0521516
  200  0.774824  6.10352e-05  0.647392  0.0558385
  400  0.775364  3.05176e-05  0.684466  0.0922412
  800  0.775812  3.05176e-05  0.707981  0.0766863
 1600  0.781815  3.05176e-05  0.725007  0.0772163
          C    kerngamma    percentile  embs              n_fold    kerncoef0    cweights    e_context  clf    kerntype      kerndegree  feats
-----------  -----------  ------------  --------------  --------  -----------  ----------  -----------  -----  ----------  ------------  -------
3.05176e-05            1            20  ['s50', 'g50']         5            1           1            1  svm    lin                    1
9.53674316406e-07	0.657828253037	0.0724606359135
1.90734863281e-06	0.685699820778	0.0624168916738
3.81469726562e-06	0.699271784709	0.0561696265429
7.62939453125e-06	0.712249587164	0.0523240596201
1.52587890625e-05	0.715743832626	0.0503409925468
3.0517578125e-05	0.717150747558	0.04982875987
6.103515625e-05	0.723611169645	0.0489442045206
0.0001220703125	0.724361532988	0.0509310053637
0.000244140625	0.7245243199	0.051663454408
0.00048828125	0.723720620115	0.0499640623699
0.0009765625	0.724414936655	0.0499353140502
0.001953125	0.723901765988	0.0472955499101
0.00390625	0.722156390032	0.0471770176611
0.0078125	0.722390963341	0.0470024855086
0.015625	0.722708016104	0.0477782742378
0.03125	0.723494774659	0.0486730059255
0.0625	0.723374638441	0.0476889478251
0.125	0.720910382481	0.0480843796316
0.25	0.718703593298	0.0510895247681
0.5	0.710780274882	0.0611541413145
1.0	0.692659940599	0.0748753736364
2.0	0.627476452129	0.117107072347
4.0	0.567134912703	0.123917502826
8.0	0.465360891744	0.0914997141695
16.0	0.324350040948	0.197057966406
32.0	0.24383505944	0.123778332088
64.0	0.196474586194	0.150639882494
128.0	0.232706975729	0.13990576992


  ads      ftst            C        f1      f1std
-----  --------  -----------  --------  ---------
    0  0.766714  0.000488281  0.631695  0.0521516
  200  0.774824  6.10352e-05  0.647392  0.0558385
  400  0.775364  3.05176e-05  0.684466  0.0922412
  800  0.775812  3.05176e-05  0.707981  0.0766863
 1600  0.781815  3.05176e-05  0.725007  0.0772163
 3200  0.787431  0.000244141  0.724524  0.0516635
          C    kerngamma    percentile  embs              n_fold    kerncoef0    cweights    e_context  clf    kerntype      kerndegree  feats
-----------  -----------  ------------  --------------  --------  -----------  ----------  -----------  -----  ----------  ------------  -------
0.000244141            1            20  ['s50', 'g50']         5            1           1            1  svm    lin                    1
9.53674316406e-07	0.692185531444	0.0485329450075
1.90734863281e-06	0.712608147274	0.0435442935042
3.81469726562e-06	0.721981598471	0.0418288738139
7.62939453125e-06	0.729180125726	0.0406402097617
1.52587890625e-05	0.731961878377	0.0391492572296
3.0517578125e-05	0.735022939009	0.0400765446855
6.103515625e-05	0.737801555485	0.0391534754589
0.0001220703125	0.739554965061	0.0399969258721
0.000244140625	0.741544301634	0.0407181078035
0.00048828125	0.744563424713	0.0423511526723
0.0009765625	0.743880291654	0.0420898383148
0.001953125	0.744020639845	0.0417599391673
0.00390625	0.744789380817	0.0409334304796
0.0078125	0.744758716383	0.0410738926803
0.015625	0.743333975186	0.0403556609965
0.03125	0.743104167639	0.0421093472366
0.0625	0.74195757356	0.04166852874
0.125	0.742135318546	0.041618974812
0.25	0.741219762005	0.0427430633487
0.5	0.736071559674	0.0489597087701
1.0	0.716473952975	0.0490258299427
2.0	0.635487535335	0.0834798151405
4.0	0.510581501039	0.0634891048412
8.0	0.450929199142	0.0849467928572
16.0	0.355827336611	0.141401086513
32.0	0.277777238399	0.131471025898
64.0	0.216043025682	0.185987138801
128.0	0.217834730783	0.148403374405


  ads      ftst            C        f1      f1std
-----  --------  -----------  --------  ---------
    0  0.766714  0.000488281  0.631695  0.0521516
  200  0.774824  6.10352e-05  0.647392  0.0558385
  400  0.775364  3.05176e-05  0.684466  0.0922412
  800  0.775812  3.05176e-05  0.707981  0.0766863
 1600  0.781815  3.05176e-05  0.725007  0.0772163
 3200  0.787431  0.000244141  0.724524  0.0516635
 6400  0.794915  0.00390625   0.744789  0.0409334
