add_data_sizes: [0, 200, 400, 800, 1600, 3200, 6400]
seeds: [7, 5, 9, 11, 13]
C_values : [  9.53674316e-07   1.90734863e-06   3.81469727e-06   7.62939453e-06
   1.52587891e-05   3.05175781e-05   6.10351562e-05   1.22070312e-04
   2.44140625e-04   4.88281250e-04   9.76562500e-04   1.95312500e-03
   3.90625000e-03   7.81250000e-03   1.56250000e-02   3.12500000e-02
   6.25000000e-02   1.25000000e-01   2.50000000e-01   5.00000000e-01
   1.00000000e+00   2.00000000e+00   4.00000000e+00   8.00000000e+00
   1.60000000e+01   3.20000000e+01   6.40000000e+01   1.28000000e+02]
  C    kerngamma    percentile  embs              n_fold    kerncoef0    cweights    e_context  clf    kerntype      kerndegree  feats
---  -----------  ------------  --------------  --------  -----------  ----------  -----------  -----  ----------  ------------  -------
  1            1            20  ['s50', 'g50']         5            1           1            1  svm    lin                    1  psn
9.53674316406e-07	0.386880130642	0.0659373298543
1.90734863281e-06	0.409822181755	0.0712787733731
3.81469726562e-06	0.44793123966	0.0770679264592
7.62939453125e-06	0.507913095528	0.0796848872052
1.52587890625e-05	0.560394060594	0.0686838591388
3.0517578125e-05	0.592299938121	0.053752953376
6.103515625e-05	0.619436712467	0.0578602856887
0.0001220703125	0.626421171199	0.0542943425469
0.000244140625	0.627508209054	0.0535938304836
0.00048828125	0.628561368246	0.0541181242137
0.0009765625	0.61806124754	0.0456010491366
0.001953125	0.616726917186	0.0470328035657
0.00390625	0.601791888274	0.0528437916326
0.0078125	0.59245483567	0.0540386574701
0.015625	0.580275714702	0.0515382330882
0.03125	0.571486664558	0.0512359916339
0.0625	0.555674090001	0.0575689370263
0.125	0.520387952675	0.0731945629175
0.25	0.474031362596	0.0645255979178
0.5	0.433215525294	0.0493784043267
1.0	0.391887443369	0.0320620216583
2.0	0.362919150185	0.0329335095833
4.0	0.33506670622	0.0165155866448
8.0	0.345371787579	0.0687339872589
16.0	0.371142748518	0.0949939333237
32.0	0.366303366565	0.0921070274994
64.0	0.338505335572	0.111970647797
128.0	0.321808721296	0.055331103352


  ads      ftst            C        f1      f1std
-----  --------  -----------  --------  ---------
    0  0.765348  0.000488281  0.628561  0.0541181
          C    kerngamma    percentile  embs              n_fold    kerncoef0    cweights    e_context  clf    kerntype      kerndegree  feats
-----------  -----------  ------------  --------------  --------  -----------  ----------  -----------  -----  ----------  ------------  -------
0.000488281            1            20  ['s50', 'g50']         5            1           1            1  svm    lin                    1  psn
9.53674316406e-07	0.515956102081	0.10669399869
1.90734863281e-06	0.544154621986	0.100209566732
3.81469726562e-06	0.585662981551	0.0961582469271
7.62939453125e-06	0.611490329265	0.0745189563543
1.52587890625e-05	0.639046633132	0.0643168788877
3.0517578125e-05	0.640793972583	0.0554413833366
6.103515625e-05	0.647768866699	0.0558561727937
0.0001220703125	0.644278592841	0.0535521425548
0.000244140625	0.642075215957	0.0591893245166
0.00048828125	0.634126377097	0.0585392514501
0.0009765625	0.629521786938	0.070033416826
0.001953125	0.619872288166	0.0690534206679
0.00390625	0.614869700394	0.0749646680691
0.0078125	0.591068716036	0.079876725513
0.015625	0.575868194547	0.0899667866946
0.03125	0.552691769919	0.108648406094
0.0625	0.501094667255	0.115971223678
0.125	0.420544423787	0.119920204094
0.25	0.356171901602	0.0950939254434
0.5	0.299861992221	0.0868777330235
1.0	0.275261930347	0.0865008464232
2.0	0.25507123598	0.0790431957497
4.0	0.204621363375	0.0771149686426
8.0	0.248649953576	0.0388567729405
16.0	0.242625272545	0.0802719012974
32.0	0.17801888875	0.0604872314571
64.0	0.229725043924	0.0637402907364
128.0	0.169148390504	0.0661944506976


  ads      ftst            C        f1      f1std
-----  --------  -----------  --------  ---------
    0  0.765348  0.000488281  0.628561  0.0541181
  200  0.774936  6.10352e-05  0.647769  0.0558562
          C    kerngamma    percentile  embs              n_fold    kerncoef0    cweights    e_context  clf    kerntype      kerndegree  feats
-----------  -----------  ------------  --------------  --------  -----------  ----------  -----------  -----  ----------  ------------  -------
6.10352e-05            1            20  ['s50', 'g50']         5            1           1            1  svm    lin                    1  psn
9.53674316406e-07	0.578546889824	0.16052464525
1.90734863281e-06	0.607605325798	0.139386867236
3.81469726562e-06	0.635343541419	0.124742552324
7.62939453125e-06	0.665979295492	0.10903467207
1.52587890625e-05	0.676529886398	0.0987493220491
3.0517578125e-05	0.686419263802	0.0917244697741
6.103515625e-05	0.684381439769	0.0887084841299
0.0001220703125	0.677832052915	0.0821654563927
0.000244140625	0.672424877811	0.0834013911533
0.00048828125	0.667990659032	0.086649012737
0.0009765625	0.657360568117	0.092355641427
0.001953125	0.653664953223	0.0894789354442
0.00390625	0.647980655152	0.102787242052
0.0078125	0.634799980273	0.119336606593
0.015625	0.598418240824	0.116043929614
0.03125	0.564380294337	0.144135524051
0.0625	0.49276099056	0.153561721536
0.125	0.399729408443	0.128582467981
0.25	0.290374689393	0.0853664470437
0.5	0.238380888808	0.0796102090681
1.0	0.229506036462	0.0743661961957
2.0	0.18208263187	0.0608957213078
4.0	0.212018501365	0.109706127447
8.0	0.176150568075	0.0703254237297
16.0	0.190205025702	0.0599153951489
32.0	0.17804549197	0.064426547101
64.0	0.155132939261	0.088415589852
128.0	0.152247022196	0.116497914594


  ads      ftst            C        f1      f1std
-----  --------  -----------  --------  ---------
    0  0.765348  0.000488281  0.628561  0.0541181
  200  0.774936  6.10352e-05  0.647769  0.0558562
  400  0.774382  3.05176e-05  0.686419  0.0917245
          C    kerngamma    percentile  embs              n_fold    kerncoef0    cweights    e_context  clf    kerntype      kerndegree  feats
-----------  -----------  ------------  --------------  --------  -----------  ----------  -----------  -----  ----------  ------------  -------
3.05176e-05            1            20  ['s50', 'g50']         5            1           1            1  svm    lin                    1  psn
9.53674316406e-07	0.620276359692	0.125008171867
1.90734863281e-06	0.642421092893	0.117057745828
3.81469726562e-06	0.671998828731	0.103559182921
7.62939453125e-06	0.694646816446	0.0919346355505
1.52587890625e-05	0.705310589289	0.0839209737266
3.0517578125e-05	0.707399515196	0.0786088580145
6.103515625e-05	0.701483595103	0.077987347935
0.0001220703125	0.703621201923	0.0842418511322
0.000244140625	0.691695546001	0.0832127728717
0.00048828125	0.689859000655	0.0815620861998
0.0009765625	0.685891085058	0.0868036890735
0.001953125	0.683389207485	0.0935775213746
0.00390625	0.671134603166	0.106032433469
0.0078125	0.658053950537	0.121040145415
0.015625	0.629899495444	0.132514835247
0.03125	0.575585742427	0.138531801974
0.0625	0.507610670344	0.143164048191
0.125	0.405653847778	0.114600096732
0.25	0.298495726197	0.0745337429097
0.5	0.24108941144	0.0636157309434
1.0	0.218616552543	0.0629007221825
2.0	0.209245145127	0.0525170441287
4.0	0.196795055041	0.0619480285891
8.0	0.200827463484	0.0544164288095
16.0	0.192376732882	0.0763395332579
32.0	0.21361645547	0.110298440546
64.0	0.179293165695	0.0628193420656
128.0	0.176917558378	0.101132708086


  ads      ftst            C        f1      f1std
-----  --------  -----------  --------  ---------
    0  0.765348  0.000488281  0.628561  0.0541181
  200  0.774936  6.10352e-05  0.647769  0.0558562
  400  0.774382  3.05176e-05  0.686419  0.0917245
  800  0.776129  3.05176e-05  0.7074    0.0786089
          C    kerngamma    percentile  embs              n_fold    kerncoef0    cweights    e_context  clf    kerntype      kerndegree  feats
-----------  -----------  ------------  --------------  --------  -----------  ----------  -----------  -----  ----------  ------------  -------
3.05176e-05            1            20  ['s50', 'g50']         5            1           1            1  svm    lin                    1  psn
9.53674316406e-07	0.646373204108	0.119779580698
1.90734863281e-06	0.671230816436	0.107351230824
3.81469726562e-06	0.701739930448	0.0965453962938
7.62939453125e-06	0.716051255867	0.0875834421372
1.52587890625e-05	0.719992374779	0.0842376081038
3.0517578125e-05	0.723845280848	0.0786828600583
6.103515625e-05	0.722537707477	0.0777416494092
0.0001220703125	0.718340537823	0.0808481246022
0.000244140625	0.718846790884	0.0792194819405
0.00048828125	0.718682586189	0.0781360692369
0.0009765625	0.715165488556	0.0799206486789
0.001953125	0.705884028096	0.0818605599621
0.00390625	0.703232325695	0.0893152220867
0.0078125	0.693430256525	0.100670954124
0.015625	0.670111868677	0.117871115884
0.03125	0.627434875716	0.135138050191
0.0625	0.560881489982	0.126728601984
0.125	0.466910684192	0.102064649757
0.25	0.38859951717	0.0866178701268
0.5	0.329365866696	0.075134861783
1.0	0.310124626456	0.0866192794008
2.0	0.263582036171	0.0667251276643
4.0	0.268262012188	0.0831141450743
8.0	0.209396832928	0.0564670095362
16.0	0.226262513839	0.0855772441694
32.0	0.170047623422	0.0505157996127
64.0	0.202820694053	0.0987929501027
128.0	0.350209106997	0.129271430071


  ads      ftst            C        f1      f1std
-----  --------  -----------  --------  ---------
    0  0.765348  0.000488281  0.628561  0.0541181
  200  0.774936  6.10352e-05  0.647769  0.0558562
  400  0.774382  3.05176e-05  0.686419  0.0917245
  800  0.776129  3.05176e-05  0.7074    0.0786089
 1600  0.779655  3.05176e-05  0.723845  0.0786829
          C    kerngamma    percentile  embs              n_fold    kerncoef0    cweights    e_context  clf    kerntype      kerndegree  feats
-----------  -----------  ------------  --------------  --------  -----------  ----------  -----------  -----  ----------  ------------  -------
3.05176e-05            1            20  ['s50', 'g50']         5            1           1            1  svm    lin                    1  psn
9.53674316406e-07	0.657816319423	0.0724800612308
1.90734863281e-06	0.685701695802	0.0623799945448
3.81469726562e-06	0.699312858478	0.0562099123336
7.62939453125e-06	0.711982695843	0.0521060255482
1.52587890625e-05	0.715867853023	0.0512134548855
3.0517578125e-05	0.71743436811	0.0495379309955
6.103515625e-05	0.723330157767	0.0495018988047
0.0001220703125	0.724058237116	0.0506814036376
0.000244140625	0.723677901272	0.0517205306634
0.00048828125	0.724315196295	0.0520641950904
0.0009765625	0.722167679462	0.0514967967338
0.001953125	0.71665090342	0.0509138447673
0.00390625	0.712976091082	0.0568194695713
0.0078125	0.704371418236	0.0621753056318
0.015625	0.685665357133	0.0750272843961
0.03125	0.642285634038	0.0886202150514
0.0625	0.574114542867	0.0975888588654
0.125	0.479868318224	0.086980319244
0.25	0.415739229697	0.0728849259772
0.5	0.352829444314	0.0651701872012
1.0	0.309643708797	0.0594017342591
2.0	0.301599891905	0.0761992764117
4.0	0.253638773638	0.056555309565
8.0	0.234187857313	0.0534554917437
16.0	0.188992688733	0.0450036574046
32.0	0.199919992041	0.0599859819849
64.0	0.156006931764	0.0349456950618
128.0	0.209787952712	0.0722141576249


  ads      ftst            C        f1      f1std
-----  --------  -----------  --------  ---------
    0  0.765348  0.000488281  0.628561  0.0541181
  200  0.774936  6.10352e-05  0.647769  0.0558562
  400  0.774382  3.05176e-05  0.686419  0.0917245
  800  0.776129  3.05176e-05  0.7074    0.0786089
 1600  0.779655  3.05176e-05  0.723845  0.0786829
 3200  0.787096  0.000488281  0.724315  0.0520642
          C    kerngamma    percentile  embs              n_fold    kerncoef0    cweights    e_context  clf    kerntype      kerndegree  feats
-----------  -----------  ------------  --------------  --------  -----------  ----------  -----------  -----  ----------  ------------  -------
0.000488281            1            20  ['s50', 'g50']         5            1           1            1  svm    lin                    1  psn
9.53674316406e-07	0.692795537392	0.0484462528269
1.90734863281e-06	0.712145236893	0.0437960960556
3.81469726562e-06	0.722439521716	0.041968771907
7.62939453125e-06	0.729348962971	0.0405663126533
1.52587890625e-05	0.732314613821	0.0390969800105
3.0517578125e-05	0.735366119487	0.0400003189223
6.103515625e-05	0.738116424621	0.0400505830123
0.0001220703125	0.73962791262	0.0406876291283
0.000244140625	0.741179884086	0.0417895226817
0.00048828125	0.74231021541	0.0439501339243
0.0009765625	0.741801511869	0.0448464761128
0.001953125	0.739855220127	0.0446426466714
0.00390625	0.739583892675	0.0479155159084
0.0078125	0.73170667709	0.0508798693102
0.015625	0.716649383169	0.0542509636159
0.03125	0.689036486531	0.0593717401632
0.0625	0.646743136433	0.0655800293835
0.125	0.591631763541	0.0700903731552
0.25	0.534366034251	0.0743641303012
0.5	0.482867089564	0.0732905144129
1.0	0.412293553212	0.0599244492885
2.0	0.34662587998	0.0579110525279
4.0	0.306275927422	0.0521133009026
8.0	0.279052219317	0.0393626502177
16.0	0.249558330832	0.0506066989364
32.0	0.224311964981	0.0563240614064
64.0	0.273544902016	0.1019696672
128.0	0.209743446823	0.0418982677097


  ads      ftst            C        f1      f1std
-----  --------  -----------  --------  ---------
    0  0.765348  0.000488281  0.628561  0.0541181
  200  0.774936  6.10352e-05  0.647769  0.0558562
  400  0.774382  3.05176e-05  0.686419  0.0917245
  800  0.776129  3.05176e-05  0.7074    0.0786089
 1600  0.779655  3.05176e-05  0.723845  0.0786829
 3200  0.787096  0.000488281  0.724315  0.0520642
 6400  0.803169  0.000488281  0.74231   0.0439501
          C    kerngamma    percentile  embs              n_fold    kerncoef0    cweights    e_context  clf    kerntype      kerndegree  feats
-----------  -----------  ------------  --------------  --------  -----------  ----------  -----------  -----  ----------  ------------  -------
0.000488281            1            20  ['s50', 'g50']         5            1           1            1  svm    lin                    1  psn
9.53674316406e-07	0.386880130642	0.0659373298543
1.90734863281e-06	0.409822181755	0.0712787733731
3.81469726562e-06	0.44793123966	0.0770679264592
7.62939453125e-06	0.507913095528	0.0796848872052
1.52587890625e-05	0.560394060594	0.0686838591388
3.0517578125e-05	0.592299938121	0.053752953376
6.103515625e-05	0.619436712467	0.0578602856887
0.0001220703125	0.626421171199	0.0542943425469
0.000244140625	0.627508209054	0.0535938304836
0.00048828125	0.628561368246	0.0541181242137
0.0009765625	0.61806124754	0.0456010491366
0.001953125	0.616726917186	0.0470328035657
0.00390625	0.601791888274	0.0528437916326
0.0078125	0.59245483567	0.0540386574701
0.015625	0.580275714702	0.0515382330882
0.03125	0.571486664558	0.0512359916339
0.0625	0.555674090001	0.0575689370263
0.125	0.520387952675	0.0731945629175
0.25	0.474031362596	0.0645255979178
0.5	0.433215525294	0.0493784043267
1.0	0.391887443369	0.0320620216583
2.0	0.362919150185	0.0329335095833
4.0	0.33506670622	0.0165155866448
8.0	0.345371787579	0.0687339872589
16.0	0.371142748518	0.0949939333237
32.0	0.366303366565	0.0921070274994
64.0	0.338505335572	0.111970647797
128.0	0.321808721296	0.055331103352


  ads      ftst            C        f1      f1std
-----  --------  -----------  --------  ---------
    0  0.765348  0.000488281  0.628561  0.0541181
  200  0.774936  6.10352e-05  0.647769  0.0558562
  400  0.774382  3.05176e-05  0.686419  0.0917245
  800  0.776129  3.05176e-05  0.7074    0.0786089
 1600  0.779655  3.05176e-05  0.723845  0.0786829
 3200  0.787096  0.000488281  0.724315  0.0520642
 6400  0.803169  0.000488281  0.74231   0.0439501
    0  0.746057  0.000488281  0.628561  0.0541181
          C    kerngamma    percentile  embs              n_fold    kerncoef0    cweights    e_context  clf    kerntype      kerndegree  feats
-----------  -----------  ------------  --------------  --------  -----------  ----------  -----------  -----  ----------  ------------  -------
0.000488281            1            20  ['s50', 'g50']         5            1           1            1  svm    lin                    1  psn
9.53674316406e-07	0.55368749671	0.126816823703
1.90734863281e-06	0.577548321858	0.132516494714
3.81469726562e-06	0.608209083528	0.121591238668
7.62939453125e-06	0.648604501396	0.102752772002
1.52587890625e-05	0.662035570819	0.0804303672716
3.0517578125e-05	0.663250787133	0.0738858566822
6.103515625e-05	0.665789535909	0.0646092732971
0.0001220703125	0.661912930899	0.0634389851565
0.000244140625	0.654090533299	0.0654823753675
0.00048828125	0.649737645754	0.0675626661412
0.0009765625	0.645867283924	0.0747875728106
0.001953125	0.643636695321	0.0789759018277
0.00390625	0.630342025114	0.0822496640957
0.0078125	0.62407668474	0.086808417041
0.015625	0.60727467653	0.0934824318067
0.03125	0.570512324582	0.115741279026
0.0625	0.515572142206	0.108680282994
0.125	0.424253680274	0.110513489667
0.25	0.373866548091	0.12614471157
0.5	0.32789417164	0.105565068072
1.0	0.308430665236	0.110659495658
2.0	0.298609343775	0.11418578888
4.0	0.269467128709	0.117801272094
8.0	0.278867513733	0.123113722938
16.0	0.219403606831	0.139056873775
32.0	0.181125406136	0.0564722250197
64.0	0.167452105124	0.0590128350048
128.0	0.223220409207	0.15130220789


  ads      ftst            C        f1      f1std
-----  --------  -----------  --------  ---------
    0  0.765348  0.000488281  0.628561  0.0541181
  200  0.774936  6.10352e-05  0.647769  0.0558562
  400  0.774382  3.05176e-05  0.686419  0.0917245
  800  0.776129  3.05176e-05  0.7074    0.0786089
 1600  0.779655  3.05176e-05  0.723845  0.0786829
 3200  0.787096  0.000488281  0.724315  0.0520642
 6400  0.803169  0.000488281  0.74231   0.0439501
    0  0.746057  0.000488281  0.628561  0.0541181
  200  0.752317  6.10352e-05  0.66579   0.0646093
          C    kerngamma    percentile  embs              n_fold    kerncoef0    cweights    e_context  clf    kerntype      kerndegree  feats
-----------  -----------  ------------  --------------  --------  -----------  ----------  -----------  -----  ----------  ------------  -------
6.10352e-05            1            20  ['s50', 'g50']         5            1           1            1  svm    lin                    1  psn
9.53674316406e-07	0.56621104206	0.163237905232
1.90734863281e-06	0.590059936173	0.151618300993
3.81469726562e-06	0.629858943545	0.138033288945
7.62939453125e-06	0.661425994474	0.123348502953
1.52587890625e-05	0.687662317064	0.105925799175
3.0517578125e-05	0.697334046793	0.102014394256
6.103515625e-05	0.697990135678	0.0980487921466
0.0001220703125	0.692911828595	0.0909062422317
0.000244140625	0.691634034645	0.0922987068442
0.00048828125	0.683133414548	0.0873035859923
0.0009765625	0.67482113702	0.0903982639571
0.001953125	0.664596223193	0.0927104696674
0.00390625	0.666295512111	0.0981789516967
0.0078125	0.652219450124	0.112642882644
0.015625	0.624407780512	0.128436674692
0.03125	0.578761614868	0.140800737809
0.0625	0.539083262851	0.160660387192
0.125	0.484347837961	0.144613225097
0.25	0.375066652138	0.117351351458
0.5	0.312491667997	0.0902171632524
1.0	0.280510190098	0.0869036768209
2.0	0.247879404947	0.084125943482
4.0	0.245544180367	0.0687289610279
8.0	0.223554538974	0.10469147929
16.0	0.192005282666	0.0625082959233
32.0	0.169143292514	0.079495070001
64.0	0.172487293676	0.0890773990778
128.0	0.167178511568	0.0718823034285


  ads      ftst            C        f1      f1std
-----  --------  -----------  --------  ---------
    0  0.765348  0.000488281  0.628561  0.0541181
  200  0.774936  6.10352e-05  0.647769  0.0558562
  400  0.774382  3.05176e-05  0.686419  0.0917245
  800  0.776129  3.05176e-05  0.7074    0.0786089
 1600  0.779655  3.05176e-05  0.723845  0.0786829
 3200  0.787096  0.000488281  0.724315  0.0520642
 6400  0.803169  0.000488281  0.74231   0.0439501
    0  0.746057  0.000488281  0.628561  0.0541181
  200  0.752317  6.10352e-05  0.66579   0.0646093
  400  0.764506  6.10352e-05  0.69799   0.0980488
          C    kerngamma    percentile  embs              n_fold    kerncoef0    cweights    e_context  clf    kerntype      kerndegree  feats
-----------  -----------  ------------  --------------  --------  -----------  ----------  -----------  -----  ----------  ------------  -------
6.10352e-05            1            20  ['s50', 'g50']         5            1           1            1  svm    lin                    1  psn
9.53674316406e-07	0.620746294365	0.142550035243
1.90734863281e-06	0.651512634065	0.13406717334
3.81469726562e-06	0.670318859303	0.118682776217
7.62939453125e-06	0.688723256585	0.100370115028
1.52587890625e-05	0.698533315278	0.094367752112
3.0517578125e-05	0.703568276965	0.0895948493688
6.103515625e-05	0.704550979932	0.086150421821
0.0001220703125	0.70523453094	0.0881019622583
0.000244140625	0.702572629736	0.0911303475956
0.00048828125	0.698679226411	0.094764968129
0.0009765625	0.692359045975	0.0989712687872
0.001953125	0.686226697496	0.102862155831
0.00390625	0.683604508811	0.108233464316
0.0078125	0.675016302242	0.116697983505
0.015625	0.640236791518	0.128506181491
0.03125	0.597814718436	0.139840621441
0.0625	0.53653348621	0.15015300661
0.125	0.446093690613	0.137771503833
0.25	0.37144236362	0.12019206065
0.5	0.326189958354	0.103275874803
1.0	0.280005963007	0.0882358107681
2.0	0.250818400882	0.0801242472097
4.0	0.254739844478	0.092837015987
8.0	0.208416827304	0.0866647762354
16.0	0.187908208323	0.0720080982321
32.0	0.167033663639	0.0685118009739
64.0	0.168146270231	0.0403205278769
128.0	0.227886121978	0.0850299526444


  ads      ftst            C        f1      f1std
-----  --------  -----------  --------  ---------
    0  0.765348  0.000488281  0.628561  0.0541181
  200  0.774936  6.10352e-05  0.647769  0.0558562
  400  0.774382  3.05176e-05  0.686419  0.0917245
  800  0.776129  3.05176e-05  0.7074    0.0786089
 1600  0.779655  3.05176e-05  0.723845  0.0786829
 3200  0.787096  0.000488281  0.724315  0.0520642
 6400  0.803169  0.000488281  0.74231   0.0439501
    0  0.746057  0.000488281  0.628561  0.0541181
  200  0.752317  6.10352e-05  0.66579   0.0646093
  400  0.764506  6.10352e-05  0.69799   0.0980488
  800  0.764669  0.00012207   0.705235  0.088102
         C    kerngamma    percentile  embs              n_fold    kerncoef0    cweights    e_context  clf    kerntype      kerndegree  feats
----------  -----------  ------------  --------------  --------  -----------  ----------  -----------  -----  ----------  ------------  -------
0.00012207            1            20  ['s50', 'g50']         5            1           1            1  svm    lin                    1  psn
9.53674316406e-07	0.649154676747	0.122755860175
1.90734863281e-06	0.670241513436	0.112614896947
3.81469726562e-06	0.694420170061	0.0989435718123
7.62939453125e-06	0.709532309969	0.0874614895997
1.52587890625e-05	0.713044048545	0.0818534748449
3.0517578125e-05	0.715295781618	0.0811572962264
6.103515625e-05	0.720324821019	0.0821357040314
0.0001220703125	0.724579567381	0.082686136882
0.000244140625	0.725276596623	0.0891769688507
0.00048828125	0.721812969615	0.0908329188278
0.0009765625	0.72068864547	0.0929373773688
0.001953125	0.716177602576	0.100035952926
0.00390625	0.703351545959	0.102872995537
0.0078125	0.691590444325	0.113002301951
0.015625	0.660936266539	0.129200133908
0.03125	0.60990709934	0.130163284924
0.0625	0.549661741536	0.134521124834
0.125	0.444304624098	0.120763511011
0.25	0.360309112121	0.103729711543
0.5	0.306037877084	0.092063866771
1.0	0.270991097983	0.08135773932
2.0	0.23825301598	0.0673230762718
4.0	0.189837277004	0.0553873213318
8.0	0.162658869679	0.0548165719298
16.0	0.161134829215	0.0562878324151
32.0	0.182072886828	0.0405830073908
64.0	0.145180638728	0.0646198324765
128.0	0.208688104358	0.117174383222


  ads      ftst            C        f1      f1std
-----  --------  -----------  --------  ---------
    0  0.765348  0.000488281  0.628561  0.0541181
  200  0.774936  6.10352e-05  0.647769  0.0558562
  400  0.774382  3.05176e-05  0.686419  0.0917245
  800  0.776129  3.05176e-05  0.7074    0.0786089
 1600  0.779655  3.05176e-05  0.723845  0.0786829
 3200  0.787096  0.000488281  0.724315  0.0520642
 6400  0.803169  0.000488281  0.74231   0.0439501
    0  0.746057  0.000488281  0.628561  0.0541181
  200  0.752317  6.10352e-05  0.66579   0.0646093
  400  0.764506  6.10352e-05  0.69799   0.0980488
  800  0.764669  0.00012207   0.705235  0.088102
 1600  0.764356  0.000244141  0.725277  0.089177
          C    kerngamma    percentile  embs              n_fold    kerncoef0    cweights    e_context  clf    kerntype      kerndegree  feats
-----------  -----------  ------------  --------------  --------  -----------  ----------  -----------  -----  ----------  ------------  -------
0.000244141            1            20  ['s50', 'g50']         5            1           1            1  svm    lin                    1  psn
9.53674316406e-07	0.652330253672	0.0800877540424
1.90734863281e-06	0.684928690823	0.0747520032477
3.81469726562e-06	0.70434163618	0.063824030831
7.62939453125e-06	0.713884396728	0.0604696825202
1.52587890625e-05	0.719736040909	0.058205212147
3.0517578125e-05	0.724892694831	0.0572050882839
6.103515625e-05	0.725816119605	0.0594918449825
0.0001220703125	0.726843139881	0.0636049292409
0.000244140625	0.729252271844	0.0617932274907
0.00048828125	0.72655044812	0.0609492904053
0.0009765625	0.728975391459	0.060569819624
0.001953125	0.727123766911	0.0627439243521
0.00390625	0.725524788681	0.0652412606188
0.0078125	0.716924272295	0.077648727461
0.015625	0.694825416549	0.0833144599185
0.03125	0.658761777484	0.0895957442737
0.0625	0.594053837192	0.0966498126822
0.125	0.51665570521	0.0961167257548
0.25	0.448608552154	0.0871489667787
0.5	0.409349211287	0.0887900620331
1.0	0.360535132129	0.076896562809
2.0	0.307693592206	0.0664214674101
4.0	0.274853430644	0.0781721461371
8.0	0.266402208093	0.0859080818983
16.0	0.207905520752	0.0651925909862
32.0	0.201354709043	0.0582023109696
64.0	0.209465426282	0.0685423505714
128.0	0.18128473234	0.062559441473


  ads      ftst            C        f1      f1std
-----  --------  -----------  --------  ---------
    0  0.765348  0.000488281  0.628561  0.0541181
  200  0.774936  6.10352e-05  0.647769  0.0558562
  400  0.774382  3.05176e-05  0.686419  0.0917245
  800  0.776129  3.05176e-05  0.7074    0.0786089
 1600  0.779655  3.05176e-05  0.723845  0.0786829
 3200  0.787096  0.000488281  0.724315  0.0520642
 6400  0.803169  0.000488281  0.74231   0.0439501
    0  0.746057  0.000488281  0.628561  0.0541181
  200  0.752317  6.10352e-05  0.66579   0.0646093
  400  0.764506  6.10352e-05  0.69799   0.0980488
  800  0.764669  0.00012207   0.705235  0.088102
 1600  0.764356  0.000244141  0.725277  0.089177
 3200  0.774729  0.000244141  0.729252  0.0617932
          C    kerngamma    percentile  embs              n_fold    kerncoef0    cweights    e_context  clf    kerntype      kerndegree  feats
-----------  -----------  ------------  --------------  --------  -----------  ----------  -----------  -----  ----------  ------------  -------
0.000244141            1            20  ['s50', 'g50']         5            1           1            1  svm    lin                    1  psn
9.53674316406e-07	0.694766037306	0.0544357751683
1.90734863281e-06	0.716968293213	0.0497553149669
3.81469726562e-06	0.728216671919	0.0448130919162
7.62939453125e-06	0.734241467206	0.0447331205751
1.52587890625e-05	0.738000033209	0.0449451009526
3.0517578125e-05	0.741106986513	0.0454687379805
6.103515625e-05	0.742519533426	0.0450800349947
0.0001220703125	0.743331043534	0.0443404622227
0.000244140625	0.745300675687	0.0446810244679
0.00048828125	0.74708794886	0.0443796098484
0.0009765625	0.748006608932	0.0461435792669
0.001953125	0.749703824276	0.0456217588938
0.00390625	0.749601235314	0.0444210413022
0.0078125	0.744095632606	0.0467703688926
0.015625	0.726894706765	0.0536056441121
0.03125	0.695380397447	0.0569383045528
0.0625	0.657006466512	0.0596470504043
0.125	0.601923106161	0.0662023060996
0.25	0.544387949791	0.0675392728756
0.5	0.493251705635	0.0684067170393
1.0	0.419313424742	0.054966505671
2.0	0.359464055542	0.0421539109782
4.0	0.346907201515	0.0662478998482
8.0	0.274912780268	0.0340609243866
16.0	0.282528386772	0.0465011307792
32.0	0.238040283582	0.0534070203916
64.0	0.231076273447	0.0415978970506
128.0	0.226464591435	0.0460955111523


  ads      ftst            C        f1      f1std
-----  --------  -----------  --------  ---------
    0  0.765348  0.000488281  0.628561  0.0541181
  200  0.774936  6.10352e-05  0.647769  0.0558562
  400  0.774382  3.05176e-05  0.686419  0.0917245
  800  0.776129  3.05176e-05  0.7074    0.0786089
 1600  0.779655  3.05176e-05  0.723845  0.0786829
 3200  0.787096  0.000488281  0.724315  0.0520642
 6400  0.803169  0.000488281  0.74231   0.0439501
    0  0.746057  0.000488281  0.628561  0.0541181
  200  0.752317  6.10352e-05  0.66579   0.0646093
  400  0.764506  6.10352e-05  0.69799   0.0980488
  800  0.764669  0.00012207   0.705235  0.088102
 1600  0.764356  0.000244141  0.725277  0.089177
 3200  0.774729  0.000244141  0.729252  0.0617932
 6400  0.778618  0.00195312   0.749704  0.0456218
         C    kerngamma    percentile  embs              n_fold    kerncoef0    cweights    e_context  clf    kerntype      kerndegree  feats
----------  -----------  ------------  --------------  --------  -----------  ----------  -----------  -----  ----------  ------------  -------
0.00195312            1            20  ['s50', 'g50']         5            1           1            1  svm    lin                    1  psn
9.53674316406e-07	0.386880130642	0.0659373298543
1.90734863281e-06	0.409822181755	0.0712787733731
3.81469726562e-06	0.44793123966	0.0770679264592
7.62939453125e-06	0.507913095528	0.0796848872052
1.52587890625e-05	0.560394060594	0.0686838591388
3.0517578125e-05	0.592299938121	0.053752953376
6.103515625e-05	0.619436712467	0.0578602856887
0.0001220703125	0.626421171199	0.0542943425469
0.000244140625	0.627508209054	0.0535938304836
0.00048828125	0.628561368246	0.0541181242137
0.0009765625	0.61806124754	0.0456010491366
0.001953125	0.616726917186	0.0470328035657
0.00390625	0.601791888274	0.0528437916326
0.0078125	0.59245483567	0.0540386574701
0.015625	0.580275714702	0.0515382330882
0.03125	0.571486664558	0.0512359916339
0.0625	0.555674090001	0.0575689370263
0.125	0.520387952675	0.0731945629175
0.25	0.474031362596	0.0645255979178
0.5	0.433215525294	0.0493784043267
1.0	0.391887443369	0.0320620216583
2.0	0.362919150185	0.0329335095833
4.0	0.33506670622	0.0165155866448
8.0	0.345371787579	0.0687339872589
16.0	0.371142748518	0.0949939333237
32.0	0.366303366565	0.0921070274994
64.0	0.338505335572	0.111970647797
128.0	0.321808721296	0.055331103352


  ads      ftst            C        f1      f1std
-----  --------  -----------  --------  ---------
    0  0.765348  0.000488281  0.628561  0.0541181
  200  0.774936  6.10352e-05  0.647769  0.0558562
  400  0.774382  3.05176e-05  0.686419  0.0917245
  800  0.776129  3.05176e-05  0.7074    0.0786089
 1600  0.779655  3.05176e-05  0.723845  0.0786829
 3200  0.787096  0.000488281  0.724315  0.0520642
 6400  0.803169  0.000488281  0.74231   0.0439501
    0  0.746057  0.000488281  0.628561  0.0541181
  200  0.752317  6.10352e-05  0.66579   0.0646093
  400  0.764506  6.10352e-05  0.69799   0.0980488
  800  0.764669  0.00012207   0.705235  0.088102
 1600  0.764356  0.000244141  0.725277  0.089177
 3200  0.774729  0.000244141  0.729252  0.0617932
 6400  0.778618  0.00195312   0.749704  0.0456218
    0  0.709815  0.000488281  0.628561  0.0541181
          C    kerngamma    percentile  embs              n_fold    kerncoef0    cweights    e_context  clf    kerntype      kerndegree  feats
-----------  -----------  ------------  --------------  --------  -----------  ----------  -----------  -----  ----------  ------------  -------
0.000488281            1            20  ['s50', 'g50']         5            1           1            1  svm    lin                    1  psn
9.53674316406e-07	0.478660863132	0.171638644361
1.90734863281e-06	0.518141771755	0.164594161928
3.81469726562e-06	0.572592447582	0.161055519439
7.62939453125e-06	0.614112002712	0.139778477986
1.52587890625e-05	0.651828873902	0.126216246482
3.0517578125e-05	0.669139407701	0.107091832043
6.103515625e-05	0.674737104023	0.0943165403803
0.0001220703125	0.672432156796	0.100020116612
0.000244140625	0.674144082839	0.098119285045
0.00048828125	0.663154277906	0.0843885243949
0.0009765625	0.656721446499	0.0822734907892
0.001953125	0.649986656196	0.0839997684497
0.00390625	0.638669256107	0.0793498126563
0.0078125	0.623006653316	0.0911712453297
0.015625	0.60918810989	0.103663540967
0.03125	0.578960137833	0.0978577930632
0.0625	0.533075235608	0.121735353969
0.125	0.479739976578	0.128373661287
0.25	0.372781394473	0.149702723661
0.5	0.320406803667	0.124745234535
1.0	0.296245617834	0.103509269953
2.0	0.235227533064	0.0940153220406
4.0	0.219845824976	0.0914131963736
8.0	0.221758106952	0.0618139168891
16.0	0.250511764818	0.119153461642
32.0	0.154262036226	0.058577688145
64.0	0.282959210358	0.147154539937
128.0	0.206713550463	0.0939435788253


  ads      ftst            C        f1      f1std
-----  --------  -----------  --------  ---------
    0  0.765348  0.000488281  0.628561  0.0541181
  200  0.774936  6.10352e-05  0.647769  0.0558562
  400  0.774382  3.05176e-05  0.686419  0.0917245
  800  0.776129  3.05176e-05  0.7074    0.0786089
 1600  0.779655  3.05176e-05  0.723845  0.0786829
 3200  0.787096  0.000488281  0.724315  0.0520642
 6400  0.803169  0.000488281  0.74231   0.0439501
    0  0.746057  0.000488281  0.628561  0.0541181
  200  0.752317  6.10352e-05  0.66579   0.0646093
  400  0.764506  6.10352e-05  0.69799   0.0980488
  800  0.764669  0.00012207   0.705235  0.088102
 1600  0.764356  0.000244141  0.725277  0.089177
 3200  0.774729  0.000244141  0.729252  0.0617932
 6400  0.778618  0.00195312   0.749704  0.0456218
    0  0.709815  0.000488281  0.628561  0.0541181
  200  0.717593  6.10352e-05  0.674737  0.0943165
          C    kerngamma    percentile  embs              n_fold    kerncoef0    cweights    e_context  clf    kerntype      kerndegree  feats
-----------  -----------  ------------  --------------  --------  -----------  ----------  -----------  -----  ----------  ------------  -------
6.10352e-05            1            20  ['s50', 'g50']         5            1           1            1  svm    lin                    1  psn
9.53674316406e-07	0.55891499061	0.173079596311
1.90734863281e-06	0.599640619849	0.163347075836
3.81469726562e-06	0.642878516738	0.156083298308
7.62939453125e-06	0.6802380978	0.144499360003
1.52587890625e-05	0.696536249425	0.120091261496
3.0517578125e-05	0.701726200306	0.108779151698
6.103515625e-05	0.703489033929	0.101770721911
0.0001220703125	0.704204714409	0.100714579288
0.000244140625	0.703601577854	0.097657791383
0.00048828125	0.701175963974	0.107584719497
0.0009765625	0.700094174434	0.106448269127
0.001953125	0.695834287	0.1068826696
0.00390625	0.687619182369	0.112901798469
0.0078125	0.676349981036	0.121051562075
0.015625	0.653375088039	0.13546379684
0.03125	0.618280934901	0.153919344591
0.0625	0.56680993465	0.162324410195
0.125	0.498208263411	0.166423587518
0.25	0.413751527458	0.144883418524
0.5	0.359112717447	0.113569563783
1.0	0.339656934157	0.110890935616
2.0	0.25897892712	0.103726474604
4.0	0.241925403611	0.0675037612428
8.0	0.254785791188	0.140716947083
16.0	0.224918456635	0.0816630914226
32.0	0.230925290144	0.0800143813056
64.0	0.274713954297	0.182128756978
128.0	0.214792509111	0.100020050723


  ads      ftst            C        f1      f1std
-----  --------  -----------  --------  ---------
    0  0.765348  0.000488281  0.628561  0.0541181
  200  0.774936  6.10352e-05  0.647769  0.0558562
  400  0.774382  3.05176e-05  0.686419  0.0917245
  800  0.776129  3.05176e-05  0.7074    0.0786089
 1600  0.779655  3.05176e-05  0.723845  0.0786829
 3200  0.787096  0.000488281  0.724315  0.0520642
 6400  0.803169  0.000488281  0.74231   0.0439501
    0  0.746057  0.000488281  0.628561  0.0541181
  200  0.752317  6.10352e-05  0.66579   0.0646093
  400  0.764506  6.10352e-05  0.69799   0.0980488
  800  0.764669  0.00012207   0.705235  0.088102
 1600  0.764356  0.000244141  0.725277  0.089177
 3200  0.774729  0.000244141  0.729252  0.0617932
 6400  0.778618  0.00195312   0.749704  0.0456218
    0  0.709815  0.000488281  0.628561  0.0541181
  200  0.717593  6.10352e-05  0.674737  0.0943165
  400  0.710514  0.00012207   0.704205  0.100715
         C    kerngamma    percentile  embs              n_fold    kerncoef0    cweights    e_context  clf    kerntype      kerndegree  feats
----------  -----------  ------------  --------------  --------  -----------  ----------  -----------  -----  ----------  ------------  -------
0.00012207            1            20  ['s50', 'g50']         5            1           1            1  svm    lin                    1  psn
9.53674316406e-07	0.621859675533	0.148403001127
1.90734863281e-06	0.645614829432	0.142978952021
3.81469726562e-06	0.681388253992	0.130902712666
7.62939453125e-06	0.697929621551	0.118732167235
1.52587890625e-05	0.710310810012	0.10880028993
3.0517578125e-05	0.712857935537	0.102408122513
6.103515625e-05	0.709445701756	0.0991124821346
0.0001220703125	0.709527652746	0.101366415334
0.000244140625	0.713071683106	0.100899595393
0.00048828125	0.717802577822	0.100385103579
0.0009765625	0.713731125028	0.104191493775
0.001953125	0.70868774055	0.110017301539
0.00390625	0.692086271764	0.119698038481
0.0078125	0.674839459777	0.13282043996
0.015625	0.660754963128	0.152621420199
0.03125	0.619190925104	0.166290357568
0.0625	0.547582929031	0.165945978179
0.125	0.468436194109	0.150167881219
0.25	0.380056150517	0.114023409884
0.5	0.325194669377	0.091989476714
1.0	0.281253519837	0.0815709030811
2.0	0.230269686269	0.0614026787904
4.0	0.212047163529	0.0601475609133
8.0	0.196626385794	0.0592322863479
16.0	0.161646431396	0.0398464704856
32.0	0.180348873335	0.0864752519648
64.0	0.186876563548	0.0937511321535
128.0	0.19558804874	0.103562417318


  ads      ftst            C        f1      f1std
-----  --------  -----------  --------  ---------
    0  0.765348  0.000488281  0.628561  0.0541181
  200  0.774936  6.10352e-05  0.647769  0.0558562
  400  0.774382  3.05176e-05  0.686419  0.0917245
  800  0.776129  3.05176e-05  0.7074    0.0786089
 1600  0.779655  3.05176e-05  0.723845  0.0786829
 3200  0.787096  0.000488281  0.724315  0.0520642
 6400  0.803169  0.000488281  0.74231   0.0439501
    0  0.746057  0.000488281  0.628561  0.0541181
  200  0.752317  6.10352e-05  0.66579   0.0646093
  400  0.764506  6.10352e-05  0.69799   0.0980488
  800  0.764669  0.00012207   0.705235  0.088102
 1600  0.764356  0.000244141  0.725277  0.089177
 3200  0.774729  0.000244141  0.729252  0.0617932
 6400  0.778618  0.00195312   0.749704  0.0456218
    0  0.709815  0.000488281  0.628561  0.0541181
  200  0.717593  6.10352e-05  0.674737  0.0943165
  400  0.710514  0.00012207   0.704205  0.100715
  800  0.707337  0.000488281  0.717803  0.100385
          C    kerngamma    percentile  embs              n_fold    kerncoef0    cweights    e_context  clf    kerntype      kerndegree  feats
-----------  -----------  ------------  --------------  --------  -----------  ----------  -----------  -----  ----------  ------------  -------
0.000488281            1            20  ['s50', 'g50']         5            1           1            1  svm    lin                    1  psn
9.53674316406e-07	0.654809077474	0.0962370880312
1.90734863281e-06	0.683285065382	0.091789229539
3.81469726562e-06	0.700540955293	0.0835524758745
7.62939453125e-06	0.712923583654	0.075747116164
1.52587890625e-05	0.716938841059	0.070341960548
3.0517578125e-05	0.721998560321	0.0702711264597
6.103515625e-05	0.72427500192	0.0710596895267
0.0001220703125	0.725696789156	0.0720487494539
0.000244140625	0.72458512009	0.072437379917
0.00048828125	0.723272430054	0.07667032988
0.0009765625	0.72214718048	0.08109852092
0.001953125	0.715809747157	0.0851301298161
0.00390625	0.710223334614	0.0892902069033
0.0078125	0.703809388096	0.105274568969
0.015625	0.670432326873	0.115493073028
0.03125	0.621972624157	0.129283114494
0.0625	0.574702825226	0.136082994755
0.125	0.477751815809	0.121818181357
0.25	0.415943317195	0.108254639964
0.5	0.360739406328	0.0916015030419
1.0	0.324403132254	0.0795910749832
2.0	0.274096752657	0.069694873016
4.0	0.247888214627	0.0495949647158
8.0	0.226889037352	0.0443397485503
16.0	0.204892347095	0.0637238962876
32.0	0.205989060875	0.0534514098057
64.0	0.192805974957	0.0476698562116
128.0	0.191684682779	0.0725190711461


  ads      ftst            C        f1      f1std
-----  --------  -----------  --------  ---------
    0  0.765348  0.000488281  0.628561  0.0541181
  200  0.774936  6.10352e-05  0.647769  0.0558562
  400  0.774382  3.05176e-05  0.686419  0.0917245
  800  0.776129  3.05176e-05  0.7074    0.0786089
 1600  0.779655  3.05176e-05  0.723845  0.0786829
 3200  0.787096  0.000488281  0.724315  0.0520642
 6400  0.803169  0.000488281  0.74231   0.0439501
    0  0.746057  0.000488281  0.628561  0.0541181
  200  0.752317  6.10352e-05  0.66579   0.0646093
  400  0.764506  6.10352e-05  0.69799   0.0980488
  800  0.764669  0.00012207   0.705235  0.088102
 1600  0.764356  0.000244141  0.725277  0.089177
 3200  0.774729  0.000244141  0.729252  0.0617932
 6400  0.778618  0.00195312   0.749704  0.0456218
    0  0.709815  0.000488281  0.628561  0.0541181
  200  0.717593  6.10352e-05  0.674737  0.0943165
  400  0.710514  0.00012207   0.704205  0.100715
  800  0.707337  0.000488281  0.717803  0.100385
 1600  0.717474  0.00012207   0.725697  0.0720487
         C    kerngamma    percentile  embs              n_fold    kerncoef0    cweights    e_context  clf    kerntype      kerndegree  feats
----------  -----------  ------------  --------------  --------  -----------  ----------  -----------  -----  ----------  ------------  -------
0.00012207            1            20  ['s50', 'g50']         5            1           1            1  svm    lin                    1  psn
9.53674316406e-07	0.675615680731	0.067327569238
1.90734863281e-06	0.700193047187	0.0646345657222
3.81469726562e-06	0.712572490257	0.0540106580833
7.62939453125e-06	0.719589841703	0.0489667495742
1.52587890625e-05	0.725685536146	0.0481832265877
3.0517578125e-05	0.728982257143	0.0469183708895
6.103515625e-05	0.730940175452	0.0477615190308
0.0001220703125	0.732520288877	0.0476052388344
0.000244140625	0.731356687648	0.0488740973397
0.00048828125	0.730720850363	0.0505644987125
0.0009765625	0.729376628245	0.0498740846914
0.001953125	0.725984502799	0.0520845567117
0.00390625	0.721388553141	0.0575185579594
0.0078125	0.712897226875	0.0645386922306
0.015625	0.690330951356	0.0778775364903
0.03125	0.649862362706	0.0883326782613
0.0625	0.596227173557	0.0983431951883
0.125	0.507296475294	0.0992580814501
0.25	0.428536851342	0.0947464902164
0.5	0.381014102525	0.0858191509566
1.0	0.332312858899	0.0705352954537
2.0	0.302052811125	0.0541715249165
4.0	0.240622525668	0.0696263405968
8.0	0.211075567248	0.0331287949378
16.0	0.212935004628	0.0706418806253
32.0	0.207666158717	0.0552774793162
64.0	0.183875763213	0.0472104788388
128.0	0.180728581559	0.0506467334257


  ads      ftst            C        f1      f1std
-----  --------  -----------  --------  ---------
    0  0.765348  0.000488281  0.628561  0.0541181
  200  0.774936  6.10352e-05  0.647769  0.0558562
  400  0.774382  3.05176e-05  0.686419  0.0917245
  800  0.776129  3.05176e-05  0.7074    0.0786089
 1600  0.779655  3.05176e-05  0.723845  0.0786829
 3200  0.787096  0.000488281  0.724315  0.0520642
 6400  0.803169  0.000488281  0.74231   0.0439501
    0  0.746057  0.000488281  0.628561  0.0541181
  200  0.752317  6.10352e-05  0.66579   0.0646093
  400  0.764506  6.10352e-05  0.69799   0.0980488
  800  0.764669  0.00012207   0.705235  0.088102
 1600  0.764356  0.000244141  0.725277  0.089177
 3200  0.774729  0.000244141  0.729252  0.0617932
 6400  0.778618  0.00195312   0.749704  0.0456218
    0  0.709815  0.000488281  0.628561  0.0541181
  200  0.717593  6.10352e-05  0.674737  0.0943165
  400  0.710514  0.00012207   0.704205  0.100715
  800  0.707337  0.000488281  0.717803  0.100385
 1600  0.717474  0.00012207   0.725697  0.0720487
 3200  0.710943  0.00012207   0.73252   0.0476052
         C    kerngamma    percentile  embs              n_fold    kerncoef0    cweights    e_context  clf    kerntype      kerndegree  feats
----------  -----------  ------------  --------------  --------  -----------  ----------  -----------  -----  ----------  ------------  -------
0.00012207            1            20  ['s50', 'g50']         5            1           1            1  svm    lin                    1  psn
9.53674316406e-07	0.7043527779	0.0520504639127
1.90734863281e-06	0.722061660845	0.0442773876535
3.81469726562e-06	0.730524017775	0.0414882812116
7.62939453125e-06	0.738781859876	0.0408890643355
1.52587890625e-05	0.743419669805	0.0412192219837
3.0517578125e-05	0.746060959497	0.0430671316025
6.103515625e-05	0.746905245942	0.042968636627
0.0001220703125	0.748647299763	0.0414886736564
0.000244140625	0.749342726934	0.0400306721251
0.00048828125	0.750667070167	0.04195900038
0.0009765625	0.752647646	0.0419707216089
0.001953125	0.752832225233	0.0429750818489
0.00390625	0.750853305418	0.0467922280453
0.0078125	0.745049694324	0.0505584375117
0.015625	0.728558332274	0.0529549582736
0.03125	0.701638693947	0.0657987319693
0.0625	0.65883154699	0.0710926827092
0.125	0.608352160434	0.0689831218625
0.25	0.556759207586	0.0669524321888
0.5	0.501554188798	0.0653766831887
1.0	0.433812523883	0.0615687974102
2.0	0.370425019108	0.0405884288445
4.0	0.351794064241	0.0675152369686
8.0	0.277715133858	0.0365058486093
16.0	0.270291527872	0.0477735272923
32.0	0.251468130385	0.0325898547321
64.0	0.206811647973	0.0405038312005
128.0	0.234103636923	0.0292670011283


  ads      ftst            C        f1      f1std
-----  --------  -----------  --------  ---------
    0  0.765348  0.000488281  0.628561  0.0541181
  200  0.774936  6.10352e-05  0.647769  0.0558562
  400  0.774382  3.05176e-05  0.686419  0.0917245
  800  0.776129  3.05176e-05  0.7074    0.0786089
 1600  0.779655  3.05176e-05  0.723845  0.0786829
 3200  0.787096  0.000488281  0.724315  0.0520642
 6400  0.803169  0.000488281  0.74231   0.0439501
    0  0.746057  0.000488281  0.628561  0.0541181
  200  0.752317  6.10352e-05  0.66579   0.0646093
  400  0.764506  6.10352e-05  0.69799   0.0980488
  800  0.764669  0.00012207   0.705235  0.088102
 1600  0.764356  0.000244141  0.725277  0.089177
 3200  0.774729  0.000244141  0.729252  0.0617932
 6400  0.778618  0.00195312   0.749704  0.0456218
    0  0.709815  0.000488281  0.628561  0.0541181
  200  0.717593  6.10352e-05  0.674737  0.0943165
  400  0.710514  0.00012207   0.704205  0.100715
  800  0.707337  0.000488281  0.717803  0.100385
 1600  0.717474  0.00012207   0.725697  0.0720487
 3200  0.710943  0.00012207   0.73252   0.0476052
 6400  0.72286   0.00195312   0.752832  0.0429751
         C    kerngamma    percentile  embs              n_fold    kerncoef0    cweights    e_context  clf    kerntype      kerndegree  feats
----------  -----------  ------------  --------------  --------  -----------  ----------  -----------  -----  ----------  ------------  -------
0.00195312            1            20  ['s50', 'g50']         5            1           1            1  svm    lin                    1  psn
9.53674316406e-07	0.386880130642	0.0659373298543
1.90734863281e-06	0.409822181755	0.0712787733731
3.81469726562e-06	0.44793123966	0.0770679264592
7.62939453125e-06	0.507913095528	0.0796848872052
1.52587890625e-05	0.560394060594	0.0686838591388
3.0517578125e-05	0.592299938121	0.053752953376
6.103515625e-05	0.619436712467	0.0578602856887
0.0001220703125	0.626421171199	0.0542943425469
0.000244140625	0.627508209054	0.0535938304836
0.00048828125	0.628561368246	0.0541181242137
0.0009765625	0.61806124754	0.0456010491366
0.001953125	0.616726917186	0.0470328035657
0.00390625	0.601791888274	0.0528437916326
0.0078125	0.59245483567	0.0540386574701
0.015625	0.580275714702	0.0515382330882
0.03125	0.571486664558	0.0512359916339
0.0625	0.555674090001	0.0575689370263
0.125	0.520387952675	0.0731945629175
0.25	0.474031362596	0.0645255979178
0.5	0.433215525294	0.0493784043267
1.0	0.391887443369	0.0320620216583
2.0	0.362919150185	0.0329335095833
4.0	0.33506670622	0.0165155866448
8.0	0.345371787579	0.0687339872589
16.0	0.371142748518	0.0949939333237
32.0	0.366303366565	0.0921070274994
64.0	0.338505335572	0.111970647797
128.0	0.321808721296	0.055331103352


  ads      ftst            C        f1      f1std
-----  --------  -----------  --------  ---------
    0  0.765348  0.000488281  0.628561  0.0541181
  200  0.774936  6.10352e-05  0.647769  0.0558562
  400  0.774382  3.05176e-05  0.686419  0.0917245
  800  0.776129  3.05176e-05  0.7074    0.0786089
 1600  0.779655  3.05176e-05  0.723845  0.0786829
 3200  0.787096  0.000488281  0.724315  0.0520642
 6400  0.803169  0.000488281  0.74231   0.0439501
    0  0.746057  0.000488281  0.628561  0.0541181
  200  0.752317  6.10352e-05  0.66579   0.0646093
  400  0.764506  6.10352e-05  0.69799   0.0980488
  800  0.764669  0.00012207   0.705235  0.088102
 1600  0.764356  0.000244141  0.725277  0.089177
 3200  0.774729  0.000244141  0.729252  0.0617932
 6400  0.778618  0.00195312   0.749704  0.0456218
    0  0.709815  0.000488281  0.628561  0.0541181
  200  0.717593  6.10352e-05  0.674737  0.0943165
  400  0.710514  0.00012207   0.704205  0.100715
  800  0.707337  0.000488281  0.717803  0.100385
 1600  0.717474  0.00012207   0.725697  0.0720487
 3200  0.710943  0.00012207   0.73252   0.0476052
 6400  0.72286   0.00195312   0.752832  0.0429751
    0  0.748042  0.000488281  0.628561  0.0541181
          C    kerngamma    percentile  embs              n_fold    kerncoef0    cweights    e_context  clf    kerntype      kerndegree  feats
-----------  -----------  ------------  --------------  --------  -----------  ----------  -----------  -----  ----------  ------------  -------
0.000488281            1            20  ['s50', 'g50']         5            1           1            1  svm    lin                    1  psn
9.53674316406e-07	0.581305407679	0.176001671202
1.90734863281e-06	0.606153092842	0.174919312893
3.81469726562e-06	0.63438997783	0.165257368897
7.62939453125e-06	0.665683884159	0.136446048169
1.52587890625e-05	0.679361313966	0.119098142981
3.0517578125e-05	0.680689745217	0.108200308335
6.103515625e-05	0.681333426278	0.100402852022
0.0001220703125	0.693683982868	0.106228067787
0.000244140625	0.690092787594	0.10595039187
0.00048828125	0.685599839348	0.106404604998
0.0009765625	0.676662244682	0.111043498333
0.001953125	0.67132068856	0.118633737861
0.00390625	0.662133531393	0.11900178017
0.0078125	0.653818697356	0.117875974083
0.015625	0.636171368243	0.137786693442
0.03125	0.602141861223	0.159224289951
0.0625	0.563376503949	0.178025586512
0.125	0.490254313717	0.175900498571
0.25	0.391639093934	0.160663563402
0.5	0.290205868279	0.0993662148862
1.0	0.239333089446	0.0824474147994
2.0	0.212413063625	0.0743663516573
4.0	0.2028457737	0.0813993416392
8.0	0.147980216095	0.0393684722541
16.0	0.173917314974	0.0783775507793
32.0	0.168740850803	0.060787094768
64.0	0.147998637797	0.0858538976734
128.0	0.219100062298	0.109726250881


  ads      ftst            C        f1      f1std
-----  --------  -----------  --------  ---------
    0  0.765348  0.000488281  0.628561  0.0541181
  200  0.774936  6.10352e-05  0.647769  0.0558562
  400  0.774382  3.05176e-05  0.686419  0.0917245
  800  0.776129  3.05176e-05  0.7074    0.0786089
 1600  0.779655  3.05176e-05  0.723845  0.0786829
 3200  0.787096  0.000488281  0.724315  0.0520642
 6400  0.803169  0.000488281  0.74231   0.0439501
    0  0.746057  0.000488281  0.628561  0.0541181
  200  0.752317  6.10352e-05  0.66579   0.0646093
  400  0.764506  6.10352e-05  0.69799   0.0980488
  800  0.764669  0.00012207   0.705235  0.088102
 1600  0.764356  0.000244141  0.725277  0.089177
 3200  0.774729  0.000244141  0.729252  0.0617932
 6400  0.778618  0.00195312   0.749704  0.0456218
    0  0.709815  0.000488281  0.628561  0.0541181
  200  0.717593  6.10352e-05  0.674737  0.0943165
  400  0.710514  0.00012207   0.704205  0.100715
  800  0.707337  0.000488281  0.717803  0.100385
 1600  0.717474  0.00012207   0.725697  0.0720487
 3200  0.710943  0.00012207   0.73252   0.0476052
 6400  0.72286   0.00195312   0.752832  0.0429751
    0  0.748042  0.000488281  0.628561  0.0541181
  200  0.743316  0.00012207   0.693684  0.106228
         C    kerngamma    percentile  embs              n_fold    kerncoef0    cweights    e_context  clf    kerntype      kerndegree  feats
----------  -----------  ------------  --------------  --------  -----------  ----------  -----------  -----  ----------  ------------  -------
0.00012207            1            20  ['s50', 'g50']         5            1           1            1  svm    lin                    1  psn
9.53674316406e-07	0.580833750966	0.166381314059
1.90734863281e-06	0.611247757636	0.172370303315
3.81469726562e-06	0.645172990687	0.147581912233
7.62939453125e-06	0.669204711464	0.125305123995
1.52587890625e-05	0.682626257376	0.109447773496
3.0517578125e-05	0.693760534899	0.098821271513
6.103515625e-05	0.696080309242	0.0989051062774
0.0001220703125	0.692821422607	0.100027337135
0.000244140625	0.690868865848	0.1021293496
0.00048828125	0.684016329092	0.10506263264
0.0009765625	0.680679878337	0.104686205171
0.001953125	0.679519287723	0.106993935257
0.00390625	0.674022743262	0.119690596819
0.0078125	0.666528906445	0.132232028548
0.015625	0.639414091324	0.151365035662
0.03125	0.598624048615	0.170836334007
0.0625	0.550402452221	0.188014830585
0.125	0.443892538452	0.144911053356
0.25	0.339237787137	0.114665115258
0.5	0.278964339703	0.090939421993
1.0	0.237421443428	0.0428985981113
2.0	0.197937803296	0.0632774867704
4.0	0.227935229652	0.155960793867
8.0	0.188599313978	0.0867332944125
16.0	0.158651365787	0.105307040096
32.0	0.090226609134	0.0651574111806
64.0	0.224872628554	0.130788715551
128.0	0.10844678948	0.0489765663281


  ads      ftst            C        f1      f1std
-----  --------  -----------  --------  ---------
    0  0.765348  0.000488281  0.628561  0.0541181
  200  0.774936  6.10352e-05  0.647769  0.0558562
  400  0.774382  3.05176e-05  0.686419  0.0917245
  800  0.776129  3.05176e-05  0.7074    0.0786089
 1600  0.779655  3.05176e-05  0.723845  0.0786829
 3200  0.787096  0.000488281  0.724315  0.0520642
 6400  0.803169  0.000488281  0.74231   0.0439501
    0  0.746057  0.000488281  0.628561  0.0541181
  200  0.752317  6.10352e-05  0.66579   0.0646093
  400  0.764506  6.10352e-05  0.69799   0.0980488
  800  0.764669  0.00012207   0.705235  0.088102
 1600  0.764356  0.000244141  0.725277  0.089177
 3200  0.774729  0.000244141  0.729252  0.0617932
 6400  0.778618  0.00195312   0.749704  0.0456218
    0  0.709815  0.000488281  0.628561  0.0541181
  200  0.717593  6.10352e-05  0.674737  0.0943165
  400  0.710514  0.00012207   0.704205  0.100715
  800  0.707337  0.000488281  0.717803  0.100385
 1600  0.717474  0.00012207   0.725697  0.0720487
 3200  0.710943  0.00012207   0.73252   0.0476052
 6400  0.72286   0.00195312   0.752832  0.0429751
    0  0.748042  0.000488281  0.628561  0.0541181
  200  0.743316  0.00012207   0.693684  0.106228
  400  0.746128  6.10352e-05  0.69608   0.0989051
          C    kerngamma    percentile  embs              n_fold    kerncoef0    cweights    e_context  clf    kerntype      kerndegree  feats
-----------  -----------  ------------  --------------  --------  -----------  ----------  -----------  -----  ----------  ------------  -------
6.10352e-05            1            20  ['s50', 'g50']         5            1           1            1  svm    lin                    1  psn
9.53674316406e-07	0.585756839372	0.162955912965
1.90734863281e-06	0.627523015549	0.151626905348
3.81469726562e-06	0.672064270606	0.141426541168
7.62939453125e-06	0.694947127928	0.129465693847
1.52587890625e-05	0.709435701564	0.120151157036
3.0517578125e-05	0.720518158775	0.11761674604
6.103515625e-05	0.721217420847	0.114271497741
0.0001220703125	0.722055646765	0.111489500425
0.000244140625	0.715345283151	0.109320350324
0.00048828125	0.716504105405	0.108239196841
0.0009765625	0.712679415107	0.11388647394
0.001953125	0.709394476553	0.121687574702
0.00390625	0.709291491397	0.129712689956
0.0078125	0.69272869656	0.145660302243
0.015625	0.67418381099	0.159472328495
0.03125	0.625976449049	0.167289070721
0.0625	0.550790640001	0.173021314249
0.125	0.451945311276	0.134061308336
0.25	0.333081788191	0.110474627816
0.5	0.273885508024	0.0984962287128
1.0	0.230309171873	0.0674769473461
2.0	0.206460111365	0.066963763084
4.0	0.227787847173	0.105884314244
8.0	0.153273302888	0.0435269052564
16.0	0.159053632679	0.0339143525368
32.0	0.150745311294	0.0505949861408
64.0	0.138167073349	0.0364707247173
128.0	0.189834080502	0.0704918477462


  ads      ftst            C        f1      f1std
-----  --------  -----------  --------  ---------
    0  0.765348  0.000488281  0.628561  0.0541181
  200  0.774936  6.10352e-05  0.647769  0.0558562
  400  0.774382  3.05176e-05  0.686419  0.0917245
  800  0.776129  3.05176e-05  0.7074    0.0786089
 1600  0.779655  3.05176e-05  0.723845  0.0786829
 3200  0.787096  0.000488281  0.724315  0.0520642
 6400  0.803169  0.000488281  0.74231   0.0439501
    0  0.746057  0.000488281  0.628561  0.0541181
  200  0.752317  6.10352e-05  0.66579   0.0646093
  400  0.764506  6.10352e-05  0.69799   0.0980488
  800  0.764669  0.00012207   0.705235  0.088102
 1600  0.764356  0.000244141  0.725277  0.089177
 3200  0.774729  0.000244141  0.729252  0.0617932
 6400  0.778618  0.00195312   0.749704  0.0456218
    0  0.709815  0.000488281  0.628561  0.0541181
  200  0.717593  6.10352e-05  0.674737  0.0943165
  400  0.710514  0.00012207   0.704205  0.100715
  800  0.707337  0.000488281  0.717803  0.100385
 1600  0.717474  0.00012207   0.725697  0.0720487
 3200  0.710943  0.00012207   0.73252   0.0476052
 6400  0.72286   0.00195312   0.752832  0.0429751
    0  0.748042  0.000488281  0.628561  0.0541181
  200  0.743316  0.00012207   0.693684  0.106228
  400  0.746128  6.10352e-05  0.69608   0.0989051
  800  0.757999  0.00012207   0.722056  0.11149
         C    kerngamma    percentile  embs              n_fold    kerncoef0    cweights    e_context  clf    kerntype      kerndegree  feats
----------  -----------  ------------  --------------  --------  -----------  ----------  -----------  -----  ----------  ------------  -------
0.00012207            1            20  ['s50', 'g50']         5            1           1            1  svm    lin                    1  psn
9.53674316406e-07	0.606646300675	0.113930205685
1.90734863281e-06	0.651988004265	0.109832080747
3.81469726562e-06	0.677795939075	0.0957561699429
7.62939453125e-06	0.699173928684	0.0835581337408
1.52587890625e-05	0.707967463934	0.0801682774052
3.0517578125e-05	0.708874074398	0.0754182486154
6.103515625e-05	0.711745089235	0.0743878363454
0.0001220703125	0.714962321397	0.0737420307883
0.000244140625	0.717112490273	0.0715555657048
0.00048828125	0.715763258524	0.0727064803818
0.0009765625	0.710975395375	0.0717586306604
0.001953125	0.708131078264	0.0765751853467
0.00390625	0.701366731442	0.0828116525969
0.0078125	0.688082686363	0.0995900167289
0.015625	0.653075088703	0.11648564414
0.03125	0.615368398583	0.133061744126
0.0625	0.552029382611	0.136009341837
0.125	0.45573461267	0.110954932134
0.25	0.381297624424	0.0904414852595
0.5	0.330526504219	0.0801044938025
1.0	0.289692633244	0.0735486112438
2.0	0.255305586592	0.0702576502287
4.0	0.245068320235	0.0726633467973
8.0	0.206187511427	0.073961978867
16.0	0.197421184976	0.0693872898062
32.0	0.169381649405	0.0503801489182
64.0	0.189072331622	0.0582046067235
128.0	0.15359713443	0.0714742625984


  ads      ftst            C        f1      f1std
-----  --------  -----------  --------  ---------
    0  0.765348  0.000488281  0.628561  0.0541181
  200  0.774936  6.10352e-05  0.647769  0.0558562
  400  0.774382  3.05176e-05  0.686419  0.0917245
  800  0.776129  3.05176e-05  0.7074    0.0786089
 1600  0.779655  3.05176e-05  0.723845  0.0786829
 3200  0.787096  0.000488281  0.724315  0.0520642
 6400  0.803169  0.000488281  0.74231   0.0439501
    0  0.746057  0.000488281  0.628561  0.0541181
  200  0.752317  6.10352e-05  0.66579   0.0646093
  400  0.764506  6.10352e-05  0.69799   0.0980488
  800  0.764669  0.00012207   0.705235  0.088102
 1600  0.764356  0.000244141  0.725277  0.089177
 3200  0.774729  0.000244141  0.729252  0.0617932
 6400  0.778618  0.00195312   0.749704  0.0456218
    0  0.709815  0.000488281  0.628561  0.0541181
  200  0.717593  6.10352e-05  0.674737  0.0943165
  400  0.710514  0.00012207   0.704205  0.100715
  800  0.707337  0.000488281  0.717803  0.100385
 1600  0.717474  0.00012207   0.725697  0.0720487
 3200  0.710943  0.00012207   0.73252   0.0476052
 6400  0.72286   0.00195312   0.752832  0.0429751
    0  0.748042  0.000488281  0.628561  0.0541181
  200  0.743316  0.00012207   0.693684  0.106228
  400  0.746128  6.10352e-05  0.69608   0.0989051
  800  0.757999  0.00012207   0.722056  0.11149
 1600  0.760836  0.000244141  0.717112  0.0715556
          C    kerngamma    percentile  embs              n_fold    kerncoef0    cweights    e_context  clf    kerntype      kerndegree  feats
-----------  -----------  ------------  --------------  --------  -----------  ----------  -----------  -----  ----------  ------------  -------
0.000244141            1            20  ['s50', 'g50']         5            1           1            1  svm    lin                    1  psn
9.53674316406e-07	0.668231195977	0.0949378236715
1.90734863281e-06	0.696822464576	0.086762288632
3.81469726562e-06	0.716418197685	0.0773470226651
7.62939453125e-06	0.724389584602	0.0696176686283
1.52587890625e-05	0.72899230899	0.0672636573013
3.0517578125e-05	0.732585539328	0.0657155845381
6.103515625e-05	0.734605291546	0.0681978386127
0.0001220703125	0.734656224873	0.0656349330528
0.000244140625	0.736432573533	0.0676628112858
0.00048828125	0.735826605576	0.068682370338
0.0009765625	0.735139580552	0.0680760986437
0.001953125	0.735479523367	0.0723964807978
0.00390625	0.731779184535	0.0780795786033
0.0078125	0.724362055621	0.0829980777936
0.015625	0.707361521607	0.0944882179708
0.03125	0.665590458605	0.10759366208
0.0625	0.610652482435	0.10789709543
0.125	0.522426421611	0.112643502587
0.25	0.454888378662	0.105024790322
0.5	0.408528150433	0.0985370877657
1.0	0.359699479394	0.098755408487
2.0	0.310591541605	0.0955498717769
4.0	0.321391198695	0.132742931253
8.0	0.282645892376	0.0871661433044
16.0	0.233708259066	0.0634230919299
32.0	0.22505837472	0.0653745625009
64.0	0.194873967271	0.0659952978949
128.0	0.219398150059	0.0694306937912


  ads      ftst            C        f1      f1std
-----  --------  -----------  --------  ---------
    0  0.765348  0.000488281  0.628561  0.0541181
  200  0.774936  6.10352e-05  0.647769  0.0558562
  400  0.774382  3.05176e-05  0.686419  0.0917245
  800  0.776129  3.05176e-05  0.7074    0.0786089
 1600  0.779655  3.05176e-05  0.723845  0.0786829
 3200  0.787096  0.000488281  0.724315  0.0520642
 6400  0.803169  0.000488281  0.74231   0.0439501
    0  0.746057  0.000488281  0.628561  0.0541181
  200  0.752317  6.10352e-05  0.66579   0.0646093
  400  0.764506  6.10352e-05  0.69799   0.0980488
  800  0.764669  0.00012207   0.705235  0.088102
 1600  0.764356  0.000244141  0.725277  0.089177
 3200  0.774729  0.000244141  0.729252  0.0617932
 6400  0.778618  0.00195312   0.749704  0.0456218
    0  0.709815  0.000488281  0.628561  0.0541181
  200  0.717593  6.10352e-05  0.674737  0.0943165
  400  0.710514  0.00012207   0.704205  0.100715
  800  0.707337  0.000488281  0.717803  0.100385
 1600  0.717474  0.00012207   0.725697  0.0720487
 3200  0.710943  0.00012207   0.73252   0.0476052
 6400  0.72286   0.00195312   0.752832  0.0429751
    0  0.748042  0.000488281  0.628561  0.0541181
  200  0.743316  0.00012207   0.693684  0.106228
  400  0.746128  6.10352e-05  0.69608   0.0989051
  800  0.757999  0.00012207   0.722056  0.11149
 1600  0.760836  0.000244141  0.717112  0.0715556
 3200  0.765414  0.000244141  0.736433  0.0676628
          C    kerngamma    percentile  embs              n_fold    kerncoef0    cweights    e_context  clf    kerntype      kerndegree  feats
-----------  -----------  ------------  --------------  --------  -----------  ----------  -----------  -----  ----------  ------------  -------
0.000244141            1            20  ['s50', 'g50']         5            1           1            1  svm    lin                    1  psn
9.53674316406e-07	0.696180498	0.0541968533044
1.90734863281e-06	0.719182790434	0.0503239615913
3.81469726562e-06	0.729426989795	0.0449268055802
7.62939453125e-06	0.735569391152	0.0436367979959
1.52587890625e-05	0.737688501708	0.0411432159857
3.0517578125e-05	0.740606379393	0.0388600001419
6.103515625e-05	0.742476030461	0.0400354809404
0.0001220703125	0.743927805067	0.0403269724674
0.000244140625	0.744445666631	0.0401690603827
0.00048828125	0.745720140106	0.0415539005006
0.0009765625	0.747388225657	0.0392306055436
0.001953125	0.747833370323	0.041628551956
0.00390625	0.745789196285	0.0440449029404
0.0078125	0.740448033434	0.0456337426524
0.015625	0.728700331472	0.0523391185057
0.03125	0.703172978947	0.0616098518163
0.0625	0.662149836723	0.0667807587178
0.125	0.608924555665	0.0664311682278
0.25	0.558435140599	0.0678721697583
0.5	0.501175392127	0.0686639163197
1.0	0.452756891376	0.102047852113
2.0	0.374092257704	0.0579932746676
4.0	0.367288673849	0.0842810533318
8.0	0.272039739079	0.0494176666566
16.0	0.303081605018	0.0463530443825
32.0	0.297476386176	0.0850536346789
64.0	0.325533114769	0.136252916004
128.0	0.204707595931	0.0353958733246


  ads      ftst            C        f1      f1std
-----  --------  -----------  --------  ---------
    0  0.765348  0.000488281  0.628561  0.0541181
  200  0.774936  6.10352e-05  0.647769  0.0558562
  400  0.774382  3.05176e-05  0.686419  0.0917245
  800  0.776129  3.05176e-05  0.7074    0.0786089
 1600  0.779655  3.05176e-05  0.723845  0.0786829
 3200  0.787096  0.000488281  0.724315  0.0520642
 6400  0.803169  0.000488281  0.74231   0.0439501
    0  0.746057  0.000488281  0.628561  0.0541181
  200  0.752317  6.10352e-05  0.66579   0.0646093
  400  0.764506  6.10352e-05  0.69799   0.0980488
  800  0.764669  0.00012207   0.705235  0.088102
 1600  0.764356  0.000244141  0.725277  0.089177
 3200  0.774729  0.000244141  0.729252  0.0617932
 6400  0.778618  0.00195312   0.749704  0.0456218
    0  0.709815  0.000488281  0.628561  0.0541181
  200  0.717593  6.10352e-05  0.674737  0.0943165
  400  0.710514  0.00012207   0.704205  0.100715
  800  0.707337  0.000488281  0.717803  0.100385
 1600  0.717474  0.00012207   0.725697  0.0720487
 3200  0.710943  0.00012207   0.73252   0.0476052
 6400  0.72286   0.00195312   0.752832  0.0429751
    0  0.748042  0.000488281  0.628561  0.0541181
  200  0.743316  0.00012207   0.693684  0.106228
  400  0.746128  6.10352e-05  0.69608   0.0989051
  800  0.757999  0.00012207   0.722056  0.11149
 1600  0.760836  0.000244141  0.717112  0.0715556
 3200  0.765414  0.000244141  0.736433  0.0676628
 6400  0.755464  0.00195312   0.747833  0.0416286
         C    kerngamma    percentile  embs              n_fold    kerncoef0    cweights    e_context  clf    kerntype      kerndegree  feats
----------  -----------  ------------  --------------  --------  -----------  ----------  -----------  -----  ----------  ------------  -------
0.00195312            1            20  ['s50', 'g50']         5            1           1            1  svm    lin                    1  psn
9.53674316406e-07	0.386880130642	0.0659373298543
1.90734863281e-06	0.409822181755	0.0712787733731
3.81469726562e-06	0.44793123966	0.0770679264592
7.62939453125e-06	0.507913095528	0.0796848872052
1.52587890625e-05	0.560394060594	0.0686838591388
3.0517578125e-05	0.592299938121	0.053752953376
6.103515625e-05	0.619436712467	0.0578602856887
0.0001220703125	0.626421171199	0.0542943425469
0.000244140625	0.627508209054	0.0535938304836
0.00048828125	0.628561368246	0.0541181242137
0.0009765625	0.61806124754	0.0456010491366
0.001953125	0.616726917186	0.0470328035657
0.00390625	0.601791888274	0.0528437916326
0.0078125	0.59245483567	0.0540386574701
0.015625	0.580275714702	0.0515382330882
0.03125	0.571486664558	0.0512359916339
0.0625	0.555674090001	0.0575689370263
0.125	0.520387952675	0.0731945629175
0.25	0.474031362596	0.0645255979178
0.5	0.433215525294	0.0493784043267
1.0	0.391887443369	0.0320620216583
2.0	0.362919150185	0.0329335095833
4.0	0.33506670622	0.0165155866448
8.0	0.345371787579	0.0687339872589
16.0	0.371142748518	0.0949939333237
32.0	0.366303366565	0.0921070274994
64.0	0.338505335572	0.111970647797
128.0	0.321808721296	0.055331103352


  ads      ftst            C        f1      f1std
-----  --------  -----------  --------  ---------
    0  0.765348  0.000488281  0.628561  0.0541181
  200  0.774936  6.10352e-05  0.647769  0.0558562
  400  0.774382  3.05176e-05  0.686419  0.0917245
  800  0.776129  3.05176e-05  0.7074    0.0786089
 1600  0.779655  3.05176e-05  0.723845  0.0786829
 3200  0.787096  0.000488281  0.724315  0.0520642
 6400  0.803169  0.000488281  0.74231   0.0439501
    0  0.746057  0.000488281  0.628561  0.0541181
  200  0.752317  6.10352e-05  0.66579   0.0646093
  400  0.764506  6.10352e-05  0.69799   0.0980488
  800  0.764669  0.00012207   0.705235  0.088102
 1600  0.764356  0.000244141  0.725277  0.089177
 3200  0.774729  0.000244141  0.729252  0.0617932
 6400  0.778618  0.00195312   0.749704  0.0456218
    0  0.709815  0.000488281  0.628561  0.0541181
  200  0.717593  6.10352e-05  0.674737  0.0943165
  400  0.710514  0.00012207   0.704205  0.100715
  800  0.707337  0.000488281  0.717803  0.100385
 1600  0.717474  0.00012207   0.725697  0.0720487
 3200  0.710943  0.00012207   0.73252   0.0476052
 6400  0.72286   0.00195312   0.752832  0.0429751
    0  0.748042  0.000488281  0.628561  0.0541181
  200  0.743316  0.00012207   0.693684  0.106228
  400  0.746128  6.10352e-05  0.69608   0.0989051
  800  0.757999  0.00012207   0.722056  0.11149
 1600  0.760836  0.000244141  0.717112  0.0715556
 3200  0.765414  0.000244141  0.736433  0.0676628
 6400  0.755464  0.00195312   0.747833  0.0416286
    0  0.731956  0.000488281  0.628561  0.0541181
          C    kerngamma    percentile  embs              n_fold    kerncoef0    cweights    e_context  clf    kerntype      kerndegree  feats
-----------  -----------  ------------  --------------  --------  -----------  ----------  -----------  -----  ----------  ------------  -------
0.000488281            1            20  ['s50', 'g50']         5            1           1            1  svm    lin                    1  psn
9.53674316406e-07	0.467367876031	0.0800551366028
1.90734863281e-06	0.509280891607	0.0757126289932
3.81469726562e-06	0.540383269421	0.0743658317091
7.62939453125e-06	0.604247408483	0.0891260587154
1.52587890625e-05	0.646472857336	0.0814304555052
3.0517578125e-05	0.661417949008	0.074868405454
6.103515625e-05	0.669906976664	0.0753853380546
0.0001220703125	0.660781509612	0.0674795410981
0.000244140625	0.659442497609	0.0708647120028
0.00048828125	0.653919438822	0.063443443823
0.0009765625	0.649961079268	0.0716847524
0.001953125	0.632139263637	0.0658850148351
0.00390625	0.622093757919	0.0746994168732
0.0078125	0.611925622653	0.0827545923871
0.015625	0.58705136183	0.0816050047804
0.03125	0.570209424394	0.107414716236
0.0625	0.527972724772	0.114248053745
0.125	0.435465851248	0.117766949115
0.25	0.3771275678	0.113583913237
0.5	0.301459200752	0.0723377617193
1.0	0.284057423763	0.0532799451132
2.0	0.262520239898	0.0725534821989
4.0	0.237779421547	0.0450520574922
8.0	0.161907716926	0.0544408085265
16.0	0.189121318707	0.107171031484
32.0	0.124884826	0.0373494485926
64.0	0.142065843487	0.0714733305629
128.0	0.212031282845	0.12989629519


  ads      ftst            C        f1      f1std
-----  --------  -----------  --------  ---------
    0  0.765348  0.000488281  0.628561  0.0541181
  200  0.774936  6.10352e-05  0.647769  0.0558562
  400  0.774382  3.05176e-05  0.686419  0.0917245
  800  0.776129  3.05176e-05  0.7074    0.0786089
 1600  0.779655  3.05176e-05  0.723845  0.0786829
 3200  0.787096  0.000488281  0.724315  0.0520642
 6400  0.803169  0.000488281  0.74231   0.0439501
    0  0.746057  0.000488281  0.628561  0.0541181
  200  0.752317  6.10352e-05  0.66579   0.0646093
  400  0.764506  6.10352e-05  0.69799   0.0980488
  800  0.764669  0.00012207   0.705235  0.088102
 1600  0.764356  0.000244141  0.725277  0.089177
 3200  0.774729  0.000244141  0.729252  0.0617932
 6400  0.778618  0.00195312   0.749704  0.0456218
    0  0.709815  0.000488281  0.628561  0.0541181
  200  0.717593  6.10352e-05  0.674737  0.0943165
  400  0.710514  0.00012207   0.704205  0.100715
  800  0.707337  0.000488281  0.717803  0.100385
 1600  0.717474  0.00012207   0.725697  0.0720487
 3200  0.710943  0.00012207   0.73252   0.0476052
 6400  0.72286   0.00195312   0.752832  0.0429751
    0  0.748042  0.000488281  0.628561  0.0541181
  200  0.743316  0.00012207   0.693684  0.106228
  400  0.746128  6.10352e-05  0.69608   0.0989051
  800  0.757999  0.00012207   0.722056  0.11149
 1600  0.760836  0.000244141  0.717112  0.0715556
 3200  0.765414  0.000244141  0.736433  0.0676628
 6400  0.755464  0.00195312   0.747833  0.0416286
    0  0.731956  0.000488281  0.628561  0.0541181
  200  0.744849  6.10352e-05  0.669907  0.0753853
          C    kerngamma    percentile  embs              n_fold    kerncoef0    cweights    e_context  clf    kerntype      kerndegree  feats
-----------  -----------  ------------  --------------  --------  -----------  ----------  -----------  -----  ----------  ------------  -------
6.10352e-05            1            20  ['s50', 'g50']         5            1           1            1  svm    lin                    1  psn
9.53674316406e-07	0.57464811522	0.129381199037
1.90734863281e-06	0.613732883199	0.131348202558
3.81469726562e-06	0.640583834144	0.111612902507
7.62939453125e-06	0.676682374096	0.109845870098
1.52587890625e-05	0.693289051316	0.093567576317
3.0517578125e-05	0.696338247306	0.0806847640241
6.103515625e-05	0.700205731726	0.0826606036917
0.0001220703125	0.691333538067	0.0843633271705
0.000244140625	0.691171715076	0.0830746189975
0.00048828125	0.684348999376	0.0846105095857
0.0009765625	0.674331099696	0.0830055384896
0.001953125	0.66845824289	0.0890798202126
0.00390625	0.656414017193	0.0878559639266
0.0078125	0.641965294442	0.097962835678
0.015625	0.605815215799	0.110143078053
0.03125	0.573643071299	0.135492526219
0.0625	0.505988214935	0.141119133565
0.125	0.423129198357	0.125653915887
0.25	0.339091858071	0.101748440869
0.5	0.252046378073	0.0498680631446
1.0	0.246416672909	0.0688240121309
2.0	0.19880517235	0.069680993413
4.0	0.188764976549	0.0629232139229
8.0	0.212934414238	0.0785840414139
16.0	0.216670187293	0.126726395661
32.0	0.168466004162	0.0478064305975
64.0	0.129726091767	0.0298597241965
128.0	0.149962839124	0.0389261749426


  ads      ftst            C        f1      f1std
-----  --------  -----------  --------  ---------
    0  0.765348  0.000488281  0.628561  0.0541181
  200  0.774936  6.10352e-05  0.647769  0.0558562
  400  0.774382  3.05176e-05  0.686419  0.0917245
  800  0.776129  3.05176e-05  0.7074    0.0786089
 1600  0.779655  3.05176e-05  0.723845  0.0786829
 3200  0.787096  0.000488281  0.724315  0.0520642
 6400  0.803169  0.000488281  0.74231   0.0439501
    0  0.746057  0.000488281  0.628561  0.0541181
  200  0.752317  6.10352e-05  0.66579   0.0646093
  400  0.764506  6.10352e-05  0.69799   0.0980488
  800  0.764669  0.00012207   0.705235  0.088102
 1600  0.764356  0.000244141  0.725277  0.089177
 3200  0.774729  0.000244141  0.729252  0.0617932
 6400  0.778618  0.00195312   0.749704  0.0456218
    0  0.709815  0.000488281  0.628561  0.0541181
  200  0.717593  6.10352e-05  0.674737  0.0943165
  400  0.710514  0.00012207   0.704205  0.100715
  800  0.707337  0.000488281  0.717803  0.100385
 1600  0.717474  0.00012207   0.725697  0.0720487
 3200  0.710943  0.00012207   0.73252   0.0476052
 6400  0.72286   0.00195312   0.752832  0.0429751
    0  0.748042  0.000488281  0.628561  0.0541181
  200  0.743316  0.00012207   0.693684  0.106228
  400  0.746128  6.10352e-05  0.69608   0.0989051
  800  0.757999  0.00012207   0.722056  0.11149
 1600  0.760836  0.000244141  0.717112  0.0715556
 3200  0.765414  0.000244141  0.736433  0.0676628
 6400  0.755464  0.00195312   0.747833  0.0416286
    0  0.731956  0.000488281  0.628561  0.0541181
  200  0.744849  6.10352e-05  0.669907  0.0753853
  400  0.752242  6.10352e-05  0.700206  0.0826606
          C    kerngamma    percentile  embs              n_fold    kerncoef0    cweights    e_context  clf    kerntype      kerndegree  feats
-----------  -----------  ------------  --------------  --------  -----------  ----------  -----------  -----  ----------  ------------  -------
6.10352e-05            1            20  ['s50', 'g50']         5            1           1            1  svm    lin                    1  psn
9.53674316406e-07	0.639548962078	0.140758294903
1.90734863281e-06	0.661965913154	0.132328102144
3.81469726562e-06	0.685560465165	0.11985514234
7.62939453125e-06	0.711576824455	0.105478843106
1.52587890625e-05	0.713545782528	0.0966752094006
3.0517578125e-05	0.718260426663	0.0904505870706
6.103515625e-05	0.72112794501	0.0866270822858
0.0001220703125	0.721674950225	0.0854497568089
0.000244140625	0.71758515754	0.0859649032034
0.00048828125	0.71056508621	0.0834072530708
0.0009765625	0.706348448725	0.0877716268658
0.001953125	0.697794338287	0.0938380240526
0.00390625	0.689427322431	0.101314098045
0.0078125	0.672027418923	0.122201056638
0.015625	0.658764500964	0.140671424011
0.03125	0.618648003559	0.157579183371
0.0625	0.536682408301	0.156329853441
0.125	0.441678065051	0.139602636798
0.25	0.336651190564	0.0999796720156
0.5	0.299277219312	0.0828664371103
1.0	0.264943194951	0.0685684874735
2.0	0.261731851501	0.076823477026
4.0	0.217795605862	0.0663146702961
8.0	0.234280616427	0.0933459152437
16.0	0.202212507831	0.0648005301217
32.0	0.177762952941	0.0579167611072
64.0	0.163466920429	0.0706040681098
128.0	0.157891028798	0.0596506815526


  ads      ftst            C        f1      f1std
-----  --------  -----------  --------  ---------
    0  0.765348  0.000488281  0.628561  0.0541181
  200  0.774936  6.10352e-05  0.647769  0.0558562
  400  0.774382  3.05176e-05  0.686419  0.0917245
  800  0.776129  3.05176e-05  0.7074    0.0786089
 1600  0.779655  3.05176e-05  0.723845  0.0786829
 3200  0.787096  0.000488281  0.724315  0.0520642
 6400  0.803169  0.000488281  0.74231   0.0439501
    0  0.746057  0.000488281  0.628561  0.0541181
  200  0.752317  6.10352e-05  0.66579   0.0646093
  400  0.764506  6.10352e-05  0.69799   0.0980488
  800  0.764669  0.00012207   0.705235  0.088102
 1600  0.764356  0.000244141  0.725277  0.089177
 3200  0.774729  0.000244141  0.729252  0.0617932
 6400  0.778618  0.00195312   0.749704  0.0456218
    0  0.709815  0.000488281  0.628561  0.0541181
  200  0.717593  6.10352e-05  0.674737  0.0943165
  400  0.710514  0.00012207   0.704205  0.100715
  800  0.707337  0.000488281  0.717803  0.100385
 1600  0.717474  0.00012207   0.725697  0.0720487
 3200  0.710943  0.00012207   0.73252   0.0476052
 6400  0.72286   0.00195312   0.752832  0.0429751
    0  0.748042  0.000488281  0.628561  0.0541181
  200  0.743316  0.00012207   0.693684  0.106228
  400  0.746128  6.10352e-05  0.69608   0.0989051
  800  0.757999  0.00012207   0.722056  0.11149
 1600  0.760836  0.000244141  0.717112  0.0715556
 3200  0.765414  0.000244141  0.736433  0.0676628
 6400  0.755464  0.00195312   0.747833  0.0416286
    0  0.731956  0.000488281  0.628561  0.0541181
  200  0.744849  6.10352e-05  0.669907  0.0753853
  400  0.752242  6.10352e-05  0.700206  0.0826606
  800  0.753005  0.00012207   0.721675  0.0854498
         C    kerngamma    percentile  embs              n_fold    kerncoef0    cweights    e_context  clf    kerntype      kerndegree  feats
----------  -----------  ------------  --------------  --------  -----------  ----------  -----------  -----  ----------  ------------  -------
0.00012207            1            20  ['s50', 'g50']         5            1           1            1  svm    lin                    1  psn
9.53674316406e-07	0.653441431972	0.128737839121
1.90734863281e-06	0.689130872915	0.114174408369
3.81469726562e-06	0.705819643506	0.102205202169
7.62939453125e-06	0.719857424104	0.0884382268012
1.52587890625e-05	0.72550107236	0.0865608964136
3.0517578125e-05	0.730974382833	0.0864399544874
6.103515625e-05	0.72960540012	0.0848757948034
0.0001220703125	0.730288172173	0.0847063152189
0.000244140625	0.728283274009	0.0809772220324
0.00048828125	0.724452164649	0.0835777836861
0.0009765625	0.725349659069	0.0867361590841
0.001953125	0.716808232676	0.0971703211412
0.00390625	0.709583620423	0.10384106181
0.0078125	0.692797332016	0.107644309875
0.015625	0.670076580387	0.120763877238
0.03125	0.631816664148	0.12677319119
0.0625	0.554549915256	0.128117787126
0.125	0.455102066631	0.110035396988
0.25	0.363358530662	0.0898879355513
0.5	0.309395914764	0.0743552828503
1.0	0.280998016588	0.0694036202839
2.0	0.231188385171	0.0673143183631
4.0	0.206213280702	0.0658043539531
8.0	0.150826203733	0.0441693619215
16.0	0.155038760454	0.0511736966457
32.0	0.211051324148	0.118292956698
64.0	0.200761123533	0.102605514129
128.0	0.147786469643	0.0560000816932


  ads      ftst            C        f1      f1std
-----  --------  -----------  --------  ---------
    0  0.765348  0.000488281  0.628561  0.0541181
  200  0.774936  6.10352e-05  0.647769  0.0558562
  400  0.774382  3.05176e-05  0.686419  0.0917245
  800  0.776129  3.05176e-05  0.7074    0.0786089
 1600  0.779655  3.05176e-05  0.723845  0.0786829
 3200  0.787096  0.000488281  0.724315  0.0520642
 6400  0.803169  0.000488281  0.74231   0.0439501
    0  0.746057  0.000488281  0.628561  0.0541181
  200  0.752317  6.10352e-05  0.66579   0.0646093
  400  0.764506  6.10352e-05  0.69799   0.0980488
  800  0.764669  0.00012207   0.705235  0.088102
 1600  0.764356  0.000244141  0.725277  0.089177
 3200  0.774729  0.000244141  0.729252  0.0617932
 6400  0.778618  0.00195312   0.749704  0.0456218
    0  0.709815  0.000488281  0.628561  0.0541181
  200  0.717593  6.10352e-05  0.674737  0.0943165
  400  0.710514  0.00012207   0.704205  0.100715
  800  0.707337  0.000488281  0.717803  0.100385
 1600  0.717474  0.00012207   0.725697  0.0720487
 3200  0.710943  0.00012207   0.73252   0.0476052
 6400  0.72286   0.00195312   0.752832  0.0429751
    0  0.748042  0.000488281  0.628561  0.0541181
  200  0.743316  0.00012207   0.693684  0.106228
  400  0.746128  6.10352e-05  0.69608   0.0989051
  800  0.757999  0.00012207   0.722056  0.11149
 1600  0.760836  0.000244141  0.717112  0.0715556
 3200  0.765414  0.000244141  0.736433  0.0676628
 6400  0.755464  0.00195312   0.747833  0.0416286
    0  0.731956  0.000488281  0.628561  0.0541181
  200  0.744849  6.10352e-05  0.669907  0.0753853
  400  0.752242  6.10352e-05  0.700206  0.0826606
  800  0.753005  0.00012207   0.721675  0.0854498
 1600  0.761388  3.05176e-05  0.730974  0.08644
          C    kerngamma    percentile  embs              n_fold    kerncoef0    cweights    e_context  clf    kerntype      kerndegree  feats
-----------  -----------  ------------  --------------  --------  -----------  ----------  -----------  -----  ----------  ------------  -------
3.05176e-05            1            20  ['s50', 'g50']         5            1           1            1  svm    lin                    1  psn
9.53674316406e-07	0.692629708024	0.0842980274266
1.90734863281e-06	0.709795930455	0.0736996117855
3.81469726562e-06	0.721766632933	0.0670450285001
7.62939453125e-06	0.729919217801	0.0635340486323
1.52587890625e-05	0.732683331769	0.0617885386137
3.0517578125e-05	0.736083664779	0.0626722475173
6.103515625e-05	0.738211226751	0.0616579039591
0.0001220703125	0.737138856243	0.060465270749
0.000244140625	0.737385455119	0.0614733928229
0.00048828125	0.73812225608	0.0621114595634
0.0009765625	0.73642287037	0.0628024238618
0.001953125	0.737506718778	0.0654748421115
0.00390625	0.734231345647	0.0683429960587
0.0078125	0.72679297598	0.0758955202029
0.015625	0.703510181647	0.0863644026751
0.03125	0.662714494938	0.0967031012442
0.0625	0.594663410071	0.0982473330337
0.125	0.507907236102	0.0898981069939
0.25	0.430403154454	0.0853253560121
0.5	0.379324674931	0.0768925489714
1.0	0.333426808925	0.0690883349699
2.0	0.29030753643	0.0738712517768
4.0	0.257976877235	0.0607920701418
8.0	0.256464132073	0.0379009994546
16.0	0.21271725469	0.0705019505218
32.0	0.198727530602	0.0540331594581
64.0	0.179621406628	0.0488738619215
128.0	0.203990193205	0.0804697962858


  ads      ftst            C        f1      f1std
-----  --------  -----------  --------  ---------
    0  0.765348  0.000488281  0.628561  0.0541181
  200  0.774936  6.10352e-05  0.647769  0.0558562
  400  0.774382  3.05176e-05  0.686419  0.0917245
  800  0.776129  3.05176e-05  0.7074    0.0786089
 1600  0.779655  3.05176e-05  0.723845  0.0786829
 3200  0.787096  0.000488281  0.724315  0.0520642
 6400  0.803169  0.000488281  0.74231   0.0439501
    0  0.746057  0.000488281  0.628561  0.0541181
  200  0.752317  6.10352e-05  0.66579   0.0646093
  400  0.764506  6.10352e-05  0.69799   0.0980488
  800  0.764669  0.00012207   0.705235  0.088102
 1600  0.764356  0.000244141  0.725277  0.089177
 3200  0.774729  0.000244141  0.729252  0.0617932
 6400  0.778618  0.00195312   0.749704  0.0456218
    0  0.709815  0.000488281  0.628561  0.0541181
  200  0.717593  6.10352e-05  0.674737  0.0943165
  400  0.710514  0.00012207   0.704205  0.100715
  800  0.707337  0.000488281  0.717803  0.100385
 1600  0.717474  0.00012207   0.725697  0.0720487
 3200  0.710943  0.00012207   0.73252   0.0476052
 6400  0.72286   0.00195312   0.752832  0.0429751
    0  0.748042  0.000488281  0.628561  0.0541181
  200  0.743316  0.00012207   0.693684  0.106228
  400  0.746128  6.10352e-05  0.69608   0.0989051
  800  0.757999  0.00012207   0.722056  0.11149
 1600  0.760836  0.000244141  0.717112  0.0715556
 3200  0.765414  0.000244141  0.736433  0.0676628
 6400  0.755464  0.00195312   0.747833  0.0416286
    0  0.731956  0.000488281  0.628561  0.0541181
  200  0.744849  6.10352e-05  0.669907  0.0753853
  400  0.752242  6.10352e-05  0.700206  0.0826606
  800  0.753005  0.00012207   0.721675  0.0854498
 1600  0.761388  3.05176e-05  0.730974  0.08644
 3200  0.759887  6.10352e-05  0.738211  0.0616579
          C    kerngamma    percentile  embs              n_fold    kerncoef0    cweights    e_context  clf    kerntype      kerndegree  feats
-----------  -----------  ------------  --------------  --------  -----------  ----------  -----------  -----  ----------  ------------  -------
6.10352e-05            1            20  ['s50', 'g50']         5            1           1            1  svm    lin                    1  psn
9.53674316406e-07	0.70053724437	0.0597045935963
1.90734863281e-06	0.7203500539	0.0509810274759
3.81469726562e-06	0.732159681626	0.048263674065
7.62939453125e-06	0.736343522835	0.0463448419954
1.52587890625e-05	0.739496283166	0.0465979977967
3.0517578125e-05	0.741842812035	0.045392869007
6.103515625e-05	0.745116430352	0.0460786941958
0.0001220703125	0.746464172813	0.0481073196363
0.000244140625	0.748472651201	0.0469722441234
0.00048828125	0.750092086281	0.0484074277905
0.0009765625	0.752054618527	0.0483383053597
0.001953125	0.749463826227	0.049755871077
0.00390625	0.744819249847	0.0521252712429
0.0078125	0.7390234826	0.055448156561
0.015625	0.725568205067	0.0638510681709
0.03125	0.698182303829	0.073674175903
0.0625	0.654396637757	0.0778875604663
0.125	0.599009313202	0.0791128606826
0.25	0.538562090946	0.0787695730914
0.5	0.486082997453	0.072143916354
1.0	0.453422576148	0.0999967606707
2.0	0.376292176601	0.0636399472985
4.0	0.321291836639	0.0435124519344
8.0	0.287551405947	0.0589144028256
16.0	0.307797706532	0.132577640916
32.0	0.243504752326	0.0527294557673
64.0	0.255606076544	0.0948402194197
128.0	0.212799890267	0.0433409768509


  ads      ftst            C        f1      f1std
-----  --------  -----------  --------  ---------
    0  0.765348  0.000488281  0.628561  0.0541181
  200  0.774936  6.10352e-05  0.647769  0.0558562
  400  0.774382  3.05176e-05  0.686419  0.0917245
  800  0.776129  3.05176e-05  0.7074    0.0786089
 1600  0.779655  3.05176e-05  0.723845  0.0786829
 3200  0.787096  0.000488281  0.724315  0.0520642
 6400  0.803169  0.000488281  0.74231   0.0439501
    0  0.746057  0.000488281  0.628561  0.0541181
  200  0.752317  6.10352e-05  0.66579   0.0646093
  400  0.764506  6.10352e-05  0.69799   0.0980488
  800  0.764669  0.00012207   0.705235  0.088102
 1600  0.764356  0.000244141  0.725277  0.089177
 3200  0.774729  0.000244141  0.729252  0.0617932
 6400  0.778618  0.00195312   0.749704  0.0456218
    0  0.709815  0.000488281  0.628561  0.0541181
  200  0.717593  6.10352e-05  0.674737  0.0943165
  400  0.710514  0.00012207   0.704205  0.100715
  800  0.707337  0.000488281  0.717803  0.100385
 1600  0.717474  0.00012207   0.725697  0.0720487
 3200  0.710943  0.00012207   0.73252   0.0476052
 6400  0.72286   0.00195312   0.752832  0.0429751
    0  0.748042  0.000488281  0.628561  0.0541181
  200  0.743316  0.00012207   0.693684  0.106228
  400  0.746128  6.10352e-05  0.69608   0.0989051
  800  0.757999  0.00012207   0.722056  0.11149
 1600  0.760836  0.000244141  0.717112  0.0715556
 3200  0.765414  0.000244141  0.736433  0.0676628
 6400  0.755464  0.00195312   0.747833  0.0416286
    0  0.731956  0.000488281  0.628561  0.0541181
  200  0.744849  6.10352e-05  0.669907  0.0753853
  400  0.752242  6.10352e-05  0.700206  0.0826606
  800  0.753005  0.00012207   0.721675  0.0854498
 1600  0.761388  3.05176e-05  0.730974  0.08644
 3200  0.759887  6.10352e-05  0.738211  0.0616579
 6400  0.771512  0.000976562  0.752055  0.0483383
0	0.74024352202	0.0185443571722
200	0.746602251246	0.0183895517425
400	0.749554350844	0.0218314368909
800	0.75182787431	0.0235556920571
1600	0.756741723065	0.0208005698705
3200	0.759613988733	0.0260243236486
6400	0.766324670831	0.026618202962
