  C    kerngamma    percentile  embs              n_fold    kerncoef0    cweights    e_context  clf    kerntype      kerndegree  feats
---  -----------  ------------  --------------  --------  -----------  ----------  -----------  -----  ----------  ------------  -------
  1            1            20  ['s50', 'g50']         5            1           1            1  svm    lin                    1  psn
9.53674316406e-07	0.386880130642	0.0659373298543
1.90734863281e-06	0.409822181755	0.0712787733731
3.81469726562e-06	0.44793123966	0.0770679264592
7.62939453125e-06	0.507913095528	0.0796848872052
1.52587890625e-05	0.560394060594	0.0686838591388
3.0517578125e-05	0.592299938121	0.053752953376
6.103515625e-05	0.619436712467	0.0578602856887
0.0001220703125	0.626421171199	0.0542943425469
0.000244140625	0.627508209054	0.0535938304836
0.00048828125	0.628561368246	0.0541181242137
0.0009765625	0.61806124754	0.0456010491366
0.001953125	0.616726917186	0.0470328035657
0.00390625	0.601791888274	0.0528437916326
0.0078125	0.59245483567	0.0540386574701
0.015625	0.580275714702	0.0515382330882
0.03125	0.571486664558	0.0512359916339
0.0625	0.555674090001	0.0575689370263
0.125	0.520387952675	0.0731945629175
0.25	0.474031362596	0.0645255979178
0.5	0.433215525294	0.0493784043267
1.0	0.391887443369	0.0320620216583
2.0	0.362919150185	0.0329335095833
4.0	0.33506670622	0.0165155866448
8.0	0.345371787579	0.0687339872589
16.0	0.371142748518	0.0949939333237
32.0	0.366303366565	0.0921070274994
64.0	0.338505335572	0.111970647797
128.0	0.321808721296	0.055331103352


  ads      ftst            C        f1      f1std
-----  --------  -----------  --------  ---------
    0  0.765348  0.000488281  0.628561  0.0541181
          C    kerngamma    percentile  embs              n_fold    kerncoef0    cweights    e_context  clf    kerntype      kerndegree  feats
-----------  -----------  ------------  --------------  --------  -----------  ----------  -----------  -----  ----------  ------------  -------
0.000488281            1            20  ['s50', 'g50']         5            1           1            1  svm    lin                    1  psn
9.53674316406e-07	0.515956102081	0.10669399869
1.90734863281e-06	0.544154621986	0.100209566732
3.81469726562e-06	0.585662981551	0.0961582469271
7.62939453125e-06	0.611490329265	0.0745189563543
1.52587890625e-05	0.639046633132	0.0643168788877
3.0517578125e-05	0.640793972583	0.0554413833366
6.103515625e-05	0.647768866699	0.0558561727937
0.0001220703125	0.644278592841	0.0535521425548
0.000244140625	0.642075215957	0.0591893245166
0.00048828125	0.634126377097	0.0585392514501
0.0009765625	0.629521786938	0.070033416826
0.001953125	0.619872288166	0.0690534206679
0.00390625	0.614869700394	0.0749646680691
0.0078125	0.591068716036	0.079876725513
0.015625	0.575868194547	0.0899667866946
0.03125	0.552691769919	0.108648406094
0.0625	0.501094667255	0.115971223678
0.125	0.420544423787	0.119920204094
0.25	0.356171901602	0.0950939254434
0.5	0.299861992221	0.0868777330235
1.0	0.275261930347	0.0865008464232
2.0	0.25507123598	0.0790431957497
4.0	0.204621363375	0.0771149686426
8.0	0.248649953576	0.0388567729405
16.0	0.242625272545	0.0802719012974
32.0	0.17801888875	0.0604872314571
64.0	0.229725043924	0.0637402907364
128.0	0.169148390504	0.0661944506976


  ads      ftst            C        f1      f1std
-----  --------  -----------  --------  ---------
    0  0.765348  0.000488281  0.628561  0.0541181
  200  0.774936  6.10352e-05  0.647769  0.0558562
          C    kerngamma    percentile  embs              n_fold    kerncoef0    cweights    e_context  clf    kerntype      kerndegree  feats
-----------  -----------  ------------  --------------  --------  -----------  ----------  -----------  -----  ----------  ------------  -------
6.10352e-05            1            20  ['s50', 'g50']         5            1           1            1  svm    lin                    1  psn
9.53674316406e-07	0.578546889824	0.16052464525
1.90734863281e-06	0.607605325798	0.139386867236
3.81469726562e-06	0.635343541419	0.124742552324
7.62939453125e-06	0.665979295492	0.10903467207
1.52587890625e-05	0.676529886398	0.0987493220491
3.0517578125e-05	0.686419263802	0.0917244697741
6.103515625e-05	0.684381439769	0.0887084841299
0.0001220703125	0.677832052915	0.0821654563927
0.000244140625	0.672424877811	0.0834013911533
0.00048828125	0.667990659032	0.086649012737
0.0009765625	0.657360568117	0.092355641427
0.001953125	0.653664953223	0.0894789354442
0.00390625	0.647980655152	0.102787242052
0.0078125	0.634799980273	0.119336606593
0.015625	0.598418240824	0.116043929614
0.03125	0.564380294337	0.144135524051
0.0625	0.49276099056	0.153561721536
0.125	0.399729408443	0.128582467981
0.25	0.290374689393	0.0853664470437
0.5	0.238380888808	0.0796102090681
1.0	0.229506036462	0.0743661961957
2.0	0.18208263187	0.0608957213078
4.0	0.212018501365	0.109706127447
8.0	0.176150568075	0.0703254237297
16.0	0.190205025702	0.0599153951489
32.0	0.17804549197	0.064426547101
64.0	0.155132939261	0.088415589852
128.0	0.152247022196	0.116497914594


  ads      ftst            C        f1      f1std
-----  --------  -----------  --------  ---------
    0  0.765348  0.000488281  0.628561  0.0541181
  200  0.774936  6.10352e-05  0.647769  0.0558562
  400  0.774382  3.05176e-05  0.686419  0.0917245
          C    kerngamma    percentile  embs              n_fold    kerncoef0    cweights    e_context  clf    kerntype      kerndegree  feats
-----------  -----------  ------------  --------------  --------  -----------  ----------  -----------  -----  ----------  ------------  -------
3.05176e-05            1            20  ['s50', 'g50']         5            1           1            1  svm    lin                    1  psn
9.53674316406e-07	0.620276359692	0.125008171867
1.90734863281e-06	0.642421092893	0.117057745828
3.81469726562e-06	0.671998828731	0.103559182921
7.62939453125e-06	0.694646816446	0.0919346355505
1.52587890625e-05	0.705310589289	0.0839209737266
3.0517578125e-05	0.707399515196	0.0786088580145
6.103515625e-05	0.701483595103	0.077987347935
0.0001220703125	0.703621201923	0.0842418511322
0.000244140625	0.691695546001	0.0832127728717
0.00048828125	0.689859000655	0.0815620861998
0.0009765625	0.685891085058	0.0868036890735
0.001953125	0.683389207485	0.0935775213746
0.00390625	0.671134603166	0.106032433469
0.0078125	0.658053950537	0.121040145415
0.015625	0.629899495444	0.132514835247
0.03125	0.575585742427	0.138531801974
0.0625	0.507610670344	0.143164048191
0.125	0.405653847778	0.114600096732
0.25	0.298495726197	0.0745337429097
0.5	0.24108941144	0.0636157309434
1.0	0.218616552543	0.0629007221825
2.0	0.209245145127	0.0525170441287
4.0	0.196795055041	0.0619480285891
8.0	0.200827463484	0.0544164288095
16.0	0.192376732882	0.0763395332579
32.0	0.21361645547	0.110298440546
64.0	0.179293165695	0.0628193420656
128.0	0.176917558378	0.101132708086


  ads      ftst            C        f1      f1std
-----  --------  -----------  --------  ---------
    0  0.765348  0.000488281  0.628561  0.0541181
  200  0.774936  6.10352e-05  0.647769  0.0558562
  400  0.774382  3.05176e-05  0.686419  0.0917245
  800  0.776129  3.05176e-05  0.7074    0.0786089
          C    kerngamma    percentile  embs              n_fold    kerncoef0    cweights    e_context  clf    kerntype      kerndegree  feats
-----------  -----------  ------------  --------------  --------  -----------  ----------  -----------  -----  ----------  ------------  -------
3.05176e-05            1            20  ['s50', 'g50']         5            1           1            1  svm    lin                    1  psn
9.53674316406e-07	0.646373204108	0.119779580698
1.90734863281e-06	0.671230816436	0.107351230824
3.81469726562e-06	0.701739930448	0.0965453962938
7.62939453125e-06	0.716051255867	0.0875834421372
1.52587890625e-05	0.719992374779	0.0842376081038
3.0517578125e-05	0.723845280848	0.0786828600583
6.103515625e-05	0.722537707477	0.0777416494092
0.0001220703125	0.718340537823	0.0808481246022
0.000244140625	0.718846790884	0.0792194819405
0.00048828125	0.718682586189	0.0781360692369
0.0009765625	0.715165488556	0.0799206486789
0.001953125	0.705884028096	0.0818605599621
0.00390625	0.703232325695	0.0893152220867
0.0078125	0.693430256525	0.100670954124
0.015625	0.670111868677	0.117871115884
0.03125	0.627434875716	0.135138050191
0.0625	0.560881489982	0.126728601984
0.125	0.466910684192	0.102064649757
0.25	0.38859951717	0.0866178701268
0.5	0.329365866696	0.075134861783
1.0	0.310124626456	0.0866192794008
2.0	0.263582036171	0.0667251276643
4.0	0.268262012188	0.0831141450743
8.0	0.209396832928	0.0564670095362
16.0	0.226262513839	0.0855772441694
32.0	0.170047623422	0.0505157996127
64.0	0.202820694053	0.0987929501027
128.0	0.350209106997	0.129271430071


  ads      ftst            C        f1      f1std
-----  --------  -----------  --------  ---------
    0  0.765348  0.000488281  0.628561  0.0541181
  200  0.774936  6.10352e-05  0.647769  0.0558562
  400  0.774382  3.05176e-05  0.686419  0.0917245
  800  0.776129  3.05176e-05  0.7074    0.0786089
 1600  0.779655  3.05176e-05  0.723845  0.0786829
          C    kerngamma    percentile  embs              n_fold    kerncoef0    cweights    e_context  clf    kerntype      kerndegree  feats
-----------  -----------  ------------  --------------  --------  -----------  ----------  -----------  -----  ----------  ------------  -------
3.05176e-05            1            20  ['s50', 'g50']         5            1           1            1  svm    lin                    1  psn
9.53674316406e-07	0.657816319423	0.0724800612308
1.90734863281e-06	0.685701695802	0.0623799945448
3.81469726562e-06	0.699312858478	0.0562099123336
7.62939453125e-06	0.711982695843	0.0521060255482
1.52587890625e-05	0.715867853023	0.0512134548855
3.0517578125e-05	0.71743436811	0.0495379309955
6.103515625e-05	0.723330157767	0.0495018988047
0.0001220703125	0.724058237116	0.0506814036376
0.000244140625	0.723677901272	0.0517205306634
0.00048828125	0.724315196295	0.0520641950904
0.0009765625	0.722167679462	0.0514967967338
0.001953125	0.71665090342	0.0509138447673
0.00390625	0.712976091082	0.0568194695713
0.0078125	0.704371418236	0.0621753056318
0.015625	0.685665357133	0.0750272843961
0.03125	0.642285634038	0.0886202150514
0.0625	0.574114542867	0.0975888588654
0.125	0.479868318224	0.086980319244
0.25	0.415739229697	0.0728849259772
0.5	0.352829444314	0.0651701872012
1.0	0.309643708797	0.0594017342591
2.0	0.301599891905	0.0761992764117
4.0	0.253638773638	0.056555309565
8.0	0.234187857313	0.0534554917437
16.0	0.188992688733	0.0450036574046
32.0	0.199919992041	0.0599859819849
64.0	0.156006931764	0.0349456950618
128.0	0.209787952712	0.0722141576249


  ads      ftst            C        f1      f1std
-----  --------  -----------  --------  ---------
    0  0.765348  0.000488281  0.628561  0.0541181
  200  0.774936  6.10352e-05  0.647769  0.0558562
  400  0.774382  3.05176e-05  0.686419  0.0917245
  800  0.776129  3.05176e-05  0.7074    0.0786089
 1600  0.779655  3.05176e-05  0.723845  0.0786829
 3200  0.787096  0.000488281  0.724315  0.0520642
          C    kerngamma    percentile  embs              n_fold    kerncoef0    cweights    e_context  clf    kerntype      kerndegree  feats
-----------  -----------  ------------  --------------  --------  -----------  ----------  -----------  -----  ----------  ------------  -------
0.000488281            1            20  ['s50', 'g50']         5            1           1            1  svm    lin                    1  psn
9.53674316406e-07	0.692795537392	0.0484462528269
1.90734863281e-06	0.712145236893	0.0437960960556
3.81469726562e-06	0.722439521716	0.041968771907
7.62939453125e-06	0.729348962971	0.0405663126533
1.52587890625e-05	0.732314613821	0.0390969800105
3.0517578125e-05	0.735366119487	0.0400003189223
6.103515625e-05	0.738116424621	0.0400505830123
0.0001220703125	0.73962791262	0.0406876291283
0.000244140625	0.741179884086	0.0417895226817
0.00048828125	0.74231021541	0.0439501339243
0.0009765625	0.741801511869	0.0448464761128
0.001953125	0.739855220127	0.0446426466714
0.00390625	0.739583892675	0.0479155159084
0.0078125	0.73170667709	0.0508798693102
0.015625	0.716649383169	0.0542509636159
0.03125	0.689036486531	0.0593717401632
0.0625	0.646743136433	0.0655800293835
0.125	0.591631763541	0.0700903731552
0.25	0.534366034251	0.0743641303012
0.5	0.482867089564	0.0732905144129
1.0	0.412293553212	0.0599244492885
2.0	0.34662587998	0.0579110525279
4.0	0.306275927422	0.0521133009026
8.0	0.279052219317	0.0393626502177
16.0	0.249558330832	0.0506066989364
32.0	0.224311964981	0.0563240614064
64.0	0.273544902016	0.1019696672
128.0	0.209743446823	0.0418982677097


  ads      ftst            C        f1      f1std
-----  --------  -----------  --------  ---------
    0  0.765348  0.000488281  0.628561  0.0541181
  200  0.774936  6.10352e-05  0.647769  0.0558562
  400  0.774382  3.05176e-05  0.686419  0.0917245
  800  0.776129  3.05176e-05  0.7074    0.0786089
 1600  0.779655  3.05176e-05  0.723845  0.0786829
 3200  0.787096  0.000488281  0.724315  0.0520642
 6400  0.803169  0.000488281  0.74231   0.0439501
