['c=!', 'c=#', 'c=$', 'c=%', "c='", 'c=(', 'c=)', 'c=,', 'c=-', 'c=.', 'c=0', 'c=1', 'c=2', 'c=3', 'c=4', 'c=5', 'c=6', 'c=7', 'c=8', 'c=9', 'c=:', 'c=;', 'c=A', 'c=B', 'c=C', 'c=D', 'c=E', 'c=F', 'c=G', 'c=H', 'c=I', 'c=J', 'c=K', 'c=L', 'c=M', 'c=N', 'c=O', 'c=P', 'c=R', 'c=S', 'c=T', 'c=U', 'c=V', 'c=W', 'c=X', 'c=Y', 'c=Z', 'c=\\w', 'c=`', 'c=a', 'c=b', 'c=c', 'c=d', 'c=e', 'c=f', 'c=g', 'c=h', 'c=i', 'c=j', 'c=k', 'c=l', 'c=m', 'c=n', 'c=o', 'c=p', 'c=q', 'c=r', 'c=s', 'c=t', 'c=u', 'c=v', 'c=w', 'c=w/', 'c=x', 'c=y', 'c=z']
c=! c=# c=$ c=% c=' c=( c=) c=, c=- c=. c=0 c=1 c=2 c=3 c=4 c=5 c=6 c=7 c=8 c=9 c=: c=; c=A c=B c=C c=D c=E c=F c=G c=H c=I c=J c=K c=L c=M c=N c=O c=P c=R c=S c=T c=U c=V c=W c=X c=Y c=Z c=\w c=` c=a c=b c=c c=d c=e c=f c=g c=h c=i c=j c=k c=l c=m c=n c=o c=p c=q c=r c=s c=t c=u c=v c=w c=w/ c=x c=y c=z
NF: 76
l_in: (None, None, 76)
l_mask: (Subtensor{int64}.0, Subtensor{int64}.0)
l_reshape: (None, 76)
l_emb: (None, 128)
l_emb: (None, None, 128)
l_forward: (None, None, 128)
l_backward: (None, None, 128)
l_fbmerge: (None, None, 256)
l_reshape: (None, 256)
l_out: (None, None)
[W, b, W, W, b, W, W, b]
Compiling functions...
Compiling done.
fstart:0 fend:40
dset      epoch    cost    cerr     p     r     f
------  -------  ------  ------  ----  ----  ----
trn           0     nan    0.82  0.31  0.99  0.47
dev           0     nan    0.80  0.35  1.00  0.51
dset      epoch    cost    cerr     p     r     f
------  -------  ------  ------  ----  ----  ----
trn           1     nan    0.18  0.69  0.00  0.00
dev           1     nan    0.20  0.65  0.00  0.00
dset      epoch    cost    cerr     p     r     f
------  -------  ------  ------  ----  ----  ----
trn           2    0.45    0.18  0.69  0.00  0.00
dev           2    0.49    0.20  0.65  0.00  0.00
dset      epoch    cost    cerr     p     r     f
------  -------  ------  ------  ----  ----  ----
trn           3    0.44    0.18  0.69  0.00  0.00
dev           3    0.47    0.20  0.65  0.00  0.00
dset      epoch    cost    cerr     p     r     f
------  -------  ------  ------  ----  ----  ----
trn           4    0.42    0.18  0.69  0.00  0.00
dev           4    0.46    0.20  0.65  0.00  0.00
dset      epoch    cost    cerr     p     r     f
------  -------  ------  ------  ----  ----  ----
trn           5    0.42    0.18  0.69  0.00  0.00
dev           5    0.48    0.20  0.65  0.00  0.00
dset      epoch    cost    cerr     p     r     f
------  -------  ------  ------  ----  ----  ----
trn           6    0.38    0.17  0.69  0.00  0.00
dev           6    0.43    0.20  0.65  0.00  0.00
dset      epoch    cost    cerr     p     r     f
------  -------  ------  ------  ----  ----  ----
trn           7    0.38    0.17  0.69  0.00  0.00
dev           7    0.43    0.20  0.65  0.00  0.00
dset      epoch    cost    cerr     p     r     f
------  -------  ------  ------  ----  ----  ----
trn           8    0.37    0.17  0.69  0.00  0.00
dev           8    0.44    0.20  0.65  0.00  0.00
dset      epoch    cost    cerr     p     r     f
------  -------  ------  ------  ----  ----  ----
trn           9    0.37    0.17  0.69  0.01  0.02
dev           9    0.43    0.20  0.65  0.01  0.02
dset      epoch    cost    cerr     p     r     f
------  -------  ------  ------  ----  ----  ----
trn          10    0.36    0.17  0.69  0.01  0.02
dev          10    0.42    0.20  0.65  0.01  0.01
dset      epoch    cost    cerr     p     r     f
------  -------  ------  ------  ----  ----  ----
trn          11    0.36    0.17  0.70  0.03  0.06
dev          11    0.41    0.20  0.65  0.03  0.06
dset      epoch    cost    cerr     p     r     f
------  -------  ------  ------  ----  ----  ----
trn          12    0.35    0.17  0.70  0.09  0.16
dev          12    0.41    0.20  0.65  0.04  0.07
dset      epoch    cost    cerr     p     r     f
------  -------  ------  ------  ----  ----  ----
trn          13    0.36    0.17  0.71  0.15  0.24
dev          13    0.42    0.21  0.65  0.09  0.15
dset      epoch    cost    cerr     p     r     f
------  -------  ------  ------  ----  ----  ----
trn          14    0.35    0.17  0.72  0.19  0.30
dev          14    0.45    0.22  0.64  0.09  0.15
dset      epoch    cost    cerr     p     r     f
------  -------  ------  ------  ----  ----  ----
trn          15    0.34    0.17  0.72  0.17  0.28
dev          15    0.44    0.21  0.65  0.09  0.16
dset      epoch    cost    cerr     p     r     f
------  -------  ------  ------  ----  ----  ----
trn          16    0.33    0.16  0.72  0.20  0.31
dev          16    0.45    0.21  0.64  0.11  0.19
dset      epoch    cost    cerr     p     r     f
------  -------  ------  ------  ----  ----  ----
trn          17    0.34    0.16  0.73  0.32  0.45
dev          17    0.43    0.21  0.64  0.17  0.27
dset      epoch    cost    cerr     p     r     f
------  -------  ------  ------  ----  ----  ----
trn          18    0.34    0.16  0.73  0.40  0.52
dev          18    0.44    0.22  0.64  0.25  0.35
dset      epoch    cost    cerr     p     r     f
------  -------  ------  ------  ----  ----  ----
trn          19    0.33    0.16  0.73  0.35  0.48
dev          19    0.44    0.22  0.63  0.20  0.30
dset      epoch    cost    cerr     p     r     f
------  -------  ------  ------  ----  ----  ----
trn          20    0.32    0.15  0.74  0.31  0.43
dev          20    0.50    0.22  0.64  0.15  0.25
dset      epoch    cost    cerr     p     r     f
------  -------  ------  ------  ----  ----  ----
trn          21    0.32    0.15  0.74  0.29  0.42
dev          21    0.50    0.22  0.63  0.13  0.22
dset      epoch    cost    cerr     p     r     f
------  -------  ------  ------  ----  ----  ----
trn          22    0.32    0.15  0.74  0.34  0.47
dev          22    0.48    0.22  0.63  0.18  0.29
dset      epoch    cost    cerr     p     r     f
------  -------  ------  ------  ----  ----  ----
trn          23    0.32    0.15  0.74  0.40  0.52
dev          23    0.53    0.22  0.63  0.18  0.28
dset      epoch    cost    cerr     p     r     f
------  -------  ------  ------  ----  ----  ----
trn          24    0.33    0.16  0.71  0.10  0.17
dev          24    0.47    0.20  0.65  0.02  0.04
dset      epoch    cost    cerr     p     r     f
------  -------  ------  ------  ----  ----  ----
trn          25    0.33    0.15  0.74  0.19  0.30
dev          25    0.46    0.20  0.66  0.08  0.14
dset      epoch    cost    cerr     p     r     f
------  -------  ------  ------  ----  ----  ----
trn          26    0.34    0.16  0.74  0.38  0.50
dev          26    0.43    0.22  0.64  0.23  0.34
dset      epoch    cost    cerr     p     r     f
------  -------  ------  ------  ----  ----  ----
trn          27     nan    0.17  0.70  0.02  0.03
dev          27     nan    0.20  0.66  0.02  0.04
dset      epoch    cost    cerr     p     r     f
------  -------  ------  ------  ----  ----  ----
trn          28    0.47    0.18  0.69  0.00  0.00
dev          28    0.53    0.20  0.65  0.00  0.00
dset      epoch    cost    cerr     p     r     f
------  -------  ------  ------  ----  ----  ----
trn          29    0.45    0.18  0.69  0.00  0.00
dev          29    0.51    0.20  0.65  0.00  0.00
dset      epoch    cost    cerr     p     r     f
------  -------  ------  ------  ----  ----  ----
trn          30    0.40    0.18  0.69  0.00  0.00
dev          30    0.45    0.20  0.65  0.00  0.00
dset      epoch    cost    cerr     p     r     f
------  -------  ------  ------  ----  ----  ----
trn          31    0.37    0.17  0.70  0.05  0.09
dev          31    0.43    0.20  0.65  0.01  0.02
dset      epoch    cost    cerr     p     r     f
------  -------  ------  ------  ----  ----  ----
trn          32    0.36    0.17  0.70  0.05  0.09
dev          32    0.43    0.20  0.65  0.03  0.06
dset      epoch    cost    cerr     p     r     f
------  -------  ------  ------  ----  ----  ----
trn          33    0.35    0.17  0.71  0.13  0.22
dev          33    0.42    0.21  0.64  0.06  0.10
dset      epoch    cost    cerr     p     r     f
------  -------  ------  ------  ----  ----  ----
trn          34    0.34    0.16  0.72  0.17  0.27
dev          34    0.42    0.21  0.63  0.08  0.14
dset      epoch    cost    cerr     p     r     f
------  -------  ------  ------  ----  ----  ----
trn          35    0.34    0.16  0.71  0.11  0.19
dev          35    0.44    0.21  0.64  0.04  0.07
dset      epoch    cost    cerr     p     r     f
------  -------  ------  ------  ----  ----  ----
trn          36    0.33    0.16  0.72  0.12  0.21
dev          36    0.44    0.21  0.64  0.05  0.09
dset      epoch    cost    cerr     p     r     f
------  -------  ------  ------  ----  ----  ----
trn          37    0.32    0.15  0.73  0.22  0.34
dev          37    0.45    0.21  0.63  0.09  0.16
dset      epoch    cost    cerr     p     r     f
------  -------  ------  ------  ----  ----  ----
trn          38    0.32    0.15  0.74  0.21  0.33
dev          38    0.44    0.21  0.62  0.07  0.12
dset      epoch    cost    cerr     p     r     f
------  -------  ------  ------  ----  ----  ----
trn          39    0.32    0.15  0.74  0.28  0.40
dev          39    0.44    0.21  0.63  0.12  0.20
dset      epoch    cost    cerr     p     r     f
------  -------  ------  ------  ----  ----  ----
trn          40    0.32    0.14  0.76  0.31  0.44
dev          40    0.45    0.22  0.63  0.12  0.20
dset      epoch    cost    cerr     p     r     f
------  -------  ------  ------  ----  ----  ----
trn          41    0.32    0.14  0.75  0.26  0.39
dev          41    0.43    0.21  0.64  0.13  0.21
dset      epoch    cost    cerr     p     r     f
------  -------  ------  ------  ----  ----  ----
trn          42    0.32    0.15  0.75  0.27  0.40
dev          42    0.44    0.22  0.63  0.13  0.22
dset      epoch    cost    cerr     p     r     f
------  -------  ------  ------  ----  ----  ----
trn          43    0.32    0.15  0.75  0.34  0.47
dev          43    0.44    0.21  0.63  0.13  0.22
dset      epoch    cost    cerr     p     r     f
------  -------  ------  ------  ----  ----  ----
trn          44    0.32    0.15  0.74  0.20  0.32
dev          44    0.46    0.21  0.65  0.07  0.13
dset      epoch    cost    cerr     p     r     f
------  -------  ------  ------  ----  ----  ----
trn          45    0.31    0.14  0.75  0.29  0.42
dev          45    0.44    0.21  0.64  0.11  0.19
dset      epoch    cost    cerr     p     r     f
------  -------  ------  ------  ----  ----  ----
trn          46    0.31    0.14  0.77  0.33  0.46
dev          46    0.47    0.21  0.63  0.15  0.24
dset      epoch    cost    cerr     p     r     f
------  -------  ------  ------  ----  ----  ----
trn          47    0.31    0.14  0.76  0.38  0.50
dev          47    0.45    0.22  0.63  0.18  0.28
dset      epoch    cost    cerr     p     r     f
------  -------  ------  ------  ----  ----  ----
trn          48    0.30    0.14  0.77  0.44  0.56
dev          48    0.46    0.22  0.63  0.22  0.33
dset      epoch    cost    cerr     p     r     f
------  -------  ------  ------  ----  ----  ----
trn          49    0.29    0.13  0.79  0.41  0.54
dev          49    0.47    0.22  0.63  0.18  0.28
dset      epoch    cost    cerr     p     r     f
------  -------  ------  ------  ----  ----  ----
trn          50    0.29    0.13  0.80  0.51  0.62
dev          50    0.48    0.22  0.63  0.25  0.35
dset      epoch    cost    cerr     p     r     f
------  -------  ------  ------  ----  ----  ----
trn          51    0.42    0.14  0.75  0.31  0.43
dev          51    0.67    0.22  0.63  0.17  0.26
dset      epoch    cost    cerr     p     r     f
------  -------  ------  ------  ----  ----  ----
trn          52    0.30    0.14  0.77  0.39  0.52
dev          52    0.45    0.22  0.63  0.16  0.25
dset      epoch    cost    cerr     p     r     f
------  -------  ------  ------  ----  ----  ----
trn          53    0.28    0.12  0.79  0.48  0.60
dev          53    0.48    0.23  0.62  0.21  0.31
dset      epoch    cost    cerr     p     r     f
------  -------  ------  ------  ----  ----  ----
trn          54    0.30    0.13  0.77  0.30  0.43
dev          54    0.47    0.21  0.64  0.10  0.18
dset      epoch    cost    cerr     p     r     f
------  -------  ------  ------  ----  ----  ----
trn          55    0.29    0.13  0.78  0.51  0.62
dev          55    0.48    0.22  0.64  0.28  0.39
dset      epoch    cost    cerr     p     r     f
------  -------  ------  ------  ----  ----  ----
trn          56    0.28    0.12  0.79  0.50  0.61
dev          56    0.49    0.23  0.61  0.23  0.34
dset      epoch    cost    cerr     p     r     f
------  -------  ------  ------  ----  ----  ----
trn          57    0.27    0.12  0.80  0.53  0.64
dev          57    0.50    0.22  0.62  0.28  0.39
dset      epoch    cost    cerr     p     r     f
------  -------  ------  ------  ----  ----  ----
trn          58    0.27    0.12  0.80  0.46  0.58
dev          58    0.48    0.21  0.64  0.18  0.28
dset      epoch    cost    cerr     p     r     f
------  -------  ------  ------  ----  ----  ----
trn          59    0.28    0.12  0.80  0.59  0.68
dev          59    0.51    0.24  0.61  0.28  0.38
dset      epoch    cost    cerr     p     r     f
------  -------  ------  ------  ----  ----  ----
trn          60    0.26    0.12  0.81  0.56  0.66
dev          60    0.53    0.23  0.62  0.24  0.35
dset      epoch    cost    cerr     p     r     f
------  -------  ------  ------  ----  ----  ----
trn          61    0.26    0.11  0.83  0.55  0.66
dev          61    0.50    0.22  0.64  0.23  0.34
dset      epoch    cost    cerr     p     r     f
------  -------  ------  ------  ----  ----  ----
trn          62    0.27    0.12  0.80  0.42  0.55
dev          62    0.54    0.22  0.64  0.13  0.21
dset      epoch    cost    cerr     p     r     f
------  -------  ------  ------  ----  ----  ----
trn          63    0.32    0.14  0.75  0.18  0.30
dev          63    0.58    0.21  0.64  0.04  0.07
dset      epoch    cost    cerr     p     r     f
------  -------  ------  ------  ----  ----  ----
trn          64     nan    0.60  0.44  0.72  0.54
dev          64     nan    0.58  0.46  0.66  0.54
dset      epoch    cost    cerr     p     r     f
------  -------  ------  ------  ----  ----  ----
trn          65     nan    0.81  0.31  1.00  0.48
dev          65     nan    0.79  0.34  0.99  0.51
dset      epoch    cost    cerr     p     r     f
------  -------  ------  ------  ----  ----  ----
trn          66     nan    0.18  0.69  0.00  0.00
dev          66     nan    0.20  0.65  0.00  0.00
dset      epoch    cost    cerr     p     r     f
------  -------  ------  ------  ----  ----  ----
trn          67    0.42    0.18  0.69  0.00  0.00
dev          67    0.46    0.20  0.65  0.00  0.00
dset      epoch    cost    cerr     p     r     f
------  -------  ------  ------  ----  ----  ----
trn          68    0.40    0.17  0.69  0.00  0.00
dev          68    0.46    0.20  0.65  0.00  0.00
dset      epoch    cost    cerr     p     r     f
------  -------  ------  ------  ----  ----  ----
trn          69    0.37    0.17  0.70  0.03  0.05
dev          69    0.42    0.20  0.65  0.01  0.02
dset      epoch    cost    cerr     p     r     f
------  -------  ------  ------  ----  ----  ----
trn          70    0.36    0.17  0.70  0.02  0.04
dev          70    0.43    0.20  0.65  0.01  0.01
dset      epoch    cost    cerr     p     r     f
------  -------  ------  ------  ----  ----  ----
trn          71    0.35    0.17  0.71  0.14  0.24
dev          71    0.42    0.21  0.64  0.07  0.13
dset      epoch    cost    cerr     p     r     f
------  -------  ------  ------  ----  ----  ----
trn          72    0.34    0.16  0.73  0.22  0.34
dev          72    0.42    0.21  0.63  0.12  0.20
dset      epoch    cost    cerr     p     r     f
------  -------  ------  ------  ----  ----  ----
trn          73    0.33    0.15  0.74  0.27  0.40
dev          73    0.42    0.21  0.63  0.12  0.21
dset      epoch    cost    cerr     p     r     f
------  -------  ------  ------  ----  ----  ----
trn          74    0.32    0.15  0.74  0.27  0.39
dev          74    0.43    0.21  0.63  0.11  0.19
dset      epoch    cost    cerr     p     r     f
------  -------  ------  ------  ----  ----  ----
trn          75    0.31    0.15  0.74  0.25  0.37
dev          75    0.46    0.21  0.63  0.10  0.17
dset      epoch    cost    cerr     p     r     f
------  -------  ------  ------  ----  ----  ----
trn          76     nan    0.18  0.69  0.00  0.00
dev          76     nan    0.20  0.65  0.00  0.00
dset      epoch    cost    cerr     p     r     f
------  -------  ------  ------  ----  ----  ----
trn          77     nan    0.18  0.69  0.00  0.00
dev          77     nan    0.20  0.65  0.00  0.00
dset      epoch    cost    cerr     p     r     f
------  -------  ------  ------  ----  ----  ----
trn          78     nan    0.18  0.69  0.00  0.00
dev          78     nan    0.20  0.65  0.00  0.00
dset      epoch    cost    cerr     p     r     f
------  -------  ------  ------  ----  ----  ----
trn          79     nan    0.18  0.69  0.00  0.00
dev          79     nan    0.20  0.65  0.00  0.00
dset      epoch    cost    cerr     p     r     f
------  -------  ------  ------  ----  ----  ----
trn          80    0.46    0.18  0.69  0.00  0.00
dev          80    0.50    0.20  0.65  0.00  0.00
dset      epoch    cost    cerr     p     r     f
------  -------  ------  ------  ----  ----  ----
trn          81    0.44    0.18  0.69  0.00  0.00
dev          81    0.47    0.20  0.65  0.00  0.00
dset      epoch    cost    cerr     p     r     f
------  -------  ------  ------  ----  ----  ----
trn          82    0.41    0.18  0.69  0.00  0.00
dev          82    0.45    0.20  0.65  0.00  0.00
dset      epoch    cost    cerr     p     r     f
------  -------  ------  ------  ----  ----  ----
trn          83    0.40    0.17  0.69  0.00  0.00
dev          83    0.44    0.20  0.65  0.00  0.00
dset      epoch    cost    cerr     p     r     f
------  -------  ------  ------  ----  ----  ----
trn          84    0.39    0.17  0.69  0.00  0.01
dev          84    0.44    0.20  0.65  0.00  0.00
dset      epoch    cost    cerr     p     r     f
------  -------  ------  ------  ----  ----  ----
trn          85    0.37    0.17  0.70  0.03  0.05
dev          85    0.43    0.21  0.65  0.01  0.01
dset      epoch    cost    cerr     p     r     f
------  -------  ------  ------  ----  ----  ----
trn          86    0.37    0.17  0.70  0.04  0.07
dev          86    0.43    0.20  0.65  0.01  0.02
dset      epoch    cost    cerr     p     r     f
------  -------  ------  ------  ----  ----  ----
trn          87    0.36    0.17  0.71  0.09  0.17
dev          87    0.43    0.21  0.64  0.04  0.07
dset      epoch    cost    cerr     p     r     f
------  -------  ------  ------  ----  ----  ----
trn          88    0.36    0.16  0.71  0.11  0.19
dev          88    0.44    0.21  0.64  0.04  0.08
dset      epoch    cost    cerr     p     r     f
------  -------  ------  ------  ----  ----  ----
trn          89    0.35    0.16  0.72  0.20  0.31
dev          89    0.43    0.22  0.62  0.09  0.15
dset      epoch    cost    cerr     p     r     f
------  -------  ------  ------  ----  ----  ----
trn          90    0.36    0.16  0.72  0.22  0.33
dev          90    0.43    0.22  0.61  0.09  0.15
dset      epoch    cost    cerr     p     r     f
------  -------  ------  ------  ----  ----  ----
trn          91    0.34    0.16  0.73  0.22  0.34
dev          91    0.44    0.22  0.62  0.10  0.18
dset      epoch    cost    cerr     p     r     f
------  -------  ------  ------  ----  ----  ----
trn          92    0.34    0.15  0.73  0.27  0.40
dev          92    0.44    0.22  0.62  0.13  0.21
dset      epoch    cost    cerr     p     r     f
------  -------  ------  ------  ----  ----  ----
trn          93    0.34    0.16  0.73  0.30  0.43
dev          93    0.46    0.22  0.62  0.12  0.20
dset      epoch    cost    cerr     p     r     f
------  -------  ------  ------  ----  ----  ----
trn          94    0.33    0.15  0.74  0.33  0.46
dev          94    0.46    0.23  0.61  0.12  0.20
dset      epoch    cost    cerr     p     r     f
------  -------  ------  ------  ----  ----  ----
trn          95    0.34    0.15  0.74  0.29  0.41
dev          95    0.49    0.22  0.62  0.11  0.19
dset      epoch    cost    cerr     p     r     f
------  -------  ------  ------  ----  ----  ----
trn          96    0.34    0.15  0.73  0.27  0.39
dev          96    0.49    0.22  0.63  0.10  0.17
dset      epoch    cost    cerr     p     r     f
------  -------  ------  ------  ----  ----  ----
trn          97    0.33    0.15  0.75  0.29  0.42
dev          97    0.45    0.22  0.62  0.13  0.21
dset      epoch    cost    cerr     p     r     f
------  -------  ------  ------  ----  ----  ----
trn          98    0.32    0.15  0.74  0.24  0.36
dev          98    0.45    0.22  0.63  0.10  0.18
dset      epoch    cost    cerr     p     r     f
------  -------  ------  ------  ----  ----  ----
trn          99    0.31    0.14  0.76  0.32  0.45
dev          99    0.46    0.23  0.61  0.12  0.20
mean:0.54 std:0.00
