# of words per sent, min:20 max:40 mean:26.81 std:5.12
fbmerge      sample    patience    gclip  n_hidden    log                     lr    in2out    save    norm  opt    rnn       truncate    fbias  activation    drates             n_batch    shuf    sorted    emb    eps    fepoch    gnoise
---------  --------  ----------  -------  ----------  -------------------  -----  --------  ------  ------  -----  ------  ----------  -------  ------------  ---------------  ---------  ------  --------  -----  -----  --------  --------
concat            0          -1        0  [128, 128]  emb_adam_lazent_gru  0.005         0       0       2  adam   lazrnn          -1        0  bi-gru        [0.3, 0.3, 0.3]         20       1         1    128  1e-08       100         0
['c=!', 'c=#', 'c=$', 'c=%', "c='", 'c=(', 'c=)', 'c=,', 'c=-', 'c=.', 'c=0', 'c=1', 'c=2', 'c=3', 'c=4', 'c=5', 'c=6', 'c=7', 'c=8', 'c=9', 'c=:', 'c=;', 'c=A', 'c=B', 'c=C', 'c=D', 'c=E', 'c=F', 'c=G', 'c=H', 'c=I', 'c=J', 'c=K', 'c=L', 'c=M', 'c=N', 'c=O', 'c=P', 'c=R', 'c=S', 'c=T', 'c=U', 'c=V', 'c=W', 'c=X', 'c=Y', 'c=Z', 'c=\\w', 'c=`', 'c=a', 'c=b', 'c=c', 'c=d', 'c=e', 'c=f', 'c=g', 'c=h', 'c=i', 'c=j', 'c=k', 'c=l', 'c=m', 'c=n', 'c=o', 'c=p', 'c=q', 'c=r', 'c=s', 'c=t', 'c=u', 'c=v', 'c=w', 'c=w/', 'c=x', 'c=y', 'c=z']
c=! c=# c=$ c=% c=' c=( c=) c=, c=- c=. c=0 c=1 c=2 c=3 c=4 c=5 c=6 c=7 c=8 c=9 c=: c=; c=A c=B c=C c=D c=E c=F c=G c=H c=I c=J c=K c=L c=M c=N c=O c=P c=R c=S c=T c=U c=V c=W c=X c=Y c=Z c=\w c=` c=a c=b c=c c=d c=e c=f c=g c=h c=i c=j c=k c=l c=m c=n c=o c=p c=q c=r c=s c=t c=u c=v c=w c=w/ c=x c=y c=z
NF: 76
l_in: (None, None, 76)
l_mask: (Subtensor{int64}.0, Subtensor{int64}.0)
l_reshape: (None, 76)
l_emb: (None, 128)
l_emb: (None, None, 128)
l_drop: (None, None, 128)
l_forward: (None, None, 128)
l_backward: (None, None, 128)
l_fbmerge: (None, None, 256)
l_forward: (None, None, 128)
l_backward: (None, None, 128)
l_fbmerge: (None, None, 256)
l_reshape: (None, 256)
l_out: (None, None)
[W, W_in_to_updategate, W_hid_to_updategate, b_updategate, W_in_to_resetgate, W_hid_to_resetgate, b_resetgate, W_in_to_hidden_update, W_hid_to_hidden_update, b_hidden_update, hid_init, W_in_to_updategate, W_hid_to_updategate, b_updategate, W_in_to_resetgate, W_hid_to_resetgate, b_resetgate, W_in_to_hidden_update, W_hid_to_hidden_update, b_hidden_update, hid_init, W_in_to_updategate, W_hid_to_updategate, b_updategate, W_in_to_resetgate, W_hid_to_resetgate, b_resetgate, W_in_to_hidden_update, W_hid_to_hidden_update, b_hidden_update, hid_init, W_in_to_updategate, W_hid_to_updategate, b_updategate, W_in_to_resetgate, W_hid_to_resetgate, b_resetgate, W_in_to_hidden_update, W_hid_to_hidden_update, b_hidden_update, hid_init, W, b]
Compiling functions...
Compiling done.
fstart:0 fend:40
dset      epoch    cost    cerr     p     r     f
------  -------  ------  ------  ----  ----  ----
trn           0    0.45    0.20  0.69  0.06  0.10
dev           0    0.47    0.23  0.65  0.04  0.07
dset      epoch    cost    cerr     p     r     f
------  -------  ------  ------  ----  ----  ----
trn           1    0.42    0.18  0.69  0.01  0.02
dev           1    0.45    0.21  0.66  0.01  0.02
dset      epoch    cost    cerr     p     r     f
------  -------  ------  ------  ----  ----  ----
trn           2    0.39    0.18  0.70  0.01  0.02
dev           2    0.44    0.20  0.66  0.01  0.02
dset      epoch    cost    cerr     p     r     f
------  -------  ------  ------  ----  ----  ----
trn           3    0.38    0.17  0.69  0.01  0.02
dev           3    0.45    0.20  0.65  0.00  0.00
dset      epoch    cost    cerr     p     r     f
------  -------  ------  ------  ----  ----  ----
trn           4    0.36    0.17  0.70  0.06  0.11
dev           4    0.43    0.21  0.65  0.02  0.04
dset      epoch    cost    cerr     p     r     f
------  -------  ------  ------  ----  ----  ----
trn           5    0.34    0.16  0.72  0.23  0.35
dev           5    0.42    0.21  0.63  0.10  0.18
dset      epoch    cost    cerr     p     r     f
------  -------  ------  ------  ----  ----  ----
trn           6    0.33    0.15  0.73  0.23  0.35
dev           6    0.42    0.20  0.64  0.09  0.15
dset      epoch    cost    cerr     p     r     f
------  -------  ------  ------  ----  ----  ----
trn           7    0.31    0.14  0.74  0.31  0.44
dev           7    0.43    0.21  0.64  0.12  0.21
dset      epoch    cost    cerr     p     r     f
------  -------  ------  ------  ----  ----  ----
trn           8    0.30    0.14  0.75  0.26  0.39
dev           8    0.45    0.21  0.64  0.06  0.11
dset      epoch    cost    cerr     p     r     f
------  -------  ------  ------  ----  ----  ----
trn           9    0.28    0.12  0.78  0.42  0.55
dev           9    0.43    0.20  0.64  0.14  0.23
dset      epoch    cost    cerr     p     r     f
------  -------  ------  ------  ----  ----  ----
trn          10    0.26    0.12  0.78  0.42  0.55
dev          10    0.50    0.20  0.66  0.18  0.29
dset      epoch    cost    cerr     p     r     f
------  -------  ------  ------  ----  ----  ----
trn          11    0.23    0.10  0.82  0.64  0.72
dev          11    0.50    0.22  0.63  0.30  0.41
dset      epoch    cost    cerr     p     r     f
------  -------  ------  ------  ----  ----  ----
trn          12    0.22    0.09  0.84  0.77  0.80
dev          12    0.51    0.24  0.58  0.26  0.36
dset      epoch    cost    cerr     p     r     f
------  -------  ------  ------  ----  ----  ----
trn          13    0.18    0.08  0.86  0.64  0.74
dev          13    0.58    0.22  0.63  0.12  0.21
dset      epoch    cost    cerr     p     r     f
------  -------  ------  ------  ----  ----  ----
trn          14    0.17    0.07  0.88  0.67  0.76
dev          14    0.59    0.22  0.62  0.13  0.22
dset      epoch    cost    cerr     p     r     f
------  -------  ------  ------  ----  ----  ----
trn          15    0.19    0.08  0.86  0.90  0.88
dev          15    0.63    0.26  0.56  0.38  0.45
dset      epoch    cost    cerr     p     r     f
------  -------  ------  ------  ----  ----  ----
trn          16    0.12    0.04  0.92  0.80  0.85
dev          16    0.63    0.23  0.61  0.20  0.30
dset      epoch    cost    cerr     p     r     f
------  -------  ------  ------  ----  ----  ----
trn          17    0.10    0.03  0.95  0.95  0.95
dev          17    0.66    0.24  0.59  0.35  0.44
dset      epoch    cost    cerr     p     r     f
------  -------  ------  ------  ----  ----  ----
trn          18    0.08    0.03  0.96  0.97  0.96
dev          18    0.78    0.25  0.59  0.33  0.42
dset      epoch    cost    cerr     p     r     f
------  -------  ------  ------  ----  ----  ----
trn          19    0.06    0.02  0.96  0.97  0.97
dev          19    0.88    0.25  0.59  0.33  0.42
dset      epoch    cost    cerr     p     r     f
------  -------  ------  ------  ----  ----  ----
trn          20    0.08    0.03  0.95  0.98  0.97
dev          20    0.90    0.25  0.60  0.40  0.48
dset      epoch    cost    cerr     p     r     f
------  -------  ------  ------  ----  ----  ----
trn          21    0.11    0.04  0.94  0.99  0.96
dev          21    0.97    0.25  0.58  0.44  0.50
dset      epoch    cost    cerr     p     r     f
------  -------  ------  ------  ----  ----  ----
trn          22    0.05    0.02  0.98  0.97  0.97
dev          22    0.91    0.24  0.58  0.23  0.33
dset      epoch    cost    cerr     p     r     f
------  -------  ------  ------  ----  ----  ----
trn          23    0.09    0.04  0.93  0.79  0.86
dev          23    1.02    0.22  0.63  0.09  0.15
dset      epoch    cost    cerr     p     r     f
------  -------  ------  ------  ----  ----  ----
trn          24    0.21    0.09  0.84  0.49  0.62
dev          24    1.03    0.21  0.64  0.02  0.05
dset      epoch    cost    cerr     p     r     f
------  -------  ------  ------  ----  ----  ----
trn          25    0.09    0.04  0.93  0.79  0.86
dev          25    0.78    0.21  0.65  0.15  0.24
dset      epoch    cost    cerr     p     r     f
------  -------  ------  ------  ----  ----  ----
trn          26    0.07    0.02  0.97  0.98  0.97
dev          26    0.69    0.23  0.62  0.35  0.45
dset      epoch    cost    cerr     p     r     f
------  -------  ------  ------  ----  ----  ----
trn          27    0.03    0.01  0.99  0.97  0.98
dev          27    0.84    0.24  0.58  0.22  0.32
dset      epoch    cost    cerr     p     r     f
------  -------  ------  ------  ----  ----  ----
trn          28    0.02    0.00  0.99  0.98  0.99
dev          28    0.95    0.23  0.60  0.16  0.25
dset      epoch    cost    cerr     p     r     f
------  -------  ------  ------  ----  ----  ----
trn          29    0.01    0.00  1.00  0.99  1.00
dev          29    1.02    0.23  0.59  0.26  0.36
dset      epoch    cost    cerr     p     r     f
------  -------  ------  ------  ----  ----  ----
trn          30    0.01    0.00  1.00  0.99  1.00
dev          30    1.18    0.23  0.62  0.20  0.30
dset      epoch    cost    cerr     p     r     f
------  -------  ------  ------  ----  ----  ----
trn          31    0.00    0.00  1.00  0.99  1.00
dev          31    1.24    0.24  0.59  0.23  0.33
dset      epoch    cost    cerr     p     r     f
------  -------  ------  ------  ----  ----  ----
trn          32    0.00    0.00  1.00  1.00  1.00
dev          32    1.25    0.22  0.61  0.15  0.24
dset      epoch    cost    cerr     p     r     f
------  -------  ------  ------  ----  ----  ----
trn          33    0.00    0.00  1.00  1.00  1.00
dev          33    1.23    0.24  0.58  0.20  0.30
dset      epoch    cost    cerr     p     r     f
------  -------  ------  ------  ----  ----  ----
trn          34    0.00    0.00  1.00  1.00  1.00
dev          34    1.26    0.24  0.59  0.21  0.31
dset      epoch    cost    cerr     p     r     f
------  -------  ------  ------  ----  ----  ----
trn          35    0.01    0.00  1.00  0.99  1.00
dev          35    1.25    0.23  0.61  0.18  0.28
dset      epoch    cost    cerr     p     r     f
------  -------  ------  ------  ----  ----  ----
trn          36    0.04    0.02  0.97  0.91  0.94
dev          36    1.23    0.22  0.64  0.10  0.18
dset      epoch    cost    cerr     p     r     f
------  -------  ------  ------  ----  ----  ----
trn          37    0.04    0.01  0.98  0.94  0.96
dev          37    0.96    0.22  0.62  0.15  0.24
dset      epoch    cost    cerr     p     r     f
------  -------  ------  ------  ----  ----  ----
trn          38    0.06    0.03  0.95  0.84  0.89
dev          38    1.16    0.21  0.63  0.07  0.12
dset      epoch    cost    cerr     p     r     f
------  -------  ------  ------  ----  ----  ----
trn          39    0.06    0.03  0.95  0.86  0.90
dev          39    1.16    0.21  0.64  0.11  0.19
dset      epoch    cost    cerr     p     r     f
------  -------  ------  ------  ----  ----  ----
trn          40    0.04    0.01  0.97  0.91  0.94
dev          40    1.13    0.22  0.62  0.13  0.22
dset      epoch    cost    cerr     p     r     f
------  -------  ------  ------  ----  ----  ----
trn          41    0.04    0.01  0.98  0.95  0.96
dev          41    1.07    0.22  0.62  0.17  0.26
dset      epoch    cost    cerr     p     r     f
------  -------  ------  ------  ----  ----  ----
trn          42    0.04    0.01  0.99  1.00  0.99
dev          42    0.97    0.24  0.60  0.36  0.45
dset      epoch    cost    cerr     p     r     f
------  -------  ------  ------  ----  ----  ----
trn          43    0.09    0.03  0.94  1.00  0.97
dev          43    1.10    0.27  0.56  0.47  0.51
dset      epoch    cost    cerr     p     r     f
------  -------  ------  ------  ----  ----  ----
trn          44    0.05    0.02  0.98  1.00  0.99
dev          44    1.05    0.26  0.57  0.31  0.40
dset      epoch    cost    cerr     p     r     f
------  -------  ------  ------  ----  ----  ----
trn          45    0.04    0.01  0.97  0.92  0.95
dev          45    1.09    0.23  0.60  0.13  0.22
dset      epoch    cost    cerr     p     r     f
------  -------  ------  ------  ----  ----  ----
trn          46    0.05    0.02  0.97  0.90  0.93
dev          46    1.18    0.21  0.63  0.08  0.14
dset      epoch    cost    cerr     p     r     f
------  -------  ------  ------  ----  ----  ----
trn          47    0.02    0.01  0.99  0.99  0.99
dev          47    1.01    0.23  0.62  0.33  0.43
dset      epoch    cost    cerr     p     r     f
------  -------  ------  ------  ----  ----  ----
trn          48    0.01    0.00  1.00  0.99  0.99
dev          48    1.10    0.22  0.61  0.23  0.33
dset      epoch    cost    cerr     p     r     f
------  -------  ------  ------  ----  ----  ----
trn          49    0.00    0.00  1.00  1.00  1.00
dev          49    1.23    0.23  0.60  0.18  0.27
dset      epoch    cost    cerr     p     r     f
------  -------  ------  ------  ----  ----  ----
trn          50    0.00    0.00  1.00  1.00  1.00
dev          50    1.28    0.24  0.59  0.21  0.31
dset      epoch    cost    cerr     p     r     f
------  -------  ------  ------  ----  ----  ----
trn          51    0.00    0.00  1.00  1.00  1.00
dev          51    1.33    0.23  0.60  0.20  0.30
dset      epoch    cost    cerr     p     r     f
------  -------  ------  ------  ----  ----  ----
trn          52  nan       0.00  1.00  1.00  1.00
dev          52    1.30    0.23  0.62  0.21  0.31
dset      epoch    cost    cerr     p     r     f
------  -------  ------  ------  ----  ----  ----
trn          53    0.01    0.00  1.00  0.99  0.99
dev          53    1.19    0.23  0.61  0.17  0.27
dset      epoch    cost    cerr     p     r     f
------  -------  ------  ------  ----  ----  ----
trn          54    0.02    0.00  0.99  0.99  0.99
dev          54    1.04    0.24  0.59  0.21  0.31
dset      epoch    cost    cerr     p     r     f
------  -------  ------  ------  ----  ----  ----
trn          55    0.02    0.00  0.99  0.98  0.99
dev          55    1.16    0.23  0.61  0.18  0.28
dset      epoch    cost    cerr     p     r     f
------  -------  ------  ------  ----  ----  ----
trn          56    0.03    0.01  0.98  0.96  0.97
dev          56    1.26    0.23  0.61  0.18  0.28
dset      epoch    cost    cerr     p     r     f
------  -------  ------  ------  ----  ----  ----
trn          57    0.03    0.01  0.98  0.97  0.98
dev          57    1.01    0.23  0.60  0.20  0.30
dset      epoch    cost    cerr     p     r     f
------  -------  ------  ------  ----  ----  ----
trn          58    0.04    0.01  0.98  0.98  0.98
dev          58    0.96    0.24  0.60  0.28  0.38
dset      epoch    cost    cerr     p     r     f
------  -------  ------  ------  ----  ----  ----
trn          59    0.03    0.01  0.99  0.98  0.98
dev          59    1.03    0.23  0.62  0.26  0.36
dset      epoch    cost    cerr     p     r     f
------  -------  ------  ------  ----  ----  ----
trn          60    0.02    0.00  0.99  0.99  0.99
dev          60    1.17    0.23  0.61  0.24  0.34
dset      epoch    cost    cerr     p     r     f
------  -------  ------  ------  ----  ----  ----
trn          61    0.02    0.01  0.99  1.00  1.00
dev          61    1.21    0.25  0.58  0.28  0.37
dset      epoch    cost    cerr     p     r     f
------  -------  ------  ------  ----  ----  ----
trn          62    0.05    0.02  0.98  0.99  0.99
dev          62    1.13    0.25  0.58  0.37  0.46
dset      epoch    cost    cerr     p     r     f
------  -------  ------  ------  ----  ----  ----
trn          63    0.08    0.03  0.95  0.83  0.89
dev          63    0.90    0.22  0.63  0.16  0.25
dset      epoch    cost    cerr     p     r     f
------  -------  ------  ------  ----  ----  ----
trn          64    0.13    0.05  0.92  0.97  0.94
dev          64    0.95    0.28  0.53  0.40  0.45
dset      epoch    cost    cerr     p     r     f
------  -------  ------  ------  ----  ----  ----
trn          65    0.06    0.02  0.97  0.98  0.97
dev          65    0.86    0.25  0.57  0.31  0.40
