# of words per sent, min:20 max:40 mean:26.81 std:5.12
fbmerge      sample    patience    gclip  n_hidden    log                     lr    in2out    save    norm  opt    rnn       truncate    fbias  activation    drates      n_batch    shuf    sorted    emb    eps    fepoch    gnoise
---------  --------  ----------  -------  ----------  --------------------  ----  --------  ------  ------  -----  ------  ----------  -------  ------------  --------  ---------  ------  --------  -----  -----  --------  --------
concat            0          -1        0  [128]       emb_adam_lazent_lstm  0.01         0       0       2  adam   lazrnn          -1        0  bi-lstm       [0, 0]            5       1         1    128  1e-08       100         0
['c=!', 'c=#', 'c=$', 'c=%', "c='", 'c=(', 'c=)', 'c=,', 'c=-', 'c=.', 'c=0', 'c=1', 'c=2', 'c=3', 'c=4', 'c=5', 'c=6', 'c=7', 'c=8', 'c=9', 'c=:', 'c=;', 'c=A', 'c=B', 'c=C', 'c=D', 'c=E', 'c=F', 'c=G', 'c=H', 'c=I', 'c=J', 'c=K', 'c=L', 'c=M', 'c=N', 'c=O', 'c=P', 'c=R', 'c=S', 'c=T', 'c=U', 'c=V', 'c=W', 'c=X', 'c=Y', 'c=Z', 'c=\\w', 'c=`', 'c=a', 'c=b', 'c=c', 'c=d', 'c=e', 'c=f', 'c=g', 'c=h', 'c=i', 'c=j', 'c=k', 'c=l', 'c=m', 'c=n', 'c=o', 'c=p', 'c=q', 'c=r', 'c=s', 'c=t', 'c=u', 'c=v', 'c=w', 'c=w/', 'c=x', 'c=y', 'c=z']
c=! c=# c=$ c=% c=' c=( c=) c=, c=- c=. c=0 c=1 c=2 c=3 c=4 c=5 c=6 c=7 c=8 c=9 c=: c=; c=A c=B c=C c=D c=E c=F c=G c=H c=I c=J c=K c=L c=M c=N c=O c=P c=R c=S c=T c=U c=V c=W c=X c=Y c=Z c=\w c=` c=a c=b c=c c=d c=e c=f c=g c=h c=i c=j c=k c=l c=m c=n c=o c=p c=q c=r c=s c=t c=u c=v c=w c=w/ c=x c=y c=z
NF: 76
l_in: (None, None, 76)
l_mask: (Subtensor{int64}.0, Subtensor{int64}.0)
l_reshape: (None, 76)
l_emb: (None, 128)
l_emb: (None, None, 128)
l_forward: (None, None, 128)
l_backward: (None, None, 128)
l_fbmerge: (None, None, 256)
l_reshape: (None, 256)
l_out: (None, None)
[W_in_to_ingate, W_hid_to_ingate, b_ingate, W_in_to_forgetgate, W_hid_to_forgetgate, b_forgetgate, W_in_to_cell, W_hid_to_cell, b_cell, W_in_to_outgate, W_hid_to_outgate, b_outgate, W_cell_to_ingate, W_cell_to_forgetgate, W_cell_to_outgate, W_in_to_ingate, W_hid_to_ingate, b_ingate, W_in_to_forgetgate, W_hid_to_forgetgate, b_forgetgate, W_in_to_cell, W_hid_to_cell, b_cell, W_in_to_outgate, W_hid_to_outgate, b_outgate, W_cell_to_ingate, W_cell_to_forgetgate, W_cell_to_outgate, W, b]
Compiling functions...
Compiling done.
fstart:0 fend:40
dset      epoch    cost    cerr     p     r     f
------  -------  ------  ------  ----  ----  ----
trn           0    0.57    0.18  0.69  0.00  0.00
dev           0    0.66    0.20  0.65  0.00  0.00
dset      epoch    cost    cerr     p     r     f
------  -------  ------  ------  ----  ----  ----
trn           1    0.41    0.17  0.69  0.00  0.00
dev           1    0.44    0.20  0.65  0.00  0.00
dset      epoch    cost    cerr     p     r     f
------  -------  ------  ------  ----  ----  ----
trn           2    0.39    0.17  0.69  0.00  0.01
dev           2    0.45    0.20  0.65  0.00  0.00
dset      epoch    cost    cerr     p     r     f
------  -------  ------  ------  ----  ----  ----
trn           3    0.38    0.17  0.70  0.01  0.02
dev           3    0.45    0.20  0.65  0.01  0.01
dset      epoch    cost    cerr     p     r     f
------  -------  ------  ------  ----  ----  ----
trn           4    0.38    0.17  0.70  0.02  0.04
dev           4    0.47    0.20  0.66  0.01  0.02
dset      epoch    cost    cerr     p     r     f
------  -------  ------  ------  ----  ----  ----
trn           5    0.35    0.17  0.70  0.02  0.03
dev           5    0.47    0.20  0.65  0.01  0.01
dset      epoch    cost    cerr     p     r     f
------  -------  ------  ------  ----  ----  ----
trn           6    0.34    0.16  0.72  0.16  0.27
dev           6    0.45    0.21  0.63  0.04  0.08
dset      epoch    cost    cerr     p     r     f
------  -------  ------  ------  ----  ----  ----
trn           7    0.32    0.16  0.72  0.10  0.18
dev           7    0.46    0.20  0.64  0.02  0.05
dset      epoch    cost    cerr     p     r     f
------  -------  ------  ------  ----  ----  ----
trn           8    0.31    0.15  0.75  0.35  0.47
dev           8    0.45    0.21  0.65  0.19  0.29
dset      epoch    cost    cerr     p     r     f
------  -------  ------  ------  ----  ----  ----
trn           9    0.31    0.15  0.75  0.27  0.39
dev           9    0.46    0.21  0.65  0.11  0.19
dset      epoch    cost    cerr     p     r     f
------  -------  ------  ------  ----  ----  ----
trn          10    0.29    0.13  0.77  0.37  0.50
dev          10    0.49    0.21  0.64  0.17  0.27
dset      epoch    cost    cerr     p     r     f
------  -------  ------  ------  ----  ----  ----
trn          11    0.29    0.13  0.76  0.31  0.44
dev          11    0.47    0.21  0.64  0.13  0.21
dset      epoch    cost    cerr     p     r     f
------  -------  ------  ------  ----  ----  ----
trn          12    0.28    0.13  0.77  0.36  0.49
dev          12    0.47    0.20  0.64  0.15  0.25
dset      epoch    cost    cerr     p     r     f
------  -------  ------  ------  ----  ----  ----
trn          13    0.26    0.11  0.81  0.58  0.68
dev          13    0.50    0.22  0.63  0.26  0.37
dset      epoch    cost    cerr     p     r     f
------  -------  ------  ------  ----  ----  ----
trn          14    0.31    0.12  0.78  0.42  0.55
dev          14    0.55    0.21  0.62  0.12  0.20
dset      epoch    cost    cerr     p     r     f
------  -------  ------  ------  ----  ----  ----
trn          15    0.29    0.13  0.76  0.31  0.44
dev          15    0.45    0.20  0.65  0.13  0.22
dset      epoch    cost    cerr     p     r     f
------  -------  ------  ------  ----  ----  ----
trn          16    0.26    0.12  0.79  0.46  0.58
dev          16    0.54    0.20  0.64  0.15  0.25
dset      epoch    cost    cerr     p     r     f
------  -------  ------  ------  ----  ----  ----
trn          17    0.26    0.12  0.79  0.41  0.54
dev          17    0.50    0.20  0.66  0.17  0.27
dset      epoch    cost    cerr     p     r     f
------  -------  ------  ------  ----  ----  ----
trn          18    0.27    0.12  0.80  0.49  0.61
dev          18    0.47    0.20  0.66  0.23  0.34
dset      epoch    cost    cerr     p     r     f
------  -------  ------  ------  ----  ----  ----
trn          19    0.24    0.11  0.80  0.45  0.58
dev          19    0.52    0.21  0.65  0.17  0.26
dset      epoch    cost    cerr     p     r     f
------  -------  ------  ------  ----  ----  ----
trn          20    0.23    0.10  0.84  0.66  0.74
dev          20    0.60    0.22  0.63  0.26  0.37
dset      epoch    cost    cerr     p     r     f
------  -------  ------  ------  ----  ----  ----
trn          21    0.23    0.10  0.85  0.77  0.81
dev          21    0.54    0.23  0.63  0.32  0.42
dset      epoch    cost    cerr     p     r     f
------  -------  ------  ------  ----  ----  ----
trn          22    0.21    0.09  0.86  0.86  0.86
dev          22    0.60    0.24  0.59  0.29  0.39
dset      epoch    cost    cerr     p     r     f
------  -------  ------  ------  ----  ----  ----
trn          23    0.17    0.07  0.89  0.82  0.85
dev          23    0.64    0.23  0.61  0.28  0.39
dset      epoch    cost    cerr     p     r     f
------  -------  ------  ------  ----  ----  ----
trn          24    0.21    0.09  0.86  0.76  0.81
dev          24    0.61    0.23  0.62  0.31  0.42
dset      epoch    cost    cerr     p     r     f
------  -------  ------  ------  ----  ----  ----
trn          25    0.18    0.07  0.88  0.80  0.84
dev          25    0.64    0.23  0.63  0.28  0.39
dset      epoch    cost    cerr     p     r     f
------  -------  ------  ------  ----  ----  ----
trn          26    0.14    0.05  0.91  0.85  0.88
dev          26    0.80    0.24  0.61  0.26  0.36
dset      epoch    cost    cerr     p     r     f
------  -------  ------  ------  ----  ----  ----
trn          27    0.12    0.05  0.93  0.90  0.91
dev          27    0.82    0.24  0.61  0.28  0.39
dset      epoch    cost    cerr     p     r     f
------  -------  ------  ------  ----  ----  ----
trn          28    0.15    0.06  0.91  0.88  0.89
dev          28    0.81    0.25  0.59  0.28  0.38
dset      epoch    cost    cerr     p     r     f
------  -------  ------  ------  ----  ----  ----
trn          29    0.15    0.06  0.91  0.84  0.87
dev          29    0.66    0.23  0.60  0.25  0.36
dset      epoch    cost    cerr     p     r     f
------  -------  ------  ------  ----  ----  ----
trn          30    0.14    0.05  0.92  0.90  0.91
dev          30    0.69    0.24  0.60  0.27  0.37
dset      epoch    cost    cerr     p     r     f
------  -------  ------  ------  ----  ----  ----
trn          31    0.11    0.04  0.95  0.93  0.94
dev          31    0.81    0.25  0.60  0.26  0.37
dset      epoch    cost    cerr     p     r     f
------  -------  ------  ------  ----  ----  ----
trn          32    0.10    0.04  0.94  0.86  0.90
dev          32    0.82    0.22  0.63  0.23  0.33
dset      epoch    cost    cerr     p     r     f
------  -------  ------  ------  ----  ----  ----
trn          33    0.09    0.03  0.95  0.87  0.91
dev          33    0.95    0.23  0.62  0.18  0.28
dset      epoch    cost    cerr     p     r     f
------  -------  ------  ------  ----  ----  ----
trn          34    0.06    0.02  0.98  0.93  0.95
dev          34    0.92    0.23  0.62  0.21  0.32
dset      epoch    cost    cerr     p     r     f
------  -------  ------  ------  ----  ----  ----
trn          35    0.05    0.02  0.98  0.97  0.98
dev          35    1.05    0.23  0.62  0.25  0.36
dset      epoch    cost    cerr     p     r     f
------  -------  ------  ------  ----  ----  ----
trn          36    0.06    0.02  0.98  0.99  0.98
dev          36    1.03    0.24  0.61  0.33  0.43
dset      epoch    cost    cerr     p     r     f
------  -------  ------  ------  ----  ----  ----
trn          37  nan       0.01  0.99  0.99  0.99
dev          37    1.11    0.24  0.60  0.24  0.34
dset      epoch    cost    cerr     p     r     f
------  -------  ------  ------  ----  ----  ----
trn          38    0.06    0.02  0.97  0.95  0.96
dev          38    1.02    0.22  0.63  0.26  0.37
dset      epoch    cost    cerr     p     r     f
------  -------  ------  ------  ----  ----  ----
trn          39    0.06    0.02  0.97  0.91  0.94
dev          39    1.03    0.22  0.62  0.16  0.25
dset      epoch    cost    cerr     p     r     f
------  -------  ------  ------  ----  ----  ----
trn          40    0.13    0.05  0.91  0.74  0.81
dev          40    0.88    0.23  0.61  0.15  0.24
dset      epoch    cost    cerr     p     r     f
------  -------  ------  ------  ----  ----  ----
trn          41    0.09    0.03  0.94  0.81  0.87
dev          41    0.92    0.23  0.62  0.15  0.24
dset      epoch    cost    cerr     p     r     f
------  -------  ------  ------  ----  ----  ----
trn          42    0.06    0.02  0.97  0.97  0.97
dev          42    0.98    0.24  0.60  0.23  0.34
dset      epoch    cost    cerr     p     r     f
------  -------  ------  ------  ----  ----  ----
trn          43    0.07    0.02  0.97  0.94  0.96
dev          43    0.97    0.23  0.61  0.26  0.37
