# of words per sent, min:20 max:40 mean:26.81 std:5.12
fbmerge      sample    patience    gclip  n_hidden    log                    lr    in2out    save    norm  opt    rnn       truncate    fbias  activation    drates      n_batch    shuf    sorted    emb    eps    fepoch    gnoise
---------  --------  ----------  -------  ----------  -------------------  ----  --------  ------  ------  -----  ------  ----------  -------  ------------  --------  ---------  ------  --------  -----  -----  --------  --------
concat            0          -1        0  [128]       emb_sgd_lazent_lstm     4         0       0       2  sgd    lazrnn          -1        0  bi-lstm       [0, 0]            5       1         1    128  1e-08       100         0
['c=!', 'c=#', 'c=$', 'c=%', "c='", 'c=(', 'c=)', 'c=,', 'c=-', 'c=.', 'c=0', 'c=1', 'c=2', 'c=3', 'c=4', 'c=5', 'c=6', 'c=7', 'c=8', 'c=9', 'c=:', 'c=;', 'c=A', 'c=B', 'c=C', 'c=D', 'c=E', 'c=F', 'c=G', 'c=H', 'c=I', 'c=J', 'c=K', 'c=L', 'c=M', 'c=N', 'c=O', 'c=P', 'c=R', 'c=S', 'c=T', 'c=U', 'c=V', 'c=W', 'c=X', 'c=Y', 'c=Z', 'c=\\w', 'c=`', 'c=a', 'c=b', 'c=c', 'c=d', 'c=e', 'c=f', 'c=g', 'c=h', 'c=i', 'c=j', 'c=k', 'c=l', 'c=m', 'c=n', 'c=o', 'c=p', 'c=q', 'c=r', 'c=s', 'c=t', 'c=u', 'c=v', 'c=w', 'c=w/', 'c=x', 'c=y', 'c=z']
c=! c=# c=$ c=% c=' c=( c=) c=, c=- c=. c=0 c=1 c=2 c=3 c=4 c=5 c=6 c=7 c=8 c=9 c=: c=; c=A c=B c=C c=D c=E c=F c=G c=H c=I c=J c=K c=L c=M c=N c=O c=P c=R c=S c=T c=U c=V c=W c=X c=Y c=Z c=\w c=` c=a c=b c=c c=d c=e c=f c=g c=h c=i c=j c=k c=l c=m c=n c=o c=p c=q c=r c=s c=t c=u c=v c=w c=w/ c=x c=y c=z
NF: 76
l_in: (None, None, 76)
l_mask: (Subtensor{int64}.0, Subtensor{int64}.0)
l_reshape: (None, 76)
l_emb: (None, 128)
l_emb: (None, None, 128)
l_forward: (None, None, 128)
l_backward: (None, None, 128)
l_fbmerge: (None, None, 256)
l_reshape: (None, 256)
l_out: (None, None)
[W_in_to_ingate, W_hid_to_ingate, b_ingate, W_in_to_forgetgate, W_hid_to_forgetgate, b_forgetgate, W_in_to_cell, W_hid_to_cell, b_cell, W_in_to_outgate, W_hid_to_outgate, b_outgate, W_cell_to_ingate, W_cell_to_forgetgate, W_cell_to_outgate, W_in_to_ingate, W_hid_to_ingate, b_ingate, W_in_to_forgetgate, W_hid_to_forgetgate, b_forgetgate, W_in_to_cell, W_hid_to_cell, b_cell, W_in_to_outgate, W_hid_to_outgate, b_outgate, W_cell_to_ingate, W_cell_to_forgetgate, W_cell_to_outgate, W, b]
Compiling functions...
Compiling done.
fstart:0 fend:40
dset      epoch    cost    cerr     p     r     f
------  -------  ------  ------  ----  ----  ----
trn           0    0.47    0.18  0.69  0.00  0.00
dev           0    0.52    0.20  0.65  0.00  0.00
dset      epoch    cost    cerr     p     r     f
------  -------  ------  ------  ----  ----  ----
trn           1    0.47    0.18  0.69  0.00  0.00
dev           1    0.51    0.20  0.65  0.00  0.00
dset      epoch    cost    cerr     p     r     f
------  -------  ------  ------  ----  ----  ----
trn           2    0.46    0.18  0.69  0.00  0.00
dev           2    0.51    0.20  0.65  0.00  0.00
dset      epoch    cost    cerr     p     r     f
------  -------  ------  ------  ----  ----  ----
trn           3    0.46    0.18  0.69  0.00  0.00
dev           3    0.51    0.20  0.65  0.00  0.00
dset      epoch    cost    cerr     p     r     f
------  -------  ------  ------  ----  ----  ----
trn           4    0.45    0.18  0.69  0.00  0.00
dev           4    0.50    0.20  0.65  0.00  0.00
dset      epoch    cost    cerr     p     r     f
------  -------  ------  ------  ----  ----  ----
trn           5    0.45    0.18  0.69  0.00  0.00
dev           5    0.50    0.20  0.65  0.00  0.00
dset      epoch    cost    cerr     p     r     f
------  -------  ------  ------  ----  ----  ----
trn           6    0.45    0.18  0.69  0.00  0.00
dev           6    0.50    0.20  0.65  0.00  0.00
dset      epoch    cost    cerr     p     r     f
------  -------  ------  ------  ----  ----  ----
trn           7    0.45    0.18  0.69  0.00  0.00
dev           7    0.49    0.20  0.65  0.00  0.00
dset      epoch    cost    cerr     p     r     f
------  -------  ------  ------  ----  ----  ----
trn           8    0.44    0.18  0.69  0.00  0.00
dev           8    0.49    0.20  0.65  0.00  0.00
dset      epoch    cost    cerr     p     r     f
------  -------  ------  ------  ----  ----  ----
trn           9    0.44    0.18  0.69  0.00  0.00
dev           9    0.49    0.20  0.65  0.00  0.00
dset      epoch    cost    cerr     p     r     f
------  -------  ------  ------  ----  ----  ----
trn          10    0.44    0.18  0.69  0.00  0.00
dev          10    0.49    0.20  0.65  0.00  0.00
dset      epoch    cost    cerr     p     r     f
------  -------  ------  ------  ----  ----  ----
trn          11    0.44    0.18  0.69  0.00  0.00
dev          11    0.49    0.20  0.65  0.00  0.00
dset      epoch    cost    cerr     p     r     f
------  -------  ------  ------  ----  ----  ----
trn          12    0.44    0.18  0.69  0.00  0.00
dev          12    0.49    0.20  0.65  0.00  0.00
dset      epoch    cost    cerr     p     r     f
------  -------  ------  ------  ----  ----  ----
trn          13    0.43    0.18  0.69  0.00  0.00
dev          13    0.48    0.20  0.65  0.00  0.00
dset      epoch    cost    cerr     p     r     f
------  -------  ------  ------  ----  ----  ----
trn          14    0.43    0.18  0.69  0.00  0.00
dev          14    0.48    0.20  0.65  0.00  0.00
dset      epoch    cost    cerr     p     r     f
------  -------  ------  ------  ----  ----  ----
trn          15    0.43    0.18  0.69  0.00  0.00
dev          15    0.48    0.20  0.65  0.00  0.00
dset      epoch    cost    cerr     p     r     f
------  -------  ------  ------  ----  ----  ----
trn          16    0.43    0.18  0.69  0.00  0.00
dev          16    0.48    0.20  0.65  0.00  0.00
dset      epoch    cost    cerr     p     r     f
------  -------  ------  ------  ----  ----  ----
trn          17    0.43    0.18  0.69  0.00  0.00
dev          17    0.48    0.20  0.65  0.00  0.00
dset      epoch    cost    cerr     p     r     f
------  -------  ------  ------  ----  ----  ----
trn          18    0.42    0.18  0.69  0.00  0.00
dev          18    0.48    0.20  0.65  0.00  0.00
dset      epoch    cost    cerr     p     r     f
------  -------  ------  ------  ----  ----  ----
trn          19    0.42    0.18  0.69  0.00  0.00
dev          19    0.47    0.20  0.65  0.00  0.00
dset      epoch    cost    cerr     p     r     f
------  -------  ------  ------  ----  ----  ----
trn          20    0.42    0.18  0.69  0.00  0.00
dev          20    0.47    0.20  0.65  0.00  0.00
dset      epoch    cost    cerr     p     r     f
------  -------  ------  ------  ----  ----  ----
trn          21    0.42    0.18  0.69  0.00  0.00
dev          21    0.47    0.20  0.65  0.00  0.00
dset      epoch    cost    cerr     p     r     f
------  -------  ------  ------  ----  ----  ----
trn          22    0.42    0.18  0.69  0.00  0.00
dev          22    0.47    0.20  0.65  0.00  0.00
dset      epoch    cost    cerr     p     r     f
------  -------  ------  ------  ----  ----  ----
trn          23    0.41    0.18  0.69  0.00  0.00
dev          23    0.47    0.20  0.65  0.00  0.00
dset      epoch    cost    cerr     p     r     f
------  -------  ------  ------  ----  ----  ----
trn          24    0.42    0.18  0.69  0.00  0.00
dev          24    0.48    0.20  0.65  0.00  0.00
dset      epoch    cost    cerr     p     r     f
------  -------  ------  ------  ----  ----  ----
trn          25    0.42    0.18  0.69  0.00  0.00
dev          25    0.47    0.20  0.65  0.00  0.00
dset      epoch    cost    cerr     p     r     f
------  -------  ------  ------  ----  ----  ----
trn          26     nan    0.18  0.69  0.00  0.00
dev          26     nan    0.20  0.65  0.00  0.00
dset      epoch    cost    cerr     p     r     f
------  -------  ------  ------  ----  ----  ----
trn          27    0.46    0.18  0.69  0.00  0.00
dev          27    0.51    0.20  0.65  0.00  0.00
dset      epoch    cost    cerr     p     r     f
------  -------  ------  ------  ----  ----  ----
trn          28    0.45    0.18  0.69  0.00  0.00
dev          28    0.50    0.20  0.65  0.00  0.00
dset      epoch    cost    cerr     p     r     f
------  -------  ------  ------  ----  ----  ----
trn          29    0.45    0.18  0.69  0.00  0.00
dev          29    0.50    0.20  0.65  0.00  0.00
dset      epoch    cost    cerr     p     r     f
------  -------  ------  ------  ----  ----  ----
trn          30    0.44    0.18  0.69  0.00  0.00
dev          30    0.49    0.20  0.65  0.00  0.00
dset      epoch    cost    cerr     p     r     f
------  -------  ------  ------  ----  ----  ----
trn          31    0.44    0.18  0.69  0.00  0.00
dev          31    0.49    0.20  0.65  0.00  0.00
dset      epoch    cost    cerr     p     r     f
------  -------  ------  ------  ----  ----  ----
trn          32    0.44    0.18  0.69  0.00  0.00
dev          32    0.49    0.20  0.65  0.00  0.00
dset      epoch    cost    cerr     p     r     f
------  -------  ------  ------  ----  ----  ----
trn          33    0.43    0.18  0.69  0.00  0.00
dev          33    0.48    0.20  0.65  0.00  0.00
dset      epoch    cost    cerr     p     r     f
------  -------  ------  ------  ----  ----  ----
trn          34    0.43    0.18  0.69  0.00  0.00
dev          34    0.48    0.20  0.65  0.00  0.00
dset      epoch    cost    cerr     p     r     f
------  -------  ------  ------  ----  ----  ----
trn          35    0.43    0.18  0.69  0.00  0.00
dev          35    0.48    0.20  0.65  0.00  0.00
dset      epoch    cost    cerr     p     r     f
------  -------  ------  ------  ----  ----  ----
trn          36    0.42    0.18  0.69  0.00  0.00
dev          36    0.48    0.20  0.65  0.00  0.00
dset      epoch    cost    cerr     p     r     f
------  -------  ------  ------  ----  ----  ----
trn          37    0.42    0.18  0.69  0.00  0.00
dev          37    0.47    0.20  0.65  0.00  0.00
dset      epoch    cost    cerr     p     r     f
------  -------  ------  ------  ----  ----  ----
trn          38    0.42    0.18  0.69  0.00  0.00
dev          38    0.47    0.20  0.65  0.00  0.00
dset      epoch    cost    cerr     p     r     f
------  -------  ------  ------  ----  ----  ----
trn          39    0.42    0.18  0.69  0.00  0.00
dev          39    0.47    0.20  0.65  0.00  0.00
dset      epoch    cost    cerr     p     r     f
------  -------  ------  ------  ----  ----  ----
trn          40    0.42    0.18  0.69  0.00  0.00
dev          40    0.47    0.20  0.65  0.00  0.00
dset      epoch    cost    cerr     p     r     f
------  -------  ------  ------  ----  ----  ----
trn          41    0.41    0.18  0.69  0.00  0.00
dev          41    0.47    0.20  0.65  0.00  0.00
dset      epoch    cost    cerr     p     r     f
------  -------  ------  ------  ----  ----  ----
trn          42    0.41    0.18  0.69  0.00  0.00
dev          42    0.47    0.20  0.65  0.00  0.00
dset      epoch    cost    cerr     p     r     f
------  -------  ------  ------  ----  ----  ----
trn          43    0.41    0.18  0.69  0.00  0.00
dev          43    0.46    0.20  0.65  0.00  0.00
dset      epoch    cost    cerr     p     r     f
------  -------  ------  ------  ----  ----  ----
trn          44    0.41    0.18  0.69  0.00  0.00
dev          44    0.46    0.20  0.65  0.00  0.00
dset      epoch    cost    cerr     p     r     f
------  -------  ------  ------  ----  ----  ----
trn          45    0.40    0.17  0.69  0.00  0.00
dev          45    0.46    0.20  0.65  0.00  0.00
dset      epoch    cost    cerr     p     r     f
------  -------  ------  ------  ----  ----  ----
trn          46    0.40    0.17  0.69  0.00  0.00
dev          46    0.46    0.20  0.65  0.00  0.00
dset      epoch    cost    cerr     p     r     f
------  -------  ------  ------  ----  ----  ----
trn          47    0.40    0.17  0.69  0.00  0.00
dev          47    0.46    0.20  0.65  0.00  0.00
dset      epoch    cost    cerr     p     r     f
------  -------  ------  ------  ----  ----  ----
trn          48    0.40    0.17  0.69  0.00  0.00
dev          48    0.46    0.20  0.65  0.00  0.00
dset      epoch    cost    cerr     p     r     f
------  -------  ------  ------  ----  ----  ----
trn          49    0.40    0.17  0.69  0.00  0.00
dev          49    0.46    0.20  0.65  0.00  0.00
dset      epoch    cost    cerr     p     r     f
------  -------  ------  ------  ----  ----  ----
trn          50    0.39    0.17  0.69  0.00  0.00
dev          50    0.46    0.20  0.65  0.00  0.00
dset      epoch    cost    cerr     p     r     f
------  -------  ------  ------  ----  ----  ----
trn          51    0.40    0.17  0.69  0.00  0.00
dev          51    0.46    0.20  0.65  0.00  0.00
dset      epoch    cost    cerr     p     r     f
------  -------  ------  ------  ----  ----  ----
trn          52    0.39    0.17  0.69  0.00  0.00
dev          52    0.46    0.20  0.65  0.00  0.00
dset      epoch    cost    cerr     p     r     f
------  -------  ------  ------  ----  ----  ----
trn          53    0.39    0.17  0.69  0.00  0.00
dev          53    0.46    0.20  0.65  0.00  0.00
dset      epoch    cost    cerr     p     r     f
------  -------  ------  ------  ----  ----  ----
trn          54    0.39    0.17  0.69  0.00  0.00
dev          54    0.46    0.20  0.65  0.00  0.00
dset      epoch    cost    cerr     p     r     f
------  -------  ------  ------  ----  ----  ----
trn          55    0.39    0.17  0.69  0.00  0.00
dev          55    0.46    0.20  0.65  0.00  0.00
dset      epoch    cost    cerr     p     r     f
------  -------  ------  ------  ----  ----  ----
trn          56    0.38    0.17  0.69  0.00  0.00
dev          56    0.45    0.20  0.65  0.00  0.00
dset      epoch    cost    cerr     p     r     f
------  -------  ------  ------  ----  ----  ----
trn          57    0.38    0.17  0.69  0.00  0.01
dev          57    0.45    0.20  0.65  0.00  0.00
dset      epoch    cost    cerr     p     r     f
------  -------  ------  ------  ----  ----  ----
trn          58    0.40    0.17  0.69  0.00  0.00
dev          58    0.46    0.20  0.65  0.00  0.00
dset      epoch    cost    cerr     p     r     f
------  -------  ------  ------  ----  ----  ----
trn          59    0.39    0.17  0.69  0.00  0.00
dev          59    0.46    0.20  0.65  0.00  0.00
dset      epoch    cost    cerr     p     r     f
------  -------  ------  ------  ----  ----  ----
trn          60    0.38    0.17  0.69  0.00  0.00
dev          60    0.46    0.20  0.65  0.00  0.00
dset      epoch    cost    cerr     p     r     f
------  -------  ------  ------  ----  ----  ----
trn          61    0.38    0.17  0.69  0.01  0.01
dev          61    0.45    0.20  0.65  0.00  0.00
dset      epoch    cost    cerr     p     r     f
------  -------  ------  ------  ----  ----  ----
trn          62    0.37    0.17  0.69  0.01  0.01
dev          62    0.45    0.20  0.65  0.00  0.00
dset      epoch    cost    cerr     p     r     f
------  -------  ------  ------  ----  ----  ----
trn          63    0.37    0.17  0.69  0.01  0.01
dev          63    0.45    0.20  0.65  0.01  0.01
dset      epoch    cost    cerr     p     r     f
------  -------  ------  ------  ----  ----  ----
trn          64    0.36    0.17  0.70  0.02  0.03
dev          64    0.45    0.20  0.65  0.01  0.01
dset      epoch    cost    cerr     p     r     f
------  -------  ------  ------  ----  ----  ----
trn          65    0.36    0.17  0.69  0.01  0.01
dev          65    0.45    0.20  0.65  0.01  0.01
dset      epoch    cost    cerr     p     r     f
------  -------  ------  ------  ----  ----  ----
trn          66    0.37    0.17  0.69  0.01  0.01
dev          66    0.45    0.20  0.65  0.01  0.01
dset      epoch    cost    cerr     p     r     f
------  -------  ------  ------  ----  ----  ----
trn          67    0.36    0.17  0.70  0.02  0.03
dev          67    0.45    0.20  0.65  0.01  0.01
dset      epoch    cost    cerr     p     r     f
------  -------  ------  ------  ----  ----  ----
trn          68    0.37    0.17  0.69  0.00  0.00
dev          68    0.45    0.20  0.65  0.00  0.00
dset      epoch    cost    cerr     p     r     f
------  -------  ------  ------  ----  ----  ----
trn          69    0.36    0.17  0.69  0.00  0.00
dev          69    0.45    0.20  0.65  0.00  0.00
dset      epoch    cost    cerr     p     r     f
------  -------  ------  ------  ----  ----  ----
trn          70    0.36    0.17  0.69  0.00  0.01
dev          70    0.46    0.20  0.65  0.00  0.00
dset      epoch    cost    cerr     p     r     f
------  -------  ------  ------  ----  ----  ----
trn          71    0.36    0.17  0.69  0.01  0.01
dev          71    0.46    0.20  0.65  0.00  0.00
dset      epoch    cost    cerr     p     r     f
------  -------  ------  ------  ----  ----  ----
trn          72    0.36    0.17  0.70  0.01  0.03
dev          72    0.47    0.20  0.65  0.01  0.01
dset      epoch    cost    cerr     p     r     f
------  -------  ------  ------  ----  ----  ----
trn          73    0.35    0.17  0.70  0.02  0.03
dev          73    0.46    0.20  0.65  0.01  0.01
dset      epoch    cost    cerr     p     r     f
------  -------  ------  ------  ----  ----  ----
trn          74    0.38    0.17  0.70  0.01  0.02
dev          74    0.46    0.20  0.65  0.01  0.01
dset      epoch    cost    cerr     p     r     f
------  -------  ------  ------  ----  ----  ----
trn          75    0.35    0.17  0.70  0.02  0.04
dev          75    0.46    0.20  0.65  0.01  0.01
dset      epoch    cost    cerr     p     r     f
------  -------  ------  ------  ----  ----  ----
trn          76    0.37    0.17  0.70  0.01  0.02
dev          76    0.46    0.20  0.65  0.01  0.01
dset      epoch    cost    cerr     p     r     f
------  -------  ------  ------  ----  ----  ----
trn          77    0.36    0.17  0.70  0.03  0.05
dev          77    0.44    0.20  0.66  0.02  0.04
dset      epoch    cost    cerr     p     r     f
------  -------  ------  ------  ----  ----  ----
trn          78    0.35    0.17  0.70  0.04  0.08
dev          78    0.46    0.20  0.65  0.02  0.05
dset      epoch    cost    cerr     p     r     f
------  -------  ------  ------  ----  ----  ----
trn          79    0.35    0.17  0.70  0.02  0.05
dev          79    0.46    0.20  0.65  0.02  0.04
dset      epoch    cost    cerr     p     r     f
------  -------  ------  ------  ----  ----  ----
trn          80    0.34    0.17  0.70  0.04  0.07
dev          80    0.45    0.20  0.65  0.01  0.02
dset      epoch    cost    cerr     p     r     f
------  -------  ------  ------  ----  ----  ----
trn          81    0.35    0.17  0.70  0.02  0.03
dev          81    0.45    0.20  0.65  0.01  0.01
dset      epoch    cost    cerr     p     r     f
------  -------  ------  ------  ----  ----  ----
trn          82    0.34    0.17  0.70  0.03  0.06
dev          82    0.46    0.20  0.65  0.01  0.02
dset      epoch    cost    cerr     p     r     f
------  -------  ------  ------  ----  ----  ----
trn          83    0.35    0.17  0.70  0.04  0.08
dev          83    0.44    0.20  0.65  0.02  0.04
dset      epoch    cost    cerr     p     r     f
------  -------  ------  ------  ----  ----  ----
trn          84    0.36    0.16  0.71  0.09  0.16
dev          84    0.45    0.20  0.65  0.06  0.10
dset      epoch    cost    cerr     p     r     f
------  -------  ------  ------  ----  ----  ----
trn          85    0.33    0.16  0.71  0.06  0.11
dev          85    0.46    0.20  0.64  0.02  0.05
dset      epoch    cost    cerr     p     r     f
------  -------  ------  ------  ----  ----  ----
trn          86    0.34    0.16  0.71  0.06  0.11
dev          86    0.47    0.20  0.65  0.02  0.05
dset      epoch    cost    cerr     p     r     f
------  -------  ------  ------  ----  ----  ----
trn          87    0.41    0.18  0.69  0.00  0.00
dev          87    0.48    0.20  0.65  0.00  0.00
dset      epoch    cost    cerr     p     r     f
------  -------  ------  ------  ----  ----  ----
trn          88    0.38    0.18  0.69  0.00  0.00
dev          88    0.48    0.20  0.65  0.00  0.00
dset      epoch    cost    cerr     p     r     f
------  -------  ------  ------  ----  ----  ----
trn          89    0.39    0.18  0.69  0.00  0.00
dev          89    0.48    0.20  0.65  0.00  0.00
dset      epoch    cost    cerr     p     r     f
------  -------  ------  ------  ----  ----  ----
trn          90    0.37    0.17  0.69  0.00  0.00
dev          90    0.45    0.20  0.65  0.00  0.00
dset      epoch    cost    cerr     p     r     f
------  -------  ------  ------  ----  ----  ----
trn          91    0.37    0.17  0.69  0.00  0.00
dev          91    0.47    0.20  0.65  0.00  0.00
dset      epoch    cost    cerr     p     r     f
------  -------  ------  ------  ----  ----  ----
trn          92    0.36    0.17  0.69  0.00  0.00
dev          92    0.46    0.20  0.65  0.00  0.00
dset      epoch    cost    cerr     p     r     f
------  -------  ------  ------  ----  ----  ----
trn          93    0.36    0.17  0.69  0.00  0.00
dev          93    0.46    0.20  0.65  0.00  0.00
dset      epoch    cost    cerr     p     r     f
------  -------  ------  ------  ----  ----  ----
trn          94    0.36    0.17  0.69  0.00  0.00
dev          94    0.46    0.20  0.65  0.00  0.00
dset      epoch    cost    cerr     p     r     f
------  -------  ------  ------  ----  ----  ----
trn          95    0.37    0.17  0.69  0.00  0.01
dev          95    0.45    0.20  0.65  0.00  0.00
dset      epoch    cost    cerr     p     r     f
------  -------  ------  ------  ----  ----  ----
trn          96    0.35    0.17  0.70  0.01  0.03
dev          96    0.49    0.20  0.65  0.01  0.01
dset      epoch    cost    cerr     p     r     f
------  -------  ------  ------  ----  ----  ----
trn          97    0.36    0.17  0.69  0.00  0.01
dev          97    0.46    0.20  0.65  0.00  0.00
dset      epoch    cost    cerr     p     r     f
------  -------  ------  ------  ----  ----  ----
trn          98    0.35    0.17  0.69  0.01  0.02
dev          98    0.46    0.20  0.66  0.01  0.01
dset      epoch    cost    cerr     p     r     f
------  -------  ------  ------  ----  ----  ----
trn          99    0.37    0.17  0.70  0.03  0.05
dev          99    0.47    0.20  0.66  0.03  0.06
mean:0.10 std:0.00
