['c=!', 'c=#', 'c=$', 'c=%', "c='", 'c=(', 'c=)', 'c=,', 'c=-', 'c=.', 'c=0', 'c=1', 'c=2', 'c=3', 'c=4', 'c=5', 'c=6', 'c=7', 'c=8', 'c=9', 'c=:', 'c=;', 'c=A', 'c=B', 'c=C', 'c=D', 'c=E', 'c=F', 'c=G', 'c=H', 'c=I', 'c=J', 'c=K', 'c=L', 'c=M', 'c=N', 'c=O', 'c=P', 'c=R', 'c=S', 'c=T', 'c=U', 'c=V', 'c=W', 'c=X', 'c=Y', 'c=Z', 'c=\\w', 'c=`', 'c=a', 'c=b', 'c=c', 'c=d', 'c=e', 'c=f', 'c=g', 'c=h', 'c=i', 'c=j', 'c=k', 'c=l', 'c=m', 'c=n', 'c=o', 'c=p', 'c=q', 'c=r', 'c=s', 'c=t', 'c=u', 'c=v', 'c=w', 'c=w/', 'c=x', 'c=y', 'c=z']
c=! c=# c=$ c=% c=' c=( c=) c=, c=- c=. c=0 c=1 c=2 c=3 c=4 c=5 c=6 c=7 c=8 c=9 c=: c=; c=A c=B c=C c=D c=E c=F c=G c=H c=I c=J c=K c=L c=M c=N c=O c=P c=R c=S c=T c=U c=V c=W c=X c=Y c=Z c=\w c=` c=a c=b c=c c=d c=e c=f c=g c=h c=i c=j c=k c=l c=m c=n c=o c=p c=q c=r c=s c=t c=u c=v c=w c=w/ c=x c=y c=z
NF: 76
l_in: (None, None, 76)
l_mask: (Subtensor{int64}.0, Subtensor{int64}.0)
l_forward: (None, None, 128)
l_backward: (None, None, 128)
l_fbmerge: (None, None, 256)
l_reshape: (None, 256)
l_out: (None, None)
[W, b, W, W, b, W, W, b]
Compiling functions...
Compiling done.
fstart:0 fend:40
dset      epoch    cost    cerr     p     r     f
------  -------  ------  ------  ----  ----  ----
trn           0     nan    0.80  0.33  0.97  0.49
dev           0     nan    0.78  0.36  0.98  0.53
dset      epoch    cost    cerr     p     r     f
------  -------  ------  ------  ----  ----  ----
trn           1    0.50    0.18  0.69  0.00  0.00
dev           1    0.52    0.20  0.65  0.00  0.00
dset      epoch    cost    cerr     p     r     f
------  -------  ------  ------  ----  ----  ----
trn           2     nan    0.18  0.69  0.00  0.00
dev           2     nan    0.20  0.65  0.00  0.00
dset      epoch    cost    cerr     p     r     f
------  -------  ------  ------  ----  ----  ----
trn           3    0.45    0.18  0.69  0.00  0.00
dev           3    0.49    0.20  0.65  0.00  0.00
dset      epoch    cost    cerr     p     r     f
------  -------  ------  ------  ----  ----  ----
trn           4    0.44    0.18  0.69  0.00  0.00
dev           4    0.48    0.20  0.65  0.00  0.00
dset      epoch    cost    cerr     p     r     f
------  -------  ------  ------  ----  ----  ----
trn           5    0.42    0.18  0.69  0.00  0.00
dev           5    0.45    0.20  0.65  0.00  0.00
dset      epoch    cost    cerr     p     r     f
------  -------  ------  ------  ----  ----  ----
trn           6    0.39    0.18  0.69  0.00  0.00
dev           6    0.44    0.20  0.65  0.00  0.00
dset      epoch    cost    cerr     p     r     f
------  -------  ------  ------  ----  ----  ----
trn           7    0.38    0.17  0.69  0.00  0.00
dev           7    0.44    0.20  0.65  0.00  0.00
dset      epoch    cost    cerr     p     r     f
------  -------  ------  ------  ----  ----  ----
trn           8    0.38    0.17  0.69  0.00  0.00
dev           8    0.46    0.20  0.65  0.00  0.00
dset      epoch    cost    cerr     p     r     f
------  -------  ------  ------  ----  ----  ----
trn           9    0.37    0.17  0.69  0.01  0.01
dev           9    0.44    0.20  0.65  0.00  0.00
dset      epoch    cost    cerr     p     r     f
------  -------  ------  ------  ----  ----  ----
trn          10    0.37    0.17  0.69  0.01  0.03
dev          10    0.45    0.20  0.65  0.01  0.02
dset      epoch    cost    cerr     p     r     f
------  -------  ------  ------  ----  ----  ----
trn          11    0.37    0.17  0.70  0.07  0.13
dev          11    0.48    0.21  0.65  0.05  0.09
dset      epoch    cost    cerr     p     r     f
------  -------  ------  ------  ----  ----  ----
trn          12    0.36    0.17  0.71  0.18  0.29
dev          12    0.45    0.22  0.62  0.08  0.14
dset      epoch    cost    cerr     p     r     f
------  -------  ------  ------  ----  ----  ----
trn          13    0.35    0.16  0.72  0.21  0.33
dev          13    0.46    0.21  0.64  0.13  0.22
dset      epoch    cost    cerr     p     r     f
------  -------  ------  ------  ----  ----  ----
trn          14    0.35    0.17  0.71  0.08  0.15
dev          14    0.44    0.21  0.64  0.02  0.04
dset      epoch    cost    cerr     p     r     f
------  -------  ------  ------  ----  ----  ----
trn          15    0.34    0.16  0.72  0.19  0.31
dev          15    0.44    0.22  0.63  0.07  0.12
dset      epoch    cost    cerr     p     r     f
------  -------  ------  ------  ----  ----  ----
trn          16    0.34    0.16  0.73  0.24  0.36
dev          16    0.47    0.22  0.63  0.11  0.19
dset      epoch    cost    cerr     p     r     f
------  -------  ------  ------  ----  ----  ----
trn          17    0.34    0.17  0.73  0.34  0.47
dev          17    0.46    0.23  0.63  0.19  0.29
dset      epoch    cost    cerr     p     r     f
------  -------  ------  ------  ----  ----  ----
trn          18    0.33    0.15  0.74  0.27  0.39
dev          18    0.45    0.21  0.64  0.13  0.21
dset      epoch    cost    cerr     p     r     f
------  -------  ------  ------  ----  ----  ----
trn          19    0.34    0.16  0.74  0.38  0.51
dev          19    0.43    0.22  0.61  0.19  0.29
dset      epoch    cost    cerr     p     r     f
------  -------  ------  ------  ----  ----  ----
trn          20    0.32    0.15  0.75  0.31  0.44
dev          20    0.44    0.21  0.64  0.13  0.21
dset      epoch    cost    cerr     p     r     f
------  -------  ------  ------  ----  ----  ----
trn          21    0.33    0.15  0.73  0.23  0.35
dev          21    0.45    0.21  0.65  0.11  0.19
dset      epoch    cost    cerr     p     r     f
------  -------  ------  ------  ----  ----  ----
trn          22    0.32    0.15  0.74  0.25  0.37
dev          22    0.46    0.21  0.64  0.10  0.18
dset      epoch    cost    cerr     p     r     f
------  -------  ------  ------  ----  ----  ----
trn          23    0.32    0.14  0.76  0.39  0.52
dev          23    0.44    0.21  0.63  0.18  0.29
dset      epoch    cost    cerr     p     r     f
------  -------  ------  ------  ----  ----  ----
trn          24    0.32    0.15  0.75  0.48  0.58
dev          24    0.46    0.22  0.64  0.27  0.38
dset      epoch    cost    cerr     p     r     f
------  -------  ------  ------  ----  ----  ----
trn          25    0.32    0.15  0.76  0.44  0.56
dev          25    0.46    0.22  0.62  0.21  0.32
dset      epoch    cost    cerr     p     r     f
------  -------  ------  ------  ----  ----  ----
trn          26    0.46    0.18  0.69  0.00  0.00
dev          26    0.51    0.20  0.65  0.00  0.00
dset      epoch    cost    cerr     p     r     f
------  -------  ------  ------  ----  ----  ----
trn          27    0.42    0.18  0.69  0.00  0.00
dev          27    0.47    0.20  0.65  0.00  0.00
dset      epoch    cost    cerr     p     r     f
------  -------  ------  ------  ----  ----  ----
trn          28    0.38    0.17  0.69  0.00  0.00
dev          28    0.43    0.20  0.66  0.01  0.01
dset      epoch    cost    cerr     p     r     f
------  -------  ------  ------  ----  ----  ----
trn          29    0.36    0.17  0.70  0.02  0.05
dev          29    0.43    0.20  0.65  0.01  0.01
dset      epoch    cost    cerr     p     r     f
------  -------  ------  ------  ----  ----  ----
trn          30    0.36    0.17  0.70  0.04  0.08
dev          30    0.44    0.20  0.64  0.01  0.02
dset      epoch    cost    cerr     p     r     f
------  -------  ------  ------  ----  ----  ----
trn          31    0.35    0.17  0.71  0.13  0.22
dev          31    0.43    0.21  0.63  0.04  0.08
dset      epoch    cost    cerr     p     r     f
------  -------  ------  ------  ----  ----  ----
trn          32    0.34    0.16  0.72  0.24  0.36
dev          32    0.42    0.21  0.63  0.13  0.22
dset      epoch    cost    cerr     p     r     f
------  -------  ------  ------  ----  ----  ----
trn          33    0.34    0.16  0.72  0.27  0.40
dev          33    0.42    0.21  0.64  0.17  0.27
dset      epoch    cost    cerr     p     r     f
------  -------  ------  ------  ----  ----  ----
trn          34    0.33    0.16  0.73  0.31  0.44
dev          34    0.43    0.22  0.63  0.20  0.30
dset      epoch    cost    cerr     p     r     f
------  -------  ------  ------  ----  ----  ----
trn          35    0.33    0.15  0.74  0.27  0.40
dev          35    0.46    0.22  0.63  0.12  0.20
dset      epoch    cost    cerr     p     r     f
------  -------  ------  ------  ----  ----  ----
trn          36    0.32    0.15  0.74  0.31  0.43
dev          36    0.47    0.22  0.63  0.12  0.21
dset      epoch    cost    cerr     p     r     f
------  -------  ------  ------  ----  ----  ----
trn          37    0.31    0.14  0.74  0.27  0.39
dev          37    0.47    0.22  0.64  0.14  0.23
dset      epoch    cost    cerr     p     r     f
------  -------  ------  ------  ----  ----  ----
trn          38    0.33    0.15  0.74  0.27  0.40
dev          38    0.50    0.22  0.63  0.12  0.21
dset      epoch    cost    cerr     p     r     f
------  -------  ------  ------  ----  ----  ----
trn          39    0.31    0.14  0.75  0.30  0.43
dev          39    0.44    0.21  0.65  0.15  0.24
dset      epoch    cost    cerr     p     r     f
------  -------  ------  ------  ----  ----  ----
trn          40    0.31    0.14  0.76  0.35  0.48
dev          40    0.47    0.22  0.63  0.13  0.22
dset      epoch    cost    cerr     p     r     f
------  -------  ------  ------  ----  ----  ----
trn          41    0.33    0.15  0.75  0.44  0.56
dev          41    0.45    0.23  0.61  0.24  0.34
dset      epoch    cost    cerr     p     r     f
------  -------  ------  ------  ----  ----  ----
trn          42    0.32    0.15  0.76  0.54  0.63
dev          42    0.47    0.24  0.61  0.27  0.37
dset      epoch    cost    cerr     p     r     f
------  -------  ------  ------  ----  ----  ----
trn          43    0.29    0.13  0.78  0.48  0.59
dev          43    0.46    0.23  0.62  0.24  0.34
dset      epoch    cost    cerr     p     r     f
------  -------  ------  ------  ----  ----  ----
trn          44    0.30    0.13  0.78  0.49  0.61
dev          44    0.47    0.23  0.62  0.25  0.35
dset      epoch    cost    cerr     p     r     f
------  -------  ------  ------  ----  ----  ----
trn          45    0.31    0.14  0.77  0.46  0.57
dev          45    0.48    0.23  0.62  0.20  0.31
dset      epoch    cost    cerr     p     r     f
------  -------  ------  ------  ----  ----  ----
trn          46    0.28    0.12  0.78  0.38  0.51
dev          46    0.50    0.22  0.63  0.15  0.25
dset      epoch    cost    cerr     p     r     f
------  -------  ------  ------  ----  ----  ----
trn          47    0.28    0.12  0.79  0.43  0.56
dev          47    0.51    0.22  0.61  0.13  0.21
dset      epoch    cost    cerr     p     r     f
------  -------  ------  ------  ----  ----  ----
trn          48    0.26    0.11  0.80  0.44  0.56
dev          48    0.51    0.22  0.64  0.18  0.28
dset      epoch    cost    cerr     p     r     f
------  -------  ------  ------  ----  ----  ----
trn          49    0.40    0.18  0.71  0.42  0.52
dev          49    0.52    0.24  0.60  0.24  0.34
dset      epoch    cost    cerr     p     r     f
------  -------  ------  ------  ----  ----  ----
trn          50    0.34    0.15  0.73  0.20  0.31
dev          50    0.50    0.22  0.64  0.07  0.12
dset      epoch    cost    cerr     p     r     f
------  -------  ------  ------  ----  ----  ----
trn          51     nan    0.79  0.32  0.98  0.48
dev          51     nan    0.76  0.36  0.99  0.53
dset      epoch    cost    cerr     p     r     f
------  -------  ------  ------  ----  ----  ----
trn          52     nan    0.81  0.31  1.00  0.47
dev          52     nan    0.79  0.35  1.00  0.51
dset      epoch    cost    cerr     p     r     f
------  -------  ------  ------  ----  ----  ----
trn          53     nan    0.81  0.31  1.00  0.47
dev          53     nan    0.79  0.35  1.00  0.51
dset      epoch    cost    cerr     p     r     f
------  -------  ------  ------  ----  ----  ----
trn          54     nan    0.81  0.31  1.00  0.47
dev          54     nan    0.79  0.35  1.00  0.51
dset      epoch    cost    cerr     p     r     f
------  -------  ------  ------  ----  ----  ----
trn          55     nan    0.18  0.69  0.00  0.00
dev          55     nan    0.20  0.65  0.00  0.00
dset      epoch    cost    cerr     p     r     f
------  -------  ------  ------  ----  ----  ----
trn          56    0.55    0.18  0.69  0.00  0.00
dev          56    0.62    0.20  0.65  0.00  0.00
dset      epoch    cost    cerr     p     r     f
------  -------  ------  ------  ----  ----  ----
trn          57    0.45    0.18  0.69  0.00  0.00
dev          57    0.48    0.20  0.65  0.00  0.00
dset      epoch    cost    cerr     p     r     f
------  -------  ------  ------  ----  ----  ----
trn          58    0.44    0.18  0.69  0.00  0.00
dev          58    0.47    0.20  0.65  0.00  0.00
dset      epoch    cost    cerr     p     r     f
------  -------  ------  ------  ----  ----  ----
trn          59    0.42    0.18  0.69  0.00  0.00
dev          59    0.45    0.20  0.65  0.00  0.00
dset      epoch    cost    cerr     p     r     f
------  -------  ------  ------  ----  ----  ----
trn          60    0.41    0.18  0.69  0.00  0.00
dev          60    0.44    0.20  0.65  0.00  0.00
dset      epoch    cost    cerr     p     r     f
------  -------  ------  ------  ----  ----  ----
trn          61    0.39    0.18  0.69  0.00  0.00
dev          61    0.44    0.20  0.65  0.00  0.00
dset      epoch    cost    cerr     p     r     f
------  -------  ------  ------  ----  ----  ----
trn          62    0.38    0.18  0.69  0.00  0.00
dev          62    0.44    0.20  0.65  0.00  0.00
dset      epoch    cost    cerr     p     r     f
------  -------  ------  ------  ----  ----  ----
trn          63    0.37    0.17  0.69  0.00  0.00
dev          63    0.43    0.20  0.65  0.00  0.00
dset      epoch    cost    cerr     p     r     f
------  -------  ------  ------  ----  ----  ----
trn          64    0.36    0.17  0.69  0.02  0.04
dev          64    0.42    0.21  0.65  0.00  0.00
dset      epoch    cost    cerr     p     r     f
------  -------  ------  ------  ----  ----  ----
trn          65    0.35    0.17  0.70  0.06  0.10
dev          65    0.43    0.21  0.65  0.02  0.05
dset      epoch    cost    cerr     p     r     f
------  -------  ------  ------  ----  ----  ----
trn          66    0.35    0.17  0.71  0.09  0.17
dev          66    0.44    0.21  0.64  0.04  0.07
dset      epoch    cost    cerr     p     r     f
------  -------  ------  ------  ----  ----  ----
trn          67    0.35    0.17  0.70  0.11  0.19
dev          67    0.44    0.21  0.63  0.04  0.08
dset      epoch    cost    cerr     p     r     f
------  -------  ------  ------  ----  ----  ----
trn          68    0.34    0.16  0.72  0.22  0.34
dev          68    0.43    0.21  0.64  0.16  0.26
dset      epoch    cost    cerr     p     r     f
------  -------  ------  ------  ----  ----  ----
trn          69    0.33    0.16  0.73  0.25  0.38
dev          69    0.45    0.22  0.63  0.15  0.24
dset      epoch    cost    cerr     p     r     f
------  -------  ------  ------  ----  ----  ----
trn          70    0.33    0.16  0.72  0.26  0.38
dev          70    0.45    0.22  0.63  0.13  0.22
dset      epoch    cost    cerr     p     r     f
------  -------  ------  ------  ----  ----  ----
trn          71    0.33    0.16  0.73  0.24  0.36
dev          71    0.45    0.22  0.63  0.13  0.22
dset      epoch    cost    cerr     p     r     f
------  -------  ------  ------  ----  ----  ----
trn          72    0.33    0.16  0.72  0.17  0.27
dev          72    0.45    0.21  0.64  0.09  0.15
dset      epoch    cost    cerr     p     r     f
------  -------  ------  ------  ----  ----  ----
trn          73    0.33    0.16  0.72  0.15  0.25
dev          73    0.45    0.21  0.67  0.09  0.16
dset      epoch    cost    cerr     p     r     f
------  -------  ------  ------  ----  ----  ----
trn          74    0.32    0.15  0.74  0.23  0.35
dev          74    0.43    0.22  0.64  0.12  0.20
dset      epoch    cost    cerr     p     r     f
------  -------  ------  ------  ----  ----  ----
trn          75    0.34    0.16  0.73  0.22  0.34
dev          75    0.43    0.21  0.64  0.10  0.18
dset      epoch    cost    cerr     p     r     f
------  -------  ------  ------  ----  ----  ----
trn          76    0.33    0.15  0.73  0.23  0.35
dev          76    0.45    0.21  0.65  0.15  0.24
dset      epoch    cost    cerr     p     r     f
------  -------  ------  ------  ----  ----  ----
trn          77    0.33    0.15  0.73  0.17  0.28
dev          77    0.47    0.21  0.64  0.06  0.10
dset      epoch    cost    cerr     p     r     f
------  -------  ------  ------  ----  ----  ----
trn          78    0.33    0.15  0.75  0.33  0.46
dev          78    0.45    0.22  0.64  0.18  0.28
dset      epoch    cost    cerr     p     r     f
------  -------  ------  ------  ----  ----  ----
trn          79    0.32    0.14  0.75  0.27  0.40
dev          79    0.46    0.22  0.63  0.14  0.23
dset      epoch    cost    cerr     p     r     f
------  -------  ------  ------  ----  ----  ----
trn          80    0.32    0.15  0.75  0.40  0.52
dev          80    0.45    0.22  0.63  0.23  0.33
dset      epoch    cost    cerr     p     r     f
------  -------  ------  ------  ----  ----  ----
trn          81     nan    0.18  0.69  0.00  0.00
dev          81     nan    0.20  0.65  0.00  0.00
dset      epoch    cost    cerr     p     r     f
------  -------  ------  ------  ----  ----  ----
trn          82     nan    0.18  0.69  0.00  0.00
dev          82     nan    0.20  0.65  0.00  0.00
dset      epoch    cost    cerr     p     r     f
------  -------  ------  ------  ----  ----  ----
trn          83     nan    0.18  0.69  0.00  0.00
dev          83     nan    0.20  0.65  0.00  0.00
dset      epoch    cost    cerr     p     r     f
------  -------  ------  ------  ----  ----  ----
trn          84     nan    0.18  0.69  0.00  0.00
dev          84     nan    0.20  0.65  0.00  0.00
dset      epoch    cost    cerr     p     r     f
------  -------  ------  ------  ----  ----  ----
trn          85     nan    0.18  0.69  0.00  0.00
dev          85     nan    0.20  0.65  0.00  0.00
dset      epoch    cost    cerr     p     r     f
------  -------  ------  ------  ----  ----  ----
trn          86     nan    0.18  0.69  0.00  0.00
dev          86     nan    0.20  0.65  0.00  0.00
dset      epoch    cost    cerr     p     r     f
------  -------  ------  ------  ----  ----  ----
trn          87     nan    0.18  0.69  0.00  0.00
dev          87     nan    0.20  0.65  0.00  0.00
dset      epoch    cost    cerr     p     r     f
------  -------  ------  ------  ----  ----  ----
trn          88    0.45    0.18  0.69  0.00  0.00
dev          88    0.48    0.20  0.65  0.00  0.00
dset      epoch    cost    cerr     p     r     f
------  -------  ------  ------  ----  ----  ----
trn          89    0.44    0.18  0.69  0.00  0.00
dev          89    0.47    0.20  0.65  0.00  0.00
dset      epoch    cost    cerr     p     r     f
------  -------  ------  ------  ----  ----  ----
trn          90    0.43    0.18  0.69  0.00  0.00
dev          90    0.46    0.20  0.65  0.00  0.00
dset      epoch    cost    cerr     p     r     f
------  -------  ------  ------  ----  ----  ----
trn          91    0.42    0.18  0.69  0.00  0.00
dev          91    0.45    0.20  0.65  0.00  0.00
dset      epoch    cost    cerr     p     r     f
------  -------  ------  ------  ----  ----  ----
trn          92    0.41    0.18  0.69  0.00  0.00
dev          92    0.44    0.20  0.65  0.00  0.00
dset      epoch    cost    cerr     p     r     f
------  -------  ------  ------  ----  ----  ----
trn          93    0.40    0.17  0.69  0.00  0.00
dev          93    0.44    0.20  0.65  0.00  0.00
dset      epoch    cost    cerr     p     r     f
------  -------  ------  ------  ----  ----  ----
trn          94    0.39    0.17  0.69  0.00  0.00
dev          94    0.43    0.20  0.65  0.00  0.00
dset      epoch    cost    cerr     p     r     f
------  -------  ------  ------  ----  ----  ----
trn          95    0.38    0.17  0.69  0.00  0.00
dev          95    0.43    0.20  0.65  0.00  0.00
dset      epoch    cost    cerr     p     r     f
------  -------  ------  ------  ----  ----  ----
trn          96    0.38    0.17  0.69  0.01  0.01
dev          96    0.42    0.20  0.65  0.01  0.01
dset      epoch    cost    cerr     p     r     f
------  -------  ------  ------  ----  ----  ----
trn          97     nan    0.18  0.69  0.00  0.00
dev          97     nan    0.20  0.65  0.00  0.00
dset      epoch    cost    cerr     p     r     f
------  -------  ------  ------  ----  ----  ----
trn          98    0.46    0.18  0.69  0.00  0.00
dev          98    0.54    0.20  0.65  0.00  0.00
dset      epoch    cost    cerr     p     r     f
------  -------  ------  ------  ----  ----  ----
trn          99    0.41    0.18  0.69  0.00  0.00
dev          99    0.45    0.20  0.65  0.00  0.00
mean:0.53 std:0.00
