['c=!', 'c=#', 'c=$', 'c=%', "c='", 'c=(', 'c=)', 'c=,', 'c=-', 'c=.', 'c=0', 'c=1', 'c=2', 'c=3', 'c=4', 'c=5', 'c=6', 'c=7', 'c=8', 'c=9', 'c=:', 'c=;', 'c=A', 'c=B', 'c=C', 'c=D', 'c=E', 'c=F', 'c=G', 'c=H', 'c=I', 'c=J', 'c=K', 'c=L', 'c=M', 'c=N', 'c=O', 'c=P', 'c=R', 'c=S', 'c=T', 'c=U', 'c=V', 'c=W', 'c=X', 'c=Y', 'c=Z', 'c=\\w', 'c=`', 'c=a', 'c=b', 'c=c', 'c=d', 'c=e', 'c=f', 'c=g', 'c=h', 'c=i', 'c=j', 'c=k', 'c=l', 'c=m', 'c=n', 'c=o', 'c=p', 'c=q', 'c=r', 'c=s', 'c=t', 'c=u', 'c=v', 'c=w', 'c=w/', 'c=x', 'c=y', 'c=z']
c=! c=# c=$ c=% c=' c=( c=) c=, c=- c=. c=0 c=1 c=2 c=3 c=4 c=5 c=6 c=7 c=8 c=9 c=: c=; c=A c=B c=C c=D c=E c=F c=G c=H c=I c=J c=K c=L c=M c=N c=O c=P c=R c=S c=T c=U c=V c=W c=X c=Y c=Z c=\w c=` c=a c=b c=c c=d c=e c=f c=g c=h c=i c=j c=k c=l c=m c=n c=o c=p c=q c=r c=s c=t c=u c=v c=w c=w/ c=x c=y c=z
NF: 76
l_in: (None, None, 76)
l_mask: (Subtensor{int64}.0, Subtensor{int64}.0)
l_forward: (None, None, 128)
l_backward: (None, None, 128)
l_fbmerge: (None, None, 256)
l_reshape: (None, 256)
l_out: (None, None)
[W_in_to_ingate, W_hid_to_ingate, b_ingate, W_in_to_forgetgate, W_hid_to_forgetgate, b_forgetgate, W_in_to_cell, W_hid_to_cell, b_cell, W_in_to_outgate, W_hid_to_outgate, b_outgate, W_cell_to_ingate, W_cell_to_forgetgate, W_cell_to_outgate, W_in_to_ingate, W_hid_to_ingate, b_ingate, W_in_to_forgetgate, W_hid_to_forgetgate, b_forgetgate, W_in_to_cell, W_hid_to_cell, b_cell, W_in_to_outgate, W_hid_to_outgate, b_outgate, W_cell_to_ingate, W_cell_to_forgetgate, W_cell_to_outgate, W, b]
Compiling functions...
Compiling done.
fstart:0 fend:40
dset      epoch    cost    cerr     p     r     f
------  -------  ------  ------  ----  ----  ----
trn           0    0.44    0.18  0.69  0.00  0.00
dev           0    0.47    0.20  0.65  0.00  0.00
dset      epoch    cost    cerr     p     r     f
------  -------  ------  ------  ----  ----  ----
trn           1    0.43    0.18  0.69  0.00  0.00
dev           1    0.48    0.20  0.65  0.00  0.00
dset      epoch    cost    cerr     p     r     f
------  -------  ------  ------  ----  ----  ----
trn           2    0.39    0.18  0.69  0.00  0.00
dev           2    0.43    0.20  0.65  0.00  0.00
dset      epoch    cost    cerr     p     r     f
------  -------  ------  ------  ----  ----  ----
trn           3    0.38    0.17  0.69  0.01  0.02
dev           3    0.44    0.20  0.65  0.01  0.01
dset      epoch    cost    cerr     p     r     f
------  -------  ------  ------  ----  ----  ----
trn           4    0.37    0.17  0.70  0.02  0.04
dev           4    0.43    0.20  0.65  0.02  0.04
dset      epoch    cost    cerr     p     r     f
------  -------  ------  ------  ----  ----  ----
trn           5    0.53    0.28  0.55  0.69  0.62
dev           5    0.53    0.28  0.55  0.58  0.57
dset      epoch    cost    cerr     p     r     f
------  -------  ------  ------  ----  ----  ----
trn           6    0.44    0.18  0.69  0.00  0.00
dev           6    0.49    0.20  0.65  0.00  0.00
dset      epoch    cost    cerr     p     r     f
------  -------  ------  ------  ----  ----  ----
trn           7    0.40    0.18  0.69  0.00  0.00
dev           7    0.45    0.20  0.65  0.00  0.00
dset      epoch    cost    cerr     p     r     f
------  -------  ------  ------  ----  ----  ----
trn           8    0.39    0.18  0.69  0.00  0.00
dev           8    0.44    0.20  0.65  0.00  0.00
dset      epoch    cost    cerr     p     r     f
------  -------  ------  ------  ----  ----  ----
trn           9    0.38    0.17  0.69  0.01  0.01
dev           9    0.44    0.20  0.65  0.00  0.00
dset      epoch    cost    cerr     p     r     f
------  -------  ------  ------  ----  ----  ----
trn          10    0.37    0.17  0.70  0.02  0.03
dev          10    0.44    0.20  0.66  0.01  0.02
dset      epoch    cost    cerr     p     r     f
------  -------  ------  ------  ----  ----  ----
trn          11    0.36    0.17  0.70  0.06  0.11
dev          11    0.43    0.21  0.65  0.03  0.06
dset      epoch    cost    cerr     p     r     f
------  -------  ------  ------  ----  ----  ----
trn          12    0.36    0.17  0.70  0.12  0.20
dev          12    0.43    0.21  0.65  0.08  0.14
dset      epoch    cost    cerr     p     r     f
------  -------  ------  ------  ----  ----  ----
trn          13    0.35    0.16  0.71  0.16  0.26
dev          13    0.43    0.21  0.64  0.10  0.17
dset      epoch    cost    cerr     p     r     f
------  -------  ------  ------  ----  ----  ----
trn          14    0.34    0.16  0.72  0.12  0.20
dev          14    0.44    0.20  0.65  0.06  0.11
dset      epoch    cost    cerr     p     r     f
------  -------  ------  ------  ----  ----  ----
trn          15    0.33    0.15  0.72  0.19  0.30
dev          15    0.45    0.20  0.65  0.13  0.22
dset      epoch    cost    cerr     p     r     f
------  -------  ------  ------  ----  ----  ----
trn          16    0.33    0.15  0.74  0.28  0.41
dev          16    0.44    0.22  0.63  0.11  0.19
dset      epoch    cost    cerr     p     r     f
------  -------  ------  ------  ----  ----  ----
trn          17    0.31    0.15  0.74  0.34  0.47
dev          17    0.47    0.21  0.63  0.14  0.23
dset      epoch    cost    cerr     p     r     f
------  -------  ------  ------  ----  ----  ----
trn          18    0.32    0.15  0.74  0.27  0.39
dev          18    0.47    0.21  0.64  0.12  0.21
dset      epoch    cost    cerr     p     r     f
------  -------  ------  ------  ----  ----  ----
trn          19    0.31    0.14  0.74  0.26  0.39
dev          19    0.51    0.21  0.63  0.10  0.17
dset      epoch    cost    cerr     p     r     f
------  -------  ------  ------  ----  ----  ----
trn          20    0.28    0.12  0.78  0.40  0.53
dev          20    0.52    0.21  0.65  0.19  0.29
dset      epoch    cost    cerr     p     r     f
------  -------  ------  ------  ----  ----  ----
trn          21    0.31    0.14  0.75  0.28  0.40
dev          21    0.50    0.21  0.64  0.15  0.24
dset      epoch    cost    cerr     p     r     f
------  -------  ------  ------  ----  ----  ----
trn          22    0.32    0.15  0.74  0.28  0.41
dev          22    0.45    0.21  0.64  0.12  0.21
dset      epoch    cost    cerr     p     r     f
------  -------  ------  ------  ----  ----  ----
trn          23    0.31    0.14  0.75  0.25  0.37
dev          23    0.53    0.21  0.64  0.09  0.15
dset      epoch    cost    cerr     p     r     f
------  -------  ------  ------  ----  ----  ----
trn          24  nan       0.15  0.74  0.24  0.36
dev          24    0.49    0.21  0.63  0.07  0.13
dset      epoch    cost    cerr     p     r     f
------  -------  ------  ------  ----  ----  ----
trn          25    0.29    0.13  0.76  0.29  0.42
dev          25    0.52    0.21  0.64  0.09  0.16
dset      epoch    cost    cerr     p     r     f
------  -------  ------  ------  ----  ----  ----
trn          26    0.29    0.13  0.77  0.29  0.42
dev          26    0.49    0.21  0.64  0.10  0.17
dset      epoch    cost    cerr     p     r     f
------  -------  ------  ------  ----  ----  ----
trn          27    0.27    0.12  0.79  0.37  0.50
dev          27    0.57    0.21  0.64  0.13  0.21
dset      epoch    cost    cerr     p     r     f
------  -------  ------  ------  ----  ----  ----
trn          28    0.28    0.13  0.79  0.41  0.54
dev          28    0.49    0.21  0.64  0.16  0.26
dset      epoch    cost    cerr     p     r     f
------  -------  ------  ------  ----  ----  ----
trn          29    0.25    0.11  0.82  0.54  0.66
dev          29    0.54    0.21  0.65  0.21  0.32
dset      epoch    cost    cerr     p     r     f
------  -------  ------  ------  ----  ----  ----
trn          30    0.22    0.10  0.82  0.46  0.59
dev          30    0.54    0.20  0.66  0.16  0.26
dset      epoch    cost    cerr     p     r     f
------  -------  ------  ------  ----  ----  ----
trn          31    0.24    0.10  0.81  0.45  0.58
dev          31    0.55    0.22  0.63  0.13  0.21
dset      epoch    cost    cerr     p     r     f
------  -------  ------  ------  ----  ----  ----
trn          32    0.21    0.09  0.84  0.54  0.66
dev          32    0.56    0.21  0.64  0.15  0.24
dset      epoch    cost    cerr     p     r     f
------  -------  ------  ------  ----  ----  ----
trn          33    0.21    0.08  0.86  0.64  0.73
dev          33    0.56    0.22  0.64  0.24  0.35
dset      epoch    cost    cerr     p     r     f
------  -------  ------  ------  ----  ----  ----
trn          34    0.30    0.14  0.75  0.24  0.37
dev          34    0.54    0.21  0.63  0.09  0.16
dset      epoch    cost    cerr     p     r     f
------  -------  ------  ------  ----  ----  ----
trn          35    0.23    0.09  0.83  0.49  0.62
dev          35    0.62    0.20  0.65  0.15  0.24
dset      epoch    cost    cerr     p     r     f
------  -------  ------  ------  ----  ----  ----
trn          36    0.17    0.07  0.89  0.72  0.79
dev          36    0.61    0.21  0.64  0.25  0.36
dset      epoch    cost    cerr     p     r     f
------  -------  ------  ------  ----  ----  ----
trn          37    0.16    0.06  0.91  0.78  0.84
dev          37    0.65    0.22  0.64  0.28  0.39
dset      epoch    cost    cerr     p     r     f
------  -------  ------  ------  ----  ----  ----
trn          38    0.20    0.08  0.88  0.77  0.82
dev          38    0.60    0.23  0.62  0.30  0.41
dset      epoch    cost    cerr     p     r     f
------  -------  ------  ------  ----  ----  ----
trn          39    0.20    0.08  0.87  0.88  0.88
dev          39    0.64    0.24  0.61  0.40  0.49
dset      epoch    cost    cerr     p     r     f
------  -------  ------  ------  ----  ----  ----
trn          40    0.22    0.09  0.88  0.83  0.85
dev          40    0.66    0.25  0.58  0.34  0.43
dset      epoch    cost    cerr     p     r     f
------  -------  ------  ------  ----  ----  ----
trn          41    0.19    0.08  0.89  0.85  0.87
dev          41    0.63    0.24  0.61  0.35  0.44
dset      epoch    cost    cerr     p     r     f
------  -------  ------  ------  ----  ----  ----
trn          42    0.15    0.06  0.93  0.91  0.92
dev          42    0.82    0.27  0.57  0.34  0.42
dset      epoch    cost    cerr     p     r     f
------  -------  ------  ------  ----  ----  ----
trn          43    0.13    0.05  0.94  0.91  0.92
dev          43    0.71    0.24  0.59  0.31  0.41
dset      epoch    cost    cerr     p     r     f
------  -------  ------  ------  ----  ----  ----
trn          44    0.09    0.03  0.96  0.93  0.94
dev          44    0.85    0.24  0.61  0.33  0.43
dset      epoch    cost    cerr     p     r     f
------  -------  ------  ------  ----  ----  ----
trn          45    0.07    0.02  0.97  0.94  0.96
dev          45    0.85    0.23  0.62  0.31  0.42
dset      epoch    cost    cerr     p     r     f
------  -------  ------  ------  ----  ----  ----
trn          46    0.07    0.02  0.97  0.93  0.95
dev          46    0.86    0.22  0.64  0.28  0.38
dset      epoch    cost    cerr     p     r     f
------  -------  ------  ------  ----  ----  ----
trn          47    0.07    0.02  0.98  0.96  0.97
dev          47    0.89    0.23  0.60  0.31  0.41
dset      epoch    cost    cerr     p     r     f
------  -------  ------  ------  ----  ----  ----
trn          48    0.08    0.02  0.97  0.92  0.95
dev          48    0.83    0.22  0.62  0.26  0.37
dset      epoch    cost    cerr     p     r     f
------  -------  ------  ------  ----  ----  ----
trn          49     nan    0.02  0.98  0.95  0.96
dev          49     nan    0.22  0.63  0.28  0.39
dset      epoch    cost    cerr     p     r     f
------  -------  ------  ------  ----  ----  ----
trn          50  nan       0.02  0.98  0.95  0.96
dev          50    1.08    0.23  0.60  0.21  0.32
dset      epoch    cost    cerr     p     r     f
------  -------  ------  ------  ----  ----  ----
trn          51    0.13    0.05  0.94  0.88  0.91
dev          51    0.81    0.23  0.62  0.31  0.41
dset      epoch    cost    cerr     p     r     f
------  -------  ------  ------  ----  ----  ----
trn          52    0.09    0.03  0.96  0.90  0.93
dev          52    0.86    0.23  0.61  0.26  0.37
dset      epoch    cost    cerr     p     r     f
------  -------  ------  ------  ----  ----  ----
trn          53    0.11    0.04  0.96  0.96  0.96
dev          53    0.89    0.25  0.60  0.37  0.46
dset      epoch    cost    cerr     p     r     f
------  -------  ------  ------  ----  ----  ----
trn          54  nan       0.05  0.94  0.98  0.96
dev          54    0.96    0.26  0.60  0.44  0.50
dset      epoch    cost    cerr     p     r     f
------  -------  ------  ------  ----  ----  ----
trn          55  nan       0.06  0.93  0.98  0.95
dev          55    0.94    0.26  0.57  0.43  0.49
dset      epoch    cost    cerr     p     r     f
------  -------  ------  ------  ----  ----  ----
trn          56  nan       0.04  0.95  0.98  0.97
dev          56    0.99    0.26  0.59  0.38  0.46
dset      epoch    cost    cerr     p     r     f
------  -------  ------  ------  ----  ----  ----
trn          57  nan       0.05  0.94  0.95  0.95
dev          57    0.95    0.23  0.62  0.40  0.49
dset      epoch    cost    cerr     p     r     f
------  -------  ------  ------  ----  ----  ----
trn          58    0.08    0.03  0.97  0.94  0.95
dev          58    0.94    0.23  0.60  0.33  0.42
dset      epoch    cost    cerr     p     r     f
------  -------  ------  ------  ----  ----  ----
trn          59    0.06    0.02  0.98  0.96  0.97
dev          59    0.98    0.23  0.63  0.34  0.45
dset      epoch    cost    cerr     p     r     f
------  -------  ------  ------  ----  ----  ----
trn          60  nan       0.01  0.99  0.97  0.98
dev          60    1.07    0.22  0.64  0.32  0.42
dset      epoch    cost    cerr     p     r     f
------  -------  ------  ------  ----  ----  ----
trn          61    0.03    0.01  0.99  0.95  0.97
dev          61    1.15    0.22  0.64  0.24  0.35
dset      epoch    cost    cerr     p     r     f
------  -------  ------  ------  ----  ----  ----
trn          62    0.06    0.02  0.98  0.96  0.97
dev          62    1.00    0.22  0.65  0.31  0.42
dset      epoch    cost    cerr     p     r     f
------  -------  ------  ------  ----  ----  ----
trn          63    0.13    0.05  0.93  0.86  0.89
dev          63    0.82    0.23  0.62  0.31  0.42
dset      epoch    cost    cerr     p     r     f
------  -------  ------  ------  ----  ----  ----
trn          64    0.11    0.04  0.95  0.89  0.92
dev          64    0.75    0.23  0.62  0.33  0.43
dset      epoch    cost    cerr     p     r     f
------  -------  ------  ------  ----  ----  ----
trn          65    0.09    0.03  0.96  0.91  0.93
dev          65    0.88    0.23  0.60  0.27  0.37
dset      epoch    cost    cerr     p     r     f
------  -------  ------  ------  ----  ----  ----
trn          66    0.07    0.02  0.97  0.90  0.93
dev          66    0.85    0.22  0.64  0.28  0.39
dset      epoch    cost    cerr     p     r     f
------  -------  ------  ------  ----  ----  ----
trn          67    0.07    0.02  0.98  0.98  0.98
dev          67    0.91    0.24  0.60  0.34  0.44
dset      epoch    cost    cerr     p     r     f
------  -------  ------  ------  ----  ----  ----
trn          68     nan    0.05  0.94  0.98  0.96
dev          68     inf    0.26  0.58  0.44  0.50
dset      epoch    cost    cerr     p     r     f
------  -------  ------  ------  ----  ----  ----
trn          69  nan       0.05  0.94  0.97  0.95
dev          69    0.92    0.24  0.61  0.43  0.51
dset      epoch    cost    cerr     p     r     f
------  -------  ------  ------  ----  ----  ----
trn          70    0.08    0.03  0.97  0.95  0.96
dev          70    0.89    0.24  0.60  0.34  0.43
dset      epoch    cost    cerr     p     r     f
------  -------  ------  ------  ----  ----  ----
trn          71  nan       0.03  0.97  0.97  0.97
dev          71    0.97    0.25  0.61  0.37  0.46
dset      epoch    cost    cerr     p     r     f
------  -------  ------  ------  ----  ----  ----
trn          72    0.13    0.05  0.95  0.95  0.95
dev          72    0.96    0.25  0.60  0.39  0.47
dset      epoch    cost    cerr     p     r     f
------  -------  ------  ------  ----  ----  ----
trn          73    0.06    0.02  0.98  0.98  0.98
dev          73    1.03    0.25  0.59  0.33  0.42
dset      epoch    cost    cerr     p     r     f
------  -------  ------  ------  ----  ----  ----
trn          74  nan       0.05  0.94  0.99  0.97
dev          74    1.12    0.27  0.56  0.45  0.50
dset      epoch    cost    cerr     p     r     f
------  -------  ------  ------  ----  ----  ----
trn          75    0.11    0.04  0.96  0.99  0.97
dev          75    1.05    0.26  0.58  0.39  0.47
dset      epoch    cost    cerr     p     r     f
------  -------  ------  ------  ----  ----  ----
trn          76    0.09    0.04  0.96  0.99  0.98
dev          76    1.11    0.25  0.59  0.33  0.42
dset      epoch    cost    cerr     p     r     f
------  -------  ------  ------  ----  ----  ----
trn          77  nan       0.02  0.98  0.98  0.98
dev          77    1.11    0.25  0.59  0.31  0.40
dset      epoch    cost    cerr     p     r     f
------  -------  ------  ------  ----  ----  ----
trn          78  nan       0.02  0.98  0.99  0.99
dev          78    1.08    0.24  0.60  0.32  0.42
dset      epoch    cost    cerr     p     r     f
------  -------  ------  ------  ----  ----  ----
trn          79    0.05    0.01  0.98  0.95  0.97
dev          79    1.07    0.22  0.63  0.27  0.38
dset      epoch    cost    cerr     p     r     f
------  -------  ------  ------  ----  ----  ----
trn          80    0.04    0.01  0.98  0.93  0.95
dev          80    1.18    0.21  0.63  0.18  0.29
dset      epoch    cost    cerr     p     r     f
------  -------  ------  ------  ----  ----  ----
trn          81  nan       0.02  0.98  0.98  0.98
dev          81    1.07    0.24  0.61  0.39  0.47
dset      epoch    cost    cerr     p     r     f
------  -------  ------  ------  ----  ----  ----
trn          82    0.05    0.01  0.99  0.98  0.99
dev          82    1.01    0.23  0.63  0.34  0.44
dset      epoch    cost    cerr     p     r     f
------  -------  ------  ------  ----  ----  ----
trn          83  nan       0.05  0.94  0.97  0.95
dev          83    0.96    0.25  0.61  0.44  0.51
dset      epoch    cost    cerr     p     r     f
------  -------  ------  ------  ----  ----  ----
trn          84    0.07    0.02  0.96  0.88  0.92
dev          84    1.05    0.21  0.64  0.20  0.31
dset      epoch    cost    cerr     p     r     f
------  -------  ------  ------  ----  ----  ----
trn          85    0.08    0.03  0.97  0.94  0.96
dev          85    0.92    0.23  0.61  0.29  0.40
dset      epoch    cost    cerr     p     r     f
------  -------  ------  ------  ----  ----  ----
trn          86    0.04    0.01  0.99  0.98  0.98
dev          86    0.92    0.22  0.63  0.30  0.41
dset      epoch    cost    cerr     p     r     f
------  -------  ------  ------  ----  ----  ----
trn          87  nan       0.02  0.98  0.99  0.99
dev          87    1.04    0.26  0.58  0.35  0.44
dset      epoch    cost    cerr     p     r     f
------  -------  ------  ------  ----  ----  ----
trn          88     nan    0.03  0.98  0.99  0.99
dev          88     inf    0.26  0.60  0.40  0.48
dset      epoch    cost    cerr     p     r     f
------  -------  ------  ------  ----  ----  ----
trn          89    0.05    0.01  0.99  0.98  0.98
dev          89    1.12    0.25  0.61  0.34  0.43
dset      epoch    cost    cerr     p     r     f
------  -------  ------  ------  ----  ----  ----
trn          90    0.04    0.01  0.99  0.97  0.98
dev          90    1.12    0.24  0.59  0.23  0.33
dset      epoch    cost    cerr     p     r     f
------  -------  ------  ------  ----  ----  ----
trn          91  nan       0.01  1.00  0.99  1.00
dev          91    1.25    0.24  0.60  0.26  0.37
dset      epoch    cost    cerr     p     r     f
------  -------  ------  ------  ----  ----  ----
trn          92  nan       0.02  0.99  0.99  0.99
dev          92    1.08    0.24  0.61  0.34  0.44
dset      epoch    cost    cerr     p     r     f
------  -------  ------  ------  ----  ----  ----
trn          93    0.08    0.03  0.96  0.90  0.93
dev          93    0.99    0.22  0.63  0.26  0.37
dset      epoch    cost    cerr     p     r     f
------  -------  ------  ------  ----  ----  ----
trn          94    0.09    0.04  0.94  0.82  0.88
dev          94    0.98    0.23  0.62  0.12  0.20
dset      epoch    cost    cerr     p     r     f
------  -------  ------  ------  ----  ----  ----
trn          95    0.09    0.04  0.95  0.88  0.91
dev          95    0.87    0.22  0.62  0.25  0.35
dset      epoch    cost    cerr     p     r     f
------  -------  ------  ------  ----  ----  ----
trn          96    0.11    0.04  0.95  0.96  0.96
dev          96    0.91    0.24  0.62  0.37  0.46
dset      epoch    cost    cerr     p     r     f
------  -------  ------  ------  ----  ----  ----
trn          97    0.06    0.02  0.98  0.97  0.98
dev          97    0.95    0.23  0.62  0.29  0.39
dset      epoch    cost    cerr     p     r     f
------  -------  ------  ------  ----  ----  ----
trn          98  nan       0.04  0.96  0.99  0.97
dev          98    1.14    0.28  0.57  0.44  0.49
dset      epoch    cost    cerr     p     r     f
------  -------  ------  ------  ----  ----  ----
trn          99  nan       0.01  0.99  0.99  0.99
dev          99    1.12    0.25  0.59  0.33  0.42
mean:0.57 std:0.00
