# of words per sent, min:20 max:40 mean:26.81 std:5.12
fbmerge      sample    patience    gclip  n_hidden    log      lr    in2out    save    norm  opt    rnn      truncate    fbias  activation    drates      n_batch    shuf    sorted    emb    eps    fepoch    gnoise
---------  --------  ----------  -------  ----------  -----  ----  --------  ------  ------  -----  -----  ----------  -------  ------------  --------  ---------  ------  --------  -----  -----  --------  --------
concat            0          -1        0  [128]       rand   0.01         0       0       2  adam   dummy          -1        0  bi-relu       [0, 0]            5       1         1      0  1e-08        10         0
['c=!', 'c=#', 'c=$', 'c=%', "c='", 'c=(', 'c=)', 'c=,', 'c=-', 'c=.', 'c=0', 'c=1', 'c=2', 'c=3', 'c=4', 'c=5', 'c=6', 'c=7', 'c=8', 'c=9', 'c=:', 'c=;', 'c=A', 'c=B', 'c=C', 'c=D', 'c=E', 'c=F', 'c=G', 'c=H', 'c=I', 'c=J', 'c=K', 'c=L', 'c=M', 'c=N', 'c=O', 'c=P', 'c=R', 'c=S', 'c=T', 'c=U', 'c=V', 'c=W', 'c=X', 'c=Y', 'c=Z', 'c=\\w', 'c=`', 'c=a', 'c=b', 'c=c', 'c=d', 'c=e', 'c=f', 'c=g', 'c=h', 'c=i', 'c=j', 'c=k', 'c=l', 'c=m', 'c=n', 'c=o', 'c=p', 'c=q', 'c=r', 'c=s', 'c=t', 'c=u', 'c=v', 'c=w', 'c=w/', 'c=x', 'c=y', 'c=z']
c=! c=# c=$ c=% c=' c=( c=) c=, c=- c=. c=0 c=1 c=2 c=3 c=4 c=5 c=6 c=7 c=8 c=9 c=: c=; c=A c=B c=C c=D c=E c=F c=G c=H c=I c=J c=K c=L c=M c=N c=O c=P c=R c=S c=T c=U c=V c=W c=X c=Y c=Z c=\w c=` c=a c=b c=c c=d c=e c=f c=g c=h c=i c=j c=k c=l c=m c=n c=o c=p c=q c=r c=s c=t c=u c=v c=w c=w/ c=x c=y c=z
NF: 76
fstart:0 fend:40
dset      epoch    cost    cerr     p     r     f
------  -------  ------  ------  ----  ----  ----
trn           0       0    0.50  0.53  0.42  0.47
dev           0       0    0.50  0.53  0.43  0.47
dset      epoch    cost    cerr     p     r     f
------  -------  ------  ------  ----  ----  ----
trn           1       0    0.50  0.53  0.40  0.46
dev           1       0    0.50  0.56  0.48  0.52
dset      epoch    cost    cerr     p     r     f
------  -------  ------  ------  ----  ----  ----
trn           2       0    0.50  0.53  0.40  0.45
dev           2       0    0.51  0.51  0.42  0.46
dset      epoch    cost    cerr     p     r     f
------  -------  ------  ------  ----  ----  ----
trn           3       0    0.50  0.53  0.43  0.48
dev           3       0    0.50  0.50  0.37  0.43
dset      epoch    cost    cerr     p     r     f
------  -------  ------  ------  ----  ----  ----
trn           4       0    0.50  0.54  0.44  0.49
dev           4       0    0.51  0.49  0.42  0.45
dset      epoch    cost    cerr     p     r     f
------  -------  ------  ------  ----  ----  ----
trn           5       0    0.50  0.52  0.43  0.47
dev           5       0    0.50  0.53  0.44  0.48
dset      epoch    cost    cerr     p     r     f
------  -------  ------  ------  ----  ----  ----
trn           6       0    0.50  0.52  0.41  0.46
dev           6       0    0.50  0.53  0.44  0.48
dset      epoch    cost    cerr     p     r     f
------  -------  ------  ------  ----  ----  ----
trn           7       0    0.50  0.54  0.47  0.50
dev           7       0    0.50  0.50  0.41  0.45
dset      epoch    cost    cerr     p     r     f
------  -------  ------  ------  ----  ----  ----
trn           8       0    0.50  0.54  0.45  0.49
dev           8       0    0.50  0.48  0.41  0.44
dset      epoch    cost    cerr     p     r     f
------  -------  ------  ------  ----  ----  ----
trn           9       0    0.50  0.53  0.42  0.47
dev           9       0    0.49  0.53  0.45  0.49
mean:0.52 std:0.00
