# of words per sent, min:20 max:40 mean:26.81 std:5.12
fbmerge      sample    patience    gclip  n_hidden    log       lr    in2out    save    norm  opt    rnn       truncate    fbias  activation    drates      n_batch    shuf    sorted    emb    eps    fepoch    gnoise
---------  --------  ----------  -------  ----------  -----  -----  --------  ------  ------  -----  ------  ----------  -------  ------------  --------  ---------  ------  --------  -----  -----  --------  --------
concat            0          -1        0  [128]       relu   0.001         0       0       2  adam   lazrnn          -1        0  bi-elu        [0, 0]            5       1         1      0  1e-08       100         0
['c=!', 'c=#', 'c=$', 'c=%', "c='", 'c=(', 'c=)', 'c=,', 'c=-', 'c=.', 'c=0', 'c=1', 'c=2', 'c=3', 'c=4', 'c=5', 'c=6', 'c=7', 'c=8', 'c=9', 'c=:', 'c=;', 'c=A', 'c=B', 'c=C', 'c=D', 'c=E', 'c=F', 'c=G', 'c=H', 'c=I', 'c=J', 'c=K', 'c=L', 'c=M', 'c=N', 'c=O', 'c=P', 'c=R', 'c=S', 'c=T', 'c=U', 'c=V', 'c=W', 'c=X', 'c=Y', 'c=Z', 'c=\\w', 'c=`', 'c=a', 'c=b', 'c=c', 'c=d', 'c=e', 'c=f', 'c=g', 'c=h', 'c=i', 'c=j', 'c=k', 'c=l', 'c=m', 'c=n', 'c=o', 'c=p', 'c=q', 'c=r', 'c=s', 'c=t', 'c=u', 'c=v', 'c=w', 'c=w/', 'c=x', 'c=y', 'c=z']
c=! c=# c=$ c=% c=' c=( c=) c=, c=- c=. c=0 c=1 c=2 c=3 c=4 c=5 c=6 c=7 c=8 c=9 c=: c=; c=A c=B c=C c=D c=E c=F c=G c=H c=I c=J c=K c=L c=M c=N c=O c=P c=R c=S c=T c=U c=V c=W c=X c=Y c=Z c=\w c=` c=a c=b c=c c=d c=e c=f c=g c=h c=i c=j c=k c=l c=m c=n c=o c=p c=q c=r c=s c=t c=u c=v c=w c=w/ c=x c=y c=z
NF: 76
l_in: (None, None, 76)
l_mask: (Subtensor{int64}.0, Subtensor{int64}.0)
l_forward: (None, None, 128)
l_backward: (None, None, 128)
l_fbmerge: (None, None, 256)
l_reshape: (None, 256)
l_out: (None, None)
[W, b, W, W, b, W, W, b]
Compiling functions...
Compiling done.
fstart:0 fend:40
dset      epoch    cost    cerr     p     r     f
------  -------  ------  ------  ----  ----  ----
trn           0     nan    0.19  0.69  0.00  0.00
dev           0     nan    0.21  0.65  0.00  0.00
dset      epoch    cost    cerr     p     r     f
------  -------  ------  ------  ----  ----  ----
trn           1     nan    0.19  0.69  0.00  0.00
dev           1     nan    0.21  0.65  0.00  0.00
dset      epoch    cost    cerr     p     r     f
------  -------  ------  ------  ----  ----  ----
trn           2    0.46    0.18  0.69  0.00  0.00
dev           2    0.49    0.20  0.65  0.00  0.00
dset      epoch    cost    cerr     p     r     f
------  -------  ------  ------  ----  ----  ----
trn           3    0.44    0.18  0.69  0.00  0.00
dev           3    0.47    0.20  0.65  0.00  0.00
dset      epoch    cost    cerr     p     r     f
------  -------  ------  ------  ----  ----  ----
trn           4    0.43    0.18  0.69  0.00  0.00
dev           4    0.46    0.20  0.65  0.00  0.00
dset      epoch    cost    cerr     p     r     f
------  -------  ------  ------  ----  ----  ----
trn           5    0.42    0.18  0.69  0.00  0.00
dev           5    0.47    0.20  0.65  0.00  0.00
dset      epoch    cost    cerr     p     r     f
------  -------  ------  ------  ----  ----  ----
trn           6    0.42    0.18  0.69  0.00  0.00
dev           6    0.46    0.20  0.65  0.00  0.00
dset      epoch    cost    cerr     p     r     f
------  -------  ------  ------  ----  ----  ----
trn           7    0.41    0.18  0.69  0.00  0.00
dev           7    0.45    0.20  0.65  0.00  0.00
dset      epoch    cost    cerr     p     r     f
------  -------  ------  ------  ----  ----  ----
trn           8    0.41    0.18  0.69  0.00  0.00
dev           8    0.45    0.21  0.65  0.00  0.00
dset      epoch    cost    cerr     p     r     f
------  -------  ------  ------  ----  ----  ----
trn           9    0.40    0.18  0.69  0.01  0.01
dev           9    0.45    0.21  0.65  0.00  0.00
dset      epoch    cost    cerr     p     r     f
------  -------  ------  ------  ----  ----  ----
trn          10    0.40    0.18  0.69  0.01  0.01
dev          10    0.45    0.21  0.65  0.00  0.00
dset      epoch    cost    cerr     p     r     f
------  -------  ------  ------  ----  ----  ----
trn          11    0.39    0.17  0.69  0.01  0.01
dev          11    0.45    0.21  0.65  0.00  0.00
dset      epoch    cost    cerr     p     r     f
------  -------  ------  ------  ----  ----  ----
trn          12    0.39    0.17  0.69  0.01  0.01
dev          12    0.45    0.20  0.65  0.00  0.00
dset      epoch    cost    cerr     p     r     f
------  -------  ------  ------  ----  ----  ----
trn          13    0.43    0.17  0.69  0.00  0.00
dev          13    0.50    0.20  0.65  0.00  0.00
dset      epoch    cost    cerr     p     r     f
------  -------  ------  ------  ----  ----  ----
trn          14    0.38    0.17  0.70  0.01  0.03
dev          14    0.46    0.20  0.65  0.00  0.00
dset      epoch    cost    cerr     p     r     f
------  -------  ------  ------  ----  ----  ----
trn          15    0.37    0.17  0.70  0.04  0.07
dev          15    0.45    0.21  0.65  0.01  0.01
dset      epoch    cost    cerr     p     r     f
------  -------  ------  ------  ----  ----  ----
trn          16    0.38    0.17  0.70  0.02  0.04
dev          16    0.46    0.20  0.65  0.01  0.01
dset      epoch    cost    cerr     p     r     f
------  -------  ------  ------  ----  ----  ----
trn          17    0.36    0.16  0.72  0.09  0.15
dev          17    0.45    0.21  0.64  0.02  0.05
dset      epoch    cost    cerr     p     r     f
------  -------  ------  ------  ----  ----  ----
trn          18    0.38    0.17  0.70  0.03  0.06
dev          18    0.48    0.20  0.65  0.01  0.01
dset      epoch    cost    cerr     p     r     f
------  -------  ------  ------  ----  ----  ----
trn          19    0.37    0.17  0.71  0.04  0.08
dev          19    0.49    0.20  0.65  0.01  0.01
dset      epoch    cost    cerr     p     r     f
------  -------  ------  ------  ----  ----  ----
trn          20    0.37    0.17  0.71  0.06  0.12
dev          20    0.45    0.20  0.64  0.01  0.01
dset      epoch    cost    cerr     p     r     f
------  -------  ------  ------  ----  ----  ----
trn          21    0.35    0.16  0.72  0.12  0.20
dev          21    0.46    0.21  0.64  0.04  0.07
dset      epoch    cost    cerr     p     r     f
------  -------  ------  ------  ----  ----  ----
trn          22    0.35    0.16  0.71  0.07  0.13
dev          22    0.49    0.20  0.65  0.02  0.04
dset      epoch    cost    cerr     p     r     f
------  -------  ------  ------  ----  ----  ----
trn          23    0.35    0.16  0.71  0.07  0.13
dev          23    0.46    0.21  0.65  0.01  0.02
dset      epoch    cost    cerr     p     r     f
------  -------  ------  ------  ----  ----  ----
trn          24    0.35    0.16  0.72  0.10  0.17
dev          24    0.46    0.20  0.65  0.03  0.06
dset      epoch    cost    cerr     p     r     f
------  -------  ------  ------  ----  ----  ----
trn          25    0.32    0.14  0.74  0.18  0.29
dev          25    0.49    0.21  0.65  0.06  0.10
dset      epoch    cost    cerr     p     r     f
------  -------  ------  ------  ----  ----  ----
trn          26    0.35    0.15  0.72  0.14  0.23
dev          26    0.51    0.21  0.64  0.04  0.08
dset      epoch    cost    cerr     p     r     f
------  -------  ------  ------  ----  ----  ----
trn          27    0.33    0.15  0.74  0.18  0.29
dev          27    0.47    0.21  0.64  0.06  0.10
dset      epoch    cost    cerr     p     r     f
------  -------  ------  ------  ----  ----  ----
trn          28    0.40    0.16  0.71  0.06  0.12
dev          28    0.55    0.20  0.66  0.02  0.04
dset      epoch    cost    cerr     p     r     f
------  -------  ------  ------  ----  ----  ----
trn          29    0.33    0.15  0.73  0.15  0.25
dev          29    0.50    0.21  0.65  0.04  0.07
dset      epoch    cost    cerr     p     r     f
------  -------  ------  ------  ----  ----  ----
trn          30    0.32    0.14  0.75  0.20  0.32
dev          30    0.49    0.20  0.65  0.06  0.10
dset      epoch    cost    cerr     p     r     f
------  -------  ------  ------  ----  ----  ----
trn          31    0.31    0.14  0.75  0.24  0.36
dev          31    0.51    0.22  0.62  0.04  0.07
dset      epoch    cost    cerr     p     r     f
------  -------  ------  ------  ----  ----  ----
trn          32    0.30    0.13  0.76  0.24  0.36
dev          32    0.55    0.21  0.64  0.04  0.07
dset      epoch    cost    cerr     p     r     f
------  -------  ------  ------  ----  ----  ----
trn          33    0.29    0.13  0.77  0.27  0.40
dev          33    0.56    0.21  0.64  0.06  0.11
dset      epoch    cost    cerr     p     r     f
------  -------  ------  ------  ----  ----  ----
trn          34    0.28    0.12  0.78  0.32  0.45
dev          34    0.56    0.21  0.64  0.06  0.11
dset      epoch    cost    cerr     p     r     f
------  -------  ------  ------  ----  ----  ----
trn          35    0.28    0.12  0.78  0.31  0.44
dev          35    0.55    0.21  0.65  0.04  0.08
dset      epoch    cost    cerr     p     r     f
------  -------  ------  ------  ----  ----  ----
trn          36    0.29    0.13  0.77  0.29  0.42
dev          36    0.54    0.21  0.64  0.06  0.11
dset      epoch    cost    cerr     p     r     f
------  -------  ------  ------  ----  ----  ----
trn          37    0.28    0.12  0.78  0.29  0.43
dev          37    0.57    0.20  0.65  0.07  0.13
dset      epoch    cost    cerr     p     r     f
------  -------  ------  ------  ----  ----  ----
trn          38    0.25    0.11  0.80  0.38  0.51
dev          38    0.63    0.21  0.64  0.07  0.12
dset      epoch    cost    cerr     p     r     f
------  -------  ------  ------  ----  ----  ----
trn          39    0.27    0.12  0.77  0.28  0.41
dev          39    0.57    0.20  0.65  0.06  0.10
dset      epoch    cost    cerr     p     r     f
------  -------  ------  ------  ----  ----  ----
trn          40    0.26    0.12  0.78  0.30  0.44
dev          40    0.63    0.20  0.65  0.06  0.10
dset      epoch    cost    cerr     p     r     f
------  -------  ------  ------  ----  ----  ----
trn          41    0.21    0.09  0.84  0.49  0.62
dev          41    0.65    0.21  0.63  0.07  0.12
dset      epoch    cost    cerr     p     r     f
------  -------  ------  ------  ----  ----  ----
trn          42    0.21    0.09  0.85  0.56  0.68
dev          42    0.63    0.22  0.62  0.09  0.16
dset      epoch    cost    cerr     p     r     f
------  -------  ------  ------  ----  ----  ----
trn          43    0.21    0.08  0.85  0.57  0.69
dev          43    0.63    0.22  0.63  0.13  0.22
dset      epoch    cost    cerr     p     r     f
------  -------  ------  ------  ----  ----  ----
trn          44    0.20    0.08  0.86  0.56  0.68
dev          44    0.71    0.21  0.64  0.09  0.16
dset      epoch    cost    cerr     p     r     f
------  -------  ------  ------  ----  ----  ----
trn          45    0.16    0.06  0.92  0.83  0.87
dev          45    0.65    0.24  0.60  0.15  0.24
dset      epoch    cost    cerr     p     r     f
------  -------  ------  ------  ----  ----  ----
trn          46    0.19    0.08  0.86  0.59  0.70
dev          46    0.69    0.21  0.64  0.11  0.19
dset      epoch    cost    cerr     p     r     f
------  -------  ------  ------  ----  ----  ----
trn          47    0.19    0.08  0.85  0.54  0.66
dev          47    0.67    0.21  0.64  0.09  0.16
dset      epoch    cost    cerr     p     r     f
------  -------  ------  ------  ----  ----  ----
trn          48    0.14    0.05  0.91  0.73  0.81
dev          48    0.79    0.22  0.62  0.08  0.14
dset      epoch    cost    cerr     p     r     f
------  -------  ------  ------  ----  ----  ----
trn          49    0.20    0.09  0.84  0.48  0.61
dev          49    0.81    0.21  0.64  0.04  0.08
dset      epoch    cost    cerr     p     r     f
------  -------  ------  ------  ----  ----  ----
trn          50    0.21    0.09  0.83  0.44  0.57
dev          50    0.86    0.20  0.65  0.06  0.11
dset      epoch    cost    cerr     p     r     f
------  -------  ------  ------  ----  ----  ----
trn          51    0.16    0.07  0.87  0.59  0.70
dev          51    0.97    0.21  0.64  0.06  0.10
dset      epoch    cost    cerr     p     r     f
------  -------  ------  ------  ----  ----  ----
trn          52    0.12    0.05  0.92  0.77  0.84
dev          52    0.91    0.21  0.63  0.07  0.13
dset      epoch    cost    cerr     p     r     f
------  -------  ------  ------  ----  ----  ----
trn          53    0.11    0.04  0.94  0.83  0.88
dev          53    0.94    0.22  0.62  0.10  0.18
dset      epoch    cost    cerr     p     r     f
------  -------  ------  ------  ----  ----  ----
trn          54    0.12    0.04  0.93  0.84  0.88
dev          54    0.79    0.23  0.63  0.13  0.22
dset      epoch    cost    cerr     p     r     f
------  -------  ------  ------  ----  ----  ----
trn          55    0.10    0.04  0.94  0.83  0.88
dev          55    0.89    0.23  0.61  0.12  0.20
dset      epoch    cost    cerr     p     r     f
------  -------  ------  ------  ----  ----  ----
trn          56    0.15    0.07  0.88  0.63  0.73
dev          56    0.87    0.21  0.63  0.07  0.13
dset      epoch    cost    cerr     p     r     f
------  -------  ------  ------  ----  ----  ----
trn          57    0.12    0.05  0.91  0.72  0.80
dev          57    0.79    0.21  0.64  0.10  0.17
dset      epoch    cost    cerr     p     r     f
------  -------  ------  ------  ----  ----  ----
trn          58    0.13    0.05  0.91  0.72  0.80
dev          58    1.03    0.22  0.63  0.06  0.11
dset      epoch    cost    cerr     p     r     f
------  -------  ------  ------  ----  ----  ----
trn          59    0.09    0.04  0.95  0.83  0.89
dev          59    0.95    0.22  0.63  0.11  0.19
dset      epoch    cost    cerr     p     r     f
------  -------  ------  ------  ----  ----  ----
trn          60    0.07    0.02  0.98  0.97  0.97
dev          60    0.92    0.24  0.60  0.17  0.27
dset      epoch    cost    cerr     p     r     f
------  -------  ------  ------  ----  ----  ----
trn          61    0.09    0.03  0.95  0.87  0.91
dev          61    0.84    0.23  0.62  0.15  0.24
dset      epoch    cost    cerr     p     r     f
------  -------  ------  ------  ----  ----  ----
trn          62    0.07    0.02  0.98  0.96  0.97
dev          62    0.89    0.24  0.59  0.22  0.32
dset      epoch    cost    cerr     p     r     f
------  -------  ------  ------  ----  ----  ----
trn          63    0.09    0.03  0.96  0.95  0.96
dev          63    0.92    0.25  0.59  0.23  0.33
dset      epoch    cost    cerr     p     r     f
------  -------  ------  ------  ----  ----  ----
trn          64  nan       0.07  0.92  0.99  0.96
dev          64    0.85    0.28  0.55  0.35  0.43
dset      epoch    cost    cerr     p     r     f
------  -------  ------  ------  ----  ----  ----
trn          65  nan       0.08  0.91  0.98  0.94
dev          65    0.87    0.28  0.57  0.38  0.46
dset      epoch    cost    cerr     p     r     f
------  -------  ------  ------  ----  ----  ----
trn          66    0.19    0.07  0.92  0.99  0.96
dev          66    0.92    0.29  0.57  0.39  0.46
dset      epoch    cost    cerr     p     r     f
------  -------  ------  ------  ----  ----  ----
trn          67  nan       0.07  0.92  0.99  0.95
dev          67    0.90    0.28  0.58  0.37  0.46
dset      epoch    cost    cerr     p     r     f
------  -------  ------  ------  ----  ----  ----
trn          68  nan       0.03  0.96  0.97  0.97
dev          68    0.85    0.26  0.58  0.29  0.39
dset      epoch    cost    cerr     p     r     f
------  -------  ------  ------  ----  ----  ----
trn          69    0.10    0.04  0.96  0.97  0.97
dev          69    0.90    0.26  0.60  0.33  0.42
dset      epoch    cost    cerr     p     r     f
------  -------  ------  ------  ----  ----  ----
trn          70  nan       0.02  0.98  0.98  0.98
dev          70    0.88    0.25  0.60  0.26  0.37
dset      epoch    cost    cerr     p     r     f
------  -------  ------  ------  ----  ----  ----
trn          71  nan       0.03  0.98  0.97  0.97
dev          71    0.96    0.25  0.58  0.24  0.34
dset      epoch    cost    cerr     p     r     f
------  -------  ------  ------  ----  ----  ----
trn          72     nan    0.02  0.99  1.00  0.99
dev          72     inf    0.26  0.58  0.26  0.36
dset      epoch    cost    cerr     p     r     f
------  -------  ------  ------  ----  ----  ----
trn          73  nan       0.01  1.00  1.00  1.00
dev          73    1.05    0.23  0.62  0.18  0.28
dset      epoch    cost    cerr     p     r     f
------  -------  ------  ------  ----  ----  ----
trn          74  nan       0.01  0.99  0.98  0.98
dev          74    1.03    0.24  0.61  0.17  0.26
dset      epoch    cost    cerr     p     r     f
------  -------  ------  ------  ----  ----  ----
trn          75  nan       0.01  0.99  0.99  0.99
dev          75    1.01    0.24  0.61  0.20  0.30
dset      epoch    cost    cerr     p     r     f
------  -------  ------  ------  ----  ----  ----
trn          76    0.03    0.01  0.99  0.97  0.98
dev          76    1.12    0.21  0.63  0.10  0.18
dset      epoch    cost    cerr     p     r     f
------  -------  ------  ------  ----  ----  ----
trn          77  nan       0.01  0.99  0.99  0.99
dev          77    1.09    0.22  0.64  0.14  0.23
dset      epoch    cost    cerr     p     r     f
------  -------  ------  ------  ----  ----  ----
trn          78     nan    0.01  0.99  0.99  0.99
dev          78     inf    0.23  0.62  0.16  0.25
dset      epoch    cost    cerr     p     r     f
------  -------  ------  ------  ----  ----  ----
trn          79  nan       0.01  0.99  0.99  0.99
dev          79    1.09    0.23  0.62  0.15  0.25
dset      epoch    cost    cerr     p     r     f
------  -------  ------  ------  ----  ----  ----
trn          80  nan       0.01  1.00  0.99  1.00
dev          80    1.12    0.22  0.64  0.12  0.21
dset      epoch    cost    cerr     p     r     f
------  -------  ------  ------  ----  ----  ----
trn          81    0.03    0.01  0.99  0.96  0.98
dev          81    1.13    0.21  0.64  0.12  0.20
dset      epoch    cost    cerr     p     r     f
------  -------  ------  ------  ----  ----  ----
trn          82  nan       0.00  1.00  0.99  0.99
dev          82    1.10    0.22  0.63  0.11  0.19
dset      epoch    cost    cerr     p     r     f
------  -------  ------  ------  ----  ----  ----
trn          83  nan       0.02  0.97  0.95  0.96
dev          83    1.07    0.22  0.63  0.17  0.27
dset      epoch    cost    cerr     p     r     f
------  -------  ------  ------  ----  ----  ----
trn          84  nan       0.01  0.99  0.98  0.98
dev          84    1.14    0.23  0.61  0.13  0.22
dset      epoch    cost    cerr     p     r     f
------  -------  ------  ------  ----  ----  ----
trn          85  nan       0.03  0.97  0.95  0.96
dev          85    0.95    0.24  0.61  0.23  0.33
dset      epoch    cost    cerr     p     r     f
------  -------  ------  ------  ----  ----  ----
trn          86    0.04    0.01  0.99  0.97  0.98
dev          86    0.97    0.21  0.64  0.18  0.28
dset      epoch    cost    cerr     p     r     f
------  -------  ------  ------  ----  ----  ----
trn          87    0.05    0.02  0.98  0.97  0.98
dev          87    1.00    0.23  0.62  0.20  0.30
dset      epoch    cost    cerr     p     r     f
------  -------  ------  ------  ----  ----  ----
trn          88     nan    0.04  0.96  0.98  0.97
dev          88     inf    0.25  0.62  0.29  0.40
dset      epoch    cost    cerr     p     r     f
------  -------  ------  ------  ----  ----  ----
trn          89  nan       0.01  0.99  0.99  0.99
dev          89    1.11    0.24  0.60  0.14  0.23
dset      epoch    cost    cerr     p     r     f
------  -------  ------  ------  ----  ----  ----
trn          90  nan       0.02  0.99  0.99  0.99
dev          90    1.02    0.24  0.61  0.30  0.40
dset      epoch    cost    cerr     p     r     f
------  -------  ------  ------  ----  ----  ----
trn          91     nan    0.02  0.98  0.99  0.98
dev          91     nan    0.23  0.62  0.27  0.38
dset      epoch    cost    cerr     p     r     f
------  -------  ------  ------  ----  ----  ----
trn          92    0.05    0.01  0.99  0.97  0.98
dev          92    0.94    0.23  0.62  0.20  0.30
dset      epoch    cost    cerr     p     r     f
------  -------  ------  ------  ----  ----  ----
trn          93  nan       0.01  0.99  0.98  0.98
dev          93    1.09    0.23  0.61  0.12  0.20
dset      epoch    cost    cerr     p     r     f
------  -------  ------  ------  ----  ----  ----
trn          94    0.04    0.01  0.99  0.98  0.99
dev          94    1.02    0.23  0.62  0.15  0.24
dset      epoch    cost    cerr     p     r     f
------  -------  ------  ------  ----  ----  ----
trn          95     nan    0.02  0.99  0.99  0.99
dev          95     inf    0.24  0.61  0.20  0.30
dset      epoch    cost    cerr     p     r     f
------  -------  ------  ------  ----  ----  ----
trn          96  nan       0.02  0.98  1.00  0.99
dev          96    0.97    0.24  0.59  0.20  0.30
dset      epoch    cost    cerr     p     r     f
------  -------  ------  ------  ----  ----  ----
trn          97  nan       0.01  0.99  0.99  0.99
dev          97    0.98    0.24  0.62  0.23  0.34
dset      epoch    cost    cerr     p     r     f
------  -------  ------  ------  ----  ----  ----
trn          98  nan       0.01  0.99  1.00  1.00
dev          98    1.06    0.25  0.60  0.19  0.29
dset      epoch    cost    cerr     p     r     f
------  -------  ------  ------  ----  ----  ----
trn          99     nan    0.02  0.99  1.00  0.99
dev          99     inf    0.26  0.58  0.23  0.33
mean:0.46 std:0.00
