  C    kerngamma    percentile  embs              n_fold    kerncoef0    cweights    e_context  clf    kerntype      kerndegree  feats
---  -----------  ------------  --------------  --------  -----------  ----------  -----------  -----  ----------  ------------  -------
  1            1             0  ['s50', 'g50']         5            1           1            0  svm    lin                    1
9.53674316406e-07	0.656842592823	0.0944580033646
1.90734863281e-06	0.661539050428	0.0974299611102
3.81469726562e-06	0.661539050428	0.0974299611102
7.62939453125e-06	0.661539050428	0.0974299611102
1.52587890625e-05	0.665564050318	0.100897378633
3.0517578125e-05	0.674222375821	0.108246631107
6.103515625e-05	0.738202429733	0.0821872056603
0.0001220703125	0.734926199799	0.0808511233356
0.000244140625	0.749697958754	0.0448376981095
0.00048828125	0.757659655563	0.0330120835102
0.0009765625	0.772124531665	0.0406454970481
0.001953125	0.795087541962	0.0520131833882
0.00390625	0.786452884856	0.0517385961963
0.0078125	0.773714222203	0.0711839937925
0.015625	0.772800101157	0.0716828427353
0.03125	0.759563523324	0.0966120817009
0.0625	0.763285750203	0.0969825700893
0.125	0.767576436613	0.0964382176772
0.25	0.745722016461	0.098348074781
0.5	0.732540593168	0.0940103133982
1.0	0.719690177712	0.100515162444
2.0	0.678713648046	0.129860677681
4.0	0.652657667377	0.139298342438
8.0	0.613362442039	0.171540636863
16.0	0.596843315474	0.184366767318
32.0	0.523506358163	0.171749242696
64.0	0.561886087165	0.2121010315
128.0	0.430544408904	0.206931208439


  C    kerngamma    percentile  embs              n_fold    kerncoef0    cweights    e_context  clf    kerntype      kerndegree  feats
---  -----------  ------------  --------------  --------  -----------  ----------  -----------  -----  ----------  ------------  -------
  1            1             0  ['s50', 'g50']         5            1           1            0  svm    lin                    1
9.53674316406e-07	0.48787708002	0.112950532317
1.90734863281e-06	0.487748626486	0.11304047731
3.81469726562e-06	0.487265808535	0.112693856088
7.62939453125e-06	0.511696798589	0.101003781898
1.52587890625e-05	0.547770278538	0.0950622800296
3.0517578125e-05	0.581164624816	0.0977259347203
6.103515625e-05	0.627268949099	0.0893762356769
0.0001220703125	0.657531229273	0.0893326894974
0.000244140625	0.664255484681	0.0902715705082
0.00048828125	0.669079991309	0.0919559999579
0.0009765625	0.6693560685	0.0993150146909
0.001953125	0.667276438408	0.0923363123764
0.00390625	0.661958921192	0.0846368302789
0.0078125	0.665656131174	0.0903478305184
0.015625	0.664029964741	0.0982180251782
0.03125	0.658684406072	0.106422412353
0.0625	0.664337918752	0.105065414489
0.125	0.673878663134	0.102734414049
0.25	0.667715201759	0.109109148685
0.5	0.672653349494	0.103223440664
1.0	0.669279534919	0.112383633673
2.0	0.66124993059	0.108643689151
4.0	0.626984935251	0.097328213785
8.0	0.567039544297	0.0946497893011
16.0	0.470900488145	0.0662475499548
32.0	0.41424995861	0.122948120988
64.0	0.329344461098	0.0588377037373
128.0	0.305937543862	0.120748323233


  C    kerngamma    percentile  embs              n_fold    kerncoef0    cweights    e_context  clf    kerntype      kerndegree  feats
---  -----------  ------------  --------------  --------  -----------  ----------  -----------  -----  ----------  ------------  -------
  1            1             0  ['s50', 'g50']         5            1           1            0  svm    lin                    1
9.53674316406e-07	0.579959130376	0.0651709348495
1.90734863281e-06	0.587270011374	0.0670286844338
3.81469726562e-06	0.60077084402	0.0532749955127
7.62939453125e-06	0.61637698296	0.0482768470284
1.52587890625e-05	0.650144888444	0.0407968183136
3.0517578125e-05	0.688362801453	0.0372358405349
6.103515625e-05	0.72195508095	0.0588826400917
0.0001220703125	0.739515350528	0.058981440689
0.000244140625	0.752572267184	0.0414423125251
0.00048828125	0.757490697421	0.0365860424308
0.0009765625	0.759102928589	0.0378078944708
0.001953125	0.761258572089	0.032487611106
0.00390625	0.762555485178	0.0361824696884
0.0078125	0.761490559317	0.0396420126631
0.015625	0.764326837401	0.0345147075461
0.03125	0.771323947786	0.0361986672036
0.0625	0.771885412577	0.0319171567919
0.125	0.777201588577	0.032773794952
0.25	0.771156999401	0.0311818251895
0.5	0.773396808738	0.0292872135249
1.0	0.770919181358	0.0367867920852
2.0	0.763228867706	0.0352036421539
4.0	0.723125462381	0.056425139202
8.0	0.641239374965	0.0387862684956
16.0	0.596929428387	0.102880613568
32.0	0.521760978944	0.0535822990004
64.0	0.387177486196	0.0754656428489
128.0	0.368177635046	0.149811005361


  C    kerngamma    percentile  embs              n_fold    kerncoef0    cweights    e_context  clf    kerntype      kerndegree  feats
---  -----------  ------------  --------------  --------  -----------  ----------  -----------  -----  ----------  ------------  -------
  1            1             0  ['s50', 'g50']         5            1           1            0  svm    lin                    1
9.53674316406e-07	0.585169783572	0.0526662910982
1.90734863281e-06	0.598486890509	0.0578872959542
3.81469726562e-06	0.627717548779	0.0600293656551
7.62939453125e-06	0.653568564568	0.0547008875918
1.52587890625e-05	0.676264094663	0.0580403938983
3.0517578125e-05	0.721022184849	0.038811511654
6.103515625e-05	0.740151630363	0.0359453349005
0.0001220703125	0.748656579072	0.0375139545264
0.000244140625	0.751253853508	0.0373217795452
0.00048828125	0.759264568452	0.040982156928
0.0009765625	0.756291683944	0.0439413927144
0.001953125	0.756446469081	0.0414833145027
0.00390625	0.758729432169	0.0423073687956
0.0078125	0.757896000278	0.0429321555196
0.015625	0.759934504891	0.0399310911393
0.03125	0.756843663589	0.0424374624268
0.0625	0.761799021081	0.0433863672042
0.125	0.762308157306	0.0420639349628
0.25	0.761959077826	0.0425153342178
0.5	0.759312291739	0.0422000435242
1.0	0.753309572357	0.0474974979393
2.0	0.732821880411	0.0552966280986
4.0	0.708810998375	0.0618204873044
8.0	0.628979421105	0.0544282418268
16.0	0.571068850342	0.048479439331
32.0	0.492744434301	0.0470740168838
64.0	0.409507604308	0.117108605546
128.0	0.295004536618	0.172045440396


  C    kerngamma    percentile  embs              n_fold    kerncoef0    cweights    e_context  clf    kerntype      kerndegree  feats
---  -----------  ------------  --------------  --------  -----------  ----------  -----------  -----  ----------  ------------  -------
  1            1             0  ['s50', 'g50']         5            1           1            0  svm    lin                    1
9.53674316406e-07	0.605198318178	0.0183157481261
1.90734863281e-06	0.627055051209	0.0145797231568
3.81469726562e-06	0.650179917826	0.0161384644079
7.62939453125e-06	0.68491030116	0.0158155872206
1.52587890625e-05	0.716911085744	0.0104453684469
3.0517578125e-05	0.740592715902	0.0151717958465
6.103515625e-05	0.753226300526	0.0136515200727
0.0001220703125	0.758257493854	0.015372892631
0.000244140625	0.763748575085	0.0169641375156
0.00048828125	0.766452322725	0.0178623594302
0.0009765625	0.768253473654	0.0201489073588
0.001953125	0.771383678894	0.0169628683047
0.00390625	0.775104795422	0.0142605724078
0.0078125	0.775293281802	0.0149647520092
0.015625	0.775230513166	0.016239719873
0.03125	0.774358097928	0.0171487693611
0.0625	0.775914183253	0.0168255351062
0.125	0.773485808551	0.0160318054351
0.25	0.773205683129	0.0156174458627
0.5	0.774257033021	0.0156634434487
1.0	0.769382896199	0.0174131539794
2.0	0.759495477244	0.0135905533292
4.0	0.717335441092	0.020376207314
8.0	0.655174842234	0.0461635372453
16.0	0.581308078899	0.0407576077417
32.0	0.462378029534	0.107503088761
64.0	0.417241438788	0.0677487251823
128.0	0.431178948274	0.127252022923


  C    kerngamma    percentile  embs              n_fold    kerncoef0    cweights    e_context  clf    kerntype      kerndegree  feats
---  -----------  ------------  --------------  --------  -----------  ----------  -----------  -----  ----------  ------------  -------
  1            1             0  ['s50', 'g50']         5            1           1            0  svm    lin                    1
9.53674316406e-07	0.62240371928	0.0227278552145
1.90734863281e-06	0.655421537342	0.0215056092443
3.81469726562e-06	0.688343365403	0.020138925095
7.62939453125e-06	0.717014383787	0.0202780602805
1.52587890625e-05	0.73833767403	0.020441371149
3.0517578125e-05	0.752409326448	0.0223682015217
6.103515625e-05	0.760695079631	0.0201967966858
0.0001220703125	0.765465556502	0.0210122943146
0.000244140625	0.767398497411	0.0203825491835
0.00048828125	0.771800219853	0.0202495363716
0.0009765625	0.774602427762	0.0206701956508
0.001953125	0.774541154817	0.020140384042
0.00390625	0.774578877025	0.0197151704327
0.0078125	0.776455415637	0.0192970614849
0.015625	0.777216032394	0.0203923739386
0.03125	0.77752250651	0.0209587801337
0.0625	0.776226411784	0.0197291917731
0.125	0.776504902469	0.019767299159
0.25	0.776245411449	0.0208424315055
0.5	0.776070062147	0.0210748321928
1.0	0.772507548498	0.0211396148091
2.0	0.754992904412	0.024011655022
4.0	0.716060109958	0.030919618573
8.0	0.692503394604	0.0350240778261
16.0	0.565398938654	0.0513830082016
32.0	0.481645871834	0.0452410600862
64.0	0.431359072551	0.0238160347739
128.0	0.434169806897	0.127576023235


      f1           C    e_context      f1std    sample  embs
--------  ----------  -----------  ---------  --------  -------
0.795088  0.00195312            0  0.0520132       200  s50 g50
0.673879  0.125                 0  0.102734        400  s50 g50
0.777202  0.125                 0  0.0327738       800  s50 g50
0.762308  0.125                 0  0.0420639      1600  s50 g50
0.775914  0.0625                0  0.0168255      3200  s50 g50
0.777523  0.03125               0  0.0209588      6400  s50 g50
