['c=!', 'c=#', 'c=$', 'c=%', "c='", 'c=(', 'c=)', 'c=,', 'c=-', 'c=.', 'c=0', 'c=1', 'c=2', 'c=3', 'c=4', 'c=5', 'c=6', 'c=7', 'c=8', 'c=9', 'c=:', 'c=;', 'c=A', 'c=B', 'c=C', 'c=D', 'c=E', 'c=F', 'c=G', 'c=H', 'c=I', 'c=J', 'c=K', 'c=L', 'c=M', 'c=N', 'c=O', 'c=P', 'c=R', 'c=S', 'c=T', 'c=U', 'c=V', 'c=W', 'c=X', 'c=Y', 'c=Z', 'c=\\w', 'c=`', 'c=a', 'c=b', 'c=c', 'c=d', 'c=e', 'c=f', 'c=g', 'c=h', 'c=i', 'c=j', 'c=k', 'c=l', 'c=m', 'c=n', 'c=o', 'c=p', 'c=q', 'c=r', 'c=s', 'c=t', 'c=u', 'c=v', 'c=w', 'c=w/', 'c=x', 'c=y', 'c=z']
c=! c=# c=$ c=% c=' c=( c=) c=, c=- c=. c=0 c=1 c=2 c=3 c=4 c=5 c=6 c=7 c=8 c=9 c=: c=; c=A c=B c=C c=D c=E c=F c=G c=H c=I c=J c=K c=L c=M c=N c=O c=P c=R c=S c=T c=U c=V c=W c=X c=Y c=Z c=\w c=` c=a c=b c=c c=d c=e c=f c=g c=h c=i c=j c=k c=l c=m c=n c=o c=p c=q c=r c=s c=t c=u c=v c=w c=w/ c=x c=y c=z
NF: 76
l_in: (None, None, 76)
l_mask: (Subtensor{int64}.0, Subtensor{int64}.0)
l_forward: (None, None, 128)
l_backward: (None, None, 128)
l_fbmerge: (None, None, 256)
l_reshape: (None, 256)
l_out: (None, None)
[W, b, W, W, b, W, W, b]
Compiling functions...
Compiling done.
fstart:0 fend:40
dset      epoch                      cost    cerr     p     r     f
------  -------  ------------------------  ------  ----  ----  ----
trn           0  847853999035745566720.00    0.18  0.69  0.00  0.00
dev           0     851884017014800384.00    0.20  0.65  0.00  0.00
dset      epoch               cost    cerr     p     r     f
------  -------  -----------------  ------  ----  ----  ----
trn           1  38781742743552.00    0.18  0.69  0.00  0.00
dev           1    536237309952.00    0.20  0.65  0.00  0.00
dset      epoch         cost    cerr     p     r     f
------  -------  -----------  ------  ----  ----  ----
trn           2  26547308.00    0.18  0.69  0.00  0.00
dev           2   3372103.50    0.20  0.65  0.00  0.00
dset      epoch    cost    cerr     p     r     f
------  -------  ------  ------  ----  ----  ----
trn           3  229.69    0.18  0.69  0.00  0.00
dev           3  177.67    0.20  0.65  0.00  0.00
dset      epoch    cost    cerr     p     r     f
------  -------  ------  ------  ----  ----  ----
trn           4    1.71    0.18  0.69  0.00  0.00
dev           4    2.00    0.20  0.65  0.00  0.00
dset      epoch    cost    cerr     p     r     f
------  -------  ------  ------  ----  ----  ----
trn           5    0.47    0.18  0.69  0.00  0.00
dev           5    0.51    0.20  0.65  0.00  0.00
dset      epoch    cost    cerr     p     r     f
------  -------  ------  ------  ----  ----  ----
trn           6    0.46    0.18  0.69  0.00  0.00
dev           6    0.49    0.20  0.65  0.00  0.00
dset      epoch    cost    cerr     p     r     f
------  -------  ------  ------  ----  ----  ----
trn           7    0.45    0.18  0.69  0.00  0.00
dev           7    0.48    0.20  0.65  0.00  0.00
dset      epoch    cost    cerr     p     r     f
------  -------  ------  ------  ----  ----  ----
trn           8    0.44    0.18  0.69  0.00  0.00
dev           8    0.48    0.20  0.65  0.00  0.00
dset      epoch    cost    cerr     p     r     f
------  -------  ------  ------  ----  ----  ----
trn           9    0.44    0.18  0.69  0.00  0.00
dev           9    0.47    0.20  0.65  0.00  0.00
dset      epoch    cost    cerr     p     r     f
------  -------  ------  ------  ----  ----  ----
trn          10    0.43    0.18  0.69  0.00  0.00
dev          10    0.47    0.20  0.65  0.00  0.00
dset      epoch    cost    cerr     p     r     f
------  -------  ------  ------  ----  ----  ----
trn          11    0.42    0.18  0.69  0.00  0.00
dev          11    0.46    0.20  0.65  0.00  0.00
dset      epoch    cost    cerr     p     r     f
------  -------  ------  ------  ----  ----  ----
trn          12    0.42    0.18  0.69  0.00  0.00
dev          12    0.46    0.20  0.65  0.00  0.00
dset      epoch    cost    cerr     p     r     f
------  -------  ------  ------  ----  ----  ----
trn          13    0.41    0.18  0.69  0.00  0.00
dev          13    0.45    0.20  0.65  0.00  0.00
dset      epoch    cost    cerr     p     r     f
------  -------  ------  ------  ----  ----  ----
trn          14    0.40    0.18  0.69  0.00  0.00
dev          14    0.45    0.20  0.65  0.00  0.00
dset      epoch    cost    cerr     p     r     f
------  -------  ------  ------  ----  ----  ----
trn          15     nan    0.18  0.69  0.00  0.00
dev          15     nan    0.20  0.65  0.00  0.00
dset      epoch                                 cost    cerr     p     r     f
------  -------  -----------------------------------  ------  ----  ----  ----
trn          16                               nan       0.18  0.69  0.00  0.00
dev          16  58732474217516254290595035480064.00    0.20  0.65  0.00  0.00
dset      epoch                  cost    cerr     p     r     f
------  -------  --------------------  ------  ----  ----  ----
trn          17   6728551600488448.00    0.18  0.69  0.00  0.00
dev          17  10879117801029632.00    0.20  0.65  0.00  0.00
dset      epoch      cost    cerr     p     r     f
------  -------  --------  ------  ----  ----  ----
trn          18   7880.98    0.18  0.69  0.00  0.00
dev          18  17673.64    0.20  0.65  0.00  0.00
dset      epoch    cost    cerr     p     r     f
------  -------  ------  ------  ----  ----  ----
trn          19    0.44    0.18  0.69  0.00  0.00
dev          19    0.48    0.20  0.65  0.00  0.00
dset      epoch    cost    cerr     p     r     f
------  -------  ------  ------  ----  ----  ----
trn          20    0.43    0.18  0.69  0.00  0.00
dev          20    0.46    0.20  0.65  0.00  0.00
dset      epoch    cost    cerr     p     r     f
------  -------  ------  ------  ----  ----  ----
trn          21    0.42    0.18  0.69  0.00  0.00
dev          21    0.46    0.20  0.65  0.00  0.00
dset      epoch    cost    cerr     p     r     f
------  -------  ------  ------  ----  ----  ----
trn          22    0.42    0.17  0.69  0.00  0.00
dev          22    0.45    0.20  0.65  0.00  0.00
dset      epoch    cost    cerr     p     r     f
------  -------  ------  ------  ----  ----  ----
trn          23    0.41    0.17  0.69  0.00  0.00
dev          23    0.45    0.20  0.65  0.00  0.00
dset      epoch    cost    cerr     p     r     f
------  -------  ------  ------  ----  ----  ----
trn          24    0.40    0.17  0.69  0.00  0.00
dev          24    0.45    0.20  0.65  0.00  0.00
dset      epoch    cost    cerr     p     r     f
------  -------  ------  ------  ----  ----  ----
trn          25    0.40    0.17  0.69  0.00  0.00
dev          25    0.44    0.20  0.65  0.00  0.00
dset      epoch    cost    cerr     p     r     f
------  -------  ------  ------  ----  ----  ----
trn          26    0.39    0.17  0.69  0.01  0.01
dev          26    0.45    0.20  0.66  0.01  0.02
dset      epoch    cost    cerr     p     r     f
------  -------  ------  ------  ----  ----  ----
trn          27    0.39    0.17  0.69  0.01  0.01
dev          27    0.45    0.20  0.65  0.01  0.01
dset      epoch    cost    cerr     p     r     f
------  -------  ------  ------  ----  ----  ----
trn          28    0.38    0.17  0.70  0.02  0.05
dev          28    0.44    0.20  0.65  0.01  0.02
dset      epoch    cost    cerr     p     r     f
------  -------  ------  ------  ----  ----  ----
trn          29    0.37    0.17  0.70  0.05  0.09
dev          29    0.44    0.20  0.65  0.01  0.02
dset      epoch    cost    cerr     p     r     f
------  -------  ------  ------  ----  ----  ----
trn          30    0.37    0.17  0.71  0.06  0.11
dev          30    0.45    0.20  0.65  0.02  0.04
dset      epoch    cost    cerr     p     r     f
------  -------  ------  ------  ----  ----  ----
trn          31    0.37    0.17  0.70  0.04  0.07
dev          31    0.45    0.20  0.65  0.01  0.02
dset      epoch    cost    cerr     p     r     f
------  -------  ------  ------  ----  ----  ----
trn          32    0.37    0.17  0.71  0.05  0.09
dev          32    0.45    0.20  0.65  0.01  0.02
dset      epoch    cost    cerr     p     r     f
------  -------  ------  ------  ----  ----  ----
trn          33    0.36    0.16  0.71  0.10  0.17
dev          33    0.44    0.21  0.64  0.04  0.07
dset      epoch    cost    cerr     p     r     f
------  -------  ------  ------  ----  ----  ----
trn          34    0.36    0.16  0.72  0.12  0.20
dev          34    0.44    0.21  0.64  0.04  0.07
dset      epoch    cost    cerr     p     r     f
------  -------  ------  ------  ----  ----  ----
trn          35    0.35    0.16  0.72  0.11  0.20
dev          35    0.44    0.21  0.65  0.04  0.08
dset      epoch    cost    cerr     p     r     f
------  -------  ------  ------  ----  ----  ----
trn          36    0.35    0.16  0.73  0.21  0.32
dev          36    0.43    0.21  0.64  0.11  0.19
dset      epoch    cost    cerr     p     r     f
------  -------  ------  ------  ----  ----  ----
trn          37    0.36    0.16  0.73  0.25  0.37
dev          37    0.43    0.22  0.63  0.13  0.21
dset      epoch    cost    cerr     p     r     f
------  -------  ------  ------  ----  ----  ----
trn          38    0.35    0.16  0.73  0.23  0.35
dev          38    0.45    0.21  0.64  0.11  0.19
dset      epoch    cost    cerr     p     r     f
------  -------  ------  ------  ----  ----  ----
trn          39    0.34    0.15  0.74  0.29  0.42
dev          39    0.44    0.22  0.63  0.15  0.24
dset      epoch    cost    cerr     p     r     f
------  -------  ------  ------  ----  ----  ----
trn          40    0.34    0.16  0.73  0.32  0.45
dev          40    0.45    0.22  0.62  0.17  0.27
dset      epoch    cost    cerr     p     r     f
------  -------  ------  ------  ----  ----  ----
trn          41    0.33    0.15  0.74  0.31  0.43
dev          41    0.45    0.22  0.63  0.13  0.22
dset      epoch    cost    cerr     p     r     f
------  -------  ------  ------  ----  ----  ----
trn          42    0.32    0.15  0.75  0.36  0.49
dev          42    0.46    0.22  0.62  0.16  0.25
dset      epoch    cost    cerr     p     r     f
------  -------  ------  ------  ----  ----  ----
trn          43    0.32    0.15  0.75  0.37  0.49
dev          43    0.47    0.22  0.63  0.17  0.27
dset      epoch    cost    cerr     p     r     f
------  -------  ------  ------  ----  ----  ----
trn          44    0.31    0.14  0.76  0.34  0.46
dev          44    0.46    0.22  0.62  0.12  0.20
dset      epoch    cost    cerr     p     r     f
------  -------  ------  ------  ----  ----  ----
trn          45    0.30    0.14  0.76  0.38  0.50
dev          45    0.47    0.23  0.61  0.14  0.23
dset      epoch    cost    cerr     p     r     f
------  -------  ------  ------  ----  ----  ----
trn          46    0.31    0.14  0.74  0.25  0.38
dev          46    0.46    0.21  0.64  0.12  0.20
dset      epoch    cost    cerr     p     r     f
------  -------  ------  ------  ----  ----  ----
trn          47    0.31    0.14  0.74  0.20  0.32
dev          47    0.50    0.21  0.64  0.07  0.12
dset      epoch    cost    cerr     p     r     f
------  -------  ------  ------  ----  ----  ----
trn          48    0.31    0.14  0.75  0.32  0.45
dev          48    0.46    0.22  0.62  0.13  0.22
dset      epoch    cost    cerr     p     r     f
------  -------  ------  ------  ----  ----  ----
trn          49    0.30    0.14  0.76  0.37  0.50
dev          49    0.48    0.22  0.63  0.16  0.25
dset      epoch    cost    cerr     p     r     f
------  -------  ------  ------  ----  ----  ----
trn          50    0.30    0.13  0.78  0.44  0.56
dev          50    0.47    0.22  0.62  0.18  0.28
dset      epoch    cost    cerr     p     r     f
------  -------  ------  ------  ----  ----  ----
trn          51    0.30    0.13  0.77  0.43  0.56
dev          51    0.47    0.22  0.62  0.18  0.28
dset      epoch    cost    cerr     p     r     f
------  -------  ------  ------  ----  ----  ----
trn          52    0.31    0.14  0.76  0.41  0.53
dev          52    0.47    0.22  0.63  0.19  0.29
dset      epoch    cost    cerr     p     r     f
------  -------  ------  ------  ----  ----  ----
trn          53    0.34    0.15  0.75  0.55  0.63
dev          53    0.49    0.24  0.61  0.29  0.39
dset      epoch    cost    cerr     p     r     f
------  -------  ------  ------  ----  ----  ----
trn          54    0.29    0.12  0.78  0.35  0.49
dev          54    0.47    0.21  0.63  0.10  0.18
dset      epoch    cost    cerr     p     r     f
------  -------  ------  ------  ----  ----  ----
trn          55    0.32    0.15  0.75  0.28  0.41
dev          55    0.48    0.22  0.62  0.10  0.18
dset      epoch    cost    cerr     p     r     f
------  -------  ------  ------  ----  ----  ----
trn          56    0.29    0.13  0.77  0.37  0.50
dev          56    0.50    0.22  0.62  0.13  0.21
dset      epoch    cost    cerr     p     r     f
------  -------  ------  ------  ----  ----  ----
trn          57    0.27    0.12  0.79  0.50  0.61
dev          57    0.55    0.23  0.61  0.19  0.29
dset      epoch    cost    cerr     p     r     f
------  -------  ------  ------  ----  ----  ----
trn          58    0.28    0.13  0.78  0.43  0.56
dev          58    0.51    0.22  0.64  0.20  0.30
dset      epoch    cost    cerr     p     r     f
------  -------  ------  ------  ----  ----  ----
trn          59    0.28    0.13  0.78  0.39  0.52
dev          59    0.57    0.23  0.63  0.14  0.23
dset      epoch    cost    cerr     p     r     f
------  -------  ------  ------  ----  ----  ----
trn          60    0.28    0.12  0.79  0.41  0.54
dev          60    0.58    0.22  0.62  0.13  0.22
dset      epoch    cost    cerr     p     r     f
------  -------  ------  ------  ----  ----  ----
trn          61    0.27    0.12  0.79  0.46  0.58
dev          61    0.48    0.23  0.61  0.18  0.28
dset      epoch    cost    cerr     p     r     f
------  -------  ------  ------  ----  ----  ----
trn          62    0.25    0.11  0.79  0.42  0.55
dev          62    0.53    0.22  0.62  0.13  0.22
dset      epoch    cost    cerr     p     r     f
------  -------  ------  ------  ----  ----  ----
trn          63    0.25    0.11  0.81  0.51  0.62
dev          63    0.54    0.23  0.61  0.20  0.30
dset      epoch    cost    cerr     p     r     f
------  -------  ------  ------  ----  ----  ----
trn          64    0.25    0.10  0.81  0.52  0.63
dev          64    0.58    0.23  0.62  0.20  0.31
dset      epoch    cost    cerr     p     r     f
------  -------  ------  ------  ----  ----  ----
trn          65    0.22    0.08  0.85  0.61  0.71
dev          65    0.56    0.23  0.61  0.17  0.27
dset      epoch    cost    cerr     p     r     f
------  -------  ------  ------  ----  ----  ----
trn          66    0.24    0.10  0.82  0.62  0.71
dev          66    0.61    0.25  0.58  0.21  0.31
dset      epoch    cost    cerr     p     r     f
------  -------  ------  ------  ----  ----  ----
trn          67    0.24    0.10  0.84  0.69  0.76
dev          67    0.52    0.24  0.62  0.32  0.42
dset      epoch    cost    cerr     p     r     f
------  -------  ------  ------  ----  ----  ----
trn          68    0.21    0.08  0.85  0.62  0.72
dev          68    0.58    0.22  0.63  0.20  0.31
dset      epoch    cost    cerr     p     r     f
------  -------  ------  ------  ----  ----  ----
trn          69    0.24    0.11  0.80  0.43  0.56
dev          69    0.61    0.23  0.63  0.14  0.23
dset      epoch    cost    cerr     p     r     f
------  -------  ------  ------  ----  ----  ----
trn          70    0.20    0.08  0.85  0.60  0.71
dev          70    0.63    0.23  0.62  0.17  0.27
dset      epoch    cost    cerr     p     r     f
------  -------  ------  ------  ----  ----  ----
trn          71    0.24    0.10  0.84  0.67  0.74
dev          71    0.52    0.24  0.60  0.28  0.38
dset      epoch    cost    cerr     p     r     f
------  -------  ------  ------  ----  ----  ----
trn          72    0.20    0.08  0.85  0.58  0.69
dev          72    0.60    0.23  0.62  0.16  0.25
dset      epoch    cost    cerr     p     r     f
------  -------  ------  ------  ----  ----  ----
trn          73    0.19    0.08  0.87  0.70  0.78
dev          73    0.69    0.24  0.62  0.23  0.33
dset      epoch    cost    cerr     p     r     f
------  -------  ------  ------  ----  ----  ----
trn          74    0.19    0.08  0.85  0.59  0.70
dev          74    0.64    0.22  0.63  0.17  0.27
dset      epoch    cost    cerr     p     r     f
------  -------  ------  ------  ----  ----  ----
trn          75    0.19    0.08  0.85  0.55  0.67
dev          75    0.71    0.22  0.63  0.11  0.19
dset      epoch    cost    cerr     p     r     f
------  -------  ------  ------  ----  ----  ----
trn          76    0.19    0.08  0.87  0.65  0.75
dev          76    0.61    0.22  0.62  0.20  0.31
dset      epoch    cost    cerr     p     r     f
------  -------  ------  ------  ----  ----  ----
trn          77    0.17    0.07  0.87  0.64  0.74
dev          77    0.74    0.22  0.60  0.13  0.21
dset      epoch    cost    cerr     p     r     f
------  -------  ------  ------  ----  ----  ----
trn          78    0.20    0.08  0.87  0.68  0.76
dev          78    0.65    0.23  0.62  0.20  0.30
dset      epoch    cost    cerr     p     r     f
------  -------  ------  ------  ----  ----  ----
trn          79    0.16    0.06  0.88  0.68  0.77
dev          79    0.66    0.23  0.61  0.17  0.26
dset      epoch    cost    cerr     p     r     f
------  -------  ------  ------  ----  ----  ----
trn          80    0.16    0.06  0.90  0.70  0.79
dev          80    0.67    0.24  0.59  0.13  0.21
dset      epoch    cost    cerr     p     r     f
------  -------  ------  ------  ----  ----  ----
trn          81    0.18    0.07  0.89  0.74  0.81
dev          81    0.69    0.25  0.57  0.17  0.26
dset      epoch    cost    cerr     p     r     f
------  -------  ------  ------  ----  ----  ----
trn          82    0.16    0.06  0.89  0.73  0.80
dev          82    0.72    0.24  0.59  0.18  0.28
dset      epoch    cost    cerr     p     r     f
------  -------  ------  ------  ----  ----  ----
trn          83    0.17    0.07  0.90  0.78  0.83
dev          83    0.73    0.25  0.59  0.19  0.29
dset      epoch    cost    cerr     p     r     f
------  -------  ------  ------  ----  ----  ----
trn          84    0.14    0.05  0.92  0.80  0.85
dev          84    0.71    0.23  0.61  0.22  0.32
dset      epoch    cost    cerr     p     r     f
------  -------  ------  ------  ----  ----  ----
trn          85    0.15    0.06  0.91  0.83  0.87
dev          85    0.76    0.24  0.58  0.22  0.32
dset      epoch    cost    cerr     p     r     f
------  -------  ------  ------  ----  ----  ----
trn          86    0.16    0.06  0.92  0.83  0.87
dev          86    0.75    0.25  0.59  0.23  0.33
dset      epoch    cost    cerr     p     r     f
------  -------  ------  ------  ----  ----  ----
trn          87    0.16    0.07  0.89  0.72  0.80
dev          87    0.70    0.23  0.61  0.16  0.25
dset      epoch    cost    cerr     p     r     f
------  -------  ------  ------  ----  ----  ----
trn          88    0.15    0.06  0.91  0.84  0.88
dev          88    0.76    0.25  0.57  0.23  0.33
dset      epoch    cost    cerr     p     r     f
------  -------  ------  ------  ----  ----  ----
trn          89    0.14    0.05  0.93  0.85  0.89
dev          89    0.87    0.26  0.58  0.23  0.33
dset      epoch    cost    cerr     p     r     f
------  -------  ------  ------  ----  ----  ----
trn          90    0.13    0.05  0.92  0.80  0.86
dev          90    0.74    0.24  0.60  0.19  0.29
dset      epoch    cost    cerr     p     r     f
------  -------  ------  ------  ----  ----  ----
trn          91    0.12    0.04  0.94  0.87  0.91
dev          91    0.81    0.24  0.60  0.23  0.33
dset      epoch    cost    cerr     p     r     f
------  -------  ------  ------  ----  ----  ----
trn          92    0.14    0.05  0.91  0.81  0.86
dev          92    0.79    0.24  0.60  0.17  0.27
dset      epoch    cost    cerr     p     r     f
------  -------  ------  ------  ----  ----  ----
trn          93    0.13    0.04  0.93  0.84  0.88
dev          93    0.77    0.25  0.58  0.19  0.29
dset      epoch    cost    cerr     p     r     f
------  -------  ------  ------  ----  ----  ----
trn          94    0.13    0.05  0.92  0.76  0.83
dev          94    0.96    0.23  0.62  0.17  0.27
dset      epoch    cost    cerr     p     r     f
------  -------  ------  ------  ----  ----  ----
trn          95    0.10    0.03  0.94  0.83  0.88
dev          95    0.80    0.23  0.60  0.18  0.28
dset      epoch    cost    cerr     p     r     f
------  -------  ------  ------  ----  ----  ----
trn          96    0.10    0.03  0.94  0.83  0.88
dev          96    0.90    0.23  0.61  0.15  0.24
dset      epoch    cost    cerr     p     r     f
------  -------  ------  ------  ----  ----  ----
trn          97    0.11    0.04  0.93  0.83  0.88
dev          97    0.87    0.24  0.61  0.18  0.28
dset      epoch    cost    cerr     p     r     f
------  -------  ------  ------  ----  ----  ----
trn          98    0.12    0.05  0.92  0.86  0.89
dev          98    0.86    0.24  0.61  0.21  0.32
dset      epoch    cost    cerr     p     r     f
------  -------  ------  ------  ----  ----  ----
trn          99    0.10    0.04  0.93  0.85  0.89
dev          99    0.81    0.22  0.62  0.18  0.28
mean:0.42 std:0.00
