# of words per sent, min:20 max:40 mean:26.81 std:5.12
fbmerge      sample    patience    gclip  n_hidden    log          lr    in2out    save    norm  opt    rnn       truncate    fbias  activation    drates        n_batch    shuf    sorted    emb    eps    fepoch    gnoise
---------  --------  ----------  -------  ----------  --------  -----  --------  ------  ------  -----  ------  ----------  -------  ------------  ----------  ---------  ------  --------  -----  -----  --------  --------
concat            0          -1        0  [128]       truncate  0.001         0       0       2  adam   lazrnn         100        0  bi-lstm       [0.5, 0.5]          5       1         1    128  1e-08       100         0
['c=!', 'c=#', 'c=$', 'c=%', "c='", 'c=(', 'c=)', 'c=,', 'c=-', 'c=.', 'c=0', 'c=1', 'c=2', 'c=3', 'c=4', 'c=5', 'c=6', 'c=7', 'c=8', 'c=9', 'c=:', 'c=;', 'c=A', 'c=B', 'c=C', 'c=D', 'c=E', 'c=F', 'c=G', 'c=H', 'c=I', 'c=J', 'c=K', 'c=L', 'c=M', 'c=N', 'c=O', 'c=P', 'c=R', 'c=S', 'c=T', 'c=U', 'c=V', 'c=W', 'c=X', 'c=Y', 'c=Z', 'c=\\w', 'c=`', 'c=a', 'c=b', 'c=c', 'c=d', 'c=e', 'c=f', 'c=g', 'c=h', 'c=i', 'c=j', 'c=k', 'c=l', 'c=m', 'c=n', 'c=o', 'c=p', 'c=q', 'c=r', 'c=s', 'c=t', 'c=u', 'c=v', 'c=w', 'c=w/', 'c=x', 'c=y', 'c=z']
c=! c=# c=$ c=% c=' c=( c=) c=, c=- c=. c=0 c=1 c=2 c=3 c=4 c=5 c=6 c=7 c=8 c=9 c=: c=; c=A c=B c=C c=D c=E c=F c=G c=H c=I c=J c=K c=L c=M c=N c=O c=P c=R c=S c=T c=U c=V c=W c=X c=Y c=Z c=\w c=` c=a c=b c=c c=d c=e c=f c=g c=h c=i c=j c=k c=l c=m c=n c=o c=p c=q c=r c=s c=t c=u c=v c=w c=w/ c=x c=y c=z
NF: 76
l_in: (None, None, 76)
l_mask: (Subtensor{int64}.0, Subtensor{int64}.0)
l_reshape: (None, 76)
l_emb: (None, 128)
l_emb: (None, None, 128)
l_drop: (None, None, 128)
l_forward: (None, None, 128)
l_backward: (None, None, 128)
l_fbmerge: (None, None, 256)
l_reshape: (None, 256)
l_rec_out: (None, 2)
l_out: (None, None, 2)
[W, W_in_to_ingate, W_hid_to_ingate, b_ingate, W_in_to_forgetgate, W_hid_to_forgetgate, b_forgetgate, W_in_to_cell, W_hid_to_cell, b_cell, W_in_to_outgate, W_hid_to_outgate, b_outgate, W_cell_to_ingate, W_cell_to_forgetgate, W_cell_to_outgate, W_in_to_ingate, W_hid_to_ingate, b_ingate, W_in_to_forgetgate, W_hid_to_forgetgate, b_forgetgate, W_in_to_cell, W_hid_to_cell, b_cell, W_in_to_outgate, W_hid_to_outgate, b_outgate, W_cell_to_ingate, W_cell_to_forgetgate, W_cell_to_outgate, W, b]
Compiling functions...
Compiling done.
fstart:0 fend:40
dset      epoch    cost    cerr     p     r     f
------  -------  ------  ------  ----  ----  ----
trn           0    0.22    0.18  0.69  0.00  0.00
dev           0    0.24    0.20  0.65  0.00  0.00
dset      epoch    cost    cerr     p     r     f
------  -------  ------  ------  ----  ----  ----
trn           1    0.22    0.18  0.69  0.00  0.00
dev           1    0.24    0.20  0.65  0.00  0.00
dset      epoch    cost    cerr     p     r     f
------  -------  ------  ------  ----  ----  ----
trn           2    0.21    0.18  0.69  0.00  0.00
dev           2    0.23    0.20  0.65  0.00  0.00
dset      epoch    cost    cerr     p     r     f
------  -------  ------  ------  ----  ----  ----
trn           3    0.21    0.18  0.69  0.00  0.00
dev           3    0.23    0.20  0.65  0.00  0.00
dset      epoch    cost    cerr     p     r     f
------  -------  ------  ------  ----  ----  ----
trn           4    0.20    0.18  0.69  0.00  0.00
dev           4    0.23    0.20  0.65  0.00  0.00
dset      epoch    cost    cerr     p     r     f
------  -------  ------  ------  ----  ----  ----
trn           5    0.20    0.18  0.70  0.01  0.03
dev           5    0.22    0.20  0.65  0.00  0.00
dset      epoch    cost    cerr     p     r     f
------  -------  ------  ------  ----  ----  ----
trn           6    0.20    0.17  0.70  0.06  0.11
dev           6    0.22    0.21  0.65  0.02  0.04
dset      epoch    cost    cerr     p     r     f
------  -------  ------  ------  ----  ----  ----
trn           7    0.19    0.17  0.70  0.05  0.09
dev           7    0.23    0.21  0.64  0.00  0.00
dset      epoch    cost    cerr     p     r     f
------  -------  ------  ------  ----  ----  ----
trn           8    0.19    0.17  0.70  0.04  0.08
dev           8    0.22    0.21  0.65  0.01  0.02
dset      epoch    cost    cerr     p     r     f
------  -------  ------  ------  ----  ----  ----
trn           9    0.19    0.17  0.70  0.03  0.05
dev           9    0.22    0.20  0.65  0.00  0.00
dset      epoch    cost    cerr     p     r     f
------  -------  ------  ------  ----  ----  ----
trn          10    0.19    0.17  0.70  0.09  0.15
dev          10    0.22    0.21  0.64  0.04  0.07
dset      epoch    cost    cerr     p     r     f
------  -------  ------  ------  ----  ----  ----
trn          11    0.19    0.17  0.70  0.15  0.25
dev          11    0.22    0.21  0.64  0.06  0.11
dset      epoch    cost    cerr     p     r     f
------  -------  ------  ------  ----  ----  ----
trn          12    0.19    0.17  0.70  0.14  0.23
dev          12    0.22    0.21  0.65  0.09  0.15
dset      epoch    cost    cerr     p     r     f
------  -------  ------  ------  ----  ----  ----
trn          13    0.18    0.17  0.71  0.18  0.29
dev          13    0.23    0.21  0.64  0.07  0.12
dset      epoch    cost    cerr     p     r     f
------  -------  ------  ------  ----  ----  ----
trn          14    0.18    0.17  0.70  0.14  0.23
dev          14    0.22    0.21  0.65  0.06  0.10
dset      epoch    cost    cerr     p     r     f
------  -------  ------  ------  ----  ----  ----
trn          15    0.18    0.17  0.71  0.21  0.32
dev          15    0.22    0.22  0.64  0.08  0.14
dset      epoch    cost    cerr     p     r     f
------  -------  ------  ------  ----  ----  ----
trn          16    0.18    0.17  0.70  0.19  0.29
dev          16    0.23    0.22  0.63  0.06  0.11
dset      epoch    cost    cerr     p     r     f
------  -------  ------  ------  ----  ----  ----
trn          17    0.18    0.17  0.70  0.29  0.41
dev          17    0.23    0.23  0.60  0.10  0.18
dset      epoch    cost    cerr     p     r     f
------  -------  ------  ------  ----  ----  ----
trn          18    0.18    0.17  0.71  0.15  0.25
dev          18    0.22    0.21  0.64  0.04  0.07
dset      epoch    cost    cerr     p     r     f
------  -------  ------  ------  ----  ----  ----
trn          19    0.18    0.17  0.71  0.26  0.38
dev          19    0.22    0.22  0.63  0.10  0.18
dset      epoch    cost    cerr     p     r     f
------  -------  ------  ------  ----  ----  ----
trn          20    0.18    0.17  0.71  0.14  0.24
dev          20    0.23    0.21  0.64  0.03  0.06
dset      epoch    cost    cerr     p     r     f
------  -------  ------  ------  ----  ----  ----
trn          21    0.18    0.17  0.70  0.20  0.31
dev          21    0.23    0.21  0.63  0.07  0.12
dset      epoch    cost    cerr     p     r     f
------  -------  ------  ------  ----  ----  ----
trn          22    0.18    0.16  0.71  0.21  0.33
dev          22    0.23    0.22  0.62  0.06  0.11
dset      epoch    cost    cerr     p     r     f
------  -------  ------  ------  ----  ----  ----
trn          23    0.18    0.16  0.71  0.30  0.42
dev          23    0.23    0.22  0.61  0.12  0.20
dset      epoch    cost    cerr     p     r     f
------  -------  ------  ------  ----  ----  ----
trn          24    0.17    0.16  0.72  0.28  0.40
dev          24    0.22    0.21  0.62  0.12  0.20
dset      epoch    cost    cerr     p     r     f
------  -------  ------  ------  ----  ----  ----
trn          25    0.18    0.16  0.72  0.32  0.44
dev          25    0.22    0.21  0.63  0.16  0.25
dset      epoch    cost    cerr     p     r     f
------  -------  ------  ------  ----  ----  ----
trn          26    0.18    0.17  0.72  0.24  0.35
dev          26    0.23    0.22  0.63  0.07  0.12
dset      epoch    cost    cerr     p     r     f
------  -------  ------  ------  ----  ----  ----
trn          27    0.18    0.16  0.72  0.26  0.38
dev          27    0.23    0.22  0.64  0.09  0.16
dset      epoch    cost    cerr     p     r     f
------  -------  ------  ------  ----  ----  ----
trn          28    0.18    0.17  0.70  0.30  0.42
dev          28    0.23    0.23  0.60  0.12  0.20
dset      epoch    cost    cerr     p     r     f
------  -------  ------  ------  ----  ----  ----
trn          29    0.18    0.16  0.72  0.27  0.40
dev          29    0.23    0.22  0.61  0.07  0.13
dset      epoch    cost    cerr     p     r     f
------  -------  ------  ------  ----  ----  ----
trn          30    0.18    0.16  0.72  0.26  0.38
dev          30    0.24    0.22  0.62  0.09  0.16
dset      epoch    cost    cerr     p     r     f
------  -------  ------  ------  ----  ----  ----
trn          31    0.17    0.16  0.72  0.17  0.28
dev          31    0.24    0.21  0.64  0.06  0.10
dset      epoch    cost    cerr     p     r     f
------  -------  ------  ------  ----  ----  ----
trn          32    0.17    0.15  0.73  0.35  0.47
dev          32    0.23    0.21  0.64  0.13  0.22
dset      epoch    cost    cerr     p     r     f
------  -------  ------  ------  ----  ----  ----
trn          33    0.17    0.15  0.74  0.38  0.50
dev          33    0.23    0.22  0.62  0.13  0.22
dset      epoch    cost    cerr     p     r     f
------  -------  ------  ------  ----  ----  ----
trn          34    0.17    0.16  0.74  0.39  0.51
dev          34    0.24    0.22  0.63  0.16  0.25
dset      epoch    cost    cerr     p     r     f
------  -------  ------  ------  ----  ----  ----
trn          35    0.17    0.16  0.73  0.34  0.47
dev          35    0.23    0.22  0.65  0.21  0.32
dset      epoch    cost    cerr     p     r     f
------  -------  ------  ------  ----  ----  ----
trn          36    0.16    0.15  0.73  0.27  0.39
dev          36    0.24    0.21  0.64  0.06  0.11
dset      epoch    cost    cerr     p     r     f
------  -------  ------  ------  ----  ----  ----
trn          37    0.17    0.16  0.72  0.38  0.49
dev          37    0.23    0.22  0.63  0.19  0.29
dset      epoch    cost    cerr     p     r     f
------  -------  ------  ------  ----  ----  ----
trn          38    0.17    0.15  0.74  0.39  0.51
dev          38    0.24    0.22  0.62  0.13  0.22
dset      epoch    cost    cerr     p     r     f
------  -------  ------  ------  ----  ----  ----
trn          39    0.17    0.15  0.74  0.37  0.49
dev          39    0.23    0.22  0.64  0.16  0.26
dset      epoch    cost    cerr     p     r     f
------  -------  ------  ------  ----  ----  ----
trn          40    0.16    0.14  0.74  0.31  0.43
dev          40    0.24    0.22  0.62  0.08  0.14
dset      epoch    cost    cerr     p     r     f
------  -------  ------  ------  ----  ----  ----
trn          41    0.17    0.14  0.75  0.40  0.52
dev          41    0.23    0.21  0.65  0.20  0.31
dset      epoch    cost    cerr     p     r     f
------  -------  ------  ------  ----  ----  ----
trn          42    0.17    0.15  0.75  0.35  0.48
dev          42    0.25    0.21  0.64  0.14  0.23
dset      epoch    cost    cerr     p     r     f
------  -------  ------  ------  ----  ----  ----
trn          43    0.17    0.15  0.74  0.42  0.53
dev          43    0.23    0.22  0.64  0.17  0.27
dset      epoch    cost    cerr     p     r     f
------  -------  ------  ------  ----  ----  ----
trn          44    0.16    0.13  0.76  0.38  0.51
dev          44    0.24    0.21  0.65  0.15  0.25
dset      epoch    cost    cerr     p     r     f
------  -------  ------  ------  ----  ----  ----
trn          45    0.17    0.15  0.75  0.47  0.58
dev          45    0.23    0.21  0.64  0.23  0.33
dset      epoch    cost    cerr     p     r     f
------  -------  ------  ------  ----  ----  ----
trn          46    0.16    0.13  0.76  0.33  0.46
dev          46    0.25    0.21  0.63  0.10  0.18
dset      epoch    cost    cerr     p     r     f
------  -------  ------  ------  ----  ----  ----
trn          47    0.16    0.14  0.76  0.36  0.49
dev          47    0.24    0.20  0.65  0.17  0.27
dset      epoch    cost    cerr     p     r     f
------  -------  ------  ------  ----  ----  ----
trn          48    0.17    0.15  0.75  0.32  0.45
dev          48    0.25    0.22  0.63  0.10  0.18
dset      epoch    cost    cerr     p     r     f
------  -------  ------  ------  ----  ----  ----
trn          49    0.17    0.15  0.75  0.48  0.58
dev          49    0.24    0.23  0.61  0.17  0.26
dset      epoch    cost    cerr     p     r     f
------  -------  ------  ------  ----  ----  ----
trn          50    0.17    0.15  0.73  0.18  0.29
dev          50    0.24    0.21  0.64  0.04  0.07
dset      epoch    cost    cerr     p     r     f
------  -------  ------  ------  ----  ----  ----
trn          51    0.17    0.15  0.75  0.49  0.59
dev          51    0.24    0.23  0.63  0.24  0.35
dset      epoch    cost    cerr     p     r     f
------  -------  ------  ------  ----  ----  ----
trn          52    0.17    0.15  0.73  0.23  0.35
dev          52    0.24    0.21  0.64  0.07  0.13
dset      epoch    cost    cerr     p     r     f
------  -------  ------  ------  ----  ----  ----
trn          53    0.16    0.14  0.76  0.37  0.50
dev          53    0.25    0.22  0.62  0.10  0.17
dset      epoch    cost    cerr     p     r     f
------  -------  ------  ------  ----  ----  ----
trn          54    0.16    0.14  0.75  0.47  0.58
dev          54    0.24    0.22  0.65  0.20  0.30
dset      epoch    cost    cerr     p     r     f
------  -------  ------  ------  ----  ----  ----
trn          55    0.16    0.14  0.77  0.44  0.56
dev          55    0.25    0.22  0.63  0.17  0.26
dset      epoch    cost    cerr     p     r     f
------  -------  ------  ------  ----  ----  ----
trn          56    0.16    0.14  0.75  0.36  0.48
dev          56    0.27    0.21  0.63  0.07  0.12
dset      epoch    cost    cerr     p     r     f
------  -------  ------  ------  ----  ----  ----
trn          57    0.16    0.14  0.76  0.45  0.57
dev          57    0.27    0.23  0.62  0.16  0.25
dset      epoch    cost    cerr     p     r     f
------  -------  ------  ------  ----  ----  ----
trn          58    0.17    0.15  0.74  0.22  0.34
dev          58    0.24    0.21  0.64  0.07  0.12
dset      epoch    cost    cerr     p     r     f
------  -------  ------  ------  ----  ----  ----
trn          59    0.19    0.15  0.74  0.21  0.33
dev          59    0.32    0.20  0.65  0.05  0.09
dset      epoch    cost    cerr     p     r     f
------  -------  ------  ------  ----  ----  ----
trn          60    0.16    0.14  0.76  0.32  0.45
dev          60    0.27    0.21  0.64  0.07  0.13
dset      epoch    cost    cerr     p     r     f
------  -------  ------  ------  ----  ----  ----
trn          61    0.16    0.13  0.77  0.41  0.53
dev          61    0.26    0.22  0.63  0.11  0.19
dset      epoch    cost    cerr     p     r     f
------  -------  ------  ------  ----  ----  ----
trn          62    0.16    0.13  0.78  0.45  0.57
dev          62    0.27    0.23  0.61  0.13  0.21
dset      epoch    cost    cerr     p     r     f
------  -------  ------  ------  ----  ----  ----
trn          63    0.16    0.14  0.76  0.36  0.49
dev          63    0.25    0.22  0.63  0.14  0.23
dset      epoch    cost    cerr     p     r     f
------  -------  ------  ------  ----  ----  ----
trn          64    0.15    0.13  0.79  0.49  0.60
dev          64    0.25    0.21  0.63  0.16  0.25
dset      epoch    cost    cerr     p     r     f
------  -------  ------  ------  ----  ----  ----
trn          65    0.16    0.14  0.78  0.52  0.63
dev          65    0.26    0.23  0.60  0.16  0.25
dset      epoch    cost    cerr     p     r     f
------  -------  ------  ------  ----  ----  ----
trn          66    0.14    0.12  0.78  0.39  0.52
dev          66    0.28    0.22  0.63  0.09  0.16
dset      epoch    cost    cerr     p     r     f
------  -------  ------  ------  ----  ----  ----
trn          67    0.16    0.14  0.77  0.54  0.63
dev          67    0.24    0.21  0.64  0.26  0.37
dset      epoch    cost    cerr     p     r     f
------  -------  ------  ------  ----  ----  ----
trn          68    0.15    0.13  0.78  0.43  0.56
dev          68    0.26    0.22  0.62  0.09  0.15
dset      epoch    cost    cerr     p     r     f
------  -------  ------  ------  ----  ----  ----
trn          69    0.16    0.14  0.76  0.37  0.50
dev          69    0.26    0.22  0.62  0.10  0.17
dset      epoch    cost    cerr     p     r     f
------  -------  ------  ------  ----  ----  ----
trn          70    0.16    0.14  0.76  0.37  0.50
dev          70    0.25    0.22  0.62  0.13  0.22
dset      epoch    cost    cerr     p     r     f
------  -------  ------  ------  ----  ----  ----
trn          71    0.16    0.14  0.76  0.32  0.45
dev          71    0.28    0.21  0.64  0.08  0.14
dset      epoch    cost    cerr     p     r     f
------  -------  ------  ------  ----  ----  ----
trn          72    0.15    0.12  0.80  0.48  0.60
dev          72    0.25    0.21  0.64  0.12  0.20
dset      epoch    cost    cerr     p     r     f
------  -------  ------  ------  ----  ----  ----
trn          73    0.21    0.20  0.68  0.39  0.50
dev          73    0.26    0.24  0.63  0.26  0.37
dset      epoch    cost    cerr     p     r     f
------  -------  ------  ------  ----  ----  ----
trn          74    0.17    0.15  0.74  0.23  0.35
dev          74    0.24    0.21  0.64  0.06  0.11
dset      epoch    cost    cerr     p     r     f
------  -------  ------  ------  ----  ----  ----
trn          75    0.16    0.14  0.77  0.41  0.54
dev          75    0.27    0.23  0.61  0.09  0.16
dset      epoch    cost    cerr     p     r     f
------  -------  ------  ------  ----  ----  ----
trn          76    0.16    0.14  0.77  0.48  0.59
dev          76    0.25    0.23  0.61  0.12  0.20
dset      epoch    cost    cerr     p     r     f
------  -------  ------  ------  ----  ----  ----
trn          77    0.16    0.13  0.78  0.46  0.58
dev          77    0.28    0.21  0.62  0.08  0.14
dset      epoch    cost    cerr     p     r     f
------  -------  ------  ------  ----  ----  ----
trn          78    0.15    0.13  0.79  0.46  0.58
dev          78    0.26    0.21  0.64  0.09  0.16
dset      epoch    cost    cerr     p     r     f
------  -------  ------  ------  ----  ----  ----
trn          79    0.15    0.12  0.80  0.50  0.61
dev          79    0.26    0.22  0.62  0.12  0.20
dset      epoch    cost    cerr     p     r     f
------  -------  ------  ------  ----  ----  ----
trn          80    0.15    0.13  0.78  0.39  0.52
dev          80    0.25    0.22  0.62  0.09  0.15
dset      epoch    cost    cerr     p     r     f
------  -------  ------  ------  ----  ----  ----
trn          81    0.15    0.13  0.78  0.41  0.54
dev          81    0.27    0.21  0.63  0.09  0.16
dset      epoch    cost    cerr     p     r     f
------  -------  ------  ------  ----  ----  ----
trn          82    0.15    0.13  0.77  0.35  0.48
dev          82    0.28    0.22  0.63  0.05  0.09
dset      epoch    cost    cerr     p     r     f
------  -------  ------  ------  ----  ----  ----
trn          83    0.14    0.12  0.80  0.48  0.60
dev          83    0.29    0.23  0.61  0.10  0.18
dset      epoch    cost    cerr     p     r     f
------  -------  ------  ------  ----  ----  ----
trn          84    0.14    0.12  0.79  0.44  0.57
dev          84    0.26    0.22  0.63  0.09  0.15
dset      epoch    cost    cerr     p     r     f
------  -------  ------  ------  ----  ----  ----
trn          85    0.14    0.12  0.79  0.45  0.57
dev          85    0.28    0.22  0.61  0.07  0.13
dset      epoch    cost    cerr     p     r     f
------  -------  ------  ------  ----  ----  ----
trn          86    0.14    0.12  0.79  0.44  0.57
dev          86    0.28    0.22  0.62  0.08  0.14
dset      epoch    cost    cerr     p     r     f
------  -------  ------  ------  ----  ----  ----
trn          87    0.15    0.12  0.80  0.46  0.59
dev          87    0.25    0.21  0.63  0.07  0.13
dset      epoch    cost    cerr     p     r     f
------  -------  ------  ------  ----  ----  ----
trn          88    0.15    0.12  0.79  0.39  0.52
dev          88    0.32    0.21  0.64  0.04  0.07
dset      epoch    cost    cerr     p     r     f
------  -------  ------  ------  ----  ----  ----
trn          89    0.15    0.12  0.80  0.43  0.56
dev          89    0.29    0.21  0.63  0.07  0.12
dset      epoch    cost    cerr     p     r     f
------  -------  ------  ------  ----  ----  ----
trn          90    0.14    0.11  0.82  0.54  0.65
dev          90    0.27    0.22  0.63  0.11  0.19
dset      epoch    cost    cerr     p     r     f
------  -------  ------  ------  ----  ----  ----
trn          91    0.16    0.13  0.79  0.50  0.61
dev          91    0.26    0.21  0.64  0.15  0.24
dset      epoch    cost    cerr     p     r     f
------  -------  ------  ------  ----  ----  ----
trn          92    0.14    0.12  0.80  0.44  0.57
dev          92    0.30    0.22  0.63  0.08  0.14
dset      epoch    cost    cerr     p     r     f
------  -------  ------  ------  ----  ----  ----
trn          93    0.14    0.11  0.82  0.55  0.66
dev          93    0.27    0.21  0.63  0.17  0.27
dset      epoch    cost    cerr     p     r     f
------  -------  ------  ------  ----  ----  ----
trn          94    0.14    0.11  0.82  0.59  0.69
dev          94    0.27    0.21  0.63  0.15  0.25
dset      epoch    cost    cerr     p     r     f
------  -------  ------  ------  ----  ----  ----
trn          95    0.14    0.11  0.81  0.50  0.62
dev          95    0.29    0.22  0.62  0.11  0.19
dset      epoch    cost    cerr     p     r     f
------  -------  ------  ------  ----  ----  ----
trn          96    0.14    0.12  0.80  0.47  0.60
dev          96    0.27    0.21  0.65  0.10  0.17
dset      epoch    cost    cerr     p     r     f
------  -------  ------  ------  ----  ----  ----
trn          97    0.14    0.12  0.80  0.54  0.65
dev          97    0.27    0.22  0.63  0.17  0.26
dset      epoch    cost    cerr     p     r     f
------  -------  ------  ------  ----  ----  ----
trn          98    0.14    0.12  0.81  0.53  0.64
dev          98    0.28    0.21  0.64  0.12  0.21
dset      epoch    cost    cerr     p     r     f
------  -------  ------  ------  ----  ----  ----
trn          99    0.14    0.11  0.81  0.49  0.61
dev          99    0.27    0.21  0.62  0.09  0.15
mean:0.37 std:0.00
